This file contains any messages produced by compilers while
running configure, to aid debugging if configure makes a mistake.

It was created by SST Elements Library configure 11.0.0, which was
generated by GNU Autoconf 2.69.  Invocation command line was

  $ ./configure --prefix=/work2/07431/tg867305/stampede2/sst-elements-library-11.0.0/install/ --with-sst-core=/work2/07431/tg867305/stampede2/sstcore-11.0.0/install

## --------- ##
## Platform. ##
## --------- ##

hostname = login2.stampede2.tacc.utexas.edu
uname -m = x86_64
uname -r = 3.10.0-957.5.1.el7.x86_64
uname -s = Linux
uname -v = #1 SMP Fri Feb 1 14:54:57 UTC 2019

/usr/bin/uname -p = x86_64
/bin/uname -X     = unknown

/bin/arch              = x86_64
/usr/bin/arch -k       = unknown
/usr/convex/getsysinfo = unknown
/usr/bin/hostinfo      = unknown
/bin/machine           = unknown
/usr/bin/oslevel       = unknown
/bin/universe          = unknown

PATH: /opt/apps/xalt/xalt/bin
PATH: /opt/apps/intel18/python2/2.7.15/bin
PATH: /work2/07431/tg867305/stampede2/sstcore-11.0.0/install/bin
PATH: /work2/07431/tg867305/stampede2/openmpi-4.0.5/bin
PATH: /opt/apps/cmake/3.16.1/bin
PATH: /opt/apps/autotools/1.1/bin
PATH: /opt/apps/git/2.24.1/bin
PATH: /opt/apps/libfabric/1.7.0/bin
PATH: /opt/apps/intel18/impi/18.0.2/bin
PATH: /opt/intel/compilers_and_libraries_2018.2.199/linux/mpi/intel64/bin
PATH: /opt/intel/compilers_and_libraries_2018.2.199/linux/bin/intel64
PATH: /opt/apps/gcc/6.3.0/bin
PATH: /usr/lib64/qt-3.3/bin
PATH: /usr/local/bin
PATH: /bin
PATH: /usr/bin
PATH: /opt/dell/srvadmin/bin
PATH: .


## ----------- ##
## Core tests. ##
## ----------- ##

configure:2708: checking for a BSD-compatible install
configure:2776: result: /bin/install -c
configure:2787: checking whether build environment is sane
configure:2842: result: yes
configure:2993: checking for a thread-safe mkdir -p
configure:3032: result: /bin/mkdir -p
configure:3039: checking for gawk
configure:3055: found /bin/gawk
configure:3066: result: gawk
configure:3077: checking whether make sets $(MAKE)
configure:3099: result: yes
configure:3128: checking whether make supports nested variables
configure:3145: result: yes
configure:3215: checking how to create a pax tar archive
configure:3226: tar --version
tar (GNU tar) 1.26
Copyright (C) 2011 Free Software Foundation, Inc.
License GPLv3+: GNU GPL version 3 or later <http://gnu.org/licenses/gpl.html>.
This is free software: you are free to change and redistribute it.
There is NO WARRANTY, to the extent permitted by law.

Written by John Gilmore and Jay Fenlason.
configure:3229: $? = 0
configure:3269: tardir=conftest.dir && eval tar --format=posix -chf - "$tardir" >conftest.tar
configure:3272: $? = 0
configure:3276: tar -xf - <conftest.tar
configure:3279: $? = 0
configure:3281: cat conftest.dir/file
GrepMe
configure:3284: $? = 0
configure:3297: result: gnutar
configure:3318: checking whether make supports nested variables
configure:3335: result: yes
configure:3430: checking for gcc
configure:3446: found /opt/apps/gcc/6.3.0/bin/gcc
configure:3457: result: gcc
configure:3686: checking for C compiler version
configure:3695: gcc --version >&5
gcc (GCC) 6.3.0
Copyright (C) 2016 Free Software Foundation, Inc.
This is free software; see the source for copying conditions.  There is NO
warranty; not even for MERCHANTABILITY or FITNESS FOR A PARTICULAR PURPOSE.

configure:3706: $? = 0
configure:3695: gcc -v >&5
Using built-in specs.
COLLECT_GCC=gcc
COLLECT_LTO_WRAPPER=/opt/apps/gcc/6.3.0/libexec/gcc/x86_64-pc-linux-gnu/6.3.0/lto-wrapper
Target: x86_64-pc-linux-gnu
Configured with: /admin/build/rpms/BUILD/gcc-6.3.0/configure --enable-libssp --enable-gold=yes --enable-ld=default --enable-plugins --enable-lto --with-tune=generic --enable-languages=c,c++,fortran --disable-multilib --prefix=/opt/apps/gcc/6.3.0 --with-gmp=/opt/apps/gcc/6.3.0 --with-mlgmp=/opt/apps/gcc/6.3.0 --with-mpfr=/opt/apps/gcc/6.3.0 --with-mpc=/opt/apps/gcc/6.3.0 --with-isl=/opt/apps/gcc/6.3.0
Thread model: posix
gcc version 6.3.0 (GCC) 
configure:3706: $? = 0
configure:3695: gcc -V >&5
gcc: error: unrecognized command line option '-V'
gcc: fatal error: no input files
compilation terminated.
configure:3706: $? = 1
configure:3695: gcc -qversion >&5
gcc: error: unrecognized command line option '-qversion'; did you mean '--version'?
gcc: fatal error: no input files
compilation terminated.
configure:3706: $? = 1
configure:3726: checking whether the C compiler works
configure:3748: gcc    conftest.c  >&5
configure:3752: $? = 0
configure:3800: result: yes
configure:3803: checking for C compiler default output file name
configure:3805: result: a.out
configure:3811: checking for suffix of executables
configure:3818: gcc -o conftest    conftest.c  >&5
configure:3822: $? = 0
configure:3844: result: 
configure:3866: checking whether we are cross compiling
configure:3874: gcc -o conftest    conftest.c  >&5
configure:3878: $? = 0
configure:3885: ./conftest
configure:3889: $? = 0
configure:3904: result: no
configure:3909: checking for suffix of object files
configure:3931: gcc -c   conftest.c >&5
configure:3935: $? = 0
configure:3956: result: o
configure:3960: checking whether we are using the GNU C compiler
configure:3979: gcc -c   conftest.c >&5
configure:3979: $? = 0
configure:3988: result: yes
configure:3997: checking whether gcc accepts -g
configure:4017: gcc -c -g  conftest.c >&5
configure:4017: $? = 0
configure:4058: result: yes
configure:4075: checking for gcc option to accept ISO C89
configure:4138: gcc  -c -g -O2  conftest.c >&5
configure:4138: $? = 0
configure:4151: result: none needed
configure:4182: checking for style of include used by make
configure:4210: result: GNU
configure:4236: checking dependency style of gcc
configure:4347: result: gcc3
configure:4363: checking whether gcc and cc understand -c and -o together
configure:4394: gcc -c conftest.c -o conftest2.o >&5
configure:4398: $? = 0
configure:4404: gcc -c conftest.c -o conftest2.o >&5
configure:4408: $? = 0
configure:4419: cc -c conftest.c >&5
configure:4423: $? = 0
configure:4431: cc -c conftest.c -o conftest2.o >&5
configure:4435: $? = 0
configure:4441: cc -c conftest.c -o conftest2.o >&5
configure:4445: $? = 0
configure:4463: result: yes
configure:4488: checking for gcc option to accept ISO C99
configure:4637: gcc  -c -g -O2  conftest.c >&5
configure:4637: $? = 0
configure:4650: result: none needed
configure:4666: checking for inline
configure:4682: gcc -c -g -O2  conftest.c >&5
configure:4682: $? = 0
configure:4690: result: inline
configure:4708: checking whether make sets $(MAKE)
configure:4730: result: yes
configure:4798: checking for g++
configure:4814: found /opt/apps/gcc/6.3.0/bin/g++
configure:4825: result: g++
configure:4852: checking for C++ compiler version
configure:4861: g++ --version >&5
g++ (GCC) 6.3.0
Copyright (C) 2016 Free Software Foundation, Inc.
This is free software; see the source for copying conditions.  There is NO
warranty; not even for MERCHANTABILITY or FITNESS FOR A PARTICULAR PURPOSE.

configure:4872: $? = 0
configure:4861: g++ -v >&5
Using built-in specs.
COLLECT_GCC=g++
COLLECT_LTO_WRAPPER=/opt/apps/gcc/6.3.0/libexec/gcc/x86_64-pc-linux-gnu/6.3.0/lto-wrapper
Target: x86_64-pc-linux-gnu
Configured with: /admin/build/rpms/BUILD/gcc-6.3.0/configure --enable-libssp --enable-gold=yes --enable-ld=default --enable-plugins --enable-lto --with-tune=generic --enable-languages=c,c++,fortran --disable-multilib --prefix=/opt/apps/gcc/6.3.0 --with-gmp=/opt/apps/gcc/6.3.0 --with-mlgmp=/opt/apps/gcc/6.3.0 --with-mpfr=/opt/apps/gcc/6.3.0 --with-mpc=/opt/apps/gcc/6.3.0 --with-isl=/opt/apps/gcc/6.3.0
Thread model: posix
gcc version 6.3.0 (GCC) 
configure:4872: $? = 0
configure:4861: g++ -V >&5
g++: error: unrecognized command line option '-V'
g++: fatal error: no input files
compilation terminated.
configure:4872: $? = 1
configure:4861: g++ -qversion >&5
g++: error: unrecognized command line option '-qversion'; did you mean '--version'?
g++: fatal error: no input files
compilation terminated.
configure:4872: $? = 1
configure:4876: checking whether we are using the GNU C++ compiler
configure:4895: g++ -c   conftest.cpp >&5
configure:4895: $? = 0
configure:4904: result: yes
configure:4913: checking whether g++ accepts -g
configure:4933: g++ -c -g  conftest.cpp >&5
configure:4933: $? = 0
configure:4974: result: yes
configure:4999: checking dependency style of g++
configure:5110: result: gcc3
configure:5216: checking how to run the C preprocessor
configure:5247: gcc -E  conftest.c
configure:5247: $? = 0
configure:5261: gcc -E  conftest.c
conftest.c:9:28: fatal error: ac_nonexistent.h: No such file or directory
 #include <ac_nonexistent.h>
                            ^
compilation terminated.
configure:5261: $? = 1
configure: failed program was:
| /* confdefs.h */
| #define PACKAGE_NAME "SST Elements Library"
| #define PACKAGE_TARNAME "sst-elements-library"
| #define PACKAGE_VERSION "11.0.0"
| #define PACKAGE_STRING "SST Elements Library 11.0.0"
| #define PACKAGE_BUGREPORT "sst@sandia.gov"
| #define PACKAGE_URL ""
| /* end confdefs.h.  */
| #include <ac_nonexistent.h>
configure:5286: result: gcc -E
configure:5306: gcc -E  conftest.c
configure:5306: $? = 0
configure:5320: gcc -E  conftest.c
conftest.c:9:28: fatal error: ac_nonexistent.h: No such file or directory
 #include <ac_nonexistent.h>
                            ^
compilation terminated.
configure:5320: $? = 1
configure: failed program was:
| /* confdefs.h */
| #define PACKAGE_NAME "SST Elements Library"
| #define PACKAGE_TARNAME "sst-elements-library"
| #define PACKAGE_VERSION "11.0.0"
| #define PACKAGE_STRING "SST Elements Library 11.0.0"
| #define PACKAGE_BUGREPORT "sst@sandia.gov"
| #define PACKAGE_URL ""
| /* end confdefs.h.  */
| #include <ac_nonexistent.h>
configure:5352: checking build system type
configure:5366: result: x86_64-unknown-linux-gnu
configure:5386: checking host system type
configure:5399: result: x86_64-unknown-linux-gnu
configure:5505: checking whether time.h and sys/time.h may both be included
configure:5525: gcc -c -g -O2  conftest.c >&5
configure:5525: $? = 0
configure:5532: result: yes
configure:5594: checking how to print strings
configure:5621: result: printf
configure:5642: checking for a sed that does not truncate output
configure:5706: result: /bin/sed
configure:5724: checking for grep that handles long lines and -e
configure:5782: result: /bin/grep
configure:5787: checking for egrep
configure:5849: result: /bin/grep -E
configure:5854: checking for fgrep
configure:5916: result: /bin/grep -F
configure:5951: checking for ld used by gcc
configure:6018: result: /opt/apps/xalt/xalt/bin/ld
configure:6025: checking if the linker (/opt/apps/xalt/xalt/bin/ld) is GNU ld
configure:6040: result: yes
configure:6052: checking for BSD- or MS-compatible name lister (nm)
configure:6101: result: /opt/apps/gcc/6.3.0/bin/nm -B
configure:6231: checking the name lister (/opt/apps/gcc/6.3.0/bin/nm -B) interface
configure:6238: gcc -c -g -O2  conftest.c >&5
configure:6241: /opt/apps/gcc/6.3.0/bin/nm -B "conftest.o"
configure:6244: output
0000000000000000 B some_variable
configure:6251: result: BSD nm
configure:6254: checking whether ln -s works
configure:6258: result: yes
configure:6266: checking the maximum length of command line arguments
configure:6396: result: 3458764513820540925
configure:6413: checking whether the shell understands some XSI constructs
configure:6423: result: yes
configure:6427: checking whether the shell understands "+="
configure:6433: result: yes
configure:6468: checking how to convert x86_64-unknown-linux-gnu file names to x86_64-unknown-linux-gnu format
configure:6508: result: func_convert_file_noop
configure:6515: checking how to convert x86_64-unknown-linux-gnu file names to toolchain format
configure:6535: result: func_convert_file_noop
configure:6542: checking for /opt/apps/xalt/xalt/bin/ld option to reload object files
configure:6549: result: -r
configure:6623: checking for objdump
configure:6639: found /opt/apps/gcc/6.3.0/bin/objdump
configure:6650: result: objdump
configure:6682: checking how to recognize dependent libraries
configure:6884: result: pass_all
configure:6969: checking for dlltool
configure:6999: result: no
configure:7029: checking how to associate runtime and link libraries
configure:7056: result: printf %s\n
configure:7116: checking for ar
configure:7132: found /opt/apps/gcc/6.3.0/bin/ar
configure:7143: result: ar
configure:7180: checking for archiver @FILE support
configure:7197: gcc -c -g -O2  conftest.c >&5
configure:7197: $? = 0
configure:7200: ar cru libconftest.a @conftest.lst >&5
configure:7203: $? = 0
configure:7208: ar cru libconftest.a @conftest.lst >&5
ar: conftest.o: No such file or directory
configure:7211: $? = 1
configure:7223: result: @
configure:7281: checking for strip
configure:7297: found /opt/apps/gcc/6.3.0/bin/strip
configure:7308: result: strip
configure:7380: checking for ranlib
configure:7396: found /opt/apps/gcc/6.3.0/bin/ranlib
configure:7407: result: ranlib
configure:7509: checking command to parse /opt/apps/gcc/6.3.0/bin/nm -B output from gcc object
configure:7629: gcc -c -g -O2  conftest.c >&5
configure:7632: $? = 0
configure:7636: /opt/apps/gcc/6.3.0/bin/nm -B conftest.o \| sed -n -e 's/^.*[ ]\([ABCDGIRSTW][ABCDGIRSTW]*\)[ ][ ]*\([_A-Za-z][_A-Za-z0-9]*\)$/\1 \2 \2/p' | sed '/ __gnu_lto/d' \> conftest.nm
configure:7639: $? = 0
configure:7705: gcc -o conftest -g -O2   conftest.c conftstm.o >&5
configure:7708: $? = 0
configure:7746: result: ok
configure:7783: checking for sysroot
configure:7813: result: no
configure:7890: gcc -c -g -O2  conftest.c >&5
configure:7893: $? = 0
configure:8069: checking for mt
configure:8099: result: no
configure:8119: checking if : is a manifest tool
configure:8125: : '-?'
configure:8133: result: no
configure:8771: checking for ANSI C header files
configure:8791: gcc -c -g -O2  conftest.c >&5
configure:8791: $? = 0
configure:8864: gcc -o conftest -g -O2   conftest.c  >&5
configure:8864: $? = 0
configure:8864: ./conftest
configure:8864: $? = 0
configure:8875: result: yes
configure:8888: checking for sys/types.h
configure:8888: gcc -c -g -O2  conftest.c >&5
configure:8888: $? = 0
configure:8888: result: yes
configure:8888: checking for sys/stat.h
configure:8888: gcc -c -g -O2  conftest.c >&5
configure:8888: $? = 0
configure:8888: result: yes
configure:8888: checking for stdlib.h
configure:8888: gcc -c -g -O2  conftest.c >&5
configure:8888: $? = 0
configure:8888: result: yes
configure:8888: checking for string.h
configure:8888: gcc -c -g -O2  conftest.c >&5
configure:8888: $? = 0
configure:8888: result: yes
configure:8888: checking for memory.h
configure:8888: gcc -c -g -O2  conftest.c >&5
configure:8888: $? = 0
configure:8888: result: yes
configure:8888: checking for strings.h
configure:8888: gcc -c -g -O2  conftest.c >&5
configure:8888: $? = 0
configure:8888: result: yes
configure:8888: checking for inttypes.h
configure:8888: gcc -c -g -O2  conftest.c >&5
configure:8888: $? = 0
configure:8888: result: yes
configure:8888: checking for stdint.h
configure:8888: gcc -c -g -O2  conftest.c >&5
configure:8888: $? = 0
configure:8888: result: yes
configure:8888: checking for unistd.h
configure:8888: gcc -c -g -O2  conftest.c >&5
configure:8888: $? = 0
configure:8888: result: yes
configure:8902: checking for dlfcn.h
configure:8902: gcc -c -g -O2  conftest.c >&5
configure:8902: $? = 0
configure:8902: result: yes
configure:9116: checking for objdir
configure:9131: result: .libs
configure:9402: checking if gcc supports -fno-rtti -fno-exceptions
configure:9420: gcc -c -g -O2  -fno-rtti -fno-exceptions conftest.c >&5
cc1: warning: command line option '-fno-rtti' is valid for C++/ObjC++ but not for C
configure:9424: $? = 0
configure:9437: result: no
configure:9764: checking for gcc option to produce PIC
configure:9771: result: -fPIC -DPIC
configure:9779: checking if gcc PIC flag -fPIC -DPIC works
configure:9797: gcc -c -g -O2  -fPIC -DPIC -DPIC conftest.c >&5
configure:9801: $? = 0
configure:9814: result: yes
configure:9843: checking if gcc static flag -static works
configure:9871: result: no
configure:9886: checking if gcc supports -c -o file.o
configure:9907: gcc -c -g -O2  -o out/conftest2.o conftest.c >&5
configure:9911: $? = 0
configure:9933: result: yes
configure:9941: checking if gcc supports -c -o file.o
configure:9988: result: yes
configure:10021: checking whether the gcc linker (/opt/apps/xalt/xalt/bin/ld -m elf_x86_64) supports shared libraries
configure:11174: result: yes
configure:11211: checking whether -lc should be explicitly linked in
configure:11219: gcc -c -g -O2  conftest.c >&5
configure:11222: $? = 0
configure:11237: gcc -shared  -fPIC -DPIC conftest.o  -v -Wl,-soname -Wl,conftest -o conftest 2\>\&1 \| /bin/grep  -lc  \>/dev/null 2\>\&1
configure:11240: $? = 0
configure:11254: result: no
configure:11414: checking dynamic linker characteristics
configure:11925: gcc -o conftest -g -O2   -Wl,-rpath -Wl,/foo conftest.c  >&5
configure:11925: $? = 0
configure:12151: result: GNU/Linux ld.so
configure:12258: checking how to hardcode library paths into programs
configure:12283: result: immediate
configure:12377: checking for shl_load
configure:12377: gcc -o conftest -g -O2   conftest.c  >&5
/tmp/cc4Vza5P.o: In function `main':
/work2/07431/tg867305/stampede2/sst-elements-library-11.0.0/conftest.c:56: undefined reference to `shl_load'
collect2: error: ld returned 1 exit status
configure:12377: $? = 1
configure: failed program was:
| /* confdefs.h */
| #define PACKAGE_NAME "SST Elements Library"
| #define PACKAGE_TARNAME "sst-elements-library"
| #define PACKAGE_VERSION "11.0.0"
| #define PACKAGE_STRING "SST Elements Library 11.0.0"
| #define PACKAGE_BUGREPORT "sst@sandia.gov"
| #define PACKAGE_URL ""
| #define TIME_WITH_SYS_TIME 1
| #define STDC_HEADERS 1
| #define HAVE_SYS_TYPES_H 1
| #define HAVE_SYS_STAT_H 1
| #define HAVE_STDLIB_H 1
| #define HAVE_STRING_H 1
| #define HAVE_MEMORY_H 1
| #define HAVE_STRINGS_H 1
| #define HAVE_INTTYPES_H 1
| #define HAVE_STDINT_H 1
| #define HAVE_UNISTD_H 1
| #define HAVE_DLFCN_H 1
| #define LT_OBJDIR ".libs/"
| /* end confdefs.h.  */
| /* Define shl_load to an innocuous variant, in case <limits.h> declares shl_load.
|    For example, HP-UX 11i <limits.h> declares gettimeofday.  */
| #define shl_load innocuous_shl_load
| 
| /* System header to define __stub macros and hopefully few prototypes,
|     which can conflict with char shl_load (); below.
|     Prefer <limits.h> to <assert.h> if __STDC__ is defined, since
|     <limits.h> exists even on freestanding compilers.  */
| 
| #ifdef __STDC__
| # include <limits.h>
| #else
| # include <assert.h>
| #endif
| 
| #undef shl_load
| 
| /* Override any GCC internal prototype to avoid an error.
|    Use char because int might match the return type of a GCC
|    builtin and then its argument prototype would still apply.  */
| #ifdef __cplusplus
| extern "C"
| #endif
| char shl_load ();
| /* The GNU C library defines this for functions which it implements
|     to always fail with ENOSYS.  Some functions are actually named
|     something starting with __ and the normal name is an alias.  */
| #if defined __stub_shl_load || defined __stub___shl_load
| choke me
| #endif
| 
| int
| main ()
| {
| return shl_load ();
|   ;
|   return 0;
| }
configure:12377: result: no
configure:12381: checking for shl_load in -ldld
configure:12406: gcc -o conftest -g -O2   conftest.c -ldld   >&5
/opt/apps/gcc/6.3.0/bin/ld: cannot find -ldld
collect2: error: ld returned 1 exit status
configure:12406: $? = 1
configure: failed program was:
| /* confdefs.h */
| #define PACKAGE_NAME "SST Elements Library"
| #define PACKAGE_TARNAME "sst-elements-library"
| #define PACKAGE_VERSION "11.0.0"
| #define PACKAGE_STRING "SST Elements Library 11.0.0"
| #define PACKAGE_BUGREPORT "sst@sandia.gov"
| #define PACKAGE_URL ""
| #define TIME_WITH_SYS_TIME 1
| #define STDC_HEADERS 1
| #define HAVE_SYS_TYPES_H 1
| #define HAVE_SYS_STAT_H 1
| #define HAVE_STDLIB_H 1
| #define HAVE_STRING_H 1
| #define HAVE_MEMORY_H 1
| #define HAVE_STRINGS_H 1
| #define HAVE_INTTYPES_H 1
| #define HAVE_STDINT_H 1
| #define HAVE_UNISTD_H 1
| #define HAVE_DLFCN_H 1
| #define LT_OBJDIR ".libs/"
| /* end confdefs.h.  */
| 
| /* Override any GCC internal prototype to avoid an error.
|    Use char because int might match the return type of a GCC
|    builtin and then its argument prototype would still apply.  */
| #ifdef __cplusplus
| extern "C"
| #endif
| char shl_load ();
| int
| main ()
| {
| return shl_load ();
|   ;
|   return 0;
| }
configure:12415: result: no
configure:12420: checking for dlopen
configure:12420: gcc -o conftest -g -O2   conftest.c  >&5
/tmp/ccK2bqz5.o: In function `main':
/work2/07431/tg867305/stampede2/sst-elements-library-11.0.0/conftest.c:56: undefined reference to `dlopen'
collect2: error: ld returned 1 exit status
configure:12420: $? = 1
configure: failed program was:
| /* confdefs.h */
| #define PACKAGE_NAME "SST Elements Library"
| #define PACKAGE_TARNAME "sst-elements-library"
| #define PACKAGE_VERSION "11.0.0"
| #define PACKAGE_STRING "SST Elements Library 11.0.0"
| #define PACKAGE_BUGREPORT "sst@sandia.gov"
| #define PACKAGE_URL ""
| #define TIME_WITH_SYS_TIME 1
| #define STDC_HEADERS 1
| #define HAVE_SYS_TYPES_H 1
| #define HAVE_SYS_STAT_H 1
| #define HAVE_STDLIB_H 1
| #define HAVE_STRING_H 1
| #define HAVE_MEMORY_H 1
| #define HAVE_STRINGS_H 1
| #define HAVE_INTTYPES_H 1
| #define HAVE_STDINT_H 1
| #define HAVE_UNISTD_H 1
| #define HAVE_DLFCN_H 1
| #define LT_OBJDIR ".libs/"
| /* end confdefs.h.  */
| /* Define dlopen to an innocuous variant, in case <limits.h> declares dlopen.
|    For example, HP-UX 11i <limits.h> declares gettimeofday.  */
| #define dlopen innocuous_dlopen
| 
| /* System header to define __stub macros and hopefully few prototypes,
|     which can conflict with char dlopen (); below.
|     Prefer <limits.h> to <assert.h> if __STDC__ is defined, since
|     <limits.h> exists even on freestanding compilers.  */
| 
| #ifdef __STDC__
| # include <limits.h>
| #else
| # include <assert.h>
| #endif
| 
| #undef dlopen
| 
| /* Override any GCC internal prototype to avoid an error.
|    Use char because int might match the return type of a GCC
|    builtin and then its argument prototype would still apply.  */
| #ifdef __cplusplus
| extern "C"
| #endif
| char dlopen ();
| /* The GNU C library defines this for functions which it implements
|     to always fail with ENOSYS.  Some functions are actually named
|     something starting with __ and the normal name is an alias.  */
| #if defined __stub_dlopen || defined __stub___dlopen
| choke me
| #endif
| 
| int
| main ()
| {
| return dlopen ();
|   ;
|   return 0;
| }
configure:12420: result: no
configure:12424: checking for dlopen in -ldl
configure:12449: gcc -o conftest -g -O2   conftest.c -ldl   >&5
configure:12449: $? = 0
configure:12458: result: yes
configure:12577: checking whether a program can dlopen itself
configure:12657: gcc -o conftest -g -O2  -DHAVE_DLFCN_H  -Wl,--export-dynamic conftest.c -ldl  >&5
configure:12660: $? = 0
configure:12678: result: yes
configure:12683: checking whether a statically linked program can dlopen itself
configure:12763: gcc -o conftest -g -O2  -DHAVE_DLFCN_H  -Wl,--export-dynamic  conftest.c -ldl  >&5
configure:12766: $? = 0
configure:12784: result: yes
configure:12823: checking whether stripping libraries is possible
configure:12828: result: yes
configure:12863: checking if libtool supports shared libraries
configure:12865: result: yes
configure:12868: checking whether to build shared libraries
configure:12889: result: yes
configure:12892: checking whether to build static libraries
configure:12896: result: no
configure:12919: checking how to run the C++ preprocessor
configure:12946: g++ -E  conftest.cpp
configure:12946: $? = 0
configure:12960: g++ -E  conftest.cpp
conftest.cpp:22:28: fatal error: ac_nonexistent.h: No such file or directory
 #include <ac_nonexistent.h>
                            ^
compilation terminated.
configure:12960: $? = 1
configure: failed program was:
| /* confdefs.h */
| #define PACKAGE_NAME "SST Elements Library"
| #define PACKAGE_TARNAME "sst-elements-library"
| #define PACKAGE_VERSION "11.0.0"
| #define PACKAGE_STRING "SST Elements Library 11.0.0"
| #define PACKAGE_BUGREPORT "sst@sandia.gov"
| #define PACKAGE_URL ""
| #define TIME_WITH_SYS_TIME 1
| #define STDC_HEADERS 1
| #define HAVE_SYS_TYPES_H 1
| #define HAVE_SYS_STAT_H 1
| #define HAVE_STDLIB_H 1
| #define HAVE_STRING_H 1
| #define HAVE_MEMORY_H 1
| #define HAVE_STRINGS_H 1
| #define HAVE_INTTYPES_H 1
| #define HAVE_STDINT_H 1
| #define HAVE_UNISTD_H 1
| #define HAVE_DLFCN_H 1
| #define LT_OBJDIR ".libs/"
| /* end confdefs.h.  */
| #include <ac_nonexistent.h>
configure:12985: result: g++ -E
configure:13005: g++ -E  conftest.cpp
configure:13005: $? = 0
configure:13019: g++ -E  conftest.cpp
conftest.cpp:22:28: fatal error: ac_nonexistent.h: No such file or directory
 #include <ac_nonexistent.h>
                            ^
compilation terminated.
configure:13019: $? = 1
configure: failed program was:
| /* confdefs.h */
| #define PACKAGE_NAME "SST Elements Library"
| #define PACKAGE_TARNAME "sst-elements-library"
| #define PACKAGE_VERSION "11.0.0"
| #define PACKAGE_STRING "SST Elements Library 11.0.0"
| #define PACKAGE_BUGREPORT "sst@sandia.gov"
| #define PACKAGE_URL ""
| #define TIME_WITH_SYS_TIME 1
| #define STDC_HEADERS 1
| #define HAVE_SYS_TYPES_H 1
| #define HAVE_SYS_STAT_H 1
| #define HAVE_STDLIB_H 1
| #define HAVE_STRING_H 1
| #define HAVE_MEMORY_H 1
| #define HAVE_STRINGS_H 1
| #define HAVE_INTTYPES_H 1
| #define HAVE_STDINT_H 1
| #define HAVE_UNISTD_H 1
| #define HAVE_DLFCN_H 1
| #define LT_OBJDIR ".libs/"
| /* end confdefs.h.  */
| #include <ac_nonexistent.h>
configure:13188: checking for ld used by g++
configure:13255: result: /opt/apps/xalt/xalt/bin/ld -m elf_x86_64
configure:13262: checking if the linker (/opt/apps/xalt/xalt/bin/ld -m elf_x86_64) is GNU ld
configure:13277: result: yes
configure:13332: checking whether the g++ linker (/opt/apps/xalt/xalt/bin/ld -m elf_x86_64) supports shared libraries
configure:14337: result: yes
configure:14373: g++ -c -g -O2  conftest.cpp >&5
configure:14376: $? = 0
configure:14896: checking for g++ option to produce PIC
configure:14903: result: -fPIC -DPIC
configure:14911: checking if g++ PIC flag -fPIC -DPIC works
configure:14929: g++ -c -g -O2  -fPIC -DPIC -DPIC conftest.cpp >&5
configure:14933: $? = 0
configure:14946: result: yes
configure:14969: checking if g++ static flag -static works
configure:14997: result: no
configure:15009: checking if g++ supports -c -o file.o
configure:15030: g++ -c -g -O2  -o out/conftest2.o conftest.cpp >&5
configure:15034: $? = 0
configure:15056: result: yes
configure:15061: checking if g++ supports -c -o file.o
configure:15108: result: yes
configure:15138: checking whether the g++ linker (/opt/apps/xalt/xalt/bin/ld -m elf_x86_64) supports shared libraries
configure:15174: result: yes
configure:15315: checking dynamic linker characteristics
configure:15986: result: GNU/Linux ld.so
configure:16039: checking how to hardcode library paths into programs
configure:16064: result: immediate
configure:16125: checking which extension is used for runtime loadable modules
configure:16137: result: .so
configure:16154: checking which variable specifies run-time module search path
configure:16161: result: LD_LIBRARY_PATH
configure:16171: checking for the default library search path
configure:16178: result: /lib64 /usr/lib64 /lib /usr/lib /usr/lib64/atlas /usr/lib64/dyninst /usr/lib64/mysql /usr/lib64/octave/3.8.2 /usr/lib64/qt-3.3/lib /opt/dell/srvadmin/lib64 /opt/dell/srvadmin/lib64/openmanage /opt/dell/srvadmin/lib64 /opt/dell/srvadmin/lib64 /opt/dell/srvadmin/lib64/srvadmin-idrac /opt/dell/srvadmin/lib64 /opt/dell/srvadmin/lib64/srvadmin-idrac7 /opt/dell/srvadmin/lib64 /opt/dell/srvadmin/lib64/srvadmin-isvc /opt/dell/srvadmin/lib64 /opt/dell/srvadmin/lib64/openmanage /opt/dell/srvadmin/lib64 /opt/dell/srvadmin/lib64/openmanage /usr/lib64/tcl8.5 
configure:16208: checking for library containing dlopen
configure:16239: gcc -o conftest -g -O2   conftest.c  >&5
/tmp/ccUOcJx9.o: In function `main':
/work2/07431/tg867305/stampede2/sst-elements-library-11.0.0/conftest.c:36: undefined reference to `dlopen'
collect2: error: ld returned 1 exit status
configure:16239: $? = 1
configure: failed program was:
| /* confdefs.h */
| #define PACKAGE_NAME "SST Elements Library"
| #define PACKAGE_TARNAME "sst-elements-library"
| #define PACKAGE_VERSION "11.0.0"
| #define PACKAGE_STRING "SST Elements Library 11.0.0"
| #define PACKAGE_BUGREPORT "sst@sandia.gov"
| #define PACKAGE_URL ""
| #define TIME_WITH_SYS_TIME 1
| #define STDC_HEADERS 1
| #define HAVE_SYS_TYPES_H 1
| #define HAVE_SYS_STAT_H 1
| #define HAVE_STDLIB_H 1
| #define HAVE_STRING_H 1
| #define HAVE_MEMORY_H 1
| #define HAVE_STRINGS_H 1
| #define HAVE_INTTYPES_H 1
| #define HAVE_STDINT_H 1
| #define HAVE_UNISTD_H 1
| #define HAVE_DLFCN_H 1
| #define LT_OBJDIR ".libs/"
| #define LT_MODULE_EXT ".so"
| #define LT_MODULE_PATH_VAR "LD_LIBRARY_PATH"
| #define LT_DLSEARCH_PATH "/lib64:/usr/lib64:/lib:/usr/lib:/usr/lib64/atlas:/usr/lib64/dyninst:/usr/lib64/mysql:/usr/lib64/octave/3.8.2:/usr/lib64/qt-3.3/lib:/opt/dell/srvadmin/lib64:/opt/dell/srvadmin/lib64/openmanage:/opt/dell/srvadmin/lib64:/opt/dell/srvadmin/lib64:/opt/dell/srvadmin/lib64/srvadmin-idrac:/opt/dell/srvadmin/lib64:/opt/dell/srvadmin/lib64/srvadmin-idrac7:/opt/dell/srvadmin/lib64:/opt/dell/srvadmin/lib64/srvadmin-isvc:/opt/dell/srvadmin/lib64:/opt/dell/srvadmin/lib64/openmanage:/opt/dell/srvadmin/lib64:/opt/dell/srvadmin/lib64/openmanage:/usr/lib64/tcl8.5"
| /* end confdefs.h.  */
| 
| /* Override any GCC internal prototype to avoid an error.
|    Use char because int might match the return type of a GCC
|    builtin and then its argument prototype would still apply.  */
| #ifdef __cplusplus
| extern "C"
| #endif
| char dlopen ();
| int
| main ()
| {
| return dlopen ();
|   ;
|   return 0;
| }
configure:16239: gcc -o conftest -g -O2   conftest.c -ldl   >&5
configure:16239: $? = 0
configure:16256: result: -ldl
configure:16346: checking for dlerror
configure:16346: gcc -o conftest -g -O2   conftest.c -ldl  -ldl >&5
configure:16346: $? = 0
configure:16346: result: yes
configure:16360: checking for shl_load
configure:16360: result: no
configure:16367: checking for shl_load in -ldld
configure:16401: result: no
configure:16447: checking for dld_link in -ldld
configure:16472: gcc -o conftest -g -O2   conftest.c -ldld  -ldl  >&5
/opt/apps/gcc/6.3.0/bin/ld: cannot find -ldld
collect2: error: ld returned 1 exit status
configure:16472: $? = 1
configure: failed program was:
| /* confdefs.h */
| #define PACKAGE_NAME "SST Elements Library"
| #define PACKAGE_TARNAME "sst-elements-library"
| #define PACKAGE_VERSION "11.0.0"
| #define PACKAGE_STRING "SST Elements Library 11.0.0"
| #define PACKAGE_BUGREPORT "sst@sandia.gov"
| #define PACKAGE_URL ""
| #define TIME_WITH_SYS_TIME 1
| #define STDC_HEADERS 1
| #define HAVE_SYS_TYPES_H 1
| #define HAVE_SYS_STAT_H 1
| #define HAVE_STDLIB_H 1
| #define HAVE_STRING_H 1
| #define HAVE_MEMORY_H 1
| #define HAVE_STRINGS_H 1
| #define HAVE_INTTYPES_H 1
| #define HAVE_STDINT_H 1
| #define HAVE_UNISTD_H 1
| #define HAVE_DLFCN_H 1
| #define LT_OBJDIR ".libs/"
| #define LT_MODULE_EXT ".so"
| #define LT_MODULE_PATH_VAR "LD_LIBRARY_PATH"
| #define LT_DLSEARCH_PATH "/lib64:/usr/lib64:/lib:/usr/lib:/usr/lib64/atlas:/usr/lib64/dyninst:/usr/lib64/mysql:/usr/lib64/octave/3.8.2:/usr/lib64/qt-3.3/lib:/opt/dell/srvadmin/lib64:/opt/dell/srvadmin/lib64/openmanage:/opt/dell/srvadmin/lib64:/opt/dell/srvadmin/lib64:/opt/dell/srvadmin/lib64/srvadmin-idrac:/opt/dell/srvadmin/lib64:/opt/dell/srvadmin/lib64/srvadmin-idrac7:/opt/dell/srvadmin/lib64:/opt/dell/srvadmin/lib64/srvadmin-isvc:/opt/dell/srvadmin/lib64:/opt/dell/srvadmin/lib64/openmanage:/opt/dell/srvadmin/lib64:/opt/dell/srvadmin/lib64/openmanage:/usr/lib64/tcl8.5"
| #define HAVE_LIBDL 1
| #define HAVE_DLERROR 1
| /* end confdefs.h.  */
| 
| /* Override any GCC internal prototype to avoid an error.
|    Use char because int might match the return type of a GCC
|    builtin and then its argument prototype would still apply.  */
| #ifdef __cplusplus
| extern "C"
| #endif
| char dld_link ();
| int
| main ()
| {
| return dld_link ();
|   ;
|   return 0;
| }
configure:16481: result: no
configure:16515: checking for _ prefix in compiled symbols
configure:16525: gcc -c -g -O2  conftest.c >&5
configure:16528: $? = 0
configure:16532: /opt/apps/gcc/6.3.0/bin/nm -B conftest.o \| sed -n -e 's/^.*[	 ]\([ABCDGIRSTW][ABCDGIRSTW]*\)[	 ][	 ]*\([_A-Za-z][_A-Za-z0-9]*\)$/\1 \2 \2/p' | sed '/ __gnu_lto/d' \> conftest.nm
configure:16535: $? = 0
configure:16557: result: no
configure:16681: checking whether deplibs are loaded by dlopen
configure:16775: result: yes
configure:16787: checking for argz.h
configure:16787: gcc -c -g -O2  conftest.c >&5
configure:16787: $? = 0
configure:16787: result: yes
configure:16799: checking for error_t
configure:16799: gcc -c -g -O2  conftest.c >&5
configure:16799: $? = 0
configure:16799: gcc -c -g -O2  conftest.c >&5
conftest.c: In function 'main':
conftest.c:36:22: error: expected expression before ')' token
 if (sizeof ((error_t)))
                      ^
configure:16799: $? = 1
configure: failed program was:
| /* confdefs.h */
| #define PACKAGE_NAME "SST Elements Library"
| #define PACKAGE_TARNAME "sst-elements-library"
| #define PACKAGE_VERSION "11.0.0"
| #define PACKAGE_STRING "SST Elements Library 11.0.0"
| #define PACKAGE_BUGREPORT "sst@sandia.gov"
| #define PACKAGE_URL ""
| #define TIME_WITH_SYS_TIME 1
| #define STDC_HEADERS 1
| #define HAVE_SYS_TYPES_H 1
| #define HAVE_SYS_STAT_H 1
| #define HAVE_STDLIB_H 1
| #define HAVE_STRING_H 1
| #define HAVE_MEMORY_H 1
| #define HAVE_STRINGS_H 1
| #define HAVE_INTTYPES_H 1
| #define HAVE_STDINT_H 1
| #define HAVE_UNISTD_H 1
| #define HAVE_DLFCN_H 1
| #define LT_OBJDIR ".libs/"
| #define LT_MODULE_EXT ".so"
| #define LT_MODULE_PATH_VAR "LD_LIBRARY_PATH"
| #define LT_DLSEARCH_PATH "/lib64:/usr/lib64:/lib:/usr/lib:/usr/lib64/atlas:/usr/lib64/dyninst:/usr/lib64/mysql:/usr/lib64/octave/3.8.2:/usr/lib64/qt-3.3/lib:/opt/dell/srvadmin/lib64:/opt/dell/srvadmin/lib64/openmanage:/opt/dell/srvadmin/lib64:/opt/dell/srvadmin/lib64:/opt/dell/srvadmin/lib64/srvadmin-idrac:/opt/dell/srvadmin/lib64:/opt/dell/srvadmin/lib64/srvadmin-idrac7:/opt/dell/srvadmin/lib64:/opt/dell/srvadmin/lib64/srvadmin-isvc:/opt/dell/srvadmin/lib64:/opt/dell/srvadmin/lib64/openmanage:/opt/dell/srvadmin/lib64:/opt/dell/srvadmin/lib64/openmanage:/usr/lib64/tcl8.5"
| #define HAVE_LIBDL 1
| #define HAVE_DLERROR 1
| #define HAVE_LIBDLLOADER 1
| #define HAVE_ARGZ_H 1
| /* end confdefs.h.  */
| #if defined(HAVE_ARGZ_H)
| #  include <argz.h>
| #endif
| 
| int
| main ()
| {
| if (sizeof ((error_t)))
| 	    return 0;
|   ;
|   return 0;
| }
configure:16799: result: yes
configure:16825: checking for argz_add
configure:16825: gcc -o conftest -g -O2   conftest.c -ldl  >&5
configure:16825: $? = 0
configure:16825: result: yes
configure:16825: checking for argz_append
configure:16825: gcc -o conftest -g -O2   conftest.c -ldl  >&5
configure:16825: $? = 0
configure:16825: result: yes
configure:16825: checking for argz_count
configure:16825: gcc -o conftest -g -O2   conftest.c -ldl  >&5
configure:16825: $? = 0
configure:16825: result: yes
configure:16825: checking for argz_create_sep
configure:16825: gcc -o conftest -g -O2   conftest.c -ldl  >&5
configure:16825: $? = 0
configure:16825: result: yes
configure:16825: checking for argz_insert
configure:16825: gcc -o conftest -g -O2   conftest.c -ldl  >&5
configure:16825: $? = 0
configure:16825: result: yes
configure:16825: checking for argz_next
configure:16825: gcc -o conftest -g -O2   conftest.c -ldl  >&5
configure:16825: $? = 0
configure:16825: result: yes
configure:16825: checking for argz_stringify
configure:16825: gcc -o conftest -g -O2   conftest.c -ldl  >&5
configure:16825: $? = 0
configure:16825: result: yes
configure:16841: checking if argz actually works
configure:16872: result: yes
configure:16889: checking whether libtool supports -dlopen/-dlpreopen
configure:16901: result: yes
configure:16930: checking for ltdl.h
configure:16930: gcc -c -g -O2  conftest.c >&5
configure:16930: $? = 0
configure:16930: result: yes
configure:16934: checking whether lt_dlinterface_register is declared
configure:16934: gcc -c -g -O2  conftest.c >&5
configure:16934: $? = 0
configure:16934: result: yes
configure:16938: checking for lt_dladvise_preload in -lltdl
configure:16963: gcc -o conftest -g -O2   conftest.c -lltdl  -ldl  >&5
configure:16963: $? = 0
configure:16972: result: yes
configure:17067: checking where to find libltdl headers
configure:17069: result: 
configure:17071: checking where to find libltdl library
configure:17073: result: -lltdl
configure:17121: checking for unistd.h
configure:17121: result: yes
configure:17121: checking for dl.h
configure:17121: gcc -c -g -O2  conftest.c >&5
conftest.c:75:16: fatal error: dl.h: No such file or directory
 #include <dl.h>
                ^
compilation terminated.
configure:17121: $? = 1
configure: failed program was:
| /* confdefs.h */
| #define PACKAGE_NAME "SST Elements Library"
| #define PACKAGE_TARNAME "sst-elements-library"
| #define PACKAGE_VERSION "11.0.0"
| #define PACKAGE_STRING "SST Elements Library 11.0.0"
| #define PACKAGE_BUGREPORT "sst@sandia.gov"
| #define PACKAGE_URL ""
| #define TIME_WITH_SYS_TIME 1
| #define STDC_HEADERS 1
| #define HAVE_SYS_TYPES_H 1
| #define HAVE_SYS_STAT_H 1
| #define HAVE_STDLIB_H 1
| #define HAVE_STRING_H 1
| #define HAVE_MEMORY_H 1
| #define HAVE_STRINGS_H 1
| #define HAVE_INTTYPES_H 1
| #define HAVE_STDINT_H 1
| #define HAVE_UNISTD_H 1
| #define HAVE_DLFCN_H 1
| #define LT_OBJDIR ".libs/"
| #define LT_MODULE_EXT ".so"
| #define LT_MODULE_PATH_VAR "LD_LIBRARY_PATH"
| #define LT_DLSEARCH_PATH "/lib64:/usr/lib64:/lib:/usr/lib:/usr/lib64/atlas:/usr/lib64/dyninst:/usr/lib64/mysql:/usr/lib64/octave/3.8.2:/usr/lib64/qt-3.3/lib:/opt/dell/srvadmin/lib64:/opt/dell/srvadmin/lib64/openmanage:/opt/dell/srvadmin/lib64:/opt/dell/srvadmin/lib64:/opt/dell/srvadmin/lib64/srvadmin-idrac:/opt/dell/srvadmin/lib64:/opt/dell/srvadmin/lib64/srvadmin-idrac7:/opt/dell/srvadmin/lib64:/opt/dell/srvadmin/lib64/srvadmin-isvc:/opt/dell/srvadmin/lib64:/opt/dell/srvadmin/lib64/openmanage:/opt/dell/srvadmin/lib64:/opt/dell/srvadmin/lib64/openmanage:/usr/lib64/tcl8.5"
| #define HAVE_LIBDL 1
| #define HAVE_DLERROR 1
| #define HAVE_LIBDLLOADER 1
| #define HAVE_ARGZ_H 1
| #define HAVE_ERROR_T 1
| #define HAVE_ARGZ_ADD 1
| #define HAVE_ARGZ_APPEND 1
| #define HAVE_ARGZ_COUNT 1
| #define HAVE_ARGZ_CREATE_SEP 1
| #define HAVE_ARGZ_INSERT 1
| #define HAVE_ARGZ_NEXT 1
| #define HAVE_ARGZ_STRINGIFY 1
| #define HAVE_WORKING_ARGZ 1
| #define HAVE_PRELOADED_SYMBOLS 1
| #define HAVE_LTDL 1
| #define HAVE_UNISTD_H 1
| /* end confdefs.h.  */
| #include <stdio.h>
| #ifdef HAVE_SYS_TYPES_H
| # include <sys/types.h>
| #endif
| #ifdef HAVE_SYS_STAT_H
| # include <sys/stat.h>
| #endif
| #ifdef STDC_HEADERS
| # include <stdlib.h>
| # include <stddef.h>
| #else
| # ifdef HAVE_STDLIB_H
| #  include <stdlib.h>
| # endif
| #endif
| #ifdef HAVE_STRING_H
| # if !defined STDC_HEADERS && defined HAVE_MEMORY_H
| #  include <memory.h>
| # endif
| # include <string.h>
| #endif
| #ifdef HAVE_STRINGS_H
| # include <strings.h>
| #endif
| #ifdef HAVE_INTTYPES_H
| # include <inttypes.h>
| #endif
| #ifdef HAVE_STDINT_H
| # include <stdint.h>
| #endif
| #ifdef HAVE_UNISTD_H
| # include <unistd.h>
| #endif
| 
| #include <dl.h>
configure:17121: result: no
configure:17121: checking for sys/dl.h
configure:17121: gcc -c -g -O2  conftest.c >&5
conftest.c:75:20: fatal error: sys/dl.h: No such file or directory
 #include <sys/dl.h>
                    ^
compilation terminated.
configure:17121: $? = 1
configure: failed program was:
| /* confdefs.h */
| #define PACKAGE_NAME "SST Elements Library"
| #define PACKAGE_TARNAME "sst-elements-library"
| #define PACKAGE_VERSION "11.0.0"
| #define PACKAGE_STRING "SST Elements Library 11.0.0"
| #define PACKAGE_BUGREPORT "sst@sandia.gov"
| #define PACKAGE_URL ""
| #define TIME_WITH_SYS_TIME 1
| #define STDC_HEADERS 1
| #define HAVE_SYS_TYPES_H 1
| #define HAVE_SYS_STAT_H 1
| #define HAVE_STDLIB_H 1
| #define HAVE_STRING_H 1
| #define HAVE_MEMORY_H 1
| #define HAVE_STRINGS_H 1
| #define HAVE_INTTYPES_H 1
| #define HAVE_STDINT_H 1
| #define HAVE_UNISTD_H 1
| #define HAVE_DLFCN_H 1
| #define LT_OBJDIR ".libs/"
| #define LT_MODULE_EXT ".so"
| #define LT_MODULE_PATH_VAR "LD_LIBRARY_PATH"
| #define LT_DLSEARCH_PATH "/lib64:/usr/lib64:/lib:/usr/lib:/usr/lib64/atlas:/usr/lib64/dyninst:/usr/lib64/mysql:/usr/lib64/octave/3.8.2:/usr/lib64/qt-3.3/lib:/opt/dell/srvadmin/lib64:/opt/dell/srvadmin/lib64/openmanage:/opt/dell/srvadmin/lib64:/opt/dell/srvadmin/lib64:/opt/dell/srvadmin/lib64/srvadmin-idrac:/opt/dell/srvadmin/lib64:/opt/dell/srvadmin/lib64/srvadmin-idrac7:/opt/dell/srvadmin/lib64:/opt/dell/srvadmin/lib64/srvadmin-isvc:/opt/dell/srvadmin/lib64:/opt/dell/srvadmin/lib64/openmanage:/opt/dell/srvadmin/lib64:/opt/dell/srvadmin/lib64/openmanage:/usr/lib64/tcl8.5"
| #define HAVE_LIBDL 1
| #define HAVE_DLERROR 1
| #define HAVE_LIBDLLOADER 1
| #define HAVE_ARGZ_H 1
| #define HAVE_ERROR_T 1
| #define HAVE_ARGZ_ADD 1
| #define HAVE_ARGZ_APPEND 1
| #define HAVE_ARGZ_COUNT 1
| #define HAVE_ARGZ_CREATE_SEP 1
| #define HAVE_ARGZ_INSERT 1
| #define HAVE_ARGZ_NEXT 1
| #define HAVE_ARGZ_STRINGIFY 1
| #define HAVE_WORKING_ARGZ 1
| #define HAVE_PRELOADED_SYMBOLS 1
| #define HAVE_LTDL 1
| #define HAVE_UNISTD_H 1
| /* end confdefs.h.  */
| #include <stdio.h>
| #ifdef HAVE_SYS_TYPES_H
| # include <sys/types.h>
| #endif
| #ifdef HAVE_SYS_STAT_H
| # include <sys/stat.h>
| #endif
| #ifdef STDC_HEADERS
| # include <stdlib.h>
| # include <stddef.h>
| #else
| # ifdef HAVE_STDLIB_H
| #  include <stdlib.h>
| # endif
| #endif
| #ifdef HAVE_STRING_H
| # if !defined STDC_HEADERS && defined HAVE_MEMORY_H
| #  include <memory.h>
| # endif
| # include <string.h>
| #endif
| #ifdef HAVE_STRINGS_H
| # include <strings.h>
| #endif
| #ifdef HAVE_INTTYPES_H
| # include <inttypes.h>
| #endif
| #ifdef HAVE_STDINT_H
| # include <stdint.h>
| #endif
| #ifdef HAVE_UNISTD_H
| # include <unistd.h>
| #endif
| 
| #include <sys/dl.h>
configure:17121: result: no
configure:17121: checking for dld.h
configure:17121: gcc -c -g -O2  conftest.c >&5
conftest.c:75:17: fatal error: dld.h: No such file or directory
 #include <dld.h>
                 ^
compilation terminated.
configure:17121: $? = 1
configure: failed program was:
| /* confdefs.h */
| #define PACKAGE_NAME "SST Elements Library"
| #define PACKAGE_TARNAME "sst-elements-library"
| #define PACKAGE_VERSION "11.0.0"
| #define PACKAGE_STRING "SST Elements Library 11.0.0"
| #define PACKAGE_BUGREPORT "sst@sandia.gov"
| #define PACKAGE_URL ""
| #define TIME_WITH_SYS_TIME 1
| #define STDC_HEADERS 1
| #define HAVE_SYS_TYPES_H 1
| #define HAVE_SYS_STAT_H 1
| #define HAVE_STDLIB_H 1
| #define HAVE_STRING_H 1
| #define HAVE_MEMORY_H 1
| #define HAVE_STRINGS_H 1
| #define HAVE_INTTYPES_H 1
| #define HAVE_STDINT_H 1
| #define HAVE_UNISTD_H 1
| #define HAVE_DLFCN_H 1
| #define LT_OBJDIR ".libs/"
| #define LT_MODULE_EXT ".so"
| #define LT_MODULE_PATH_VAR "LD_LIBRARY_PATH"
| #define LT_DLSEARCH_PATH "/lib64:/usr/lib64:/lib:/usr/lib:/usr/lib64/atlas:/usr/lib64/dyninst:/usr/lib64/mysql:/usr/lib64/octave/3.8.2:/usr/lib64/qt-3.3/lib:/opt/dell/srvadmin/lib64:/opt/dell/srvadmin/lib64/openmanage:/opt/dell/srvadmin/lib64:/opt/dell/srvadmin/lib64:/opt/dell/srvadmin/lib64/srvadmin-idrac:/opt/dell/srvadmin/lib64:/opt/dell/srvadmin/lib64/srvadmin-idrac7:/opt/dell/srvadmin/lib64:/opt/dell/srvadmin/lib64/srvadmin-isvc:/opt/dell/srvadmin/lib64:/opt/dell/srvadmin/lib64/openmanage:/opt/dell/srvadmin/lib64:/opt/dell/srvadmin/lib64/openmanage:/usr/lib64/tcl8.5"
| #define HAVE_LIBDL 1
| #define HAVE_DLERROR 1
| #define HAVE_LIBDLLOADER 1
| #define HAVE_ARGZ_H 1
| #define HAVE_ERROR_T 1
| #define HAVE_ARGZ_ADD 1
| #define HAVE_ARGZ_APPEND 1
| #define HAVE_ARGZ_COUNT 1
| #define HAVE_ARGZ_CREATE_SEP 1
| #define HAVE_ARGZ_INSERT 1
| #define HAVE_ARGZ_NEXT 1
| #define HAVE_ARGZ_STRINGIFY 1
| #define HAVE_WORKING_ARGZ 1
| #define HAVE_PRELOADED_SYMBOLS 1
| #define HAVE_LTDL 1
| #define HAVE_UNISTD_H 1
| /* end confdefs.h.  */
| #include <stdio.h>
| #ifdef HAVE_SYS_TYPES_H
| # include <sys/types.h>
| #endif
| #ifdef HAVE_SYS_STAT_H
| # include <sys/stat.h>
| #endif
| #ifdef STDC_HEADERS
| # include <stdlib.h>
| # include <stddef.h>
| #else
| # ifdef HAVE_STDLIB_H
| #  include <stdlib.h>
| # endif
| #endif
| #ifdef HAVE_STRING_H
| # if !defined STDC_HEADERS && defined HAVE_MEMORY_H
| #  include <memory.h>
| # endif
| # include <string.h>
| #endif
| #ifdef HAVE_STRINGS_H
| # include <strings.h>
| #endif
| #ifdef HAVE_INTTYPES_H
| # include <inttypes.h>
| #endif
| #ifdef HAVE_STDINT_H
| # include <stdint.h>
| #endif
| #ifdef HAVE_UNISTD_H
| # include <unistd.h>
| #endif
| 
| #include <dld.h>
configure:17121: result: no
configure:17121: checking for mach-o/dyld.h
configure:17121: gcc -c -g -O2  conftest.c >&5
conftest.c:75:25: fatal error: mach-o/dyld.h: No such file or directory
 #include <mach-o/dyld.h>
                         ^
compilation terminated.
configure:17121: $? = 1
configure: failed program was:
| /* confdefs.h */
| #define PACKAGE_NAME "SST Elements Library"
| #define PACKAGE_TARNAME "sst-elements-library"
| #define PACKAGE_VERSION "11.0.0"
| #define PACKAGE_STRING "SST Elements Library 11.0.0"
| #define PACKAGE_BUGREPORT "sst@sandia.gov"
| #define PACKAGE_URL ""
| #define TIME_WITH_SYS_TIME 1
| #define STDC_HEADERS 1
| #define HAVE_SYS_TYPES_H 1
| #define HAVE_SYS_STAT_H 1
| #define HAVE_STDLIB_H 1
| #define HAVE_STRING_H 1
| #define HAVE_MEMORY_H 1
| #define HAVE_STRINGS_H 1
| #define HAVE_INTTYPES_H 1
| #define HAVE_STDINT_H 1
| #define HAVE_UNISTD_H 1
| #define HAVE_DLFCN_H 1
| #define LT_OBJDIR ".libs/"
| #define LT_MODULE_EXT ".so"
| #define LT_MODULE_PATH_VAR "LD_LIBRARY_PATH"
| #define LT_DLSEARCH_PATH "/lib64:/usr/lib64:/lib:/usr/lib:/usr/lib64/atlas:/usr/lib64/dyninst:/usr/lib64/mysql:/usr/lib64/octave/3.8.2:/usr/lib64/qt-3.3/lib:/opt/dell/srvadmin/lib64:/opt/dell/srvadmin/lib64/openmanage:/opt/dell/srvadmin/lib64:/opt/dell/srvadmin/lib64:/opt/dell/srvadmin/lib64/srvadmin-idrac:/opt/dell/srvadmin/lib64:/opt/dell/srvadmin/lib64/srvadmin-idrac7:/opt/dell/srvadmin/lib64:/opt/dell/srvadmin/lib64/srvadmin-isvc:/opt/dell/srvadmin/lib64:/opt/dell/srvadmin/lib64/openmanage:/opt/dell/srvadmin/lib64:/opt/dell/srvadmin/lib64/openmanage:/usr/lib64/tcl8.5"
| #define HAVE_LIBDL 1
| #define HAVE_DLERROR 1
| #define HAVE_LIBDLLOADER 1
| #define HAVE_ARGZ_H 1
| #define HAVE_ERROR_T 1
| #define HAVE_ARGZ_ADD 1
| #define HAVE_ARGZ_APPEND 1
| #define HAVE_ARGZ_COUNT 1
| #define HAVE_ARGZ_CREATE_SEP 1
| #define HAVE_ARGZ_INSERT 1
| #define HAVE_ARGZ_NEXT 1
| #define HAVE_ARGZ_STRINGIFY 1
| #define HAVE_WORKING_ARGZ 1
| #define HAVE_PRELOADED_SYMBOLS 1
| #define HAVE_LTDL 1
| #define HAVE_UNISTD_H 1
| /* end confdefs.h.  */
| #include <stdio.h>
| #ifdef HAVE_SYS_TYPES_H
| # include <sys/types.h>
| #endif
| #ifdef HAVE_SYS_STAT_H
| # include <sys/stat.h>
| #endif
| #ifdef STDC_HEADERS
| # include <stdlib.h>
| # include <stddef.h>
| #else
| # ifdef HAVE_STDLIB_H
| #  include <stdlib.h>
| # endif
| #endif
| #ifdef HAVE_STRING_H
| # if !defined STDC_HEADERS && defined HAVE_MEMORY_H
| #  include <memory.h>
| # endif
| # include <string.h>
| #endif
| #ifdef HAVE_STRINGS_H
| # include <strings.h>
| #endif
| #ifdef HAVE_INTTYPES_H
| # include <inttypes.h>
| #endif
| #ifdef HAVE_STDINT_H
| # include <stdint.h>
| #endif
| #ifdef HAVE_UNISTD_H
| # include <unistd.h>
| #endif
| 
| #include <mach-o/dyld.h>
configure:17121: result: no
configure:17121: checking for dirent.h
configure:17121: gcc -c -g -O2  conftest.c >&5
configure:17121: $? = 0
configure:17121: result: yes
configure:17136: checking for closedir
configure:17136: gcc -o conftest -g -O2   conftest.c -ldl  >&5
configure:17136: $? = 0
configure:17136: result: yes
configure:17136: checking for opendir
configure:17136: gcc -o conftest -g -O2   conftest.c -ldl  >&5
configure:17136: $? = 0
configure:17136: result: yes
configure:17136: checking for readdir
configure:17136: gcc -o conftest -g -O2   conftest.c -ldl  >&5
configure:17136: $? = 0
configure:17136: result: yes
configure:17153: checking for strlcat
configure:17153: gcc -o conftest -g -O2   conftest.c -ldl  >&5
/tmp/ccy0AJjI.o: In function `main':
/work2/07431/tg867305/stampede2/sst-elements-library-11.0.0/conftest.c:79: undefined reference to `strlcat'
collect2: error: ld returned 1 exit status
configure:17153: $? = 1
configure: failed program was:
| /* confdefs.h */
| #define PACKAGE_NAME "SST Elements Library"
| #define PACKAGE_TARNAME "sst-elements-library"
| #define PACKAGE_VERSION "11.0.0"
| #define PACKAGE_STRING "SST Elements Library 11.0.0"
| #define PACKAGE_BUGREPORT "sst@sandia.gov"
| #define PACKAGE_URL ""
| #define TIME_WITH_SYS_TIME 1
| #define STDC_HEADERS 1
| #define HAVE_SYS_TYPES_H 1
| #define HAVE_SYS_STAT_H 1
| #define HAVE_STDLIB_H 1
| #define HAVE_STRING_H 1
| #define HAVE_MEMORY_H 1
| #define HAVE_STRINGS_H 1
| #define HAVE_INTTYPES_H 1
| #define HAVE_STDINT_H 1
| #define HAVE_UNISTD_H 1
| #define HAVE_DLFCN_H 1
| #define LT_OBJDIR ".libs/"
| #define LT_MODULE_EXT ".so"
| #define LT_MODULE_PATH_VAR "LD_LIBRARY_PATH"
| #define LT_DLSEARCH_PATH "/lib64:/usr/lib64:/lib:/usr/lib:/usr/lib64/atlas:/usr/lib64/dyninst:/usr/lib64/mysql:/usr/lib64/octave/3.8.2:/usr/lib64/qt-3.3/lib:/opt/dell/srvadmin/lib64:/opt/dell/srvadmin/lib64/openmanage:/opt/dell/srvadmin/lib64:/opt/dell/srvadmin/lib64:/opt/dell/srvadmin/lib64/srvadmin-idrac:/opt/dell/srvadmin/lib64:/opt/dell/srvadmin/lib64/srvadmin-idrac7:/opt/dell/srvadmin/lib64:/opt/dell/srvadmin/lib64/srvadmin-isvc:/opt/dell/srvadmin/lib64:/opt/dell/srvadmin/lib64/openmanage:/opt/dell/srvadmin/lib64:/opt/dell/srvadmin/lib64/openmanage:/usr/lib64/tcl8.5"
| #define HAVE_LIBDL 1
| #define HAVE_DLERROR 1
| #define HAVE_LIBDLLOADER 1
| #define HAVE_ARGZ_H 1
| #define HAVE_ERROR_T 1
| #define HAVE_ARGZ_ADD 1
| #define HAVE_ARGZ_APPEND 1
| #define HAVE_ARGZ_COUNT 1
| #define HAVE_ARGZ_CREATE_SEP 1
| #define HAVE_ARGZ_INSERT 1
| #define HAVE_ARGZ_NEXT 1
| #define HAVE_ARGZ_STRINGIFY 1
| #define HAVE_WORKING_ARGZ 1
| #define HAVE_PRELOADED_SYMBOLS 1
| #define HAVE_LTDL 1
| #define HAVE_UNISTD_H 1
| #define HAVE_DIRENT_H 1
| #define HAVE_CLOSEDIR 1
| #define HAVE_OPENDIR 1
| #define HAVE_READDIR 1
| /* end confdefs.h.  */
| /* Define strlcat to an innocuous variant, in case <limits.h> declares strlcat.
|    For example, HP-UX 11i <limits.h> declares gettimeofday.  */
| #define strlcat innocuous_strlcat
| 
| /* System header to define __stub macros and hopefully few prototypes,
|     which can conflict with char strlcat (); below.
|     Prefer <limits.h> to <assert.h> if __STDC__ is defined, since
|     <limits.h> exists even on freestanding compilers.  */
| 
| #ifdef __STDC__
| # include <limits.h>
| #else
| # include <assert.h>
| #endif
| 
| #undef strlcat
| 
| /* Override any GCC internal prototype to avoid an error.
|    Use char because int might match the return type of a GCC
|    builtin and then its argument prototype would still apply.  */
| #ifdef __cplusplus
| extern "C"
| #endif
| char strlcat ();
| /* The GNU C library defines this for functions which it implements
|     to always fail with ENOSYS.  Some functions are actually named
|     something starting with __ and the normal name is an alias.  */
| #if defined __stub_strlcat || defined __stub___strlcat
| choke me
| #endif
| 
| int
| main ()
| {
| return strlcat ();
|   ;
|   return 0;
| }
configure:17153: result: no
configure:17153: checking for strlcpy
configure:17153: gcc -o conftest -g -O2   conftest.c -ldl  >&5
/tmp/ccYAOm7O.o: In function `main':
/work2/07431/tg867305/stampede2/sst-elements-library-11.0.0/conftest.c:79: undefined reference to `strlcpy'
collect2: error: ld returned 1 exit status
configure:17153: $? = 1
configure: failed program was:
| /* confdefs.h */
| #define PACKAGE_NAME "SST Elements Library"
| #define PACKAGE_TARNAME "sst-elements-library"
| #define PACKAGE_VERSION "11.0.0"
| #define PACKAGE_STRING "SST Elements Library 11.0.0"
| #define PACKAGE_BUGREPORT "sst@sandia.gov"
| #define PACKAGE_URL ""
| #define TIME_WITH_SYS_TIME 1
| #define STDC_HEADERS 1
| #define HAVE_SYS_TYPES_H 1
| #define HAVE_SYS_STAT_H 1
| #define HAVE_STDLIB_H 1
| #define HAVE_STRING_H 1
| #define HAVE_MEMORY_H 1
| #define HAVE_STRINGS_H 1
| #define HAVE_INTTYPES_H 1
| #define HAVE_STDINT_H 1
| #define HAVE_UNISTD_H 1
| #define HAVE_DLFCN_H 1
| #define LT_OBJDIR ".libs/"
| #define LT_MODULE_EXT ".so"
| #define LT_MODULE_PATH_VAR "LD_LIBRARY_PATH"
| #define LT_DLSEARCH_PATH "/lib64:/usr/lib64:/lib:/usr/lib:/usr/lib64/atlas:/usr/lib64/dyninst:/usr/lib64/mysql:/usr/lib64/octave/3.8.2:/usr/lib64/qt-3.3/lib:/opt/dell/srvadmin/lib64:/opt/dell/srvadmin/lib64/openmanage:/opt/dell/srvadmin/lib64:/opt/dell/srvadmin/lib64:/opt/dell/srvadmin/lib64/srvadmin-idrac:/opt/dell/srvadmin/lib64:/opt/dell/srvadmin/lib64/srvadmin-idrac7:/opt/dell/srvadmin/lib64:/opt/dell/srvadmin/lib64/srvadmin-isvc:/opt/dell/srvadmin/lib64:/opt/dell/srvadmin/lib64/openmanage:/opt/dell/srvadmin/lib64:/opt/dell/srvadmin/lib64/openmanage:/usr/lib64/tcl8.5"
| #define HAVE_LIBDL 1
| #define HAVE_DLERROR 1
| #define HAVE_LIBDLLOADER 1
| #define HAVE_ARGZ_H 1
| #define HAVE_ERROR_T 1
| #define HAVE_ARGZ_ADD 1
| #define HAVE_ARGZ_APPEND 1
| #define HAVE_ARGZ_COUNT 1
| #define HAVE_ARGZ_CREATE_SEP 1
| #define HAVE_ARGZ_INSERT 1
| #define HAVE_ARGZ_NEXT 1
| #define HAVE_ARGZ_STRINGIFY 1
| #define HAVE_WORKING_ARGZ 1
| #define HAVE_PRELOADED_SYMBOLS 1
| #define HAVE_LTDL 1
| #define HAVE_UNISTD_H 1
| #define HAVE_DIRENT_H 1
| #define HAVE_CLOSEDIR 1
| #define HAVE_OPENDIR 1
| #define HAVE_READDIR 1
| /* end confdefs.h.  */
| /* Define strlcpy to an innocuous variant, in case <limits.h> declares strlcpy.
|    For example, HP-UX 11i <limits.h> declares gettimeofday.  */
| #define strlcpy innocuous_strlcpy
| 
| /* System header to define __stub macros and hopefully few prototypes,
|     which can conflict with char strlcpy (); below.
|     Prefer <limits.h> to <assert.h> if __STDC__ is defined, since
|     <limits.h> exists even on freestanding compilers.  */
| 
| #ifdef __STDC__
| # include <limits.h>
| #else
| # include <assert.h>
| #endif
| 
| #undef strlcpy
| 
| /* Override any GCC internal prototype to avoid an error.
|    Use char because int might match the return type of a GCC
|    builtin and then its argument prototype would still apply.  */
| #ifdef __cplusplus
| extern "C"
| #endif
| char strlcpy ();
| /* The GNU C library defines this for functions which it implements
|     to always fail with ENOSYS.  Some functions are actually named
|     something starting with __ and the normal name is an alias.  */
| #if defined __stub_strlcpy || defined __stub___strlcpy
| choke me
| #endif
| 
| int
| main ()
| {
| return strlcpy ();
|   ;
|   return 0;
| }
configure:17153: result: no
configure:17196: checking whether time.h and sys/time.h may both be included
configure:17223: result: yes
configure:17333: --with-sst-core check = good 1
configure:17340: --with-sst-core check = good 2
configure:17346: checking for sst-config
configure:17364: found /work2/07431/tg867305/stampede2/sstcore-11.0.0/install/bin/sst-config
configure:17376: result: /work2/07431/tg867305/stampede2/sstcore-11.0.0/install/bin/sst-config
configure:17385: checking for sst-config tool available
configure:17388: result: found /work2/07431/tg867305/stampede2/sstcore-11.0.0/install/bin/sst-config
configure:17396: checking for sst-register
configure:17414: found /work2/07431/tg867305/stampede2/sstcore-11.0.0/install/bin/sst-register
configure:17426: result: /work2/07431/tg867305/stampede2/sstcore-11.0.0/install/bin/sst-register
configure:17435: checking for sst-register tool available
configure:17438: result: found /work2/07431/tg867305/stampede2/sstcore-11.0.0/install/bin/sst-register
configure:17489: checking for Mac OSX
configure:17515: result: no
configure:17566: checking NVDIMM.h usability
configure:17566: g++ -c -g -O2  -std=c++1y -D__STDC_FORMAT_MACROS   -I/opt/apps/intel18/python2/2.7.15/include/python2.7 -I/opt/apps/intel18/python2/2.7.15/include/python2.7  -I/work2/07431/tg867305/stampede2/sstcore-11.0.0/install/include/sst/core -I/work2/07431/tg867305/stampede2/sstcore-11.0.0/install/include conftest.cpp >&5
conftest.cpp:81:20: fatal error: NVDIMM.h: No such file or directory
 #include <NVDIMM.h>
                    ^
compilation terminated.
configure:17566: $? = 1
configure: failed program was:
| /* confdefs.h */
| #define PACKAGE_NAME "SST Elements Library"
| #define PACKAGE_TARNAME "sst-elements-library"
| #define PACKAGE_VERSION "11.0.0"
| #define PACKAGE_STRING "SST Elements Library 11.0.0"
| #define PACKAGE_BUGREPORT "sst@sandia.gov"
| #define PACKAGE_URL ""
| #define TIME_WITH_SYS_TIME 1
| #define STDC_HEADERS 1
| #define HAVE_SYS_TYPES_H 1
| #define HAVE_SYS_STAT_H 1
| #define HAVE_STDLIB_H 1
| #define HAVE_STRING_H 1
| #define HAVE_MEMORY_H 1
| #define HAVE_STRINGS_H 1
| #define HAVE_INTTYPES_H 1
| #define HAVE_STDINT_H 1
| #define HAVE_UNISTD_H 1
| #define HAVE_DLFCN_H 1
| #define LT_OBJDIR ".libs/"
| #define LT_MODULE_EXT ".so"
| #define LT_MODULE_PATH_VAR "LD_LIBRARY_PATH"
| #define LT_DLSEARCH_PATH "/lib64:/usr/lib64:/lib:/usr/lib:/usr/lib64/atlas:/usr/lib64/dyninst:/usr/lib64/mysql:/usr/lib64/octave/3.8.2:/usr/lib64/qt-3.3/lib:/opt/dell/srvadmin/lib64:/opt/dell/srvadmin/lib64/openmanage:/opt/dell/srvadmin/lib64:/opt/dell/srvadmin/lib64:/opt/dell/srvadmin/lib64/srvadmin-idrac:/opt/dell/srvadmin/lib64:/opt/dell/srvadmin/lib64/srvadmin-idrac7:/opt/dell/srvadmin/lib64:/opt/dell/srvadmin/lib64/srvadmin-isvc:/opt/dell/srvadmin/lib64:/opt/dell/srvadmin/lib64/openmanage:/opt/dell/srvadmin/lib64:/opt/dell/srvadmin/lib64/openmanage:/usr/lib64/tcl8.5"
| #define HAVE_LIBDL 1
| #define HAVE_DLERROR 1
| #define HAVE_LIBDLLOADER 1
| #define HAVE_ARGZ_H 1
| #define HAVE_ERROR_T 1
| #define HAVE_ARGZ_ADD 1
| #define HAVE_ARGZ_APPEND 1
| #define HAVE_ARGZ_COUNT 1
| #define HAVE_ARGZ_CREATE_SEP 1
| #define HAVE_ARGZ_INSERT 1
| #define HAVE_ARGZ_NEXT 1
| #define HAVE_ARGZ_STRINGIFY 1
| #define HAVE_WORKING_ARGZ 1
| #define HAVE_PRELOADED_SYMBOLS 1
| #define HAVE_LTDL 1
| #define HAVE_UNISTD_H 1
| #define HAVE_DIRENT_H 1
| #define HAVE_CLOSEDIR 1
| #define HAVE_OPENDIR 1
| #define HAVE_READDIR 1
| #define LT_LIBEXT "a"
| #define LT_LIBPREFIX "lib"
| #define TIME_WITH_SYS_TIME 1
| /* end confdefs.h.  */
| #include <stdio.h>
| #ifdef HAVE_SYS_TYPES_H
| # include <sys/types.h>
| #endif
| #ifdef HAVE_SYS_STAT_H
| # include <sys/stat.h>
| #endif
| #ifdef STDC_HEADERS
| # include <stdlib.h>
| # include <stddef.h>
| #else
| # ifdef HAVE_STDLIB_H
| #  include <stdlib.h>
| # endif
| #endif
| #ifdef HAVE_STRING_H
| # if !defined STDC_HEADERS && defined HAVE_MEMORY_H
| #  include <memory.h>
| # endif
| # include <string.h>
| #endif
| #ifdef HAVE_STRINGS_H
| # include <strings.h>
| #endif
| #ifdef HAVE_INTTYPES_H
| # include <inttypes.h>
| #endif
| #ifdef HAVE_STDINT_H
| # include <stdint.h>
| #endif
| #ifdef HAVE_UNISTD_H
| # include <unistd.h>
| #endif
| #include <NVDIMM.h>
configure:17566: result: no
configure:17566: checking NVDIMM.h presence
configure:17566: g++ -E   -I/opt/apps/intel18/python2/2.7.15/include/python2.7 -I/opt/apps/intel18/python2/2.7.15/include/python2.7  -I/work2/07431/tg867305/stampede2/sstcore-11.0.0/install/include/sst/core -I/work2/07431/tg867305/stampede2/sstcore-11.0.0/install/include conftest.cpp
conftest.cpp:48:20: fatal error: NVDIMM.h: No such file or directory
 #include <NVDIMM.h>
                    ^
compilation terminated.
configure:17566: $? = 1
configure: failed program was:
| /* confdefs.h */
| #define PACKAGE_NAME "SST Elements Library"
| #define PACKAGE_TARNAME "sst-elements-library"
| #define PACKAGE_VERSION "11.0.0"
| #define PACKAGE_STRING "SST Elements Library 11.0.0"
| #define PACKAGE_BUGREPORT "sst@sandia.gov"
| #define PACKAGE_URL ""
| #define TIME_WITH_SYS_TIME 1
| #define STDC_HEADERS 1
| #define HAVE_SYS_TYPES_H 1
| #define HAVE_SYS_STAT_H 1
| #define HAVE_STDLIB_H 1
| #define HAVE_STRING_H 1
| #define HAVE_MEMORY_H 1
| #define HAVE_STRINGS_H 1
| #define HAVE_INTTYPES_H 1
| #define HAVE_STDINT_H 1
| #define HAVE_UNISTD_H 1
| #define HAVE_DLFCN_H 1
| #define LT_OBJDIR ".libs/"
| #define LT_MODULE_EXT ".so"
| #define LT_MODULE_PATH_VAR "LD_LIBRARY_PATH"
| #define LT_DLSEARCH_PATH "/lib64:/usr/lib64:/lib:/usr/lib:/usr/lib64/atlas:/usr/lib64/dyninst:/usr/lib64/mysql:/usr/lib64/octave/3.8.2:/usr/lib64/qt-3.3/lib:/opt/dell/srvadmin/lib64:/opt/dell/srvadmin/lib64/openmanage:/opt/dell/srvadmin/lib64:/opt/dell/srvadmin/lib64:/opt/dell/srvadmin/lib64/srvadmin-idrac:/opt/dell/srvadmin/lib64:/opt/dell/srvadmin/lib64/srvadmin-idrac7:/opt/dell/srvadmin/lib64:/opt/dell/srvadmin/lib64/srvadmin-isvc:/opt/dell/srvadmin/lib64:/opt/dell/srvadmin/lib64/openmanage:/opt/dell/srvadmin/lib64:/opt/dell/srvadmin/lib64/openmanage:/usr/lib64/tcl8.5"
| #define HAVE_LIBDL 1
| #define HAVE_DLERROR 1
| #define HAVE_LIBDLLOADER 1
| #define HAVE_ARGZ_H 1
| #define HAVE_ERROR_T 1
| #define HAVE_ARGZ_ADD 1
| #define HAVE_ARGZ_APPEND 1
| #define HAVE_ARGZ_COUNT 1
| #define HAVE_ARGZ_CREATE_SEP 1
| #define HAVE_ARGZ_INSERT 1
| #define HAVE_ARGZ_NEXT 1
| #define HAVE_ARGZ_STRINGIFY 1
| #define HAVE_WORKING_ARGZ 1
| #define HAVE_PRELOADED_SYMBOLS 1
| #define HAVE_LTDL 1
| #define HAVE_UNISTD_H 1
| #define HAVE_DIRENT_H 1
| #define HAVE_CLOSEDIR 1
| #define HAVE_OPENDIR 1
| #define HAVE_READDIR 1
| #define LT_LIBEXT "a"
| #define LT_LIBPREFIX "lib"
| #define TIME_WITH_SYS_TIME 1
| /* end confdefs.h.  */
| #include <NVDIMM.h>
configure:17566: result: no
configure:17566: checking for NVDIMM.h
configure:17566: result: no
configure:17578: checking for main in -lnvdsim
configure:17597: g++ -o conftest -g -O2  -std=c++1y -D__STDC_FORMAT_MACROS   -I/opt/apps/intel18/python2/2.7.15/include/python2.7 -I/opt/apps/intel18/python2/2.7.15/include/python2.7  -I/work2/07431/tg867305/stampede2/sstcore-11.0.0/install/include/sst/core -I/work2/07431/tg867305/stampede2/sstcore-11.0.0/install/include    -lpython2.7 -ldl -lpthread -limf -lirc -lssp -lutil -limf -Xlinker -export-dynamic conftest.cpp -lnvdsim  -ldl   -ldl  >&5
/opt/apps/gcc/6.3.0/bin/ld: cannot find -lnvdsim
collect2: error: ld returned 1 exit status
configure:17597: $? = 1
configure: failed program was:
| /* confdefs.h */
| #define PACKAGE_NAME "SST Elements Library"
| #define PACKAGE_TARNAME "sst-elements-library"
| #define PACKAGE_VERSION "11.0.0"
| #define PACKAGE_STRING "SST Elements Library 11.0.0"
| #define PACKAGE_BUGREPORT "sst@sandia.gov"
| #define PACKAGE_URL ""
| #define TIME_WITH_SYS_TIME 1
| #define STDC_HEADERS 1
| #define HAVE_SYS_TYPES_H 1
| #define HAVE_SYS_STAT_H 1
| #define HAVE_STDLIB_H 1
| #define HAVE_STRING_H 1
| #define HAVE_MEMORY_H 1
| #define HAVE_STRINGS_H 1
| #define HAVE_INTTYPES_H 1
| #define HAVE_STDINT_H 1
| #define HAVE_UNISTD_H 1
| #define HAVE_DLFCN_H 1
| #define LT_OBJDIR ".libs/"
| #define LT_MODULE_EXT ".so"
| #define LT_MODULE_PATH_VAR "LD_LIBRARY_PATH"
| #define LT_DLSEARCH_PATH "/lib64:/usr/lib64:/lib:/usr/lib:/usr/lib64/atlas:/usr/lib64/dyninst:/usr/lib64/mysql:/usr/lib64/octave/3.8.2:/usr/lib64/qt-3.3/lib:/opt/dell/srvadmin/lib64:/opt/dell/srvadmin/lib64/openmanage:/opt/dell/srvadmin/lib64:/opt/dell/srvadmin/lib64:/opt/dell/srvadmin/lib64/srvadmin-idrac:/opt/dell/srvadmin/lib64:/opt/dell/srvadmin/lib64/srvadmin-idrac7:/opt/dell/srvadmin/lib64:/opt/dell/srvadmin/lib64/srvadmin-isvc:/opt/dell/srvadmin/lib64:/opt/dell/srvadmin/lib64/openmanage:/opt/dell/srvadmin/lib64:/opt/dell/srvadmin/lib64/openmanage:/usr/lib64/tcl8.5"
| #define HAVE_LIBDL 1
| #define HAVE_DLERROR 1
| #define HAVE_LIBDLLOADER 1
| #define HAVE_ARGZ_H 1
| #define HAVE_ERROR_T 1
| #define HAVE_ARGZ_ADD 1
| #define HAVE_ARGZ_APPEND 1
| #define HAVE_ARGZ_COUNT 1
| #define HAVE_ARGZ_CREATE_SEP 1
| #define HAVE_ARGZ_INSERT 1
| #define HAVE_ARGZ_NEXT 1
| #define HAVE_ARGZ_STRINGIFY 1
| #define HAVE_WORKING_ARGZ 1
| #define HAVE_PRELOADED_SYMBOLS 1
| #define HAVE_LTDL 1
| #define HAVE_UNISTD_H 1
| #define HAVE_DIRENT_H 1
| #define HAVE_CLOSEDIR 1
| #define HAVE_OPENDIR 1
| #define HAVE_READDIR 1
| #define LT_LIBEXT "a"
| #define LT_LIBPREFIX "lib"
| #define TIME_WITH_SYS_TIME 1
| /* end confdefs.h.  */
| 
| 
| int
| main ()
| {
| return main ();
|   ;
|   return 0;
| }
configure:17606: result: no
configure:17695: checking for pin.sh
configure:17729: result: no
configure:17736: checking for pin
configure:17770: result: no
configure:17829: checking PIN Tool
configure:17831: result: no
configure:17870: g++ -c -g -O2  -std=c++1y -D__STDC_FORMAT_MACROS   -I/opt/apps/intel18/python2/2.7.15/include/python2.7 -I/opt/apps/intel18/python2/2.7.15/include/python2.7  -I/work2/07431/tg867305/stampede2/sstcore-11.0.0/install/include/sst/core -I/work2/07431/tg867305/stampede2/sstcore-11.0.0/install/include conftest.cpp >&5
configure:17870: $? = 0
configure:17903: checking for for PR_SET_PTRACER
configure:17905: result: yes
configure:17922: checking for library containing shm_open
configure:17953: gcc -o conftest -g -O2    -I/opt/apps/intel18/python2/2.7.15/include/python2.7 -I/opt/apps/intel18/python2/2.7.15/include/python2.7  -I/work2/07431/tg867305/stampede2/sstcore-11.0.0/install/include/sst/core -I/work2/07431/tg867305/stampede2/sstcore-11.0.0/install/include    -lpython2.7 -ldl -lpthread -limf -lirc -lssp -lutil -limf -Xlinker -export-dynamic conftest.c -ldl   -ldl  >&5
/tmp/cczgeEGi.o: In function `main':
/work2/07431/tg867305/stampede2/sst-elements-library-11.0.0/conftest.c:61: undefined reference to `shm_open'
collect2: error: ld returned 1 exit status
configure:17953: $? = 1
configure: failed program was:
| /* confdefs.h */
| #define PACKAGE_NAME "SST Elements Library"
| #define PACKAGE_TARNAME "sst-elements-library"
| #define PACKAGE_VERSION "11.0.0"
| #define PACKAGE_STRING "SST Elements Library 11.0.0"
| #define PACKAGE_BUGREPORT "sst@sandia.gov"
| #define PACKAGE_URL ""
| #define TIME_WITH_SYS_TIME 1
| #define STDC_HEADERS 1
| #define HAVE_SYS_TYPES_H 1
| #define HAVE_SYS_STAT_H 1
| #define HAVE_STDLIB_H 1
| #define HAVE_STRING_H 1
| #define HAVE_MEMORY_H 1
| #define HAVE_STRINGS_H 1
| #define HAVE_INTTYPES_H 1
| #define HAVE_STDINT_H 1
| #define HAVE_UNISTD_H 1
| #define HAVE_DLFCN_H 1
| #define LT_OBJDIR ".libs/"
| #define LT_MODULE_EXT ".so"
| #define LT_MODULE_PATH_VAR "LD_LIBRARY_PATH"
| #define LT_DLSEARCH_PATH "/lib64:/usr/lib64:/lib:/usr/lib:/usr/lib64/atlas:/usr/lib64/dyninst:/usr/lib64/mysql:/usr/lib64/octave/3.8.2:/usr/lib64/qt-3.3/lib:/opt/dell/srvadmin/lib64:/opt/dell/srvadmin/lib64/openmanage:/opt/dell/srvadmin/lib64:/opt/dell/srvadmin/lib64:/opt/dell/srvadmin/lib64/srvadmin-idrac:/opt/dell/srvadmin/lib64:/opt/dell/srvadmin/lib64/srvadmin-idrac7:/opt/dell/srvadmin/lib64:/opt/dell/srvadmin/lib64/srvadmin-isvc:/opt/dell/srvadmin/lib64:/opt/dell/srvadmin/lib64/openmanage:/opt/dell/srvadmin/lib64:/opt/dell/srvadmin/lib64/openmanage:/usr/lib64/tcl8.5"
| #define HAVE_LIBDL 1
| #define HAVE_DLERROR 1
| #define HAVE_LIBDLLOADER 1
| #define HAVE_ARGZ_H 1
| #define HAVE_ERROR_T 1
| #define HAVE_ARGZ_ADD 1
| #define HAVE_ARGZ_APPEND 1
| #define HAVE_ARGZ_COUNT 1
| #define HAVE_ARGZ_CREATE_SEP 1
| #define HAVE_ARGZ_INSERT 1
| #define HAVE_ARGZ_NEXT 1
| #define HAVE_ARGZ_STRINGIFY 1
| #define HAVE_WORKING_ARGZ 1
| #define HAVE_PRELOADED_SYMBOLS 1
| #define HAVE_LTDL 1
| #define HAVE_UNISTD_H 1
| #define HAVE_DIRENT_H 1
| #define HAVE_CLOSEDIR 1
| #define HAVE_OPENDIR 1
| #define HAVE_READDIR 1
| #define LT_LIBEXT "a"
| #define LT_LIBPREFIX "lib"
| #define TIME_WITH_SYS_TIME 1
| #define NVDIMMSIM_LIBDIR ""
| #define PINTOOL_EXECUTABLE ""
| /* end confdefs.h.  */
| 
| /* Override any GCC internal prototype to avoid an error.
|    Use char because int might match the return type of a GCC
|    builtin and then its argument prototype would still apply.  */
| #ifdef __cplusplus
| extern "C"
| #endif
| char shm_open ();
| int
| main ()
| {
| return shm_open ();
|   ;
|   return 0;
| }
configure:17953: gcc -o conftest -g -O2    -I/opt/apps/intel18/python2/2.7.15/include/python2.7 -I/opt/apps/intel18/python2/2.7.15/include/python2.7  -I/work2/07431/tg867305/stampede2/sstcore-11.0.0/install/include/sst/core -I/work2/07431/tg867305/stampede2/sstcore-11.0.0/install/include    -lpython2.7 -ldl -lpthread -limf -lirc -lssp -lutil -limf -Xlinker -export-dynamic conftest.c -lrt  -ldl   -ldl  >&5
configure:17953: $? = 0
configure:17970: result: -lrt
configure:18043: checking CUDA version is acceptable for SST
configure:18069: g++ -c -g -O2  -std=c++1y -D__STDC_FORMAT_MACROS   -I/opt/apps/intel18/python2/2.7.15/include/python2.7 -I/opt/apps/intel18/python2/2.7.15/include/python2.7  -I/work2/07431/tg867305/stampede2/sstcore-11.0.0/install/include/sst/core -I/work2/07431/tg867305/stampede2/sstcore-11.0.0/install/include conftest.cpp >&5
conftest.cpp:51:18: fatal error: cuda.h: No such file or directory
 #include "cuda.h"
                  ^
compilation terminated.
configure:18069: $? = 1
configure: failed program was:
| /* confdefs.h */
| #define PACKAGE_NAME "SST Elements Library"
| #define PACKAGE_TARNAME "sst-elements-library"
| #define PACKAGE_VERSION "11.0.0"
| #define PACKAGE_STRING "SST Elements Library 11.0.0"
| #define PACKAGE_BUGREPORT "sst@sandia.gov"
| #define PACKAGE_URL ""
| #define TIME_WITH_SYS_TIME 1
| #define STDC_HEADERS 1
| #define HAVE_SYS_TYPES_H 1
| #define HAVE_SYS_STAT_H 1
| #define HAVE_STDLIB_H 1
| #define HAVE_STRING_H 1
| #define HAVE_MEMORY_H 1
| #define HAVE_STRINGS_H 1
| #define HAVE_INTTYPES_H 1
| #define HAVE_STDINT_H 1
| #define HAVE_UNISTD_H 1
| #define HAVE_DLFCN_H 1
| #define LT_OBJDIR ".libs/"
| #define LT_MODULE_EXT ".so"
| #define LT_MODULE_PATH_VAR "LD_LIBRARY_PATH"
| #define LT_DLSEARCH_PATH "/lib64:/usr/lib64:/lib:/usr/lib:/usr/lib64/atlas:/usr/lib64/dyninst:/usr/lib64/mysql:/usr/lib64/octave/3.8.2:/usr/lib64/qt-3.3/lib:/opt/dell/srvadmin/lib64:/opt/dell/srvadmin/lib64/openmanage:/opt/dell/srvadmin/lib64:/opt/dell/srvadmin/lib64:/opt/dell/srvadmin/lib64/srvadmin-idrac:/opt/dell/srvadmin/lib64:/opt/dell/srvadmin/lib64/srvadmin-idrac7:/opt/dell/srvadmin/lib64:/opt/dell/srvadmin/lib64/srvadmin-isvc:/opt/dell/srvadmin/lib64:/opt/dell/srvadmin/lib64/openmanage:/opt/dell/srvadmin/lib64:/opt/dell/srvadmin/lib64/openmanage:/usr/lib64/tcl8.5"
| #define HAVE_LIBDL 1
| #define HAVE_DLERROR 1
| #define HAVE_LIBDLLOADER 1
| #define HAVE_ARGZ_H 1
| #define HAVE_ERROR_T 1
| #define HAVE_ARGZ_ADD 1
| #define HAVE_ARGZ_APPEND 1
| #define HAVE_ARGZ_COUNT 1
| #define HAVE_ARGZ_CREATE_SEP 1
| #define HAVE_ARGZ_INSERT 1
| #define HAVE_ARGZ_NEXT 1
| #define HAVE_ARGZ_STRINGIFY 1
| #define HAVE_WORKING_ARGZ 1
| #define HAVE_PRELOADED_SYMBOLS 1
| #define HAVE_LTDL 1
| #define HAVE_UNISTD_H 1
| #define HAVE_DIRENT_H 1
| #define HAVE_CLOSEDIR 1
| #define HAVE_OPENDIR 1
| #define HAVE_READDIR 1
| #define LT_LIBEXT "a"
| #define LT_LIBPREFIX "lib"
| #define TIME_WITH_SYS_TIME 1
| #define NVDIMMSIM_LIBDIR ""
| #define PINTOOL_EXECUTABLE ""
| #define HAVE_SHM 1
| /* end confdefs.h.  */
| #include "cuda.h"
| int
| main ()
| {
| 
|                      #if CUDA_VERSION >= 8000
|                      // Version is fine
|                      #else
|                      #  error CUDA version is too old
|                      #endif
| 
|   ;
|   return 0;
| }
| 
configure:18074: result: no
configure:18167: checking zlib.h usability
configure:18167: g++ -c -g -O2  -std=c++1y -D__STDC_FORMAT_MACROS   -I/opt/apps/intel18/python2/2.7.15/include/python2.7 -I/opt/apps/intel18/python2/2.7.15/include/python2.7  -I/work2/07431/tg867305/stampede2/sstcore-11.0.0/install/include/sst/core -I/work2/07431/tg867305/stampede2/sstcore-11.0.0/install/include conftest.cpp >&5
configure:18167: $? = 0
configure:18167: result: yes
configure:18167: checking zlib.h presence
configure:18167: g++ -E   -I/opt/apps/intel18/python2/2.7.15/include/python2.7 -I/opt/apps/intel18/python2/2.7.15/include/python2.7  -I/work2/07431/tg867305/stampede2/sstcore-11.0.0/install/include/sst/core -I/work2/07431/tg867305/stampede2/sstcore-11.0.0/install/include conftest.cpp
configure:18167: $? = 0
configure:18167: result: yes
configure:18167: checking for zlib.h
configure:18167: result: yes
configure:18182: checking for gzopen in -lz
configure:18207: gcc -o conftest -g -O2    -I/opt/apps/intel18/python2/2.7.15/include/python2.7 -I/opt/apps/intel18/python2/2.7.15/include/python2.7  -I/work2/07431/tg867305/stampede2/sstcore-11.0.0/install/include/sst/core -I/work2/07431/tg867305/stampede2/sstcore-11.0.0/install/include    -lpython2.7 -ldl -lpthread -limf -lirc -lssp -lutil -limf -Xlinker -export-dynamic conftest.c -lz  -ldl   -ldl  >&5
configure:18207: $? = 0
configure:18216: result: yes
configure:18245: checking for libz compression library
configure:18247: result: yes
configure:18301: checking for /bin/nvcc
configure:18315: result: no
configure:18340: checking for cudart_mod in 
configure:18348: result: libcudart_mod.so not found
configure:18459: checking for otf2-config
configure:18492: result: no
configure:18524: checking for OTF-2 library
configure:18526: result: no
configure:18629: checking Gem5Wrapper.h usability
configure:18629: g++ -c -g -O2  -std=c++1y -D__STDC_FORMAT_MACROS   -I/opt/apps/intel18/python2/2.7.15/include/python2.7 -I/opt/apps/intel18/python2/2.7.15/include/python2.7  -I/work2/07431/tg867305/stampede2/sstcore-11.0.0/install/include/sst/core -I/work2/07431/tg867305/stampede2/sstcore-11.0.0/install/include conftest.cpp >&5
conftest.cpp:85:25: fatal error: Gem5Wrapper.h: No such file or directory
 #include <Gem5Wrapper.h>
                         ^
compilation terminated.
configure:18629: $? = 1
configure: failed program was:
| /* confdefs.h */
| #define PACKAGE_NAME "SST Elements Library"
| #define PACKAGE_TARNAME "sst-elements-library"
| #define PACKAGE_VERSION "11.0.0"
| #define PACKAGE_STRING "SST Elements Library 11.0.0"
| #define PACKAGE_BUGREPORT "sst@sandia.gov"
| #define PACKAGE_URL ""
| #define TIME_WITH_SYS_TIME 1
| #define STDC_HEADERS 1
| #define HAVE_SYS_TYPES_H 1
| #define HAVE_SYS_STAT_H 1
| #define HAVE_STDLIB_H 1
| #define HAVE_STRING_H 1
| #define HAVE_MEMORY_H 1
| #define HAVE_STRINGS_H 1
| #define HAVE_INTTYPES_H 1
| #define HAVE_STDINT_H 1
| #define HAVE_UNISTD_H 1
| #define HAVE_DLFCN_H 1
| #define LT_OBJDIR ".libs/"
| #define LT_MODULE_EXT ".so"
| #define LT_MODULE_PATH_VAR "LD_LIBRARY_PATH"
| #define LT_DLSEARCH_PATH "/lib64:/usr/lib64:/lib:/usr/lib:/usr/lib64/atlas:/usr/lib64/dyninst:/usr/lib64/mysql:/usr/lib64/octave/3.8.2:/usr/lib64/qt-3.3/lib:/opt/dell/srvadmin/lib64:/opt/dell/srvadmin/lib64/openmanage:/opt/dell/srvadmin/lib64:/opt/dell/srvadmin/lib64:/opt/dell/srvadmin/lib64/srvadmin-idrac:/opt/dell/srvadmin/lib64:/opt/dell/srvadmin/lib64/srvadmin-idrac7:/opt/dell/srvadmin/lib64:/opt/dell/srvadmin/lib64/srvadmin-isvc:/opt/dell/srvadmin/lib64:/opt/dell/srvadmin/lib64/openmanage:/opt/dell/srvadmin/lib64:/opt/dell/srvadmin/lib64/openmanage:/usr/lib64/tcl8.5"
| #define HAVE_LIBDL 1
| #define HAVE_DLERROR 1
| #define HAVE_LIBDLLOADER 1
| #define HAVE_ARGZ_H 1
| #define HAVE_ERROR_T 1
| #define HAVE_ARGZ_ADD 1
| #define HAVE_ARGZ_APPEND 1
| #define HAVE_ARGZ_COUNT 1
| #define HAVE_ARGZ_CREATE_SEP 1
| #define HAVE_ARGZ_INSERT 1
| #define HAVE_ARGZ_NEXT 1
| #define HAVE_ARGZ_STRINGIFY 1
| #define HAVE_WORKING_ARGZ 1
| #define HAVE_PRELOADED_SYMBOLS 1
| #define HAVE_LTDL 1
| #define HAVE_UNISTD_H 1
| #define HAVE_DIRENT_H 1
| #define HAVE_CLOSEDIR 1
| #define HAVE_OPENDIR 1
| #define HAVE_READDIR 1
| #define LT_LIBEXT "a"
| #define LT_LIBPREFIX "lib"
| #define TIME_WITH_SYS_TIME 1
| #define NVDIMMSIM_LIBDIR ""
| #define PINTOOL_EXECUTABLE ""
| #define HAVE_SHM 1
| #define HAVE_LIBZ 1
| /* end confdefs.h.  */
| #include <stdio.h>
| #ifdef HAVE_SYS_TYPES_H
| # include <sys/types.h>
| #endif
| #ifdef HAVE_SYS_STAT_H
| # include <sys/stat.h>
| #endif
| #ifdef STDC_HEADERS
| # include <stdlib.h>
| # include <stddef.h>
| #else
| # ifdef HAVE_STDLIB_H
| #  include <stdlib.h>
| # endif
| #endif
| #ifdef HAVE_STRING_H
| # if !defined STDC_HEADERS && defined HAVE_MEMORY_H
| #  include <memory.h>
| # endif
| # include <string.h>
| #endif
| #ifdef HAVE_STRINGS_H
| # include <strings.h>
| #endif
| #ifdef HAVE_INTTYPES_H
| # include <inttypes.h>
| #endif
| #ifdef HAVE_STDINT_H
| # include <stdint.h>
| #endif
| #ifdef HAVE_UNISTD_H
| # include <unistd.h>
| #endif
| #include <Gem5Wrapper.h>
configure:18629: result: no
configure:18629: checking Gem5Wrapper.h presence
configure:18629: g++ -E   -I/opt/apps/intel18/python2/2.7.15/include/python2.7 -I/opt/apps/intel18/python2/2.7.15/include/python2.7  -I/work2/07431/tg867305/stampede2/sstcore-11.0.0/install/include/sst/core -I/work2/07431/tg867305/stampede2/sstcore-11.0.0/install/include conftest.cpp
conftest.cpp:52:25: fatal error: Gem5Wrapper.h: No such file or directory
 #include <Gem5Wrapper.h>
                         ^
compilation terminated.
configure:18629: $? = 1
configure: failed program was:
| /* confdefs.h */
| #define PACKAGE_NAME "SST Elements Library"
| #define PACKAGE_TARNAME "sst-elements-library"
| #define PACKAGE_VERSION "11.0.0"
| #define PACKAGE_STRING "SST Elements Library 11.0.0"
| #define PACKAGE_BUGREPORT "sst@sandia.gov"
| #define PACKAGE_URL ""
| #define TIME_WITH_SYS_TIME 1
| #define STDC_HEADERS 1
| #define HAVE_SYS_TYPES_H 1
| #define HAVE_SYS_STAT_H 1
| #define HAVE_STDLIB_H 1
| #define HAVE_STRING_H 1
| #define HAVE_MEMORY_H 1
| #define HAVE_STRINGS_H 1
| #define HAVE_INTTYPES_H 1
| #define HAVE_STDINT_H 1
| #define HAVE_UNISTD_H 1
| #define HAVE_DLFCN_H 1
| #define LT_OBJDIR ".libs/"
| #define LT_MODULE_EXT ".so"
| #define LT_MODULE_PATH_VAR "LD_LIBRARY_PATH"
| #define LT_DLSEARCH_PATH "/lib64:/usr/lib64:/lib:/usr/lib:/usr/lib64/atlas:/usr/lib64/dyninst:/usr/lib64/mysql:/usr/lib64/octave/3.8.2:/usr/lib64/qt-3.3/lib:/opt/dell/srvadmin/lib64:/opt/dell/srvadmin/lib64/openmanage:/opt/dell/srvadmin/lib64:/opt/dell/srvadmin/lib64:/opt/dell/srvadmin/lib64/srvadmin-idrac:/opt/dell/srvadmin/lib64:/opt/dell/srvadmin/lib64/srvadmin-idrac7:/opt/dell/srvadmin/lib64:/opt/dell/srvadmin/lib64/srvadmin-isvc:/opt/dell/srvadmin/lib64:/opt/dell/srvadmin/lib64/openmanage:/opt/dell/srvadmin/lib64:/opt/dell/srvadmin/lib64/openmanage:/usr/lib64/tcl8.5"
| #define HAVE_LIBDL 1
| #define HAVE_DLERROR 1
| #define HAVE_LIBDLLOADER 1
| #define HAVE_ARGZ_H 1
| #define HAVE_ERROR_T 1
| #define HAVE_ARGZ_ADD 1
| #define HAVE_ARGZ_APPEND 1
| #define HAVE_ARGZ_COUNT 1
| #define HAVE_ARGZ_CREATE_SEP 1
| #define HAVE_ARGZ_INSERT 1
| #define HAVE_ARGZ_NEXT 1
| #define HAVE_ARGZ_STRINGIFY 1
| #define HAVE_WORKING_ARGZ 1
| #define HAVE_PRELOADED_SYMBOLS 1
| #define HAVE_LTDL 1
| #define HAVE_UNISTD_H 1
| #define HAVE_DIRENT_H 1
| #define HAVE_CLOSEDIR 1
| #define HAVE_OPENDIR 1
| #define HAVE_READDIR 1
| #define LT_LIBEXT "a"
| #define LT_LIBPREFIX "lib"
| #define TIME_WITH_SYS_TIME 1
| #define NVDIMMSIM_LIBDIR ""
| #define PINTOOL_EXECUTABLE ""
| #define HAVE_SHM 1
| #define HAVE_LIBZ 1
| /* end confdefs.h.  */
| #include <Gem5Wrapper.h>
configure:18629: result: no
configure:18629: checking for Gem5Wrapper.h
configure:18629: result: no
configure:18641: checking for libramulator_is_present in -lramulator
configure:18666: g++ -o conftest -g -O2  -std=c++1y -D__STDC_FORMAT_MACROS   -I/opt/apps/intel18/python2/2.7.15/include/python2.7 -I/opt/apps/intel18/python2/2.7.15/include/python2.7  -I/work2/07431/tg867305/stampede2/sstcore-11.0.0/install/include/sst/core -I/work2/07431/tg867305/stampede2/sstcore-11.0.0/install/include    -lpython2.7 -ldl -lpthread -limf -lirc -lssp -lutil -limf -Xlinker -export-dynamic conftest.cpp -lramulator  -ldl   -ldl  >&5
/opt/apps/gcc/6.3.0/bin/ld: cannot find -lramulator
collect2: error: ld returned 1 exit status
configure:18666: $? = 1
configure: failed program was:
| /* confdefs.h */
| #define PACKAGE_NAME "SST Elements Library"
| #define PACKAGE_TARNAME "sst-elements-library"
| #define PACKAGE_VERSION "11.0.0"
| #define PACKAGE_STRING "SST Elements Library 11.0.0"
| #define PACKAGE_BUGREPORT "sst@sandia.gov"
| #define PACKAGE_URL ""
| #define TIME_WITH_SYS_TIME 1
| #define STDC_HEADERS 1
| #define HAVE_SYS_TYPES_H 1
| #define HAVE_SYS_STAT_H 1
| #define HAVE_STDLIB_H 1
| #define HAVE_STRING_H 1
| #define HAVE_MEMORY_H 1
| #define HAVE_STRINGS_H 1
| #define HAVE_INTTYPES_H 1
| #define HAVE_STDINT_H 1
| #define HAVE_UNISTD_H 1
| #define HAVE_DLFCN_H 1
| #define LT_OBJDIR ".libs/"
| #define LT_MODULE_EXT ".so"
| #define LT_MODULE_PATH_VAR "LD_LIBRARY_PATH"
| #define LT_DLSEARCH_PATH "/lib64:/usr/lib64:/lib:/usr/lib:/usr/lib64/atlas:/usr/lib64/dyninst:/usr/lib64/mysql:/usr/lib64/octave/3.8.2:/usr/lib64/qt-3.3/lib:/opt/dell/srvadmin/lib64:/opt/dell/srvadmin/lib64/openmanage:/opt/dell/srvadmin/lib64:/opt/dell/srvadmin/lib64:/opt/dell/srvadmin/lib64/srvadmin-idrac:/opt/dell/srvadmin/lib64:/opt/dell/srvadmin/lib64/srvadmin-idrac7:/opt/dell/srvadmin/lib64:/opt/dell/srvadmin/lib64/srvadmin-isvc:/opt/dell/srvadmin/lib64:/opt/dell/srvadmin/lib64/openmanage:/opt/dell/srvadmin/lib64:/opt/dell/srvadmin/lib64/openmanage:/usr/lib64/tcl8.5"
| #define HAVE_LIBDL 1
| #define HAVE_DLERROR 1
| #define HAVE_LIBDLLOADER 1
| #define HAVE_ARGZ_H 1
| #define HAVE_ERROR_T 1
| #define HAVE_ARGZ_ADD 1
| #define HAVE_ARGZ_APPEND 1
| #define HAVE_ARGZ_COUNT 1
| #define HAVE_ARGZ_CREATE_SEP 1
| #define HAVE_ARGZ_INSERT 1
| #define HAVE_ARGZ_NEXT 1
| #define HAVE_ARGZ_STRINGIFY 1
| #define HAVE_WORKING_ARGZ 1
| #define HAVE_PRELOADED_SYMBOLS 1
| #define HAVE_LTDL 1
| #define HAVE_UNISTD_H 1
| #define HAVE_DIRENT_H 1
| #define HAVE_CLOSEDIR 1
| #define HAVE_OPENDIR 1
| #define HAVE_READDIR 1
| #define LT_LIBEXT "a"
| #define LT_LIBPREFIX "lib"
| #define TIME_WITH_SYS_TIME 1
| #define NVDIMMSIM_LIBDIR ""
| #define PINTOOL_EXECUTABLE ""
| #define HAVE_SHM 1
| #define HAVE_LIBZ 1
| /* end confdefs.h.  */
| 
| /* Override any GCC internal prototype to avoid an error.
|    Use char because int might match the return type of a GCC
|    builtin and then its argument prototype would still apply.  */
| #ifdef __cplusplus
| extern "C"
| #endif
| char libramulator_is_present ();
| int
| main ()
| {
| return libramulator_is_present ();
|   ;
|   return 0;
| }
configure:18675: result: no
configure:18760: checking DRAMSim.h usability
configure:18760: g++ -c -g -O2  -std=c++1y -D__STDC_FORMAT_MACROS   -I/opt/apps/intel18/python2/2.7.15/include/python2.7 -I/opt/apps/intel18/python2/2.7.15/include/python2.7  -I/work2/07431/tg867305/stampede2/sstcore-11.0.0/install/include/sst/core -I/work2/07431/tg867305/stampede2/sstcore-11.0.0/install/include conftest.cpp >&5
conftest.cpp:86:21: fatal error: DRAMSim.h: No such file or directory
 #include <DRAMSim.h>
                     ^
compilation terminated.
configure:18760: $? = 1
configure: failed program was:
| /* confdefs.h */
| #define PACKAGE_NAME "SST Elements Library"
| #define PACKAGE_TARNAME "sst-elements-library"
| #define PACKAGE_VERSION "11.0.0"
| #define PACKAGE_STRING "SST Elements Library 11.0.0"
| #define PACKAGE_BUGREPORT "sst@sandia.gov"
| #define PACKAGE_URL ""
| #define TIME_WITH_SYS_TIME 1
| #define STDC_HEADERS 1
| #define HAVE_SYS_TYPES_H 1
| #define HAVE_SYS_STAT_H 1
| #define HAVE_STDLIB_H 1
| #define HAVE_STRING_H 1
| #define HAVE_MEMORY_H 1
| #define HAVE_STRINGS_H 1
| #define HAVE_INTTYPES_H 1
| #define HAVE_STDINT_H 1
| #define HAVE_UNISTD_H 1
| #define HAVE_DLFCN_H 1
| #define LT_OBJDIR ".libs/"
| #define LT_MODULE_EXT ".so"
| #define LT_MODULE_PATH_VAR "LD_LIBRARY_PATH"
| #define LT_DLSEARCH_PATH "/lib64:/usr/lib64:/lib:/usr/lib:/usr/lib64/atlas:/usr/lib64/dyninst:/usr/lib64/mysql:/usr/lib64/octave/3.8.2:/usr/lib64/qt-3.3/lib:/opt/dell/srvadmin/lib64:/opt/dell/srvadmin/lib64/openmanage:/opt/dell/srvadmin/lib64:/opt/dell/srvadmin/lib64:/opt/dell/srvadmin/lib64/srvadmin-idrac:/opt/dell/srvadmin/lib64:/opt/dell/srvadmin/lib64/srvadmin-idrac7:/opt/dell/srvadmin/lib64:/opt/dell/srvadmin/lib64/srvadmin-isvc:/opt/dell/srvadmin/lib64:/opt/dell/srvadmin/lib64/openmanage:/opt/dell/srvadmin/lib64:/opt/dell/srvadmin/lib64/openmanage:/usr/lib64/tcl8.5"
| #define HAVE_LIBDL 1
| #define HAVE_DLERROR 1
| #define HAVE_LIBDLLOADER 1
| #define HAVE_ARGZ_H 1
| #define HAVE_ERROR_T 1
| #define HAVE_ARGZ_ADD 1
| #define HAVE_ARGZ_APPEND 1
| #define HAVE_ARGZ_COUNT 1
| #define HAVE_ARGZ_CREATE_SEP 1
| #define HAVE_ARGZ_INSERT 1
| #define HAVE_ARGZ_NEXT 1
| #define HAVE_ARGZ_STRINGIFY 1
| #define HAVE_WORKING_ARGZ 1
| #define HAVE_PRELOADED_SYMBOLS 1
| #define HAVE_LTDL 1
| #define HAVE_UNISTD_H 1
| #define HAVE_DIRENT_H 1
| #define HAVE_CLOSEDIR 1
| #define HAVE_OPENDIR 1
| #define HAVE_READDIR 1
| #define LT_LIBEXT "a"
| #define LT_LIBPREFIX "lib"
| #define TIME_WITH_SYS_TIME 1
| #define NVDIMMSIM_LIBDIR ""
| #define PINTOOL_EXECUTABLE ""
| #define HAVE_SHM 1
| #define HAVE_LIBZ 1
| #define RAMULATOR_LIBDIR ""
| /* end confdefs.h.  */
| #include <stdio.h>
| #ifdef HAVE_SYS_TYPES_H
| # include <sys/types.h>
| #endif
| #ifdef HAVE_SYS_STAT_H
| # include <sys/stat.h>
| #endif
| #ifdef STDC_HEADERS
| # include <stdlib.h>
| # include <stddef.h>
| #else
| # ifdef HAVE_STDLIB_H
| #  include <stdlib.h>
| # endif
| #endif
| #ifdef HAVE_STRING_H
| # if !defined STDC_HEADERS && defined HAVE_MEMORY_H
| #  include <memory.h>
| # endif
| # include <string.h>
| #endif
| #ifdef HAVE_STRINGS_H
| # include <strings.h>
| #endif
| #ifdef HAVE_INTTYPES_H
| # include <inttypes.h>
| #endif
| #ifdef HAVE_STDINT_H
| # include <stdint.h>
| #endif
| #ifdef HAVE_UNISTD_H
| # include <unistd.h>
| #endif
| #include <DRAMSim.h>
configure:18760: result: no
configure:18760: checking DRAMSim.h presence
configure:18760: g++ -E   -I/opt/apps/intel18/python2/2.7.15/include/python2.7 -I/opt/apps/intel18/python2/2.7.15/include/python2.7  -I/work2/07431/tg867305/stampede2/sstcore-11.0.0/install/include/sst/core -I/work2/07431/tg867305/stampede2/sstcore-11.0.0/install/include conftest.cpp
conftest.cpp:53:21: fatal error: DRAMSim.h: No such file or directory
 #include <DRAMSim.h>
                     ^
compilation terminated.
configure:18760: $? = 1
configure: failed program was:
| /* confdefs.h */
| #define PACKAGE_NAME "SST Elements Library"
| #define PACKAGE_TARNAME "sst-elements-library"
| #define PACKAGE_VERSION "11.0.0"
| #define PACKAGE_STRING "SST Elements Library 11.0.0"
| #define PACKAGE_BUGREPORT "sst@sandia.gov"
| #define PACKAGE_URL ""
| #define TIME_WITH_SYS_TIME 1
| #define STDC_HEADERS 1
| #define HAVE_SYS_TYPES_H 1
| #define HAVE_SYS_STAT_H 1
| #define HAVE_STDLIB_H 1
| #define HAVE_STRING_H 1
| #define HAVE_MEMORY_H 1
| #define HAVE_STRINGS_H 1
| #define HAVE_INTTYPES_H 1
| #define HAVE_STDINT_H 1
| #define HAVE_UNISTD_H 1
| #define HAVE_DLFCN_H 1
| #define LT_OBJDIR ".libs/"
| #define LT_MODULE_EXT ".so"
| #define LT_MODULE_PATH_VAR "LD_LIBRARY_PATH"
| #define LT_DLSEARCH_PATH "/lib64:/usr/lib64:/lib:/usr/lib:/usr/lib64/atlas:/usr/lib64/dyninst:/usr/lib64/mysql:/usr/lib64/octave/3.8.2:/usr/lib64/qt-3.3/lib:/opt/dell/srvadmin/lib64:/opt/dell/srvadmin/lib64/openmanage:/opt/dell/srvadmin/lib64:/opt/dell/srvadmin/lib64:/opt/dell/srvadmin/lib64/srvadmin-idrac:/opt/dell/srvadmin/lib64:/opt/dell/srvadmin/lib64/srvadmin-idrac7:/opt/dell/srvadmin/lib64:/opt/dell/srvadmin/lib64/srvadmin-isvc:/opt/dell/srvadmin/lib64:/opt/dell/srvadmin/lib64/openmanage:/opt/dell/srvadmin/lib64:/opt/dell/srvadmin/lib64/openmanage:/usr/lib64/tcl8.5"
| #define HAVE_LIBDL 1
| #define HAVE_DLERROR 1
| #define HAVE_LIBDLLOADER 1
| #define HAVE_ARGZ_H 1
| #define HAVE_ERROR_T 1
| #define HAVE_ARGZ_ADD 1
| #define HAVE_ARGZ_APPEND 1
| #define HAVE_ARGZ_COUNT 1
| #define HAVE_ARGZ_CREATE_SEP 1
| #define HAVE_ARGZ_INSERT 1
| #define HAVE_ARGZ_NEXT 1
| #define HAVE_ARGZ_STRINGIFY 1
| #define HAVE_WORKING_ARGZ 1
| #define HAVE_PRELOADED_SYMBOLS 1
| #define HAVE_LTDL 1
| #define HAVE_UNISTD_H 1
| #define HAVE_DIRENT_H 1
| #define HAVE_CLOSEDIR 1
| #define HAVE_OPENDIR 1
| #define HAVE_READDIR 1
| #define LT_LIBEXT "a"
| #define LT_LIBPREFIX "lib"
| #define TIME_WITH_SYS_TIME 1
| #define NVDIMMSIM_LIBDIR ""
| #define PINTOOL_EXECUTABLE ""
| #define HAVE_SHM 1
| #define HAVE_LIBZ 1
| #define RAMULATOR_LIBDIR ""
| /* end confdefs.h.  */
| #include <DRAMSim.h>
configure:18760: result: no
configure:18760: checking for DRAMSim.h
configure:18760: result: no
configure:18772: checking for libdramsim_is_present in -ldramsim
configure:18797: g++ -o conftest -g -O2  -std=c++1y -D__STDC_FORMAT_MACROS   -I/opt/apps/intel18/python2/2.7.15/include/python2.7 -I/opt/apps/intel18/python2/2.7.15/include/python2.7  -I/work2/07431/tg867305/stampede2/sstcore-11.0.0/install/include/sst/core -I/work2/07431/tg867305/stampede2/sstcore-11.0.0/install/include    -lpython2.7 -ldl -lpthread -limf -lirc -lssp -lutil -limf -Xlinker -export-dynamic conftest.cpp -ldramsim  -ldl   -ldl  >&5
/opt/apps/gcc/6.3.0/bin/ld: cannot find -ldramsim
collect2: error: ld returned 1 exit status
configure:18797: $? = 1
configure: failed program was:
| /* confdefs.h */
| #define PACKAGE_NAME "SST Elements Library"
| #define PACKAGE_TARNAME "sst-elements-library"
| #define PACKAGE_VERSION "11.0.0"
| #define PACKAGE_STRING "SST Elements Library 11.0.0"
| #define PACKAGE_BUGREPORT "sst@sandia.gov"
| #define PACKAGE_URL ""
| #define TIME_WITH_SYS_TIME 1
| #define STDC_HEADERS 1
| #define HAVE_SYS_TYPES_H 1
| #define HAVE_SYS_STAT_H 1
| #define HAVE_STDLIB_H 1
| #define HAVE_STRING_H 1
| #define HAVE_MEMORY_H 1
| #define HAVE_STRINGS_H 1
| #define HAVE_INTTYPES_H 1
| #define HAVE_STDINT_H 1
| #define HAVE_UNISTD_H 1
| #define HAVE_DLFCN_H 1
| #define LT_OBJDIR ".libs/"
| #define LT_MODULE_EXT ".so"
| #define LT_MODULE_PATH_VAR "LD_LIBRARY_PATH"
| #define LT_DLSEARCH_PATH "/lib64:/usr/lib64:/lib:/usr/lib:/usr/lib64/atlas:/usr/lib64/dyninst:/usr/lib64/mysql:/usr/lib64/octave/3.8.2:/usr/lib64/qt-3.3/lib:/opt/dell/srvadmin/lib64:/opt/dell/srvadmin/lib64/openmanage:/opt/dell/srvadmin/lib64:/opt/dell/srvadmin/lib64:/opt/dell/srvadmin/lib64/srvadmin-idrac:/opt/dell/srvadmin/lib64:/opt/dell/srvadmin/lib64/srvadmin-idrac7:/opt/dell/srvadmin/lib64:/opt/dell/srvadmin/lib64/srvadmin-isvc:/opt/dell/srvadmin/lib64:/opt/dell/srvadmin/lib64/openmanage:/opt/dell/srvadmin/lib64:/opt/dell/srvadmin/lib64/openmanage:/usr/lib64/tcl8.5"
| #define HAVE_LIBDL 1
| #define HAVE_DLERROR 1
| #define HAVE_LIBDLLOADER 1
| #define HAVE_ARGZ_H 1
| #define HAVE_ERROR_T 1
| #define HAVE_ARGZ_ADD 1
| #define HAVE_ARGZ_APPEND 1
| #define HAVE_ARGZ_COUNT 1
| #define HAVE_ARGZ_CREATE_SEP 1
| #define HAVE_ARGZ_INSERT 1
| #define HAVE_ARGZ_NEXT 1
| #define HAVE_ARGZ_STRINGIFY 1
| #define HAVE_WORKING_ARGZ 1
| #define HAVE_PRELOADED_SYMBOLS 1
| #define HAVE_LTDL 1
| #define HAVE_UNISTD_H 1
| #define HAVE_DIRENT_H 1
| #define HAVE_CLOSEDIR 1
| #define HAVE_OPENDIR 1
| #define HAVE_READDIR 1
| #define LT_LIBEXT "a"
| #define LT_LIBPREFIX "lib"
| #define TIME_WITH_SYS_TIME 1
| #define NVDIMMSIM_LIBDIR ""
| #define PINTOOL_EXECUTABLE ""
| #define HAVE_SHM 1
| #define HAVE_LIBZ 1
| #define RAMULATOR_LIBDIR ""
| /* end confdefs.h.  */
| 
| /* Override any GCC internal prototype to avoid an error.
|    Use char because int might match the return type of a GCC
|    builtin and then its argument prototype would still apply.  */
| #ifdef __cplusplus
| extern "C"
| #endif
| char libdramsim_is_present ();
| int
| main ()
| {
| return libdramsim_is_present ();
|   ;
|   return 0;
| }
configure:18806: result: no
configure:18891: checking dramsim3.h usability
configure:18891: g++ -c -g -O2  -std=c++1y -D__STDC_FORMAT_MACROS   -I/opt/apps/intel18/python2/2.7.15/include/python2.7 -I/opt/apps/intel18/python2/2.7.15/include/python2.7  -I/work2/07431/tg867305/stampede2/sstcore-11.0.0/install/include/sst/core -I/work2/07431/tg867305/stampede2/sstcore-11.0.0/install/include conftest.cpp >&5
conftest.cpp:87:22: fatal error: dramsim3.h: No such file or directory
 #include <dramsim3.h>
                      ^
compilation terminated.
configure:18891: $? = 1
configure: failed program was:
| /* confdefs.h */
| #define PACKAGE_NAME "SST Elements Library"
| #define PACKAGE_TARNAME "sst-elements-library"
| #define PACKAGE_VERSION "11.0.0"
| #define PACKAGE_STRING "SST Elements Library 11.0.0"
| #define PACKAGE_BUGREPORT "sst@sandia.gov"
| #define PACKAGE_URL ""
| #define TIME_WITH_SYS_TIME 1
| #define STDC_HEADERS 1
| #define HAVE_SYS_TYPES_H 1
| #define HAVE_SYS_STAT_H 1
| #define HAVE_STDLIB_H 1
| #define HAVE_STRING_H 1
| #define HAVE_MEMORY_H 1
| #define HAVE_STRINGS_H 1
| #define HAVE_INTTYPES_H 1
| #define HAVE_STDINT_H 1
| #define HAVE_UNISTD_H 1
| #define HAVE_DLFCN_H 1
| #define LT_OBJDIR ".libs/"
| #define LT_MODULE_EXT ".so"
| #define LT_MODULE_PATH_VAR "LD_LIBRARY_PATH"
| #define LT_DLSEARCH_PATH "/lib64:/usr/lib64:/lib:/usr/lib:/usr/lib64/atlas:/usr/lib64/dyninst:/usr/lib64/mysql:/usr/lib64/octave/3.8.2:/usr/lib64/qt-3.3/lib:/opt/dell/srvadmin/lib64:/opt/dell/srvadmin/lib64/openmanage:/opt/dell/srvadmin/lib64:/opt/dell/srvadmin/lib64:/opt/dell/srvadmin/lib64/srvadmin-idrac:/opt/dell/srvadmin/lib64:/opt/dell/srvadmin/lib64/srvadmin-idrac7:/opt/dell/srvadmin/lib64:/opt/dell/srvadmin/lib64/srvadmin-isvc:/opt/dell/srvadmin/lib64:/opt/dell/srvadmin/lib64/openmanage:/opt/dell/srvadmin/lib64:/opt/dell/srvadmin/lib64/openmanage:/usr/lib64/tcl8.5"
| #define HAVE_LIBDL 1
| #define HAVE_DLERROR 1
| #define HAVE_LIBDLLOADER 1
| #define HAVE_ARGZ_H 1
| #define HAVE_ERROR_T 1
| #define HAVE_ARGZ_ADD 1
| #define HAVE_ARGZ_APPEND 1
| #define HAVE_ARGZ_COUNT 1
| #define HAVE_ARGZ_CREATE_SEP 1
| #define HAVE_ARGZ_INSERT 1
| #define HAVE_ARGZ_NEXT 1
| #define HAVE_ARGZ_STRINGIFY 1
| #define HAVE_WORKING_ARGZ 1
| #define HAVE_PRELOADED_SYMBOLS 1
| #define HAVE_LTDL 1
| #define HAVE_UNISTD_H 1
| #define HAVE_DIRENT_H 1
| #define HAVE_CLOSEDIR 1
| #define HAVE_OPENDIR 1
| #define HAVE_READDIR 1
| #define LT_LIBEXT "a"
| #define LT_LIBPREFIX "lib"
| #define TIME_WITH_SYS_TIME 1
| #define NVDIMMSIM_LIBDIR ""
| #define PINTOOL_EXECUTABLE ""
| #define HAVE_SHM 1
| #define HAVE_LIBZ 1
| #define RAMULATOR_LIBDIR ""
| #define DRAMSIM_LIBDIR ""
| /* end confdefs.h.  */
| #include <stdio.h>
| #ifdef HAVE_SYS_TYPES_H
| # include <sys/types.h>
| #endif
| #ifdef HAVE_SYS_STAT_H
| # include <sys/stat.h>
| #endif
| #ifdef STDC_HEADERS
| # include <stdlib.h>
| # include <stddef.h>
| #else
| # ifdef HAVE_STDLIB_H
| #  include <stdlib.h>
| # endif
| #endif
| #ifdef HAVE_STRING_H
| # if !defined STDC_HEADERS && defined HAVE_MEMORY_H
| #  include <memory.h>
| # endif
| # include <string.h>
| #endif
| #ifdef HAVE_STRINGS_H
| # include <strings.h>
| #endif
| #ifdef HAVE_INTTYPES_H
| # include <inttypes.h>
| #endif
| #ifdef HAVE_STDINT_H
| # include <stdint.h>
| #endif
| #ifdef HAVE_UNISTD_H
| # include <unistd.h>
| #endif
| #include <dramsim3.h>
configure:18891: result: no
configure:18891: checking dramsim3.h presence
configure:18891: g++ -E   -I/opt/apps/intel18/python2/2.7.15/include/python2.7 -I/opt/apps/intel18/python2/2.7.15/include/python2.7  -I/work2/07431/tg867305/stampede2/sstcore-11.0.0/install/include/sst/core -I/work2/07431/tg867305/stampede2/sstcore-11.0.0/install/include conftest.cpp
conftest.cpp:54:22: fatal error: dramsim3.h: No such file or directory
 #include <dramsim3.h>
                      ^
compilation terminated.
configure:18891: $? = 1
configure: failed program was:
| /* confdefs.h */
| #define PACKAGE_NAME "SST Elements Library"
| #define PACKAGE_TARNAME "sst-elements-library"
| #define PACKAGE_VERSION "11.0.0"
| #define PACKAGE_STRING "SST Elements Library 11.0.0"
| #define PACKAGE_BUGREPORT "sst@sandia.gov"
| #define PACKAGE_URL ""
| #define TIME_WITH_SYS_TIME 1
| #define STDC_HEADERS 1
| #define HAVE_SYS_TYPES_H 1
| #define HAVE_SYS_STAT_H 1
| #define HAVE_STDLIB_H 1
| #define HAVE_STRING_H 1
| #define HAVE_MEMORY_H 1
| #define HAVE_STRINGS_H 1
| #define HAVE_INTTYPES_H 1
| #define HAVE_STDINT_H 1
| #define HAVE_UNISTD_H 1
| #define HAVE_DLFCN_H 1
| #define LT_OBJDIR ".libs/"
| #define LT_MODULE_EXT ".so"
| #define LT_MODULE_PATH_VAR "LD_LIBRARY_PATH"
| #define LT_DLSEARCH_PATH "/lib64:/usr/lib64:/lib:/usr/lib:/usr/lib64/atlas:/usr/lib64/dyninst:/usr/lib64/mysql:/usr/lib64/octave/3.8.2:/usr/lib64/qt-3.3/lib:/opt/dell/srvadmin/lib64:/opt/dell/srvadmin/lib64/openmanage:/opt/dell/srvadmin/lib64:/opt/dell/srvadmin/lib64:/opt/dell/srvadmin/lib64/srvadmin-idrac:/opt/dell/srvadmin/lib64:/opt/dell/srvadmin/lib64/srvadmin-idrac7:/opt/dell/srvadmin/lib64:/opt/dell/srvadmin/lib64/srvadmin-isvc:/opt/dell/srvadmin/lib64:/opt/dell/srvadmin/lib64/openmanage:/opt/dell/srvadmin/lib64:/opt/dell/srvadmin/lib64/openmanage:/usr/lib64/tcl8.5"
| #define HAVE_LIBDL 1
| #define HAVE_DLERROR 1
| #define HAVE_LIBDLLOADER 1
| #define HAVE_ARGZ_H 1
| #define HAVE_ERROR_T 1
| #define HAVE_ARGZ_ADD 1
| #define HAVE_ARGZ_APPEND 1
| #define HAVE_ARGZ_COUNT 1
| #define HAVE_ARGZ_CREATE_SEP 1
| #define HAVE_ARGZ_INSERT 1
| #define HAVE_ARGZ_NEXT 1
| #define HAVE_ARGZ_STRINGIFY 1
| #define HAVE_WORKING_ARGZ 1
| #define HAVE_PRELOADED_SYMBOLS 1
| #define HAVE_LTDL 1
| #define HAVE_UNISTD_H 1
| #define HAVE_DIRENT_H 1
| #define HAVE_CLOSEDIR 1
| #define HAVE_OPENDIR 1
| #define HAVE_READDIR 1
| #define LT_LIBEXT "a"
| #define LT_LIBPREFIX "lib"
| #define TIME_WITH_SYS_TIME 1
| #define NVDIMMSIM_LIBDIR ""
| #define PINTOOL_EXECUTABLE ""
| #define HAVE_SHM 1
| #define HAVE_LIBZ 1
| #define RAMULATOR_LIBDIR ""
| #define DRAMSIM_LIBDIR ""
| /* end confdefs.h.  */
| #include <dramsim3.h>
configure:18891: result: no
configure:18891: checking for dramsim3.h
configure:18891: result: no
configure:18903: checking for libdramsim3_is_present in -ldramsim3
configure:18928: g++ -o conftest -g -O2  -std=c++1y -D__STDC_FORMAT_MACROS   -I/opt/apps/intel18/python2/2.7.15/include/python2.7 -I/opt/apps/intel18/python2/2.7.15/include/python2.7  -I/work2/07431/tg867305/stampede2/sstcore-11.0.0/install/include/sst/core -I/work2/07431/tg867305/stampede2/sstcore-11.0.0/install/include    -lpython2.7 -ldl -lpthread -limf -lirc -lssp -lutil -limf -Xlinker -export-dynamic conftest.cpp -ldramsim3  -ldl   -ldl  >&5
/opt/apps/gcc/6.3.0/bin/ld: cannot find -ldramsim3
collect2: error: ld returned 1 exit status
configure:18928: $? = 1
configure: failed program was:
| /* confdefs.h */
| #define PACKAGE_NAME "SST Elements Library"
| #define PACKAGE_TARNAME "sst-elements-library"
| #define PACKAGE_VERSION "11.0.0"
| #define PACKAGE_STRING "SST Elements Library 11.0.0"
| #define PACKAGE_BUGREPORT "sst@sandia.gov"
| #define PACKAGE_URL ""
| #define TIME_WITH_SYS_TIME 1
| #define STDC_HEADERS 1
| #define HAVE_SYS_TYPES_H 1
| #define HAVE_SYS_STAT_H 1
| #define HAVE_STDLIB_H 1
| #define HAVE_STRING_H 1
| #define HAVE_MEMORY_H 1
| #define HAVE_STRINGS_H 1
| #define HAVE_INTTYPES_H 1
| #define HAVE_STDINT_H 1
| #define HAVE_UNISTD_H 1
| #define HAVE_DLFCN_H 1
| #define LT_OBJDIR ".libs/"
| #define LT_MODULE_EXT ".so"
| #define LT_MODULE_PATH_VAR "LD_LIBRARY_PATH"
| #define LT_DLSEARCH_PATH "/lib64:/usr/lib64:/lib:/usr/lib:/usr/lib64/atlas:/usr/lib64/dyninst:/usr/lib64/mysql:/usr/lib64/octave/3.8.2:/usr/lib64/qt-3.3/lib:/opt/dell/srvadmin/lib64:/opt/dell/srvadmin/lib64/openmanage:/opt/dell/srvadmin/lib64:/opt/dell/srvadmin/lib64:/opt/dell/srvadmin/lib64/srvadmin-idrac:/opt/dell/srvadmin/lib64:/opt/dell/srvadmin/lib64/srvadmin-idrac7:/opt/dell/srvadmin/lib64:/opt/dell/srvadmin/lib64/srvadmin-isvc:/opt/dell/srvadmin/lib64:/opt/dell/srvadmin/lib64/openmanage:/opt/dell/srvadmin/lib64:/opt/dell/srvadmin/lib64/openmanage:/usr/lib64/tcl8.5"
| #define HAVE_LIBDL 1
| #define HAVE_DLERROR 1
| #define HAVE_LIBDLLOADER 1
| #define HAVE_ARGZ_H 1
| #define HAVE_ERROR_T 1
| #define HAVE_ARGZ_ADD 1
| #define HAVE_ARGZ_APPEND 1
| #define HAVE_ARGZ_COUNT 1
| #define HAVE_ARGZ_CREATE_SEP 1
| #define HAVE_ARGZ_INSERT 1
| #define HAVE_ARGZ_NEXT 1
| #define HAVE_ARGZ_STRINGIFY 1
| #define HAVE_WORKING_ARGZ 1
| #define HAVE_PRELOADED_SYMBOLS 1
| #define HAVE_LTDL 1
| #define HAVE_UNISTD_H 1
| #define HAVE_DIRENT_H 1
| #define HAVE_CLOSEDIR 1
| #define HAVE_OPENDIR 1
| #define HAVE_READDIR 1
| #define LT_LIBEXT "a"
| #define LT_LIBPREFIX "lib"
| #define TIME_WITH_SYS_TIME 1
| #define NVDIMMSIM_LIBDIR ""
| #define PINTOOL_EXECUTABLE ""
| #define HAVE_SHM 1
| #define HAVE_LIBZ 1
| #define RAMULATOR_LIBDIR ""
| #define DRAMSIM_LIBDIR ""
| /* end confdefs.h.  */
| 
| /* Override any GCC internal prototype to avoid an error.
|    Use char because int might match the return type of a GCC
|    builtin and then its argument prototype would still apply.  */
| #ifdef __cplusplus
| extern "C"
| #endif
| char libdramsim3_is_present ();
| int
| main ()
| {
| return libdramsim3_is_present ();
|   ;
|   return 0;
| }
configure:18937: result: no
configure:19022: checking HBMDRAMSim.h usability
configure:19022: g++ -c -g -O2  -std=c++1y -D__STDC_FORMAT_MACROS   -I/opt/apps/intel18/python2/2.7.15/include/python2.7 -I/opt/apps/intel18/python2/2.7.15/include/python2.7  -I/work2/07431/tg867305/stampede2/sstcore-11.0.0/install/include/sst/core -I/work2/07431/tg867305/stampede2/sstcore-11.0.0/install/include conftest.cpp >&5
conftest.cpp:88:24: fatal error: HBMDRAMSim.h: No such file or directory
 #include <HBMDRAMSim.h>
                        ^
compilation terminated.
configure:19022: $? = 1
configure: failed program was:
| /* confdefs.h */
| #define PACKAGE_NAME "SST Elements Library"
| #define PACKAGE_TARNAME "sst-elements-library"
| #define PACKAGE_VERSION "11.0.0"
| #define PACKAGE_STRING "SST Elements Library 11.0.0"
| #define PACKAGE_BUGREPORT "sst@sandia.gov"
| #define PACKAGE_URL ""
| #define TIME_WITH_SYS_TIME 1
| #define STDC_HEADERS 1
| #define HAVE_SYS_TYPES_H 1
| #define HAVE_SYS_STAT_H 1
| #define HAVE_STDLIB_H 1
| #define HAVE_STRING_H 1
| #define HAVE_MEMORY_H 1
| #define HAVE_STRINGS_H 1
| #define HAVE_INTTYPES_H 1
| #define HAVE_STDINT_H 1
| #define HAVE_UNISTD_H 1
| #define HAVE_DLFCN_H 1
| #define LT_OBJDIR ".libs/"
| #define LT_MODULE_EXT ".so"
| #define LT_MODULE_PATH_VAR "LD_LIBRARY_PATH"
| #define LT_DLSEARCH_PATH "/lib64:/usr/lib64:/lib:/usr/lib:/usr/lib64/atlas:/usr/lib64/dyninst:/usr/lib64/mysql:/usr/lib64/octave/3.8.2:/usr/lib64/qt-3.3/lib:/opt/dell/srvadmin/lib64:/opt/dell/srvadmin/lib64/openmanage:/opt/dell/srvadmin/lib64:/opt/dell/srvadmin/lib64:/opt/dell/srvadmin/lib64/srvadmin-idrac:/opt/dell/srvadmin/lib64:/opt/dell/srvadmin/lib64/srvadmin-idrac7:/opt/dell/srvadmin/lib64:/opt/dell/srvadmin/lib64/srvadmin-isvc:/opt/dell/srvadmin/lib64:/opt/dell/srvadmin/lib64/openmanage:/opt/dell/srvadmin/lib64:/opt/dell/srvadmin/lib64/openmanage:/usr/lib64/tcl8.5"
| #define HAVE_LIBDL 1
| #define HAVE_DLERROR 1
| #define HAVE_LIBDLLOADER 1
| #define HAVE_ARGZ_H 1
| #define HAVE_ERROR_T 1
| #define HAVE_ARGZ_ADD 1
| #define HAVE_ARGZ_APPEND 1
| #define HAVE_ARGZ_COUNT 1
| #define HAVE_ARGZ_CREATE_SEP 1
| #define HAVE_ARGZ_INSERT 1
| #define HAVE_ARGZ_NEXT 1
| #define HAVE_ARGZ_STRINGIFY 1
| #define HAVE_WORKING_ARGZ 1
| #define HAVE_PRELOADED_SYMBOLS 1
| #define HAVE_LTDL 1
| #define HAVE_UNISTD_H 1
| #define HAVE_DIRENT_H 1
| #define HAVE_CLOSEDIR 1
| #define HAVE_OPENDIR 1
| #define HAVE_READDIR 1
| #define LT_LIBEXT "a"
| #define LT_LIBPREFIX "lib"
| #define TIME_WITH_SYS_TIME 1
| #define NVDIMMSIM_LIBDIR ""
| #define PINTOOL_EXECUTABLE ""
| #define HAVE_SHM 1
| #define HAVE_LIBZ 1
| #define RAMULATOR_LIBDIR ""
| #define DRAMSIM_LIBDIR ""
| #define DRAMSIM3_LIBDIR ""
| /* end confdefs.h.  */
| #include <stdio.h>
| #ifdef HAVE_SYS_TYPES_H
| # include <sys/types.h>
| #endif
| #ifdef HAVE_SYS_STAT_H
| # include <sys/stat.h>
| #endif
| #ifdef STDC_HEADERS
| # include <stdlib.h>
| # include <stddef.h>
| #else
| # ifdef HAVE_STDLIB_H
| #  include <stdlib.h>
| # endif
| #endif
| #ifdef HAVE_STRING_H
| # if !defined STDC_HEADERS && defined HAVE_MEMORY_H
| #  include <memory.h>
| # endif
| # include <string.h>
| #endif
| #ifdef HAVE_STRINGS_H
| # include <strings.h>
| #endif
| #ifdef HAVE_INTTYPES_H
| # include <inttypes.h>
| #endif
| #ifdef HAVE_STDINT_H
| # include <stdint.h>
| #endif
| #ifdef HAVE_UNISTD_H
| # include <unistd.h>
| #endif
| #include <HBMDRAMSim.h>
configure:19022: result: no
configure:19022: checking HBMDRAMSim.h presence
configure:19022: g++ -E   -I/opt/apps/intel18/python2/2.7.15/include/python2.7 -I/opt/apps/intel18/python2/2.7.15/include/python2.7  -I/work2/07431/tg867305/stampede2/sstcore-11.0.0/install/include/sst/core -I/work2/07431/tg867305/stampede2/sstcore-11.0.0/install/include conftest.cpp
conftest.cpp:55:24: fatal error: HBMDRAMSim.h: No such file or directory
 #include <HBMDRAMSim.h>
                        ^
compilation terminated.
configure:19022: $? = 1
configure: failed program was:
| /* confdefs.h */
| #define PACKAGE_NAME "SST Elements Library"
| #define PACKAGE_TARNAME "sst-elements-library"
| #define PACKAGE_VERSION "11.0.0"
| #define PACKAGE_STRING "SST Elements Library 11.0.0"
| #define PACKAGE_BUGREPORT "sst@sandia.gov"
| #define PACKAGE_URL ""
| #define TIME_WITH_SYS_TIME 1
| #define STDC_HEADERS 1
| #define HAVE_SYS_TYPES_H 1
| #define HAVE_SYS_STAT_H 1
| #define HAVE_STDLIB_H 1
| #define HAVE_STRING_H 1
| #define HAVE_MEMORY_H 1
| #define HAVE_STRINGS_H 1
| #define HAVE_INTTYPES_H 1
| #define HAVE_STDINT_H 1
| #define HAVE_UNISTD_H 1
| #define HAVE_DLFCN_H 1
| #define LT_OBJDIR ".libs/"
| #define LT_MODULE_EXT ".so"
| #define LT_MODULE_PATH_VAR "LD_LIBRARY_PATH"
| #define LT_DLSEARCH_PATH "/lib64:/usr/lib64:/lib:/usr/lib:/usr/lib64/atlas:/usr/lib64/dyninst:/usr/lib64/mysql:/usr/lib64/octave/3.8.2:/usr/lib64/qt-3.3/lib:/opt/dell/srvadmin/lib64:/opt/dell/srvadmin/lib64/openmanage:/opt/dell/srvadmin/lib64:/opt/dell/srvadmin/lib64:/opt/dell/srvadmin/lib64/srvadmin-idrac:/opt/dell/srvadmin/lib64:/opt/dell/srvadmin/lib64/srvadmin-idrac7:/opt/dell/srvadmin/lib64:/opt/dell/srvadmin/lib64/srvadmin-isvc:/opt/dell/srvadmin/lib64:/opt/dell/srvadmin/lib64/openmanage:/opt/dell/srvadmin/lib64:/opt/dell/srvadmin/lib64/openmanage:/usr/lib64/tcl8.5"
| #define HAVE_LIBDL 1
| #define HAVE_DLERROR 1
| #define HAVE_LIBDLLOADER 1
| #define HAVE_ARGZ_H 1
| #define HAVE_ERROR_T 1
| #define HAVE_ARGZ_ADD 1
| #define HAVE_ARGZ_APPEND 1
| #define HAVE_ARGZ_COUNT 1
| #define HAVE_ARGZ_CREATE_SEP 1
| #define HAVE_ARGZ_INSERT 1
| #define HAVE_ARGZ_NEXT 1
| #define HAVE_ARGZ_STRINGIFY 1
| #define HAVE_WORKING_ARGZ 1
| #define HAVE_PRELOADED_SYMBOLS 1
| #define HAVE_LTDL 1
| #define HAVE_UNISTD_H 1
| #define HAVE_DIRENT_H 1
| #define HAVE_CLOSEDIR 1
| #define HAVE_OPENDIR 1
| #define HAVE_READDIR 1
| #define LT_LIBEXT "a"
| #define LT_LIBPREFIX "lib"
| #define TIME_WITH_SYS_TIME 1
| #define NVDIMMSIM_LIBDIR ""
| #define PINTOOL_EXECUTABLE ""
| #define HAVE_SHM 1
| #define HAVE_LIBZ 1
| #define RAMULATOR_LIBDIR ""
| #define DRAMSIM_LIBDIR ""
| #define DRAMSIM3_LIBDIR ""
| /* end confdefs.h.  */
| #include <HBMDRAMSim.h>
configure:19022: result: no
configure:19022: checking for HBMDRAMSim.h
configure:19022: result: no
configure:19034: checking for libhbmdramsim_is_present in -lhbmdramsim
configure:19059: g++ -o conftest -g -O2  -std=c++1y -D__STDC_FORMAT_MACROS   -I/opt/apps/intel18/python2/2.7.15/include/python2.7 -I/opt/apps/intel18/python2/2.7.15/include/python2.7  -I/work2/07431/tg867305/stampede2/sstcore-11.0.0/install/include/sst/core -I/work2/07431/tg867305/stampede2/sstcore-11.0.0/install/include    -lpython2.7 -ldl -lpthread -limf -lirc -lssp -lutil -limf -Xlinker -export-dynamic conftest.cpp -lhbmdramsim  -ldl   -ldl  >&5
/opt/apps/gcc/6.3.0/bin/ld: cannot find -lhbmdramsim
collect2: error: ld returned 1 exit status
configure:19059: $? = 1
configure: failed program was:
| /* confdefs.h */
| #define PACKAGE_NAME "SST Elements Library"
| #define PACKAGE_TARNAME "sst-elements-library"
| #define PACKAGE_VERSION "11.0.0"
| #define PACKAGE_STRING "SST Elements Library 11.0.0"
| #define PACKAGE_BUGREPORT "sst@sandia.gov"
| #define PACKAGE_URL ""
| #define TIME_WITH_SYS_TIME 1
| #define STDC_HEADERS 1
| #define HAVE_SYS_TYPES_H 1
| #define HAVE_SYS_STAT_H 1
| #define HAVE_STDLIB_H 1
| #define HAVE_STRING_H 1
| #define HAVE_MEMORY_H 1
| #define HAVE_STRINGS_H 1
| #define HAVE_INTTYPES_H 1
| #define HAVE_STDINT_H 1
| #define HAVE_UNISTD_H 1
| #define HAVE_DLFCN_H 1
| #define LT_OBJDIR ".libs/"
| #define LT_MODULE_EXT ".so"
| #define LT_MODULE_PATH_VAR "LD_LIBRARY_PATH"
| #define LT_DLSEARCH_PATH "/lib64:/usr/lib64:/lib:/usr/lib:/usr/lib64/atlas:/usr/lib64/dyninst:/usr/lib64/mysql:/usr/lib64/octave/3.8.2:/usr/lib64/qt-3.3/lib:/opt/dell/srvadmin/lib64:/opt/dell/srvadmin/lib64/openmanage:/opt/dell/srvadmin/lib64:/opt/dell/srvadmin/lib64:/opt/dell/srvadmin/lib64/srvadmin-idrac:/opt/dell/srvadmin/lib64:/opt/dell/srvadmin/lib64/srvadmin-idrac7:/opt/dell/srvadmin/lib64:/opt/dell/srvadmin/lib64/srvadmin-isvc:/opt/dell/srvadmin/lib64:/opt/dell/srvadmin/lib64/openmanage:/opt/dell/srvadmin/lib64:/opt/dell/srvadmin/lib64/openmanage:/usr/lib64/tcl8.5"
| #define HAVE_LIBDL 1
| #define HAVE_DLERROR 1
| #define HAVE_LIBDLLOADER 1
| #define HAVE_ARGZ_H 1
| #define HAVE_ERROR_T 1
| #define HAVE_ARGZ_ADD 1
| #define HAVE_ARGZ_APPEND 1
| #define HAVE_ARGZ_COUNT 1
| #define HAVE_ARGZ_CREATE_SEP 1
| #define HAVE_ARGZ_INSERT 1
| #define HAVE_ARGZ_NEXT 1
| #define HAVE_ARGZ_STRINGIFY 1
| #define HAVE_WORKING_ARGZ 1
| #define HAVE_PRELOADED_SYMBOLS 1
| #define HAVE_LTDL 1
| #define HAVE_UNISTD_H 1
| #define HAVE_DIRENT_H 1
| #define HAVE_CLOSEDIR 1
| #define HAVE_OPENDIR 1
| #define HAVE_READDIR 1
| #define LT_LIBEXT "a"
| #define LT_LIBPREFIX "lib"
| #define TIME_WITH_SYS_TIME 1
| #define NVDIMMSIM_LIBDIR ""
| #define PINTOOL_EXECUTABLE ""
| #define HAVE_SHM 1
| #define HAVE_LIBZ 1
| #define RAMULATOR_LIBDIR ""
| #define DRAMSIM_LIBDIR ""
| #define DRAMSIM3_LIBDIR ""
| /* end confdefs.h.  */
| 
| /* Override any GCC internal prototype to avoid an error.
|    Use char because int might match the return type of a GCC
|    builtin and then its argument prototype would still apply.  */
| #ifdef __cplusplus
| extern "C"
| #endif
| char libhbmdramsim_is_present ();
| int
| main ()
| {
| return libhbmdramsim_is_present ();
|   ;
|   return 0;
| }
configure:19068: result: no
configure:19153: checking HybridSim.h usability
configure:19153: g++ -c -g -O2  -std=c++1y -D__STDC_FORMAT_MACROS   -I/opt/apps/intel18/python2/2.7.15/include/python2.7 -I/opt/apps/intel18/python2/2.7.15/include/python2.7  -I/work2/07431/tg867305/stampede2/sstcore-11.0.0/install/include/sst/core -I/work2/07431/tg867305/stampede2/sstcore-11.0.0/install/include conftest.cpp >&5
conftest.cpp:89:23: fatal error: HybridSim.h: No such file or directory
 #include <HybridSim.h>
                       ^
compilation terminated.
configure:19153: $? = 1
configure: failed program was:
| /* confdefs.h */
| #define PACKAGE_NAME "SST Elements Library"
| #define PACKAGE_TARNAME "sst-elements-library"
| #define PACKAGE_VERSION "11.0.0"
| #define PACKAGE_STRING "SST Elements Library 11.0.0"
| #define PACKAGE_BUGREPORT "sst@sandia.gov"
| #define PACKAGE_URL ""
| #define TIME_WITH_SYS_TIME 1
| #define STDC_HEADERS 1
| #define HAVE_SYS_TYPES_H 1
| #define HAVE_SYS_STAT_H 1
| #define HAVE_STDLIB_H 1
| #define HAVE_STRING_H 1
| #define HAVE_MEMORY_H 1
| #define HAVE_STRINGS_H 1
| #define HAVE_INTTYPES_H 1
| #define HAVE_STDINT_H 1
| #define HAVE_UNISTD_H 1
| #define HAVE_DLFCN_H 1
| #define LT_OBJDIR ".libs/"
| #define LT_MODULE_EXT ".so"
| #define LT_MODULE_PATH_VAR "LD_LIBRARY_PATH"
| #define LT_DLSEARCH_PATH "/lib64:/usr/lib64:/lib:/usr/lib:/usr/lib64/atlas:/usr/lib64/dyninst:/usr/lib64/mysql:/usr/lib64/octave/3.8.2:/usr/lib64/qt-3.3/lib:/opt/dell/srvadmin/lib64:/opt/dell/srvadmin/lib64/openmanage:/opt/dell/srvadmin/lib64:/opt/dell/srvadmin/lib64:/opt/dell/srvadmin/lib64/srvadmin-idrac:/opt/dell/srvadmin/lib64:/opt/dell/srvadmin/lib64/srvadmin-idrac7:/opt/dell/srvadmin/lib64:/opt/dell/srvadmin/lib64/srvadmin-isvc:/opt/dell/srvadmin/lib64:/opt/dell/srvadmin/lib64/openmanage:/opt/dell/srvadmin/lib64:/opt/dell/srvadmin/lib64/openmanage:/usr/lib64/tcl8.5"
| #define HAVE_LIBDL 1
| #define HAVE_DLERROR 1
| #define HAVE_LIBDLLOADER 1
| #define HAVE_ARGZ_H 1
| #define HAVE_ERROR_T 1
| #define HAVE_ARGZ_ADD 1
| #define HAVE_ARGZ_APPEND 1
| #define HAVE_ARGZ_COUNT 1
| #define HAVE_ARGZ_CREATE_SEP 1
| #define HAVE_ARGZ_INSERT 1
| #define HAVE_ARGZ_NEXT 1
| #define HAVE_ARGZ_STRINGIFY 1
| #define HAVE_WORKING_ARGZ 1
| #define HAVE_PRELOADED_SYMBOLS 1
| #define HAVE_LTDL 1
| #define HAVE_UNISTD_H 1
| #define HAVE_DIRENT_H 1
| #define HAVE_CLOSEDIR 1
| #define HAVE_OPENDIR 1
| #define HAVE_READDIR 1
| #define LT_LIBEXT "a"
| #define LT_LIBPREFIX "lib"
| #define TIME_WITH_SYS_TIME 1
| #define NVDIMMSIM_LIBDIR ""
| #define PINTOOL_EXECUTABLE ""
| #define HAVE_SHM 1
| #define HAVE_LIBZ 1
| #define RAMULATOR_LIBDIR ""
| #define DRAMSIM_LIBDIR ""
| #define DRAMSIM3_LIBDIR ""
| #define HBMDRAMSIM_LIBDIR ""
| /* end confdefs.h.  */
| #include <stdio.h>
| #ifdef HAVE_SYS_TYPES_H
| # include <sys/types.h>
| #endif
| #ifdef HAVE_SYS_STAT_H
| # include <sys/stat.h>
| #endif
| #ifdef STDC_HEADERS
| # include <stdlib.h>
| # include <stddef.h>
| #else
| # ifdef HAVE_STDLIB_H
| #  include <stdlib.h>
| # endif
| #endif
| #ifdef HAVE_STRING_H
| # if !defined STDC_HEADERS && defined HAVE_MEMORY_H
| #  include <memory.h>
| # endif
| # include <string.h>
| #endif
| #ifdef HAVE_STRINGS_H
| # include <strings.h>
| #endif
| #ifdef HAVE_INTTYPES_H
| # include <inttypes.h>
| #endif
| #ifdef HAVE_STDINT_H
| # include <stdint.h>
| #endif
| #ifdef HAVE_UNISTD_H
| # include <unistd.h>
| #endif
| #include <HybridSim.h>
configure:19153: result: no
configure:19153: checking HybridSim.h presence
configure:19153: g++ -E   -I/opt/apps/intel18/python2/2.7.15/include/python2.7 -I/opt/apps/intel18/python2/2.7.15/include/python2.7  -I/work2/07431/tg867305/stampede2/sstcore-11.0.0/install/include/sst/core -I/work2/07431/tg867305/stampede2/sstcore-11.0.0/install/include conftest.cpp
conftest.cpp:56:23: fatal error: HybridSim.h: No such file or directory
 #include <HybridSim.h>
                       ^
compilation terminated.
configure:19153: $? = 1
configure: failed program was:
| /* confdefs.h */
| #define PACKAGE_NAME "SST Elements Library"
| #define PACKAGE_TARNAME "sst-elements-library"
| #define PACKAGE_VERSION "11.0.0"
| #define PACKAGE_STRING "SST Elements Library 11.0.0"
| #define PACKAGE_BUGREPORT "sst@sandia.gov"
| #define PACKAGE_URL ""
| #define TIME_WITH_SYS_TIME 1
| #define STDC_HEADERS 1
| #define HAVE_SYS_TYPES_H 1
| #define HAVE_SYS_STAT_H 1
| #define HAVE_STDLIB_H 1
| #define HAVE_STRING_H 1
| #define HAVE_MEMORY_H 1
| #define HAVE_STRINGS_H 1
| #define HAVE_INTTYPES_H 1
| #define HAVE_STDINT_H 1
| #define HAVE_UNISTD_H 1
| #define HAVE_DLFCN_H 1
| #define LT_OBJDIR ".libs/"
| #define LT_MODULE_EXT ".so"
| #define LT_MODULE_PATH_VAR "LD_LIBRARY_PATH"
| #define LT_DLSEARCH_PATH "/lib64:/usr/lib64:/lib:/usr/lib:/usr/lib64/atlas:/usr/lib64/dyninst:/usr/lib64/mysql:/usr/lib64/octave/3.8.2:/usr/lib64/qt-3.3/lib:/opt/dell/srvadmin/lib64:/opt/dell/srvadmin/lib64/openmanage:/opt/dell/srvadmin/lib64:/opt/dell/srvadmin/lib64:/opt/dell/srvadmin/lib64/srvadmin-idrac:/opt/dell/srvadmin/lib64:/opt/dell/srvadmin/lib64/srvadmin-idrac7:/opt/dell/srvadmin/lib64:/opt/dell/srvadmin/lib64/srvadmin-isvc:/opt/dell/srvadmin/lib64:/opt/dell/srvadmin/lib64/openmanage:/opt/dell/srvadmin/lib64:/opt/dell/srvadmin/lib64/openmanage:/usr/lib64/tcl8.5"
| #define HAVE_LIBDL 1
| #define HAVE_DLERROR 1
| #define HAVE_LIBDLLOADER 1
| #define HAVE_ARGZ_H 1
| #define HAVE_ERROR_T 1
| #define HAVE_ARGZ_ADD 1
| #define HAVE_ARGZ_APPEND 1
| #define HAVE_ARGZ_COUNT 1
| #define HAVE_ARGZ_CREATE_SEP 1
| #define HAVE_ARGZ_INSERT 1
| #define HAVE_ARGZ_NEXT 1
| #define HAVE_ARGZ_STRINGIFY 1
| #define HAVE_WORKING_ARGZ 1
| #define HAVE_PRELOADED_SYMBOLS 1
| #define HAVE_LTDL 1
| #define HAVE_UNISTD_H 1
| #define HAVE_DIRENT_H 1
| #define HAVE_CLOSEDIR 1
| #define HAVE_OPENDIR 1
| #define HAVE_READDIR 1
| #define LT_LIBEXT "a"
| #define LT_LIBPREFIX "lib"
| #define TIME_WITH_SYS_TIME 1
| #define NVDIMMSIM_LIBDIR ""
| #define PINTOOL_EXECUTABLE ""
| #define HAVE_SHM 1
| #define HAVE_LIBZ 1
| #define RAMULATOR_LIBDIR ""
| #define DRAMSIM_LIBDIR ""
| #define DRAMSIM3_LIBDIR ""
| #define HBMDRAMSIM_LIBDIR ""
| /* end confdefs.h.  */
| #include <HybridSim.h>
configure:19153: result: no
configure:19153: checking for HybridSim.h
configure:19153: result: no
configure:19165: checking for libhybridsim_is_present in -lhybridsim
configure:19190: g++ -o conftest -g -O2  -std=c++1y -D__STDC_FORMAT_MACROS   -I/opt/apps/intel18/python2/2.7.15/include/python2.7 -I/opt/apps/intel18/python2/2.7.15/include/python2.7  -I/work2/07431/tg867305/stampede2/sstcore-11.0.0/install/include/sst/core -I/work2/07431/tg867305/stampede2/sstcore-11.0.0/install/include    -lpython2.7 -ldl -lpthread -limf -lirc -lssp -lutil -limf -Xlinker -export-dynamic conftest.cpp -lhybridsim  -ldl   -ldl  >&5
/opt/apps/gcc/6.3.0/bin/ld: cannot find -lhybridsim
collect2: error: ld returned 1 exit status
configure:19190: $? = 1
configure: failed program was:
| /* confdefs.h */
| #define PACKAGE_NAME "SST Elements Library"
| #define PACKAGE_TARNAME "sst-elements-library"
| #define PACKAGE_VERSION "11.0.0"
| #define PACKAGE_STRING "SST Elements Library 11.0.0"
| #define PACKAGE_BUGREPORT "sst@sandia.gov"
| #define PACKAGE_URL ""
| #define TIME_WITH_SYS_TIME 1
| #define STDC_HEADERS 1
| #define HAVE_SYS_TYPES_H 1
| #define HAVE_SYS_STAT_H 1
| #define HAVE_STDLIB_H 1
| #define HAVE_STRING_H 1
| #define HAVE_MEMORY_H 1
| #define HAVE_STRINGS_H 1
| #define HAVE_INTTYPES_H 1
| #define HAVE_STDINT_H 1
| #define HAVE_UNISTD_H 1
| #define HAVE_DLFCN_H 1
| #define LT_OBJDIR ".libs/"
| #define LT_MODULE_EXT ".so"
| #define LT_MODULE_PATH_VAR "LD_LIBRARY_PATH"
| #define LT_DLSEARCH_PATH "/lib64:/usr/lib64:/lib:/usr/lib:/usr/lib64/atlas:/usr/lib64/dyninst:/usr/lib64/mysql:/usr/lib64/octave/3.8.2:/usr/lib64/qt-3.3/lib:/opt/dell/srvadmin/lib64:/opt/dell/srvadmin/lib64/openmanage:/opt/dell/srvadmin/lib64:/opt/dell/srvadmin/lib64:/opt/dell/srvadmin/lib64/srvadmin-idrac:/opt/dell/srvadmin/lib64:/opt/dell/srvadmin/lib64/srvadmin-idrac7:/opt/dell/srvadmin/lib64:/opt/dell/srvadmin/lib64/srvadmin-isvc:/opt/dell/srvadmin/lib64:/opt/dell/srvadmin/lib64/openmanage:/opt/dell/srvadmin/lib64:/opt/dell/srvadmin/lib64/openmanage:/usr/lib64/tcl8.5"
| #define HAVE_LIBDL 1
| #define HAVE_DLERROR 1
| #define HAVE_LIBDLLOADER 1
| #define HAVE_ARGZ_H 1
| #define HAVE_ERROR_T 1
| #define HAVE_ARGZ_ADD 1
| #define HAVE_ARGZ_APPEND 1
| #define HAVE_ARGZ_COUNT 1
| #define HAVE_ARGZ_CREATE_SEP 1
| #define HAVE_ARGZ_INSERT 1
| #define HAVE_ARGZ_NEXT 1
| #define HAVE_ARGZ_STRINGIFY 1
| #define HAVE_WORKING_ARGZ 1
| #define HAVE_PRELOADED_SYMBOLS 1
| #define HAVE_LTDL 1
| #define HAVE_UNISTD_H 1
| #define HAVE_DIRENT_H 1
| #define HAVE_CLOSEDIR 1
| #define HAVE_OPENDIR 1
| #define HAVE_READDIR 1
| #define LT_LIBEXT "a"
| #define LT_LIBPREFIX "lib"
| #define TIME_WITH_SYS_TIME 1
| #define NVDIMMSIM_LIBDIR ""
| #define PINTOOL_EXECUTABLE ""
| #define HAVE_SHM 1
| #define HAVE_LIBZ 1
| #define RAMULATOR_LIBDIR ""
| #define DRAMSIM_LIBDIR ""
| #define DRAMSIM3_LIBDIR ""
| #define HBMDRAMSIM_LIBDIR ""
| /* end confdefs.h.  */
| 
| /* Override any GCC internal prototype to avoid an error.
|    Use char because int might match the return type of a GCC
|    builtin and then its argument prototype would still apply.  */
| #ifdef __cplusplus
| extern "C"
| #endif
| char libhybridsim_is_present ();
| int
| main ()
| {
| return libhybridsim_is_present ();
|   ;
|   return 0;
| }
configure:19199: result: no
configure:19303: checking hmc_sim.h usability
configure:19303: g++ -c -g -O2  -std=c++1y -D__STDC_FORMAT_MACROS   -I/opt/apps/intel18/python2/2.7.15/include/python2.7 -I/opt/apps/intel18/python2/2.7.15/include/python2.7  -I/work2/07431/tg867305/stampede2/sstcore-11.0.0/install/include/sst/core -I/work2/07431/tg867305/stampede2/sstcore-11.0.0/install/include conftest.cpp >&5
conftest.cpp:90:21: fatal error: hmc_sim.h: No such file or directory
 #include <hmc_sim.h>
                     ^
compilation terminated.
configure:19303: $? = 1
configure: failed program was:
| /* confdefs.h */
| #define PACKAGE_NAME "SST Elements Library"
| #define PACKAGE_TARNAME "sst-elements-library"
| #define PACKAGE_VERSION "11.0.0"
| #define PACKAGE_STRING "SST Elements Library 11.0.0"
| #define PACKAGE_BUGREPORT "sst@sandia.gov"
| #define PACKAGE_URL ""
| #define TIME_WITH_SYS_TIME 1
| #define STDC_HEADERS 1
| #define HAVE_SYS_TYPES_H 1
| #define HAVE_SYS_STAT_H 1
| #define HAVE_STDLIB_H 1
| #define HAVE_STRING_H 1
| #define HAVE_MEMORY_H 1
| #define HAVE_STRINGS_H 1
| #define HAVE_INTTYPES_H 1
| #define HAVE_STDINT_H 1
| #define HAVE_UNISTD_H 1
| #define HAVE_DLFCN_H 1
| #define LT_OBJDIR ".libs/"
| #define LT_MODULE_EXT ".so"
| #define LT_MODULE_PATH_VAR "LD_LIBRARY_PATH"
| #define LT_DLSEARCH_PATH "/lib64:/usr/lib64:/lib:/usr/lib:/usr/lib64/atlas:/usr/lib64/dyninst:/usr/lib64/mysql:/usr/lib64/octave/3.8.2:/usr/lib64/qt-3.3/lib:/opt/dell/srvadmin/lib64:/opt/dell/srvadmin/lib64/openmanage:/opt/dell/srvadmin/lib64:/opt/dell/srvadmin/lib64:/opt/dell/srvadmin/lib64/srvadmin-idrac:/opt/dell/srvadmin/lib64:/opt/dell/srvadmin/lib64/srvadmin-idrac7:/opt/dell/srvadmin/lib64:/opt/dell/srvadmin/lib64/srvadmin-isvc:/opt/dell/srvadmin/lib64:/opt/dell/srvadmin/lib64/openmanage:/opt/dell/srvadmin/lib64:/opt/dell/srvadmin/lib64/openmanage:/usr/lib64/tcl8.5"
| #define HAVE_LIBDL 1
| #define HAVE_DLERROR 1
| #define HAVE_LIBDLLOADER 1
| #define HAVE_ARGZ_H 1
| #define HAVE_ERROR_T 1
| #define HAVE_ARGZ_ADD 1
| #define HAVE_ARGZ_APPEND 1
| #define HAVE_ARGZ_COUNT 1
| #define HAVE_ARGZ_CREATE_SEP 1
| #define HAVE_ARGZ_INSERT 1
| #define HAVE_ARGZ_NEXT 1
| #define HAVE_ARGZ_STRINGIFY 1
| #define HAVE_WORKING_ARGZ 1
| #define HAVE_PRELOADED_SYMBOLS 1
| #define HAVE_LTDL 1
| #define HAVE_UNISTD_H 1
| #define HAVE_DIRENT_H 1
| #define HAVE_CLOSEDIR 1
| #define HAVE_OPENDIR 1
| #define HAVE_READDIR 1
| #define LT_LIBEXT "a"
| #define LT_LIBPREFIX "lib"
| #define TIME_WITH_SYS_TIME 1
| #define NVDIMMSIM_LIBDIR ""
| #define PINTOOL_EXECUTABLE ""
| #define HAVE_SHM 1
| #define HAVE_LIBZ 1
| #define RAMULATOR_LIBDIR ""
| #define DRAMSIM_LIBDIR ""
| #define DRAMSIM3_LIBDIR ""
| #define HBMDRAMSIM_LIBDIR ""
| #define HYBRIDSIM_LIBDIR ""
| /* end confdefs.h.  */
| #include <stdio.h>
| #ifdef HAVE_SYS_TYPES_H
| # include <sys/types.h>
| #endif
| #ifdef HAVE_SYS_STAT_H
| # include <sys/stat.h>
| #endif
| #ifdef STDC_HEADERS
| # include <stdlib.h>
| # include <stddef.h>
| #else
| # ifdef HAVE_STDLIB_H
| #  include <stdlib.h>
| # endif
| #endif
| #ifdef HAVE_STRING_H
| # if !defined STDC_HEADERS && defined HAVE_MEMORY_H
| #  include <memory.h>
| # endif
| # include <string.h>
| #endif
| #ifdef HAVE_STRINGS_H
| # include <strings.h>
| #endif
| #ifdef HAVE_INTTYPES_H
| # include <inttypes.h>
| #endif
| #ifdef HAVE_STDINT_H
| # include <stdint.h>
| #endif
| #ifdef HAVE_UNISTD_H
| # include <unistd.h>
| #endif
| #include <hmc_sim.h>
configure:19303: result: no
configure:19303: checking hmc_sim.h presence
configure:19303: g++ -E   -I/opt/apps/intel18/python2/2.7.15/include/python2.7 -I/opt/apps/intel18/python2/2.7.15/include/python2.7  -I/work2/07431/tg867305/stampede2/sstcore-11.0.0/install/include/sst/core -I/work2/07431/tg867305/stampede2/sstcore-11.0.0/install/include conftest.cpp
conftest.cpp:57:21: fatal error: hmc_sim.h: No such file or directory
 #include <hmc_sim.h>
                     ^
compilation terminated.
configure:19303: $? = 1
configure: failed program was:
| /* confdefs.h */
| #define PACKAGE_NAME "SST Elements Library"
| #define PACKAGE_TARNAME "sst-elements-library"
| #define PACKAGE_VERSION "11.0.0"
| #define PACKAGE_STRING "SST Elements Library 11.0.0"
| #define PACKAGE_BUGREPORT "sst@sandia.gov"
| #define PACKAGE_URL ""
| #define TIME_WITH_SYS_TIME 1
| #define STDC_HEADERS 1
| #define HAVE_SYS_TYPES_H 1
| #define HAVE_SYS_STAT_H 1
| #define HAVE_STDLIB_H 1
| #define HAVE_STRING_H 1
| #define HAVE_MEMORY_H 1
| #define HAVE_STRINGS_H 1
| #define HAVE_INTTYPES_H 1
| #define HAVE_STDINT_H 1
| #define HAVE_UNISTD_H 1
| #define HAVE_DLFCN_H 1
| #define LT_OBJDIR ".libs/"
| #define LT_MODULE_EXT ".so"
| #define LT_MODULE_PATH_VAR "LD_LIBRARY_PATH"
| #define LT_DLSEARCH_PATH "/lib64:/usr/lib64:/lib:/usr/lib:/usr/lib64/atlas:/usr/lib64/dyninst:/usr/lib64/mysql:/usr/lib64/octave/3.8.2:/usr/lib64/qt-3.3/lib:/opt/dell/srvadmin/lib64:/opt/dell/srvadmin/lib64/openmanage:/opt/dell/srvadmin/lib64:/opt/dell/srvadmin/lib64:/opt/dell/srvadmin/lib64/srvadmin-idrac:/opt/dell/srvadmin/lib64:/opt/dell/srvadmin/lib64/srvadmin-idrac7:/opt/dell/srvadmin/lib64:/opt/dell/srvadmin/lib64/srvadmin-isvc:/opt/dell/srvadmin/lib64:/opt/dell/srvadmin/lib64/openmanage:/opt/dell/srvadmin/lib64:/opt/dell/srvadmin/lib64/openmanage:/usr/lib64/tcl8.5"
| #define HAVE_LIBDL 1
| #define HAVE_DLERROR 1
| #define HAVE_LIBDLLOADER 1
| #define HAVE_ARGZ_H 1
| #define HAVE_ERROR_T 1
| #define HAVE_ARGZ_ADD 1
| #define HAVE_ARGZ_APPEND 1
| #define HAVE_ARGZ_COUNT 1
| #define HAVE_ARGZ_CREATE_SEP 1
| #define HAVE_ARGZ_INSERT 1
| #define HAVE_ARGZ_NEXT 1
| #define HAVE_ARGZ_STRINGIFY 1
| #define HAVE_WORKING_ARGZ 1
| #define HAVE_PRELOADED_SYMBOLS 1
| #define HAVE_LTDL 1
| #define HAVE_UNISTD_H 1
| #define HAVE_DIRENT_H 1
| #define HAVE_CLOSEDIR 1
| #define HAVE_OPENDIR 1
| #define HAVE_READDIR 1
| #define LT_LIBEXT "a"
| #define LT_LIBPREFIX "lib"
| #define TIME_WITH_SYS_TIME 1
| #define NVDIMMSIM_LIBDIR ""
| #define PINTOOL_EXECUTABLE ""
| #define HAVE_SHM 1
| #define HAVE_LIBZ 1
| #define RAMULATOR_LIBDIR ""
| #define DRAMSIM_LIBDIR ""
| #define DRAMSIM3_LIBDIR ""
| #define HBMDRAMSIM_LIBDIR ""
| #define HYBRIDSIM_LIBDIR ""
| /* end confdefs.h.  */
| #include <hmc_sim.h>
configure:19303: result: no
configure:19303: checking for hmc_sim.h
configure:19303: result: no
configure:19318: checking for hmcsim_clock in -lhmcsim
configure:19343: gcc -o conftest -g -O2    -I/opt/apps/intel18/python2/2.7.15/include/python2.7 -I/opt/apps/intel18/python2/2.7.15/include/python2.7  -I/work2/07431/tg867305/stampede2/sstcore-11.0.0/install/include/sst/core -I/work2/07431/tg867305/stampede2/sstcore-11.0.0/install/include    -lpython2.7 -ldl -lpthread -limf -lirc -lssp -lutil -limf -Xlinker -export-dynamic conftest.c -lhmcsim  -ldl   -ldl  >&5
/opt/apps/gcc/6.3.0/bin/ld: cannot find -lhmcsim
collect2: error: ld returned 1 exit status
configure:19343: $? = 1
configure: failed program was:
| /* confdefs.h */
| #define PACKAGE_NAME "SST Elements Library"
| #define PACKAGE_TARNAME "sst-elements-library"
| #define PACKAGE_VERSION "11.0.0"
| #define PACKAGE_STRING "SST Elements Library 11.0.0"
| #define PACKAGE_BUGREPORT "sst@sandia.gov"
| #define PACKAGE_URL ""
| #define TIME_WITH_SYS_TIME 1
| #define STDC_HEADERS 1
| #define HAVE_SYS_TYPES_H 1
| #define HAVE_SYS_STAT_H 1
| #define HAVE_STDLIB_H 1
| #define HAVE_STRING_H 1
| #define HAVE_MEMORY_H 1
| #define HAVE_STRINGS_H 1
| #define HAVE_INTTYPES_H 1
| #define HAVE_STDINT_H 1
| #define HAVE_UNISTD_H 1
| #define HAVE_DLFCN_H 1
| #define LT_OBJDIR ".libs/"
| #define LT_MODULE_EXT ".so"
| #define LT_MODULE_PATH_VAR "LD_LIBRARY_PATH"
| #define LT_DLSEARCH_PATH "/lib64:/usr/lib64:/lib:/usr/lib:/usr/lib64/atlas:/usr/lib64/dyninst:/usr/lib64/mysql:/usr/lib64/octave/3.8.2:/usr/lib64/qt-3.3/lib:/opt/dell/srvadmin/lib64:/opt/dell/srvadmin/lib64/openmanage:/opt/dell/srvadmin/lib64:/opt/dell/srvadmin/lib64:/opt/dell/srvadmin/lib64/srvadmin-idrac:/opt/dell/srvadmin/lib64:/opt/dell/srvadmin/lib64/srvadmin-idrac7:/opt/dell/srvadmin/lib64:/opt/dell/srvadmin/lib64/srvadmin-isvc:/opt/dell/srvadmin/lib64:/opt/dell/srvadmin/lib64/openmanage:/opt/dell/srvadmin/lib64:/opt/dell/srvadmin/lib64/openmanage:/usr/lib64/tcl8.5"
| #define HAVE_LIBDL 1
| #define HAVE_DLERROR 1
| #define HAVE_LIBDLLOADER 1
| #define HAVE_ARGZ_H 1
| #define HAVE_ERROR_T 1
| #define HAVE_ARGZ_ADD 1
| #define HAVE_ARGZ_APPEND 1
| #define HAVE_ARGZ_COUNT 1
| #define HAVE_ARGZ_CREATE_SEP 1
| #define HAVE_ARGZ_INSERT 1
| #define HAVE_ARGZ_NEXT 1
| #define HAVE_ARGZ_STRINGIFY 1
| #define HAVE_WORKING_ARGZ 1
| #define HAVE_PRELOADED_SYMBOLS 1
| #define HAVE_LTDL 1
| #define HAVE_UNISTD_H 1
| #define HAVE_DIRENT_H 1
| #define HAVE_CLOSEDIR 1
| #define HAVE_OPENDIR 1
| #define HAVE_READDIR 1
| #define LT_LIBEXT "a"
| #define LT_LIBPREFIX "lib"
| #define TIME_WITH_SYS_TIME 1
| #define NVDIMMSIM_LIBDIR ""
| #define PINTOOL_EXECUTABLE ""
| #define HAVE_SHM 1
| #define HAVE_LIBZ 1
| #define RAMULATOR_LIBDIR ""
| #define DRAMSIM_LIBDIR ""
| #define DRAMSIM3_LIBDIR ""
| #define HBMDRAMSIM_LIBDIR ""
| #define HYBRIDSIM_LIBDIR ""
| /* end confdefs.h.  */
| 
| /* Override any GCC internal prototype to avoid an error.
|    Use char because int might match the return type of a GCC
|    builtin and then its argument prototype would still apply.  */
| #ifdef __cplusplus
| extern "C"
| #endif
| char hmcsim_clock ();
| int
| main ()
| {
| return hmcsim_clock ();
|   ;
|   return 0;
| }
configure:19352: result: no
configure:19387: checking for GOBLIN HMC Simulator library
configure:19389: result: no
configure:19441: checking for NVDIMM.h
configure:19441: result: no
configure:19453: checking for main in -lnvdsim
configure:19481: result: no
configure:19572: checking FlashDIMM.h usability
configure:19572: g++ -c -g -O2  -std=c++1y -D__STDC_FORMAT_MACROS   -I/opt/apps/intel18/python2/2.7.15/include/python2.7 -I/opt/apps/intel18/python2/2.7.15/include/python2.7  -I/work2/07431/tg867305/stampede2/sstcore-11.0.0/install/include/sst/core -I/work2/07431/tg867305/stampede2/sstcore-11.0.0/install/include conftest.cpp >&5
conftest.cpp:92:23: fatal error: FlashDIMM.h: No such file or directory
 #include <FlashDIMM.h>
                       ^
compilation terminated.
configure:19572: $? = 1
configure: failed program was:
| /* confdefs.h */
| #define PACKAGE_NAME "SST Elements Library"
| #define PACKAGE_TARNAME "sst-elements-library"
| #define PACKAGE_VERSION "11.0.0"
| #define PACKAGE_STRING "SST Elements Library 11.0.0"
| #define PACKAGE_BUGREPORT "sst@sandia.gov"
| #define PACKAGE_URL ""
| #define TIME_WITH_SYS_TIME 1
| #define STDC_HEADERS 1
| #define HAVE_SYS_TYPES_H 1
| #define HAVE_SYS_STAT_H 1
| #define HAVE_STDLIB_H 1
| #define HAVE_STRING_H 1
| #define HAVE_MEMORY_H 1
| #define HAVE_STRINGS_H 1
| #define HAVE_INTTYPES_H 1
| #define HAVE_STDINT_H 1
| #define HAVE_UNISTD_H 1
| #define HAVE_DLFCN_H 1
| #define LT_OBJDIR ".libs/"
| #define LT_MODULE_EXT ".so"
| #define LT_MODULE_PATH_VAR "LD_LIBRARY_PATH"
| #define LT_DLSEARCH_PATH "/lib64:/usr/lib64:/lib:/usr/lib:/usr/lib64/atlas:/usr/lib64/dyninst:/usr/lib64/mysql:/usr/lib64/octave/3.8.2:/usr/lib64/qt-3.3/lib:/opt/dell/srvadmin/lib64:/opt/dell/srvadmin/lib64/openmanage:/opt/dell/srvadmin/lib64:/opt/dell/srvadmin/lib64:/opt/dell/srvadmin/lib64/srvadmin-idrac:/opt/dell/srvadmin/lib64:/opt/dell/srvadmin/lib64/srvadmin-idrac7:/opt/dell/srvadmin/lib64:/opt/dell/srvadmin/lib64/srvadmin-isvc:/opt/dell/srvadmin/lib64:/opt/dell/srvadmin/lib64/openmanage:/opt/dell/srvadmin/lib64:/opt/dell/srvadmin/lib64/openmanage:/usr/lib64/tcl8.5"
| #define HAVE_LIBDL 1
| #define HAVE_DLERROR 1
| #define HAVE_LIBDLLOADER 1
| #define HAVE_ARGZ_H 1
| #define HAVE_ERROR_T 1
| #define HAVE_ARGZ_ADD 1
| #define HAVE_ARGZ_APPEND 1
| #define HAVE_ARGZ_COUNT 1
| #define HAVE_ARGZ_CREATE_SEP 1
| #define HAVE_ARGZ_INSERT 1
| #define HAVE_ARGZ_NEXT 1
| #define HAVE_ARGZ_STRINGIFY 1
| #define HAVE_WORKING_ARGZ 1
| #define HAVE_PRELOADED_SYMBOLS 1
| #define HAVE_LTDL 1
| #define HAVE_UNISTD_H 1
| #define HAVE_DIRENT_H 1
| #define HAVE_CLOSEDIR 1
| #define HAVE_OPENDIR 1
| #define HAVE_READDIR 1
| #define LT_LIBEXT "a"
| #define LT_LIBPREFIX "lib"
| #define TIME_WITH_SYS_TIME 1
| #define NVDIMMSIM_LIBDIR ""
| #define PINTOOL_EXECUTABLE ""
| #define HAVE_SHM 1
| #define HAVE_LIBZ 1
| #define RAMULATOR_LIBDIR ""
| #define DRAMSIM_LIBDIR ""
| #define DRAMSIM3_LIBDIR ""
| #define HBMDRAMSIM_LIBDIR ""
| #define HYBRIDSIM_LIBDIR ""
| #define GOBLIN_HMCSIM_LIBDIR ""
| #define NVDIMMSIM_LIBDIR ""
| /* end confdefs.h.  */
| #include <stdio.h>
| #ifdef HAVE_SYS_TYPES_H
| # include <sys/types.h>
| #endif
| #ifdef HAVE_SYS_STAT_H
| # include <sys/stat.h>
| #endif
| #ifdef STDC_HEADERS
| # include <stdlib.h>
| # include <stddef.h>
| #else
| # ifdef HAVE_STDLIB_H
| #  include <stdlib.h>
| # endif
| #endif
| #ifdef HAVE_STRING_H
| # if !defined STDC_HEADERS && defined HAVE_MEMORY_H
| #  include <memory.h>
| # endif
| # include <string.h>
| #endif
| #ifdef HAVE_STRINGS_H
| # include <strings.h>
| #endif
| #ifdef HAVE_INTTYPES_H
| # include <inttypes.h>
| #endif
| #ifdef HAVE_STDINT_H
| # include <stdint.h>
| #endif
| #ifdef HAVE_UNISTD_H
| # include <unistd.h>
| #endif
| #include <FlashDIMM.h>
configure:19572: result: no
configure:19572: checking FlashDIMM.h presence
configure:19572: g++ -E   -I/opt/apps/intel18/python2/2.7.15/include/python2.7 -I/opt/apps/intel18/python2/2.7.15/include/python2.7  -I/work2/07431/tg867305/stampede2/sstcore-11.0.0/install/include/sst/core -I/work2/07431/tg867305/stampede2/sstcore-11.0.0/install/include conftest.cpp
conftest.cpp:59:23: fatal error: FlashDIMM.h: No such file or directory
 #include <FlashDIMM.h>
                       ^
compilation terminated.
configure:19572: $? = 1
configure: failed program was:
| /* confdefs.h */
| #define PACKAGE_NAME "SST Elements Library"
| #define PACKAGE_TARNAME "sst-elements-library"
| #define PACKAGE_VERSION "11.0.0"
| #define PACKAGE_STRING "SST Elements Library 11.0.0"
| #define PACKAGE_BUGREPORT "sst@sandia.gov"
| #define PACKAGE_URL ""
| #define TIME_WITH_SYS_TIME 1
| #define STDC_HEADERS 1
| #define HAVE_SYS_TYPES_H 1
| #define HAVE_SYS_STAT_H 1
| #define HAVE_STDLIB_H 1
| #define HAVE_STRING_H 1
| #define HAVE_MEMORY_H 1
| #define HAVE_STRINGS_H 1
| #define HAVE_INTTYPES_H 1
| #define HAVE_STDINT_H 1
| #define HAVE_UNISTD_H 1
| #define HAVE_DLFCN_H 1
| #define LT_OBJDIR ".libs/"
| #define LT_MODULE_EXT ".so"
| #define LT_MODULE_PATH_VAR "LD_LIBRARY_PATH"
| #define LT_DLSEARCH_PATH "/lib64:/usr/lib64:/lib:/usr/lib:/usr/lib64/atlas:/usr/lib64/dyninst:/usr/lib64/mysql:/usr/lib64/octave/3.8.2:/usr/lib64/qt-3.3/lib:/opt/dell/srvadmin/lib64:/opt/dell/srvadmin/lib64/openmanage:/opt/dell/srvadmin/lib64:/opt/dell/srvadmin/lib64:/opt/dell/srvadmin/lib64/srvadmin-idrac:/opt/dell/srvadmin/lib64:/opt/dell/srvadmin/lib64/srvadmin-idrac7:/opt/dell/srvadmin/lib64:/opt/dell/srvadmin/lib64/srvadmin-isvc:/opt/dell/srvadmin/lib64:/opt/dell/srvadmin/lib64/openmanage:/opt/dell/srvadmin/lib64:/opt/dell/srvadmin/lib64/openmanage:/usr/lib64/tcl8.5"
| #define HAVE_LIBDL 1
| #define HAVE_DLERROR 1
| #define HAVE_LIBDLLOADER 1
| #define HAVE_ARGZ_H 1
| #define HAVE_ERROR_T 1
| #define HAVE_ARGZ_ADD 1
| #define HAVE_ARGZ_APPEND 1
| #define HAVE_ARGZ_COUNT 1
| #define HAVE_ARGZ_CREATE_SEP 1
| #define HAVE_ARGZ_INSERT 1
| #define HAVE_ARGZ_NEXT 1
| #define HAVE_ARGZ_STRINGIFY 1
| #define HAVE_WORKING_ARGZ 1
| #define HAVE_PRELOADED_SYMBOLS 1
| #define HAVE_LTDL 1
| #define HAVE_UNISTD_H 1
| #define HAVE_DIRENT_H 1
| #define HAVE_CLOSEDIR 1
| #define HAVE_OPENDIR 1
| #define HAVE_READDIR 1
| #define LT_LIBEXT "a"
| #define LT_LIBPREFIX "lib"
| #define TIME_WITH_SYS_TIME 1
| #define NVDIMMSIM_LIBDIR ""
| #define PINTOOL_EXECUTABLE ""
| #define HAVE_SHM 1
| #define HAVE_LIBZ 1
| #define RAMULATOR_LIBDIR ""
| #define DRAMSIM_LIBDIR ""
| #define DRAMSIM3_LIBDIR ""
| #define HBMDRAMSIM_LIBDIR ""
| #define HYBRIDSIM_LIBDIR ""
| #define GOBLIN_HMCSIM_LIBDIR ""
| #define NVDIMMSIM_LIBDIR ""
| /* end confdefs.h.  */
| #include <FlashDIMM.h>
configure:19572: result: no
configure:19572: checking for FlashDIMM.h
configure:19572: result: no
configure:19584: checking for main in -lfdsim
configure:19603: g++ -o conftest -g -O2  -std=c++1y -D__STDC_FORMAT_MACROS   -I/opt/apps/intel18/python2/2.7.15/include/python2.7 -I/opt/apps/intel18/python2/2.7.15/include/python2.7  -I/work2/07431/tg867305/stampede2/sstcore-11.0.0/install/include/sst/core -I/work2/07431/tg867305/stampede2/sstcore-11.0.0/install/include    -lpython2.7 -ldl -lpthread -limf -lirc -lssp -lutil -limf -Xlinker -export-dynamic conftest.cpp -lfdsim  -ldl   -ldl  >&5
/opt/apps/gcc/6.3.0/bin/ld: cannot find -lfdsim
collect2: error: ld returned 1 exit status
configure:19603: $? = 1
configure: failed program was:
| /* confdefs.h */
| #define PACKAGE_NAME "SST Elements Library"
| #define PACKAGE_TARNAME "sst-elements-library"
| #define PACKAGE_VERSION "11.0.0"
| #define PACKAGE_STRING "SST Elements Library 11.0.0"
| #define PACKAGE_BUGREPORT "sst@sandia.gov"
| #define PACKAGE_URL ""
| #define TIME_WITH_SYS_TIME 1
| #define STDC_HEADERS 1
| #define HAVE_SYS_TYPES_H 1
| #define HAVE_SYS_STAT_H 1
| #define HAVE_STDLIB_H 1
| #define HAVE_STRING_H 1
| #define HAVE_MEMORY_H 1
| #define HAVE_STRINGS_H 1
| #define HAVE_INTTYPES_H 1
| #define HAVE_STDINT_H 1
| #define HAVE_UNISTD_H 1
| #define HAVE_DLFCN_H 1
| #define LT_OBJDIR ".libs/"
| #define LT_MODULE_EXT ".so"
| #define LT_MODULE_PATH_VAR "LD_LIBRARY_PATH"
| #define LT_DLSEARCH_PATH "/lib64:/usr/lib64:/lib:/usr/lib:/usr/lib64/atlas:/usr/lib64/dyninst:/usr/lib64/mysql:/usr/lib64/octave/3.8.2:/usr/lib64/qt-3.3/lib:/opt/dell/srvadmin/lib64:/opt/dell/srvadmin/lib64/openmanage:/opt/dell/srvadmin/lib64:/opt/dell/srvadmin/lib64:/opt/dell/srvadmin/lib64/srvadmin-idrac:/opt/dell/srvadmin/lib64:/opt/dell/srvadmin/lib64/srvadmin-idrac7:/opt/dell/srvadmin/lib64:/opt/dell/srvadmin/lib64/srvadmin-isvc:/opt/dell/srvadmin/lib64:/opt/dell/srvadmin/lib64/openmanage:/opt/dell/srvadmin/lib64:/opt/dell/srvadmin/lib64/openmanage:/usr/lib64/tcl8.5"
| #define HAVE_LIBDL 1
| #define HAVE_DLERROR 1
| #define HAVE_LIBDLLOADER 1
| #define HAVE_ARGZ_H 1
| #define HAVE_ERROR_T 1
| #define HAVE_ARGZ_ADD 1
| #define HAVE_ARGZ_APPEND 1
| #define HAVE_ARGZ_COUNT 1
| #define HAVE_ARGZ_CREATE_SEP 1
| #define HAVE_ARGZ_INSERT 1
| #define HAVE_ARGZ_NEXT 1
| #define HAVE_ARGZ_STRINGIFY 1
| #define HAVE_WORKING_ARGZ 1
| #define HAVE_PRELOADED_SYMBOLS 1
| #define HAVE_LTDL 1
| #define HAVE_UNISTD_H 1
| #define HAVE_DIRENT_H 1
| #define HAVE_CLOSEDIR 1
| #define HAVE_OPENDIR 1
| #define HAVE_READDIR 1
| #define LT_LIBEXT "a"
| #define LT_LIBPREFIX "lib"
| #define TIME_WITH_SYS_TIME 1
| #define NVDIMMSIM_LIBDIR ""
| #define PINTOOL_EXECUTABLE ""
| #define HAVE_SHM 1
| #define HAVE_LIBZ 1
| #define RAMULATOR_LIBDIR ""
| #define DRAMSIM_LIBDIR ""
| #define DRAMSIM3_LIBDIR ""
| #define HBMDRAMSIM_LIBDIR ""
| #define HYBRIDSIM_LIBDIR ""
| #define GOBLIN_HMCSIM_LIBDIR ""
| #define NVDIMMSIM_LIBDIR ""
| /* end confdefs.h.  */
| 
| 
| int
| main ()
| {
| return main ();
|   ;
|   return 0;
| }
configure:19612: result: no
configure:19700: checking for zlib.h
configure:19700: result: yes
configure:19715: checking for gzopen in -lz
configure:19749: result: yes
configure:19778: checking for libz compression library
configure:19780: result: yes
configure:19867: checking sim.h usability
configure:19867: g++ -c -g -O2  -std=c++1y -D__STDC_FORMAT_MACROS   -I/opt/apps/intel18/python2/2.7.15/include/python2.7 -I/opt/apps/intel18/python2/2.7.15/include/python2.7  -I/work2/07431/tg867305/stampede2/sstcore-11.0.0/install/include/sst/core -I/work2/07431/tg867305/stampede2/sstcore-11.0.0/install/include conftest.cpp >&5
conftest.cpp:94:17: fatal error: sim.h: No such file or directory
 #include <sim.h>
                 ^
compilation terminated.
configure:19867: $? = 1
configure: failed program was:
| /* confdefs.h */
| #define PACKAGE_NAME "SST Elements Library"
| #define PACKAGE_TARNAME "sst-elements-library"
| #define PACKAGE_VERSION "11.0.0"
| #define PACKAGE_STRING "SST Elements Library 11.0.0"
| #define PACKAGE_BUGREPORT "sst@sandia.gov"
| #define PACKAGE_URL ""
| #define TIME_WITH_SYS_TIME 1
| #define STDC_HEADERS 1
| #define HAVE_SYS_TYPES_H 1
| #define HAVE_SYS_STAT_H 1
| #define HAVE_STDLIB_H 1
| #define HAVE_STRING_H 1
| #define HAVE_MEMORY_H 1
| #define HAVE_STRINGS_H 1
| #define HAVE_INTTYPES_H 1
| #define HAVE_STDINT_H 1
| #define HAVE_UNISTD_H 1
| #define HAVE_DLFCN_H 1
| #define LT_OBJDIR ".libs/"
| #define LT_MODULE_EXT ".so"
| #define LT_MODULE_PATH_VAR "LD_LIBRARY_PATH"
| #define LT_DLSEARCH_PATH "/lib64:/usr/lib64:/lib:/usr/lib:/usr/lib64/atlas:/usr/lib64/dyninst:/usr/lib64/mysql:/usr/lib64/octave/3.8.2:/usr/lib64/qt-3.3/lib:/opt/dell/srvadmin/lib64:/opt/dell/srvadmin/lib64/openmanage:/opt/dell/srvadmin/lib64:/opt/dell/srvadmin/lib64:/opt/dell/srvadmin/lib64/srvadmin-idrac:/opt/dell/srvadmin/lib64:/opt/dell/srvadmin/lib64/srvadmin-idrac7:/opt/dell/srvadmin/lib64:/opt/dell/srvadmin/lib64/srvadmin-isvc:/opt/dell/srvadmin/lib64:/opt/dell/srvadmin/lib64/openmanage:/opt/dell/srvadmin/lib64:/opt/dell/srvadmin/lib64/openmanage:/usr/lib64/tcl8.5"
| #define HAVE_LIBDL 1
| #define HAVE_DLERROR 1
| #define HAVE_LIBDLLOADER 1
| #define HAVE_ARGZ_H 1
| #define HAVE_ERROR_T 1
| #define HAVE_ARGZ_ADD 1
| #define HAVE_ARGZ_APPEND 1
| #define HAVE_ARGZ_COUNT 1
| #define HAVE_ARGZ_CREATE_SEP 1
| #define HAVE_ARGZ_INSERT 1
| #define HAVE_ARGZ_NEXT 1
| #define HAVE_ARGZ_STRINGIFY 1
| #define HAVE_WORKING_ARGZ 1
| #define HAVE_PRELOADED_SYMBOLS 1
| #define HAVE_LTDL 1
| #define HAVE_UNISTD_H 1
| #define HAVE_DIRENT_H 1
| #define HAVE_CLOSEDIR 1
| #define HAVE_OPENDIR 1
| #define HAVE_READDIR 1
| #define LT_LIBEXT "a"
| #define LT_LIBPREFIX "lib"
| #define TIME_WITH_SYS_TIME 1
| #define NVDIMMSIM_LIBDIR ""
| #define PINTOOL_EXECUTABLE ""
| #define HAVE_SHM 1
| #define HAVE_LIBZ 1
| #define RAMULATOR_LIBDIR ""
| #define DRAMSIM_LIBDIR ""
| #define DRAMSIM3_LIBDIR ""
| #define HBMDRAMSIM_LIBDIR ""
| #define HYBRIDSIM_LIBDIR ""
| #define GOBLIN_HMCSIM_LIBDIR ""
| #define NVDIMMSIM_LIBDIR ""
| #define FDSIM_LIBDIR ""
| #define HAVE_LIBZ 1
| /* end confdefs.h.  */
| #include <stdio.h>
| #ifdef HAVE_SYS_TYPES_H
| # include <sys/types.h>
| #endif
| #ifdef HAVE_SYS_STAT_H
| # include <sys/stat.h>
| #endif
| #ifdef STDC_HEADERS
| # include <stdlib.h>
| # include <stddef.h>
| #else
| # ifdef HAVE_STDLIB_H
| #  include <stdlib.h>
| # endif
| #endif
| #ifdef HAVE_STRING_H
| # if !defined STDC_HEADERS && defined HAVE_MEMORY_H
| #  include <memory.h>
| # endif
| # include <string.h>
| #endif
| #ifdef HAVE_STRINGS_H
| # include <strings.h>
| #endif
| #ifdef HAVE_INTTYPES_H
| # include <inttypes.h>
| #endif
| #ifdef HAVE_STDINT_H
| # include <stdint.h>
| #endif
| #ifdef HAVE_UNISTD_H
| # include <unistd.h>
| #endif
| #include <sim.h>
configure:19867: result: no
configure:19867: checking sim.h presence
configure:19867: g++ -E   -I/opt/apps/intel18/python2/2.7.15/include/python2.7 -I/opt/apps/intel18/python2/2.7.15/include/python2.7  -I/work2/07431/tg867305/stampede2/sstcore-11.0.0/install/include/sst/core -I/work2/07431/tg867305/stampede2/sstcore-11.0.0/install/include conftest.cpp
conftest.cpp:61:17: fatal error: sim.h: No such file or directory
 #include <sim.h>
                 ^
compilation terminated.
configure:19867: $? = 1
configure: failed program was:
| /* confdefs.h */
| #define PACKAGE_NAME "SST Elements Library"
| #define PACKAGE_TARNAME "sst-elements-library"
| #define PACKAGE_VERSION "11.0.0"
| #define PACKAGE_STRING "SST Elements Library 11.0.0"
| #define PACKAGE_BUGREPORT "sst@sandia.gov"
| #define PACKAGE_URL ""
| #define TIME_WITH_SYS_TIME 1
| #define STDC_HEADERS 1
| #define HAVE_SYS_TYPES_H 1
| #define HAVE_SYS_STAT_H 1
| #define HAVE_STDLIB_H 1
| #define HAVE_STRING_H 1
| #define HAVE_MEMORY_H 1
| #define HAVE_STRINGS_H 1
| #define HAVE_INTTYPES_H 1
| #define HAVE_STDINT_H 1
| #define HAVE_UNISTD_H 1
| #define HAVE_DLFCN_H 1
| #define LT_OBJDIR ".libs/"
| #define LT_MODULE_EXT ".so"
| #define LT_MODULE_PATH_VAR "LD_LIBRARY_PATH"
| #define LT_DLSEARCH_PATH "/lib64:/usr/lib64:/lib:/usr/lib:/usr/lib64/atlas:/usr/lib64/dyninst:/usr/lib64/mysql:/usr/lib64/octave/3.8.2:/usr/lib64/qt-3.3/lib:/opt/dell/srvadmin/lib64:/opt/dell/srvadmin/lib64/openmanage:/opt/dell/srvadmin/lib64:/opt/dell/srvadmin/lib64:/opt/dell/srvadmin/lib64/srvadmin-idrac:/opt/dell/srvadmin/lib64:/opt/dell/srvadmin/lib64/srvadmin-idrac7:/opt/dell/srvadmin/lib64:/opt/dell/srvadmin/lib64/srvadmin-isvc:/opt/dell/srvadmin/lib64:/opt/dell/srvadmin/lib64/openmanage:/opt/dell/srvadmin/lib64:/opt/dell/srvadmin/lib64/openmanage:/usr/lib64/tcl8.5"
| #define HAVE_LIBDL 1
| #define HAVE_DLERROR 1
| #define HAVE_LIBDLLOADER 1
| #define HAVE_ARGZ_H 1
| #define HAVE_ERROR_T 1
| #define HAVE_ARGZ_ADD 1
| #define HAVE_ARGZ_APPEND 1
| #define HAVE_ARGZ_COUNT 1
| #define HAVE_ARGZ_CREATE_SEP 1
| #define HAVE_ARGZ_INSERT 1
| #define HAVE_ARGZ_NEXT 1
| #define HAVE_ARGZ_STRINGIFY 1
| #define HAVE_WORKING_ARGZ 1
| #define HAVE_PRELOADED_SYMBOLS 1
| #define HAVE_LTDL 1
| #define HAVE_UNISTD_H 1
| #define HAVE_DIRENT_H 1
| #define HAVE_CLOSEDIR 1
| #define HAVE_OPENDIR 1
| #define HAVE_READDIR 1
| #define LT_LIBEXT "a"
| #define LT_LIBPREFIX "lib"
| #define TIME_WITH_SYS_TIME 1
| #define NVDIMMSIM_LIBDIR ""
| #define PINTOOL_EXECUTABLE ""
| #define HAVE_SHM 1
| #define HAVE_LIBZ 1
| #define RAMULATOR_LIBDIR ""
| #define DRAMSIM_LIBDIR ""
| #define DRAMSIM3_LIBDIR ""
| #define HBMDRAMSIM_LIBDIR ""
| #define HYBRIDSIM_LIBDIR ""
| #define GOBLIN_HMCSIM_LIBDIR ""
| #define NVDIMMSIM_LIBDIR ""
| #define FDSIM_LIBDIR ""
| #define HAVE_LIBZ 1
| /* end confdefs.h.  */
| #include <sim.h>
configure:19867: result: no
configure:19867: checking for sim.h
configure:19867: result: no
configure:19882: checking for _ZN5sim_t3runEv in -lriscv
configure:19907: gcc -o conftest -g -O2    -I/opt/apps/intel18/python2/2.7.15/include/python2.7 -I/opt/apps/intel18/python2/2.7.15/include/python2.7  -I/work2/07431/tg867305/stampede2/sstcore-11.0.0/install/include/sst/core -I/work2/07431/tg867305/stampede2/sstcore-11.0.0/install/include    -lpython2.7 -ldl -lpthread -limf -lirc -lssp -lutil -limf -Xlinker -export-dynamic conftest.c -lriscv -lfesvr -lsoftfloat -ldl   -ldl  >&5
/opt/apps/gcc/6.3.0/bin/ld: cannot find -lriscv
/opt/apps/gcc/6.3.0/bin/ld: cannot find -lfesvr
/opt/apps/gcc/6.3.0/bin/ld: cannot find -lsoftfloat
collect2: error: ld returned 1 exit status
configure:19907: $? = 1
configure: failed program was:
| /* confdefs.h */
| #define PACKAGE_NAME "SST Elements Library"
| #define PACKAGE_TARNAME "sst-elements-library"
| #define PACKAGE_VERSION "11.0.0"
| #define PACKAGE_STRING "SST Elements Library 11.0.0"
| #define PACKAGE_BUGREPORT "sst@sandia.gov"
| #define PACKAGE_URL ""
| #define TIME_WITH_SYS_TIME 1
| #define STDC_HEADERS 1
| #define HAVE_SYS_TYPES_H 1
| #define HAVE_SYS_STAT_H 1
| #define HAVE_STDLIB_H 1
| #define HAVE_STRING_H 1
| #define HAVE_MEMORY_H 1
| #define HAVE_STRINGS_H 1
| #define HAVE_INTTYPES_H 1
| #define HAVE_STDINT_H 1
| #define HAVE_UNISTD_H 1
| #define HAVE_DLFCN_H 1
| #define LT_OBJDIR ".libs/"
| #define LT_MODULE_EXT ".so"
| #define LT_MODULE_PATH_VAR "LD_LIBRARY_PATH"
| #define LT_DLSEARCH_PATH "/lib64:/usr/lib64:/lib:/usr/lib:/usr/lib64/atlas:/usr/lib64/dyninst:/usr/lib64/mysql:/usr/lib64/octave/3.8.2:/usr/lib64/qt-3.3/lib:/opt/dell/srvadmin/lib64:/opt/dell/srvadmin/lib64/openmanage:/opt/dell/srvadmin/lib64:/opt/dell/srvadmin/lib64:/opt/dell/srvadmin/lib64/srvadmin-idrac:/opt/dell/srvadmin/lib64:/opt/dell/srvadmin/lib64/srvadmin-idrac7:/opt/dell/srvadmin/lib64:/opt/dell/srvadmin/lib64/srvadmin-isvc:/opt/dell/srvadmin/lib64:/opt/dell/srvadmin/lib64/openmanage:/opt/dell/srvadmin/lib64:/opt/dell/srvadmin/lib64/openmanage:/usr/lib64/tcl8.5"
| #define HAVE_LIBDL 1
| #define HAVE_DLERROR 1
| #define HAVE_LIBDLLOADER 1
| #define HAVE_ARGZ_H 1
| #define HAVE_ERROR_T 1
| #define HAVE_ARGZ_ADD 1
| #define HAVE_ARGZ_APPEND 1
| #define HAVE_ARGZ_COUNT 1
| #define HAVE_ARGZ_CREATE_SEP 1
| #define HAVE_ARGZ_INSERT 1
| #define HAVE_ARGZ_NEXT 1
| #define HAVE_ARGZ_STRINGIFY 1
| #define HAVE_WORKING_ARGZ 1
| #define HAVE_PRELOADED_SYMBOLS 1
| #define HAVE_LTDL 1
| #define HAVE_UNISTD_H 1
| #define HAVE_DIRENT_H 1
| #define HAVE_CLOSEDIR 1
| #define HAVE_OPENDIR 1
| #define HAVE_READDIR 1
| #define LT_LIBEXT "a"
| #define LT_LIBPREFIX "lib"
| #define TIME_WITH_SYS_TIME 1
| #define NVDIMMSIM_LIBDIR ""
| #define PINTOOL_EXECUTABLE ""
| #define HAVE_SHM 1
| #define HAVE_LIBZ 1
| #define RAMULATOR_LIBDIR ""
| #define DRAMSIM_LIBDIR ""
| #define DRAMSIM3_LIBDIR ""
| #define HBMDRAMSIM_LIBDIR ""
| #define HYBRIDSIM_LIBDIR ""
| #define GOBLIN_HMCSIM_LIBDIR ""
| #define NVDIMMSIM_LIBDIR ""
| #define FDSIM_LIBDIR ""
| #define HAVE_LIBZ 1
| /* end confdefs.h.  */
| 
| /* Override any GCC internal prototype to avoid an error.
|    Use char because int might match the return type of a GCC
|    builtin and then its argument prototype would still apply.  */
| #ifdef __cplusplus
| extern "C"
| #endif
| char _ZN5sim_t3runEv ();
| int
| main ()
| {
| return _ZN5sim_t3runEv ();
|   ;
|   return 0;
| }
configure:19916: result: no
configure:19951: checking for RISC-V Spike simulator library
configure:19953: result: no
configure:20018: checking for zlib.h
configure:20018: result: yes
configure:20033: checking for gzopen in -lz
configure:20067: result: yes
configure:20096: checking for libz compression library
configure:20098: result: yes
configure:20144: checking for pin.sh
configure:20178: result: no
configure:20185: checking for pin
configure:20219: result: no
configure:20278: checking PIN Tool
configure:20280: result: no
configure:20306: checking for library containing shm_open
configure:20354: result: -lrt
configure:20491: checking Vault.h usability
configure:20491: g++ -c -g -O2  -std=c++1y -D__STDC_FORMAT_MACROS   -I/opt/apps/intel18/python2/2.7.15/include/python2.7 -I/opt/apps/intel18/python2/2.7.15/include/python2.7  -I/work2/07431/tg867305/stampede2/sstcore-11.0.0/install/include/sst/core -I/work2/07431/tg867305/stampede2/sstcore-11.0.0/install/include conftest.cpp >&5
conftest.cpp:98:19: fatal error: Vault.h: No such file or directory
 #include <Vault.h>
                   ^
compilation terminated.
configure:20491: $? = 1
configure: failed program was:
| /* confdefs.h */
| #define PACKAGE_NAME "SST Elements Library"
| #define PACKAGE_TARNAME "sst-elements-library"
| #define PACKAGE_VERSION "11.0.0"
| #define PACKAGE_STRING "SST Elements Library 11.0.0"
| #define PACKAGE_BUGREPORT "sst@sandia.gov"
| #define PACKAGE_URL ""
| #define TIME_WITH_SYS_TIME 1
| #define STDC_HEADERS 1
| #define HAVE_SYS_TYPES_H 1
| #define HAVE_SYS_STAT_H 1
| #define HAVE_STDLIB_H 1
| #define HAVE_STRING_H 1
| #define HAVE_MEMORY_H 1
| #define HAVE_STRINGS_H 1
| #define HAVE_INTTYPES_H 1
| #define HAVE_STDINT_H 1
| #define HAVE_UNISTD_H 1
| #define HAVE_DLFCN_H 1
| #define LT_OBJDIR ".libs/"
| #define LT_MODULE_EXT ".so"
| #define LT_MODULE_PATH_VAR "LD_LIBRARY_PATH"
| #define LT_DLSEARCH_PATH "/lib64:/usr/lib64:/lib:/usr/lib:/usr/lib64/atlas:/usr/lib64/dyninst:/usr/lib64/mysql:/usr/lib64/octave/3.8.2:/usr/lib64/qt-3.3/lib:/opt/dell/srvadmin/lib64:/opt/dell/srvadmin/lib64/openmanage:/opt/dell/srvadmin/lib64:/opt/dell/srvadmin/lib64:/opt/dell/srvadmin/lib64/srvadmin-idrac:/opt/dell/srvadmin/lib64:/opt/dell/srvadmin/lib64/srvadmin-idrac7:/opt/dell/srvadmin/lib64:/opt/dell/srvadmin/lib64/srvadmin-isvc:/opt/dell/srvadmin/lib64:/opt/dell/srvadmin/lib64/openmanage:/opt/dell/srvadmin/lib64:/opt/dell/srvadmin/lib64/openmanage:/usr/lib64/tcl8.5"
| #define HAVE_LIBDL 1
| #define HAVE_DLERROR 1
| #define HAVE_LIBDLLOADER 1
| #define HAVE_ARGZ_H 1
| #define HAVE_ERROR_T 1
| #define HAVE_ARGZ_ADD 1
| #define HAVE_ARGZ_APPEND 1
| #define HAVE_ARGZ_COUNT 1
| #define HAVE_ARGZ_CREATE_SEP 1
| #define HAVE_ARGZ_INSERT 1
| #define HAVE_ARGZ_NEXT 1
| #define HAVE_ARGZ_STRINGIFY 1
| #define HAVE_WORKING_ARGZ 1
| #define HAVE_PRELOADED_SYMBOLS 1
| #define HAVE_LTDL 1
| #define HAVE_UNISTD_H 1
| #define HAVE_DIRENT_H 1
| #define HAVE_CLOSEDIR 1
| #define HAVE_OPENDIR 1
| #define HAVE_READDIR 1
| #define LT_LIBEXT "a"
| #define LT_LIBPREFIX "lib"
| #define TIME_WITH_SYS_TIME 1
| #define NVDIMMSIM_LIBDIR ""
| #define PINTOOL_EXECUTABLE ""
| #define HAVE_SHM 1
| #define HAVE_LIBZ 1
| #define RAMULATOR_LIBDIR ""
| #define DRAMSIM_LIBDIR ""
| #define DRAMSIM3_LIBDIR ""
| #define HBMDRAMSIM_LIBDIR ""
| #define HYBRIDSIM_LIBDIR ""
| #define GOBLIN_HMCSIM_LIBDIR ""
| #define NVDIMMSIM_LIBDIR ""
| #define FDSIM_LIBDIR ""
| #define HAVE_LIBZ 1
| #define STAKE_LIBDIR ""
| #define HAVE_LIBZ 1
| #define PINTOOL_EXECUTABLE ""
| #define HAVE_SHM 1
| /* end confdefs.h.  */
| #include <stdio.h>
| #ifdef HAVE_SYS_TYPES_H
| # include <sys/types.h>
| #endif
| #ifdef HAVE_SYS_STAT_H
| # include <sys/stat.h>
| #endif
| #ifdef STDC_HEADERS
| # include <stdlib.h>
| # include <stddef.h>
| #else
| # ifdef HAVE_STDLIB_H
| #  include <stdlib.h>
| # endif
| #endif
| #ifdef HAVE_STRING_H
| # if !defined STDC_HEADERS && defined HAVE_MEMORY_H
| #  include <memory.h>
| # endif
| # include <string.h>
| #endif
| #ifdef HAVE_STRINGS_H
| # include <strings.h>
| #endif
| #ifdef HAVE_INTTYPES_H
| # include <inttypes.h>
| #endif
| #ifdef HAVE_STDINT_H
| # include <stdint.h>
| #endif
| #ifdef HAVE_UNISTD_H
| # include <unistd.h>
| #endif
| #include <Vault.h>
configure:20491: result: no
configure:20491: checking Vault.h presence
configure:20491: g++ -E   -I/opt/apps/intel18/python2/2.7.15/include/python2.7 -I/opt/apps/intel18/python2/2.7.15/include/python2.7  -I/work2/07431/tg867305/stampede2/sstcore-11.0.0/install/include/sst/core -I/work2/07431/tg867305/stampede2/sstcore-11.0.0/install/include conftest.cpp
conftest.cpp:65:19: fatal error: Vault.h: No such file or directory
 #include <Vault.h>
                   ^
compilation terminated.
configure:20491: $? = 1
configure: failed program was:
| /* confdefs.h */
| #define PACKAGE_NAME "SST Elements Library"
| #define PACKAGE_TARNAME "sst-elements-library"
| #define PACKAGE_VERSION "11.0.0"
| #define PACKAGE_STRING "SST Elements Library 11.0.0"
| #define PACKAGE_BUGREPORT "sst@sandia.gov"
| #define PACKAGE_URL ""
| #define TIME_WITH_SYS_TIME 1
| #define STDC_HEADERS 1
| #define HAVE_SYS_TYPES_H 1
| #define HAVE_SYS_STAT_H 1
| #define HAVE_STDLIB_H 1
| #define HAVE_STRING_H 1
| #define HAVE_MEMORY_H 1
| #define HAVE_STRINGS_H 1
| #define HAVE_INTTYPES_H 1
| #define HAVE_STDINT_H 1
| #define HAVE_UNISTD_H 1
| #define HAVE_DLFCN_H 1
| #define LT_OBJDIR ".libs/"
| #define LT_MODULE_EXT ".so"
| #define LT_MODULE_PATH_VAR "LD_LIBRARY_PATH"
| #define LT_DLSEARCH_PATH "/lib64:/usr/lib64:/lib:/usr/lib:/usr/lib64/atlas:/usr/lib64/dyninst:/usr/lib64/mysql:/usr/lib64/octave/3.8.2:/usr/lib64/qt-3.3/lib:/opt/dell/srvadmin/lib64:/opt/dell/srvadmin/lib64/openmanage:/opt/dell/srvadmin/lib64:/opt/dell/srvadmin/lib64:/opt/dell/srvadmin/lib64/srvadmin-idrac:/opt/dell/srvadmin/lib64:/opt/dell/srvadmin/lib64/srvadmin-idrac7:/opt/dell/srvadmin/lib64:/opt/dell/srvadmin/lib64/srvadmin-isvc:/opt/dell/srvadmin/lib64:/opt/dell/srvadmin/lib64/openmanage:/opt/dell/srvadmin/lib64:/opt/dell/srvadmin/lib64/openmanage:/usr/lib64/tcl8.5"
| #define HAVE_LIBDL 1
| #define HAVE_DLERROR 1
| #define HAVE_LIBDLLOADER 1
| #define HAVE_ARGZ_H 1
| #define HAVE_ERROR_T 1
| #define HAVE_ARGZ_ADD 1
| #define HAVE_ARGZ_APPEND 1
| #define HAVE_ARGZ_COUNT 1
| #define HAVE_ARGZ_CREATE_SEP 1
| #define HAVE_ARGZ_INSERT 1
| #define HAVE_ARGZ_NEXT 1
| #define HAVE_ARGZ_STRINGIFY 1
| #define HAVE_WORKING_ARGZ 1
| #define HAVE_PRELOADED_SYMBOLS 1
| #define HAVE_LTDL 1
| #define HAVE_UNISTD_H 1
| #define HAVE_DIRENT_H 1
| #define HAVE_CLOSEDIR 1
| #define HAVE_OPENDIR 1
| #define HAVE_READDIR 1
| #define LT_LIBEXT "a"
| #define LT_LIBPREFIX "lib"
| #define TIME_WITH_SYS_TIME 1
| #define NVDIMMSIM_LIBDIR ""
| #define PINTOOL_EXECUTABLE ""
| #define HAVE_SHM 1
| #define HAVE_LIBZ 1
| #define RAMULATOR_LIBDIR ""
| #define DRAMSIM_LIBDIR ""
| #define DRAMSIM3_LIBDIR ""
| #define HBMDRAMSIM_LIBDIR ""
| #define HYBRIDSIM_LIBDIR ""
| #define GOBLIN_HMCSIM_LIBDIR ""
| #define NVDIMMSIM_LIBDIR ""
| #define FDSIM_LIBDIR ""
| #define HAVE_LIBZ 1
| #define STAKE_LIBDIR ""
| #define HAVE_LIBZ 1
| #define PINTOOL_EXECUTABLE ""
| #define HAVE_SHM 1
| /* end confdefs.h.  */
| #include <Vault.h>
configure:20491: result: no
configure:20491: checking for Vault.h
configure:20491: result: no
configure:20503: checking for vault_is_present in -lphx
configure:20528: g++ -o conftest -g -O2  -std=c++1y -D__STDC_FORMAT_MACROS   -I/opt/apps/intel18/python2/2.7.15/include/python2.7 -I/opt/apps/intel18/python2/2.7.15/include/python2.7  -I/work2/07431/tg867305/stampede2/sstcore-11.0.0/install/include/sst/core -I/work2/07431/tg867305/stampede2/sstcore-11.0.0/install/include    -lpython2.7 -ldl -lpthread -limf -lirc -lssp -lutil -limf -Xlinker -export-dynamic conftest.cpp -lphx  -ldl   -ldl  >&5
/opt/apps/gcc/6.3.0/bin/ld: cannot find -lphx
collect2: error: ld returned 1 exit status
configure:20528: $? = 1
configure: failed program was:
| /* confdefs.h */
| #define PACKAGE_NAME "SST Elements Library"
| #define PACKAGE_TARNAME "sst-elements-library"
| #define PACKAGE_VERSION "11.0.0"
| #define PACKAGE_STRING "SST Elements Library 11.0.0"
| #define PACKAGE_BUGREPORT "sst@sandia.gov"
| #define PACKAGE_URL ""
| #define TIME_WITH_SYS_TIME 1
| #define STDC_HEADERS 1
| #define HAVE_SYS_TYPES_H 1
| #define HAVE_SYS_STAT_H 1
| #define HAVE_STDLIB_H 1
| #define HAVE_STRING_H 1
| #define HAVE_MEMORY_H 1
| #define HAVE_STRINGS_H 1
| #define HAVE_INTTYPES_H 1
| #define HAVE_STDINT_H 1
| #define HAVE_UNISTD_H 1
| #define HAVE_DLFCN_H 1
| #define LT_OBJDIR ".libs/"
| #define LT_MODULE_EXT ".so"
| #define LT_MODULE_PATH_VAR "LD_LIBRARY_PATH"
| #define LT_DLSEARCH_PATH "/lib64:/usr/lib64:/lib:/usr/lib:/usr/lib64/atlas:/usr/lib64/dyninst:/usr/lib64/mysql:/usr/lib64/octave/3.8.2:/usr/lib64/qt-3.3/lib:/opt/dell/srvadmin/lib64:/opt/dell/srvadmin/lib64/openmanage:/opt/dell/srvadmin/lib64:/opt/dell/srvadmin/lib64:/opt/dell/srvadmin/lib64/srvadmin-idrac:/opt/dell/srvadmin/lib64:/opt/dell/srvadmin/lib64/srvadmin-idrac7:/opt/dell/srvadmin/lib64:/opt/dell/srvadmin/lib64/srvadmin-isvc:/opt/dell/srvadmin/lib64:/opt/dell/srvadmin/lib64/openmanage:/opt/dell/srvadmin/lib64:/opt/dell/srvadmin/lib64/openmanage:/usr/lib64/tcl8.5"
| #define HAVE_LIBDL 1
| #define HAVE_DLERROR 1
| #define HAVE_LIBDLLOADER 1
| #define HAVE_ARGZ_H 1
| #define HAVE_ERROR_T 1
| #define HAVE_ARGZ_ADD 1
| #define HAVE_ARGZ_APPEND 1
| #define HAVE_ARGZ_COUNT 1
| #define HAVE_ARGZ_CREATE_SEP 1
| #define HAVE_ARGZ_INSERT 1
| #define HAVE_ARGZ_NEXT 1
| #define HAVE_ARGZ_STRINGIFY 1
| #define HAVE_WORKING_ARGZ 1
| #define HAVE_PRELOADED_SYMBOLS 1
| #define HAVE_LTDL 1
| #define HAVE_UNISTD_H 1
| #define HAVE_DIRENT_H 1
| #define HAVE_CLOSEDIR 1
| #define HAVE_OPENDIR 1
| #define HAVE_READDIR 1
| #define LT_LIBEXT "a"
| #define LT_LIBPREFIX "lib"
| #define TIME_WITH_SYS_TIME 1
| #define NVDIMMSIM_LIBDIR ""
| #define PINTOOL_EXECUTABLE ""
| #define HAVE_SHM 1
| #define HAVE_LIBZ 1
| #define RAMULATOR_LIBDIR ""
| #define DRAMSIM_LIBDIR ""
| #define DRAMSIM3_LIBDIR ""
| #define HBMDRAMSIM_LIBDIR ""
| #define HYBRIDSIM_LIBDIR ""
| #define GOBLIN_HMCSIM_LIBDIR ""
| #define NVDIMMSIM_LIBDIR ""
| #define FDSIM_LIBDIR ""
| #define HAVE_LIBZ 1
| #define STAKE_LIBDIR ""
| #define HAVE_LIBZ 1
| #define PINTOOL_EXECUTABLE ""
| #define HAVE_SHM 1
| /* end confdefs.h.  */
| 
| /* Override any GCC internal prototype to avoid an error.
|    Use char because int might match the return type of a GCC
|    builtin and then its argument prototype would still apply.  */
| #ifdef __cplusplus
| extern "C"
| #endif
| char vault_is_present ();
| int
| main ()
| {
| return vault_is_present ();
|   ;
|   return 0;
| }
configure:20537: result: no
configure:20590: No usable PHX Library building with internal timings
configure:20644: checking for otfconfig
configure:20677: result: no
configure:20709: checking for OTF library
configure:20711: result: no
configure:20760: checking dumpi/libundumpi/libundumpi.h usability
configure:20760: g++ -c -g -O2  -std=c++1y -D__STDC_FORMAT_MACROS   -I/opt/apps/intel18/python2/2.7.15/include/python2.7 -I/opt/apps/intel18/python2/2.7.15/include/python2.7  -I/work2/07431/tg867305/stampede2/sstcore-11.0.0/install/include/sst/core -I/work2/07431/tg867305/stampede2/sstcore-11.0.0/install/include conftest.cpp >&5
conftest.cpp:99:41: fatal error: dumpi/libundumpi/libundumpi.h: No such file or directory
 #include <dumpi/libundumpi/libundumpi.h>
                                         ^
compilation terminated.
configure:20760: $? = 1
configure: failed program was:
| /* confdefs.h */
| #define PACKAGE_NAME "SST Elements Library"
| #define PACKAGE_TARNAME "sst-elements-library"
| #define PACKAGE_VERSION "11.0.0"
| #define PACKAGE_STRING "SST Elements Library 11.0.0"
| #define PACKAGE_BUGREPORT "sst@sandia.gov"
| #define PACKAGE_URL ""
| #define TIME_WITH_SYS_TIME 1
| #define STDC_HEADERS 1
| #define HAVE_SYS_TYPES_H 1
| #define HAVE_SYS_STAT_H 1
| #define HAVE_STDLIB_H 1
| #define HAVE_STRING_H 1
| #define HAVE_MEMORY_H 1
| #define HAVE_STRINGS_H 1
| #define HAVE_INTTYPES_H 1
| #define HAVE_STDINT_H 1
| #define HAVE_UNISTD_H 1
| #define HAVE_DLFCN_H 1
| #define LT_OBJDIR ".libs/"
| #define LT_MODULE_EXT ".so"
| #define LT_MODULE_PATH_VAR "LD_LIBRARY_PATH"
| #define LT_DLSEARCH_PATH "/lib64:/usr/lib64:/lib:/usr/lib:/usr/lib64/atlas:/usr/lib64/dyninst:/usr/lib64/mysql:/usr/lib64/octave/3.8.2:/usr/lib64/qt-3.3/lib:/opt/dell/srvadmin/lib64:/opt/dell/srvadmin/lib64/openmanage:/opt/dell/srvadmin/lib64:/opt/dell/srvadmin/lib64:/opt/dell/srvadmin/lib64/srvadmin-idrac:/opt/dell/srvadmin/lib64:/opt/dell/srvadmin/lib64/srvadmin-idrac7:/opt/dell/srvadmin/lib64:/opt/dell/srvadmin/lib64/srvadmin-isvc:/opt/dell/srvadmin/lib64:/opt/dell/srvadmin/lib64/openmanage:/opt/dell/srvadmin/lib64:/opt/dell/srvadmin/lib64/openmanage:/usr/lib64/tcl8.5"
| #define HAVE_LIBDL 1
| #define HAVE_DLERROR 1
| #define HAVE_LIBDLLOADER 1
| #define HAVE_ARGZ_H 1
| #define HAVE_ERROR_T 1
| #define HAVE_ARGZ_ADD 1
| #define HAVE_ARGZ_APPEND 1
| #define HAVE_ARGZ_COUNT 1
| #define HAVE_ARGZ_CREATE_SEP 1
| #define HAVE_ARGZ_INSERT 1
| #define HAVE_ARGZ_NEXT 1
| #define HAVE_ARGZ_STRINGIFY 1
| #define HAVE_WORKING_ARGZ 1
| #define HAVE_PRELOADED_SYMBOLS 1
| #define HAVE_LTDL 1
| #define HAVE_UNISTD_H 1
| #define HAVE_DIRENT_H 1
| #define HAVE_CLOSEDIR 1
| #define HAVE_OPENDIR 1
| #define HAVE_READDIR 1
| #define LT_LIBEXT "a"
| #define LT_LIBPREFIX "lib"
| #define TIME_WITH_SYS_TIME 1
| #define NVDIMMSIM_LIBDIR ""
| #define PINTOOL_EXECUTABLE ""
| #define HAVE_SHM 1
| #define HAVE_LIBZ 1
| #define RAMULATOR_LIBDIR ""
| #define DRAMSIM_LIBDIR ""
| #define DRAMSIM3_LIBDIR ""
| #define HBMDRAMSIM_LIBDIR ""
| #define HYBRIDSIM_LIBDIR ""
| #define GOBLIN_HMCSIM_LIBDIR ""
| #define NVDIMMSIM_LIBDIR ""
| #define FDSIM_LIBDIR ""
| #define HAVE_LIBZ 1
| #define STAKE_LIBDIR ""
| #define HAVE_LIBZ 1
| #define PINTOOL_EXECUTABLE ""
| #define HAVE_SHM 1
| #define LIBPHX_LIBDIR ""
| /* end confdefs.h.  */
| #include <stdio.h>
| #ifdef HAVE_SYS_TYPES_H
| # include <sys/types.h>
| #endif
| #ifdef HAVE_SYS_STAT_H
| # include <sys/stat.h>
| #endif
| #ifdef STDC_HEADERS
| # include <stdlib.h>
| # include <stddef.h>
| #else
| # ifdef HAVE_STDLIB_H
| #  include <stdlib.h>
| # endif
| #endif
| #ifdef HAVE_STRING_H
| # if !defined STDC_HEADERS && defined HAVE_MEMORY_H
| #  include <memory.h>
| # endif
| # include <string.h>
| #endif
| #ifdef HAVE_STRINGS_H
| # include <strings.h>
| #endif
| #ifdef HAVE_INTTYPES_H
| # include <inttypes.h>
| #endif
| #ifdef HAVE_STDINT_H
| # include <stdint.h>
| #endif
| #ifdef HAVE_UNISTD_H
| # include <unistd.h>
| #endif
| #include <dumpi/libundumpi/libundumpi.h>
configure:20760: result: no
configure:20760: checking dumpi/libundumpi/libundumpi.h presence
configure:20760: g++ -E   -I/opt/apps/intel18/python2/2.7.15/include/python2.7 -I/opt/apps/intel18/python2/2.7.15/include/python2.7  -I/work2/07431/tg867305/stampede2/sstcore-11.0.0/install/include/sst/core -I/work2/07431/tg867305/stampede2/sstcore-11.0.0/install/include conftest.cpp
conftest.cpp:66:41: fatal error: dumpi/libundumpi/libundumpi.h: No such file or directory
 #include <dumpi/libundumpi/libundumpi.h>
                                         ^
compilation terminated.
configure:20760: $? = 1
configure: failed program was:
| /* confdefs.h */
| #define PACKAGE_NAME "SST Elements Library"
| #define PACKAGE_TARNAME "sst-elements-library"
| #define PACKAGE_VERSION "11.0.0"
| #define PACKAGE_STRING "SST Elements Library 11.0.0"
| #define PACKAGE_BUGREPORT "sst@sandia.gov"
| #define PACKAGE_URL ""
| #define TIME_WITH_SYS_TIME 1
| #define STDC_HEADERS 1
| #define HAVE_SYS_TYPES_H 1
| #define HAVE_SYS_STAT_H 1
| #define HAVE_STDLIB_H 1
| #define HAVE_STRING_H 1
| #define HAVE_MEMORY_H 1
| #define HAVE_STRINGS_H 1
| #define HAVE_INTTYPES_H 1
| #define HAVE_STDINT_H 1
| #define HAVE_UNISTD_H 1
| #define HAVE_DLFCN_H 1
| #define LT_OBJDIR ".libs/"
| #define LT_MODULE_EXT ".so"
| #define LT_MODULE_PATH_VAR "LD_LIBRARY_PATH"
| #define LT_DLSEARCH_PATH "/lib64:/usr/lib64:/lib:/usr/lib:/usr/lib64/atlas:/usr/lib64/dyninst:/usr/lib64/mysql:/usr/lib64/octave/3.8.2:/usr/lib64/qt-3.3/lib:/opt/dell/srvadmin/lib64:/opt/dell/srvadmin/lib64/openmanage:/opt/dell/srvadmin/lib64:/opt/dell/srvadmin/lib64:/opt/dell/srvadmin/lib64/srvadmin-idrac:/opt/dell/srvadmin/lib64:/opt/dell/srvadmin/lib64/srvadmin-idrac7:/opt/dell/srvadmin/lib64:/opt/dell/srvadmin/lib64/srvadmin-isvc:/opt/dell/srvadmin/lib64:/opt/dell/srvadmin/lib64/openmanage:/opt/dell/srvadmin/lib64:/opt/dell/srvadmin/lib64/openmanage:/usr/lib64/tcl8.5"
| #define HAVE_LIBDL 1
| #define HAVE_DLERROR 1
| #define HAVE_LIBDLLOADER 1
| #define HAVE_ARGZ_H 1
| #define HAVE_ERROR_T 1
| #define HAVE_ARGZ_ADD 1
| #define HAVE_ARGZ_APPEND 1
| #define HAVE_ARGZ_COUNT 1
| #define HAVE_ARGZ_CREATE_SEP 1
| #define HAVE_ARGZ_INSERT 1
| #define HAVE_ARGZ_NEXT 1
| #define HAVE_ARGZ_STRINGIFY 1
| #define HAVE_WORKING_ARGZ 1
| #define HAVE_PRELOADED_SYMBOLS 1
| #define HAVE_LTDL 1
| #define HAVE_UNISTD_H 1
| #define HAVE_DIRENT_H 1
| #define HAVE_CLOSEDIR 1
| #define HAVE_OPENDIR 1
| #define HAVE_READDIR 1
| #define LT_LIBEXT "a"
| #define LT_LIBPREFIX "lib"
| #define TIME_WITH_SYS_TIME 1
| #define NVDIMMSIM_LIBDIR ""
| #define PINTOOL_EXECUTABLE ""
| #define HAVE_SHM 1
| #define HAVE_LIBZ 1
| #define RAMULATOR_LIBDIR ""
| #define DRAMSIM_LIBDIR ""
| #define DRAMSIM3_LIBDIR ""
| #define HBMDRAMSIM_LIBDIR ""
| #define HYBRIDSIM_LIBDIR ""
| #define GOBLIN_HMCSIM_LIBDIR ""
| #define NVDIMMSIM_LIBDIR ""
| #define FDSIM_LIBDIR ""
| #define HAVE_LIBZ 1
| #define STAKE_LIBDIR ""
| #define HAVE_LIBZ 1
| #define PINTOOL_EXECUTABLE ""
| #define HAVE_SHM 1
| #define LIBPHX_LIBDIR ""
| /* end confdefs.h.  */
| #include <dumpi/libundumpi/libundumpi.h>
configure:20760: result: no
configure:20760: checking for dumpi/libundumpi/libundumpi.h
configure:20760: result: no
configure:20775: checking for undumpi_open in -lundumpi
configure:20800: gcc -o conftest -g -O2    -I/opt/apps/intel18/python2/2.7.15/include/python2.7 -I/opt/apps/intel18/python2/2.7.15/include/python2.7  -I/work2/07431/tg867305/stampede2/sstcore-11.0.0/install/include/sst/core -I/work2/07431/tg867305/stampede2/sstcore-11.0.0/install/include    -lpython2.7 -ldl -lpthread -limf -lirc -lssp -lutil -limf -Xlinker -export-dynamic conftest.c -lundumpi  -ldl   -ldl  >&5
/opt/apps/gcc/6.3.0/bin/ld: cannot find -lundumpi
collect2: error: ld returned 1 exit status
configure:20800: $? = 1
configure: failed program was:
| /* confdefs.h */
| #define PACKAGE_NAME "SST Elements Library"
| #define PACKAGE_TARNAME "sst-elements-library"
| #define PACKAGE_VERSION "11.0.0"
| #define PACKAGE_STRING "SST Elements Library 11.0.0"
| #define PACKAGE_BUGREPORT "sst@sandia.gov"
| #define PACKAGE_URL ""
| #define TIME_WITH_SYS_TIME 1
| #define STDC_HEADERS 1
| #define HAVE_SYS_TYPES_H 1
| #define HAVE_SYS_STAT_H 1
| #define HAVE_STDLIB_H 1
| #define HAVE_STRING_H 1
| #define HAVE_MEMORY_H 1
| #define HAVE_STRINGS_H 1
| #define HAVE_INTTYPES_H 1
| #define HAVE_STDINT_H 1
| #define HAVE_UNISTD_H 1
| #define HAVE_DLFCN_H 1
| #define LT_OBJDIR ".libs/"
| #define LT_MODULE_EXT ".so"
| #define LT_MODULE_PATH_VAR "LD_LIBRARY_PATH"
| #define LT_DLSEARCH_PATH "/lib64:/usr/lib64:/lib:/usr/lib:/usr/lib64/atlas:/usr/lib64/dyninst:/usr/lib64/mysql:/usr/lib64/octave/3.8.2:/usr/lib64/qt-3.3/lib:/opt/dell/srvadmin/lib64:/opt/dell/srvadmin/lib64/openmanage:/opt/dell/srvadmin/lib64:/opt/dell/srvadmin/lib64:/opt/dell/srvadmin/lib64/srvadmin-idrac:/opt/dell/srvadmin/lib64:/opt/dell/srvadmin/lib64/srvadmin-idrac7:/opt/dell/srvadmin/lib64:/opt/dell/srvadmin/lib64/srvadmin-isvc:/opt/dell/srvadmin/lib64:/opt/dell/srvadmin/lib64/openmanage:/opt/dell/srvadmin/lib64:/opt/dell/srvadmin/lib64/openmanage:/usr/lib64/tcl8.5"
| #define HAVE_LIBDL 1
| #define HAVE_DLERROR 1
| #define HAVE_LIBDLLOADER 1
| #define HAVE_ARGZ_H 1
| #define HAVE_ERROR_T 1
| #define HAVE_ARGZ_ADD 1
| #define HAVE_ARGZ_APPEND 1
| #define HAVE_ARGZ_COUNT 1
| #define HAVE_ARGZ_CREATE_SEP 1
| #define HAVE_ARGZ_INSERT 1
| #define HAVE_ARGZ_NEXT 1
| #define HAVE_ARGZ_STRINGIFY 1
| #define HAVE_WORKING_ARGZ 1
| #define HAVE_PRELOADED_SYMBOLS 1
| #define HAVE_LTDL 1
| #define HAVE_UNISTD_H 1
| #define HAVE_DIRENT_H 1
| #define HAVE_CLOSEDIR 1
| #define HAVE_OPENDIR 1
| #define HAVE_READDIR 1
| #define LT_LIBEXT "a"
| #define LT_LIBPREFIX "lib"
| #define TIME_WITH_SYS_TIME 1
| #define NVDIMMSIM_LIBDIR ""
| #define PINTOOL_EXECUTABLE ""
| #define HAVE_SHM 1
| #define HAVE_LIBZ 1
| #define RAMULATOR_LIBDIR ""
| #define DRAMSIM_LIBDIR ""
| #define DRAMSIM3_LIBDIR ""
| #define HBMDRAMSIM_LIBDIR ""
| #define HYBRIDSIM_LIBDIR ""
| #define GOBLIN_HMCSIM_LIBDIR ""
| #define NVDIMMSIM_LIBDIR ""
| #define FDSIM_LIBDIR ""
| #define HAVE_LIBZ 1
| #define STAKE_LIBDIR ""
| #define HAVE_LIBZ 1
| #define PINTOOL_EXECUTABLE ""
| #define HAVE_SHM 1
| #define LIBPHX_LIBDIR ""
| /* end confdefs.h.  */
| 
| /* Override any GCC internal prototype to avoid an error.
|    Use char because int might match the return type of a GCC
|    builtin and then its argument prototype would still apply.  */
| #ifdef __cplusplus
| extern "C"
| #endif
| char undumpi_open ();
| int
| main ()
| {
| return undumpi_open ();
|   ;
|   return 0;
| }
configure:20809: result: no
configure:20838: checking for DUMPI tracing library
configure:20840: result: no
configure:20907: checking for SST-Elements Git Branch, Head SHA and Commit Count
configure:20921: result: N/A
configure:20924: result: 11.0.0
configure:20927: result: 0
configure:20982: g++ -c -g -O2  -std=c++1y -D__STDC_FORMAT_MACROS    -I/opt/apps/intel18/python2/2.7.15/include/python2.7 -I/opt/apps/intel18/python2/2.7.15/include/python2.7  -I/work2/07431/tg867305/stampede2/sstcore-11.0.0/install/include/sst/core -I/work2/07431/tg867305/stampede2/sstcore-11.0.0/install/include conftest.cpp >&5
configure:20982: $? = 0
configure:21015: checking for for PR_SET_PTRACER
configure:21017: result: yes
configure:21133: checking that generated files are newer than configure
configure:21139: result: done
configure:21311: creating ./config.status

## ---------------------- ##
## Running config.status. ##
## ---------------------- ##

This file was extended by SST Elements Library config.status 11.0.0, which was
generated by GNU Autoconf 2.69.  Invocation command line was

  CONFIG_FILES    = 
  CONFIG_HEADERS  = 
  CONFIG_LINKS    = 
  CONFIG_COMMANDS = 
  $ ./config.status 

on login2.stampede2.tacc.utexas.edu

config.status:1372: creating src/sst/elements/ariel/Makefile
config.status:1372: creating src/sst/elements/balar/Makefile
config.status:1372: creating src/sst/elements/cacheTracer/Makefile
config.status:1372: creating src/sst/elements/cassini/Makefile
config.status:1372: creating src/sst/elements/CramSim/Makefile
config.status:1372: creating src/sst/elements/ember/Makefile
config.status:1372: creating src/sst/elements/firefly/Makefile
config.status:1372: creating src/sst/elements/hermes/Makefile
config.status:1372: creating src/sst/elements/kingsley/Makefile
config.status:1372: creating src/sst/elements/memHierarchy/Makefile
config.status:1372: creating src/sst/elements/merlin/Makefile
config.status:1372: creating src/sst/elements/Messier/Makefile
config.status:1372: creating src/sst/elements/miranda/Makefile
config.status:1372: creating src/sst/elements/prospero/Makefile
config.status:1372: creating src/sst/elements/Samba/Makefile
config.status:1372: creating src/sst/elements/shogun/Makefile
config.status:1372: creating src/sst/elements/simpleElementExample/Makefile
config.status:1372: creating src/sst/elements/simpleSimulation/Makefile
config.status:1372: creating src/sst/elements/thornhill/Makefile
config.status:1372: creating src/sst/elements/vanadis/Makefile
config.status:1372: creating src/sst/elements/VaultSimC/Makefile
config.status:1372: creating src/sst/elements/zodiac/Makefile
config.status:1372: creating Makefile
config.status:1372: creating src/Makefile
config.status:1372: creating src/sst/Makefile
config.status:1372: creating src/sst/elements/Makefile
config.status:1372: creating src/sst_element_config.h
config.status:1553: src/sst_element_config.h is unchanged
config.status:1601: executing depfiles commands
config.status:1601: executing libtool commands

## ---------------- ##
## Cache variables. ##
## ---------------- ##

ac_cv_build=x86_64-unknown-linux-gnu
ac_cv_c_compiler_gnu=yes
ac_cv_c_inline=inline
ac_cv_cxx_compiler_gnu=yes
ac_cv_env_CCC_set=
ac_cv_env_CCC_value=
ac_cv_env_CC_set=
ac_cv_env_CC_value=
ac_cv_env_CFLAGS_set=
ac_cv_env_CFLAGS_value=
ac_cv_env_CPPFLAGS_set=
ac_cv_env_CPPFLAGS_value=
ac_cv_env_CPP_set=
ac_cv_env_CPP_value=
ac_cv_env_CXXCPP_set=
ac_cv_env_CXXCPP_value=
ac_cv_env_CXXFLAGS_set=
ac_cv_env_CXXFLAGS_value=
ac_cv_env_CXX_set=
ac_cv_env_CXX_value=
ac_cv_env_LDFLAGS_set=
ac_cv_env_LDFLAGS_value=
ac_cv_env_LIBS_set=
ac_cv_env_LIBS_value=
ac_cv_env_build_alias_set=
ac_cv_env_build_alias_value=
ac_cv_env_host_alias_set=
ac_cv_env_host_alias_value=
ac_cv_env_target_alias_set=
ac_cv_env_target_alias_value=
ac_cv_file__bin_nvcc=no
ac_cv_func_argz_add=yes
ac_cv_func_argz_append=yes
ac_cv_func_argz_count=yes
ac_cv_func_argz_create_sep=yes
ac_cv_func_argz_insert=yes
ac_cv_func_argz_next=yes
ac_cv_func_argz_stringify=yes
ac_cv_func_closedir=yes
ac_cv_func_dlerror=yes
ac_cv_func_dlopen=no
ac_cv_func_opendir=yes
ac_cv_func_readdir=yes
ac_cv_func_shl_load=no
ac_cv_func_strlcat=no
ac_cv_func_strlcpy=no
ac_cv_have_decl_lt_dlinterface_register=yes
ac_cv_header_DRAMSim_h=no
ac_cv_header_FlashDIMM_h=no
ac_cv_header_Gem5Wrapper_h=no
ac_cv_header_HBMDRAMSim_h=no
ac_cv_header_HybridSim_h=no
ac_cv_header_NVDIMM_h=no
ac_cv_header_Vault_h=no
ac_cv_header_argz_h=yes
ac_cv_header_dirent_h=yes
ac_cv_header_dl_h=no
ac_cv_header_dld_h=no
ac_cv_header_dlfcn_h=yes
ac_cv_header_dramsim3_h=no
ac_cv_header_dumpi_libundumpi_libundumpi_h=no
ac_cv_header_hmc_sim_h=no
ac_cv_header_inttypes_h=yes
ac_cv_header_ltdl_h=yes
ac_cv_header_mach_o_dyld_h=no
ac_cv_header_memory_h=yes
ac_cv_header_sim_h=no
ac_cv_header_stdc=yes
ac_cv_header_stdint_h=yes
ac_cv_header_stdlib_h=yes
ac_cv_header_string_h=yes
ac_cv_header_strings_h=yes
ac_cv_header_sys_dl_h=no
ac_cv_header_sys_stat_h=yes
ac_cv_header_sys_types_h=yes
ac_cv_header_time=yes
ac_cv_header_unistd_h=yes
ac_cv_header_zlib_h=yes
ac_cv_host=x86_64-unknown-linux-gnu
ac_cv_lib_dl_dlopen=yes
ac_cv_lib_dld_dld_link=no
ac_cv_lib_dld_shl_load=no
ac_cv_lib_dramsim3_libdramsim3_is_present=no
ac_cv_lib_dramsim_libdramsim_is_present=no
ac_cv_lib_fdsim_main=no
ac_cv_lib_hbmdramsim_libhbmdramsim_is_present=no
ac_cv_lib_hmcsim_hmcsim_clock=no
ac_cv_lib_hybridsim_libhybridsim_is_present=no
ac_cv_lib_ltdl_lt_dladvise_preload=yes
ac_cv_lib_nvdsim_main=no
ac_cv_lib_phx_vault_is_present=no
ac_cv_lib_ramulator_libramulator_is_present=no
ac_cv_lib_riscv__ZN5sim_t3runEv=no
ac_cv_lib_undumpi_undumpi_open=no
ac_cv_lib_z_gzopen=yes
ac_cv_objext=o
ac_cv_path_EGREP='/bin/grep -E'
ac_cv_path_FGREP='/bin/grep -F'
ac_cv_path_GREP=/bin/grep
ac_cv_path_PINTOOL2_RUNTIME=
ac_cv_path_PINTOOL3_RUNTIME=
ac_cv_path_SED=/bin/sed
ac_cv_path_SST_CONFIG_TOOL=/work2/07431/tg867305/stampede2/sstcore-11.0.0/install/bin/sst-config
ac_cv_path_SST_REGISTER_TOOL=/work2/07431/tg867305/stampede2/sstcore-11.0.0/install/bin/sst-register
ac_cv_path_install='/bin/install -c'
ac_cv_path_mkdir=/bin/mkdir
ac_cv_prog_AWK=gawk
ac_cv_prog_CPP='gcc -E'
ac_cv_prog_CXXCPP='g++ -E'
ac_cv_prog_ac_ct_AR=ar
ac_cv_prog_ac_ct_CC=gcc
ac_cv_prog_ac_ct_CXX=g++
ac_cv_prog_ac_ct_OBJDUMP=objdump
ac_cv_prog_ac_ct_RANLIB=ranlib
ac_cv_prog_ac_ct_STRIP=strip
ac_cv_prog_cc_c89=
ac_cv_prog_cc_c99=
ac_cv_prog_cc_g=yes
ac_cv_prog_cc_gcc_c_o=yes
ac_cv_prog_cxx_g=yes
ac_cv_prog_make_make_set=yes
ac_cv_search_dlopen=-ldl
ac_cv_search_shm_open=-lrt
ac_cv_type_error_t=yes
am_cv_CC_dependencies_compiler_type=gcc3
am_cv_CXX_dependencies_compiler_type=gcc3
am_cv_make_support_nested_variables=yes
am_cv_prog_tar_pax=gnutar
libltdl_cv_lib_dl_dlopen=yes
libltdl_cv_preloaded_symbols=yes
libltdl_cv_shlibext=.so
libltdl_cv_shrext=.so
lt_cv_ar_at_file=@
lt_cv_archive_cmds_need_lc=no
lt_cv_deplibs_check_method=pass_all
lt_cv_dlopen=dlopen
lt_cv_dlopen_libs=-ldl
lt_cv_dlopen_self=yes
lt_cv_dlopen_self_static=yes
lt_cv_file_magic_cmd='$MAGIC_CMD'
lt_cv_file_magic_test_file=
lt_cv_ld_reload_flag=-r
lt_cv_module_path_var=LD_LIBRARY_PATH
lt_cv_nm_interface='BSD nm'
lt_cv_objdir=.libs
lt_cv_path_LD=/opt/apps/xalt/xalt/bin/ld
lt_cv_path_LDCXX='/opt/apps/xalt/xalt/bin/ld -m elf_x86_64'
lt_cv_path_NM='/opt/apps/gcc/6.3.0/bin/nm -B'
lt_cv_path_mainfest_tool=no
lt_cv_prog_compiler_c_o=yes
lt_cv_prog_compiler_c_o_CXX=yes
lt_cv_prog_compiler_pic='-fPIC -DPIC'
lt_cv_prog_compiler_pic_CXX='-fPIC -DPIC'
lt_cv_prog_compiler_pic_works=yes
lt_cv_prog_compiler_pic_works_CXX=yes
lt_cv_prog_compiler_rtti_exceptions=no
lt_cv_prog_compiler_static_works=no
lt_cv_prog_compiler_static_works_CXX=no
lt_cv_prog_gnu_ld=yes
lt_cv_prog_gnu_ldcxx=yes
lt_cv_sharedlib_from_linklib_cmd='printf %s\n'
lt_cv_shlibpath_overrides_runpath=no
lt_cv_sys_argz_works=yes
lt_cv_sys_dlopen_deplibs=yes
lt_cv_sys_dlsearch_path='/lib64 /usr/lib64 /lib /usr/lib /usr/lib64/atlas /usr/lib64/dyninst /usr/lib64/mysql /usr/lib64/octave/3.8.2 /usr/lib64/qt-3.3/lib /opt/dell/srvadmin/lib64 /opt/dell/srvadmin/lib64/openmanage /opt/dell/srvadmin/lib64 /opt/dell/srvadmin/lib64 /opt/dell/srvadmin/lib64/srvadmin-idrac /opt/dell/srvadmin/lib64 /opt/dell/srvadmin/lib64/srvadmin-idrac7 /opt/dell/srvadmin/lib64 /opt/dell/srvadmin/lib64/srvadmin-isvc /opt/dell/srvadmin/lib64 /opt/dell/srvadmin/lib64/openmanage /opt/dell/srvadmin/lib64 /opt/dell/srvadmin/lib64/openmanage /usr/lib64/tcl8.5 '
lt_cv_sys_global_symbol_pipe='sed -n -e '\''s/^.*[	 ]\([ABCDGIRSTW][ABCDGIRSTW]*\)[	 ][	 ]*\([_A-Za-z][_A-Za-z0-9]*\)$/\1 \2 \2/p'\'' | sed '\''/ __gnu_lto/d'\'''
lt_cv_sys_global_symbol_to_c_name_address='sed -n -e '\''s/^: \([^ ]*\)[ ]*$/  {\"\1\", (void *) 0},/p'\'' -e '\''s/^[ABCDGIRSTW]* \([^ ]*\) \([^ ]*\)$/  {"\2", (void *) \&\2},/p'\'''
lt_cv_sys_global_symbol_to_c_name_address_lib_prefix='sed -n -e '\''s/^: \([^ ]*\)[ ]*$/  {\"\1\", (void *) 0},/p'\'' -e '\''s/^[ABCDGIRSTW]* \([^ ]*\) \(lib[^ ]*\)$/  {"\2", (void *) \&\2},/p'\'' -e '\''s/^[ABCDGIRSTW]* \([^ ]*\) \([^ ]*\)$/  {"lib\2", (void *) \&\2},/p'\'''
lt_cv_sys_global_symbol_to_cdecl='sed -n -e '\''s/^T .* \(.*\)$/extern int \1();/p'\'' -e '\''s/^[ABCDGIRSTW]* .* \(.*\)$/extern char \1;/p'\'''
lt_cv_sys_max_cmd_len=3458764513820540925
lt_cv_sys_symbol_underscore=no
lt_cv_to_host_file_cmd=func_convert_file_noop
lt_cv_to_tool_file_cmd=func_convert_file_noop

## ----------------- ##
## Output variables. ##
## ----------------- ##

ACLOCAL='${SHELL} /work2/07431/tg867305/stampede2/sst-elements-library-11.0.0/config/missing aclocal-1.13'
AMDEPBACKSLASH='\'
AMDEP_FALSE='#'
AMDEP_TRUE=''
AMTAR='$${TAR-tar}'
AM_BACKSLASH='\'
AM_DEFAULT_V='$(AM_DEFAULT_VERBOSITY)'
AM_DEFAULT_VERBOSITY='0'
AM_V='$(V)'
AR='ar'
ARGZ_H=''
AUTOCONF='${SHELL} /work2/07431/tg867305/stampede2/sst-elements-library-11.0.0/config/missing autoconf'
AUTOHEADER='${SHELL} /work2/07431/tg867305/stampede2/sst-elements-library-11.0.0/config/missing autoheader'
AUTOMAKE='${SHELL} /work2/07431/tg867305/stampede2/sst-elements-library-11.0.0/config/missing automake-1.13'
AWK='gawk'
BOOST_LIB_SUFFIX=''
CC='gcc'
CCDEPMODE='depmode=gcc3'
CC_VERSION='gcc (GCC) 6.3.0'
CFLAGS='-g -O2  '
CONVENIENCE_LTDL_FALSE='#'
CONVENIENCE_LTDL_TRUE=''
CPP='gcc -E'
CPPFLAGS='  -I/opt/apps/intel18/python2/2.7.15/include/python2.7 -I/opt/apps/intel18/python2/2.7.15/include/python2.7  -I/work2/07431/tg867305/stampede2/sstcore-11.0.0/install/include/sst/core -I/work2/07431/tg867305/stampede2/sstcore-11.0.0/install/include'
CUDA_CPPFLAGS=''
CUDA_LDFLAGS=''
CUDA_LIBDIR=''
CUDA_LIBS=''
CXX='g++'
CXXCPP='g++ -E'
CXXDEPMODE='depmode=gcc3'
CXXFLAGS='-g -O2  -std=c++1y -D__STDC_FORMAT_MACROS '
CYGPATH_W='echo'
DEFS='-DHAVE_CONFIG_H'
DEPDIR='.deps'
DLLTOOL='false'
DRAMSIM3_CPPFLAGS=''
DRAMSIM3_LDFLAGS=''
DRAMSIM3_LIB=''
DRAMSIM3_LIBDIR=''
DRAMSIM_CPPFLAGS=''
DRAMSIM_LDFLAGS=''
DRAMSIM_LIB=''
DRAMSIM_LIBDIR=''
DSYMUTIL=''
DUMPBIN=''
DUMPI_CPPFLAGS=''
DUMPI_LDFLAGS=''
DUMPI_LIB=''
ECHO_C=''
ECHO_N='-n'
ECHO_T=''
EGREP='/bin/grep -E'
EMBER_HAVE_OTF2_FALSE=''
EMBER_HAVE_OTF2_TRUE='#'
EXEEXT=''
FDSIM_CPPFLAGS=''
FDSIM_CXXFLAGS=''
FDSIM_LDFLAGS=''
FDSIM_LIB=''
FDSIM_LIBDIR=''
FGREP='/bin/grep -F'
GOBLIN_HMCSIM_CPPFLAGS=''
GOBLIN_HMCSIM_LDFLAGS=''
GOBLIN_HMCSIM_LIB=''
GOBLIN_HMCSIM_LIBDIR=''
GPGPUSIM_CPPFLAGS=''
GPGPUSIM_LDFLAGS=''
GPGPUSIM_LIB=''
GPGPUSIM_LIBDIR=''
GREP='/bin/grep'
HAVE_DRAMSIM3_FALSE=''
HAVE_DRAMSIM3_TRUE='#'
HAVE_DRAMSIM_FALSE=''
HAVE_DRAMSIM_TRUE='#'
HAVE_FDSIM_FALSE=''
HAVE_FDSIM_TRUE='#'
HAVE_HBMDRAMSIM_FALSE=''
HAVE_HBMDRAMSIM_TRUE='#'
HAVE_HYBRIDSIM_FALSE=''
HAVE_HYBRIDSIM_TRUE='#'
HAVE_LIBPHX_FALSE=''
HAVE_LIBPHX_TRUE='#'
HAVE_NVDIMMSIM_FALSE=''
HAVE_NVDIMMSIM_TRUE='#'
HAVE_PIN3_FALSE='#'
HAVE_PIN3_TRUE=''
HAVE_PINTOOL_FALSE=''
HAVE_PINTOOL_TRUE='#'
HAVE_RAMULATOR_FALSE=''
HAVE_RAMULATOR_TRUE='#'
HAVE_SET_PTRACER='1'
HAVE_SET_PTRACER_FALSE='#'
HAVE_SET_PTRACER_TRUE=''
HAVE_SHM_FALSE='#'
HAVE_SHM_TRUE=''
HBMDRAMSIM_CPPFLAGS=''
HBMDRAMSIM_LDFLAGS=''
HBMDRAMSIM_LIB=''
HBMDRAMSIM_LIBDIR=''
HYBRIDSIM_CPPFLAGS=''
HYBRIDSIM_LDFLAGS=''
HYBRIDSIM_LIB=''
HYBRIDSIM_LIBDIR=''
INCLTDL=''
INSTALL_DATA='${INSTALL} -m 644'
INSTALL_LTDL_FALSE=''
INSTALL_LTDL_TRUE='#'
INSTALL_PROGRAM='${INSTALL}'
INSTALL_SCRIPT='${INSTALL}'
INSTALL_STRIP_PROGRAM='$(install_sh) -c -s'
LD='/opt/apps/xalt/xalt/bin/ld -m elf_x86_64'
LDFLAGS='   -lpython2.7 -ldl -lpthread -limf -lirc -lssp -lutil -limf -Xlinker -export-dynamic'
LIBADD_DL='-ldl '
LIBADD_DLD_LINK=''
LIBADD_DLOPEN='-ldl'
LIBADD_SHL_LOAD=''
LIBLTDL='-lltdl'
LIBOBJS=''
LIBPHX_CPPFLAGS=''
LIBPHX_LDFLAGS=''
LIBPHX_LIB=''
LIBPHX_LIBDIR=''
LIBS='-ldl   -ldl '
LIBTOOL='$(SHELL) $(top_builddir)/libtool'
LIBZ_CPPFLAGS=''
LIBZ_LDFLAGS=''
LIBZ_LIB='-lz'
LIPO=''
LN_S='ln -s'
LTDLDEPS=''
LTDLINCL=''
LTDLOPEN='libltdl'
LTLIBOBJS=''
LT_CONFIG_H='src/sst_element_config.h'
LT_DLLOADERS=' dlopen.la'
LT_DLPREOPEN='-dlpreopen dlopen.la '
MAKEINFO='${SHELL} /work2/07431/tg867305/stampede2/sst-elements-library-11.0.0/config/missing makeinfo'
MANIFEST_TOOL=':'
MKDIR_P='/bin/mkdir -p'
NM='/opt/apps/gcc/6.3.0/bin/nm -B'
NMEDIT=''
NVDIMMSIM_CPPFLAGS=''
NVDIMMSIM_CXXFLAGS=''
NVDIMMSIM_LDFLAGS=''
NVDIMMSIM_LIB=''
NVDIMMSIM_LIBDIR=''
OBJDUMP='objdump'
OBJEXT='o'
OTF2_CONFIG_TOOL=''
OTF2_CPPFLAGS=''
OTF2_LDFLAGS=''
OTF2_PATH=''
OTF_CONFIG_TOOL=''
OTF_CPPFLAGS=''
OTF_LDFLAGS=''
OTF_PATH=''
OTOOL64=''
OTOOL=''
PACKAGE='sst-elements-library'
PACKAGE_BUGREPORT='sst@sandia.gov'
PACKAGE_NAME='SST Elements Library'
PACKAGE_STRING='SST Elements Library 11.0.0'
PACKAGE_TARNAME='sst-elements-library'
PACKAGE_URL=''
PACKAGE_VERSION='11.0.0'
PATH_SEPARATOR=':'
PINTOOL2_RUNTIME=''
PINTOOL3_RUNTIME=''
PINTOOL_CPPFLAGS=''
PINTOOL_DIR=''
PINTOOL_LDFLAGS=''
PINTOOL_PATH='/opt/apps/xalt/xalt/bin:/opt/apps/intel18/python2/2.7.15/bin:/work2/07431/tg867305/stampede2/sstcore-11.0.0/install/bin:/work2/07431/tg867305/stampede2/openmpi-4.0.5/bin:/opt/apps/cmake/3.16.1/bin:/opt/apps/autotools/1.1/bin:/opt/apps/git/2.24.1/bin:/opt/apps/libfabric/1.7.0/bin:/opt/apps/intel18/impi/18.0.2/bin:/opt/intel/compilers_and_libraries_2018.2.199/linux/mpi/intel64/bin:/opt/intel/compilers_and_libraries_2018.2.199/linux/bin/intel64:/opt/apps/gcc/6.3.0/bin:/usr/lib64/qt-3.3/bin:/usr/local/bin:/bin:/usr/bin:/opt/dell/srvadmin/bin:.'
PINTOOL_RUNTIME=''
RAMULATOR_CPPFLAGS=''
RAMULATOR_LDFLAGS=''
RAMULATOR_LIB=''
RAMULATOR_LIBDIR=''
RANLIB='ranlib'
SED='/bin/sed'
SET_MAKE=''
SHELL='/bin/sh'
SHM_LIB='-lrt -ldl   -ldl '
SSTELEMENTS_GIT_BRANCH='N/A'
SSTELEMENTS_GIT_COMMITCOUNT='0'
SSTELEMENTS_GIT_HEADSHA='11.0.0'
SST_ACTIVE_ELEMENT_LIBRARIES=' ariel cacheTracer cassini CramSim ember firefly hermes kingsley memHierarchy merlin Messier miranda prospero Samba shogun simpleElementExample simpleSimulation thornhill vanadis VaultSimC zodiac'
SST_COMPILE_OSX_FALSE=''
SST_COMPILE_OSX_TRUE='#'
SST_CONFIG_TOOL='/work2/07431/tg867305/stampede2/sstcore-11.0.0/install/bin/sst-config'
SST_DIST_ELEMENT_LIBRARIES=' ariel balar cacheTracer cassini CramSim ember firefly hermes kingsley memHierarchy merlin Messier miranda prospero Samba shogun simpleElementExample simpleSimulation thornhill vanadis VaultSimC zodiac'
SST_ENABLE_PREVIEW_BUILD_FALSE=''
SST_ENABLE_PREVIEW_BUILD_TRUE='#'
SST_PREFIX='/work2/07431/tg867305/stampede2/sstcore-11.0.0/install'
SST_REGISTER_TOOL='/work2/07431/tg867305/stampede2/sstcore-11.0.0/install/bin/sst-register'
STAKE_CPPFLAGS=''
STAKE_LDFLAGS=''
STAKE_LIB=''
STAKE_LIBDIR=''
STRIP='strip'
USE_CUDA_FALSE=''
USE_CUDA_TRUE='#'
USE_DUMPI_FALSE=''
USE_DUMPI_TRUE='#'
USE_EMBER_CONTEXTS_FALSE=''
USE_EMBER_CONTEXTS_TRUE='#'
USE_GOBLIN_HMCSIM_FALSE=''
USE_GOBLIN_HMCSIM_TRUE='#'
USE_LIBZ_FALSE='#'
USE_LIBZ_TRUE=''
USE_OTF2_FALSE=''
USE_OTF2_TRUE='#'
USE_OTF_FALSE=''
USE_OTF_TRUE='#'
USE_STAKE_FALSE=''
USE_STAKE_TRUE='#'
VERSION='11.0.0'
ac_ct_AR='ar'
ac_ct_CC='gcc'
ac_ct_CXX='g++'
ac_ct_DUMPBIN=''
am__EXEEXT_FALSE=''
am__EXEEXT_TRUE='#'
am__fastdepCC_FALSE='#'
am__fastdepCC_TRUE=''
am__fastdepCXX_FALSE='#'
am__fastdepCXX_TRUE=''
am__include='include'
am__isrc=''
am__leading_dot='.'
am__nodep='_no'
am__quote=''
am__tar='tar --format=posix -chf - "$$tardir"'
am__untar='tar -xf -'
bindir='${exec_prefix}/bin'
build='x86_64-unknown-linux-gnu'
build_alias=''
build_cpu='x86_64'
build_os='linux-gnu'
build_vendor='unknown'
datadir='${datarootdir}'
datarootdir='${prefix}/share'
docdir='${datarootdir}/doc/${PACKAGE_TARNAME}'
dvidir='${docdir}'
exec_prefix='${prefix}'
host='x86_64-unknown-linux-gnu'
host_alias=''
host_cpu='x86_64'
host_os='linux-gnu'
host_vendor='unknown'
htmldir='${docdir}'
includedir='${prefix}/include'
infodir='${datarootdir}/info'
install_sh='${SHELL} /work2/07431/tg867305/stampede2/sst-elements-library-11.0.0/config/install-sh'
libdir='${exec_prefix}/lib'
libexecdir='${exec_prefix}/libexec'
localedir='${datarootdir}/locale'
localstatedir='${prefix}/var'
ltdl_LIBOBJS=' lt__strl.o'
ltdl_LTLIBOBJS=' lt__strl.lo'
mandir='${datarootdir}/man'
mkdir_p='$(MKDIR_P)'
oldincludedir='/usr/include'
pdfdir='${docdir}'
prefix='sst_check_'
program_transform_name='s,x,x,'
psdir='${docdir}'
sbindir='${exec_prefix}/sbin'
sharedstatedir='${prefix}/com'
sys_symbol_underscore='no'
sysconfdir='${prefix}/etc'
target_alias=''

## ----------- ##
## confdefs.h. ##
## ----------- ##

/* confdefs.h */
#define PACKAGE_NAME "SST Elements Library"
#define PACKAGE_TARNAME "sst-elements-library"
#define PACKAGE_VERSION "11.0.0"
#define PACKAGE_STRING "SST Elements Library 11.0.0"
#define PACKAGE_BUGREPORT "sst@sandia.gov"
#define PACKAGE_URL ""
#define TIME_WITH_SYS_TIME 1
#define STDC_HEADERS 1
#define HAVE_SYS_TYPES_H 1
#define HAVE_SYS_STAT_H 1
#define HAVE_STDLIB_H 1
#define HAVE_STRING_H 1
#define HAVE_MEMORY_H 1
#define HAVE_STRINGS_H 1
#define HAVE_INTTYPES_H 1
#define HAVE_STDINT_H 1
#define HAVE_UNISTD_H 1
#define HAVE_DLFCN_H 1
#define LT_OBJDIR ".libs/"
#define LT_MODULE_EXT ".so"
#define LT_MODULE_PATH_VAR "LD_LIBRARY_PATH"
#define LT_DLSEARCH_PATH "/lib64:/usr/lib64:/lib:/usr/lib:/usr/lib64/atlas:/usr/lib64/dyninst:/usr/lib64/mysql:/usr/lib64/octave/3.8.2:/usr/lib64/qt-3.3/lib:/opt/dell/srvadmin/lib64:/opt/dell/srvadmin/lib64/openmanage:/opt/dell/srvadmin/lib64:/opt/dell/srvadmin/lib64:/opt/dell/srvadmin/lib64/srvadmin-idrac:/opt/dell/srvadmin/lib64:/opt/dell/srvadmin/lib64/srvadmin-idrac7:/opt/dell/srvadmin/lib64:/opt/dell/srvadmin/lib64/srvadmin-isvc:/opt/dell/srvadmin/lib64:/opt/dell/srvadmin/lib64/openmanage:/opt/dell/srvadmin/lib64:/opt/dell/srvadmin/lib64/openmanage:/usr/lib64/tcl8.5"
#define HAVE_LIBDL 1
#define HAVE_DLERROR 1
#define HAVE_LIBDLLOADER 1
#define HAVE_ARGZ_H 1
#define HAVE_ERROR_T 1
#define HAVE_ARGZ_ADD 1
#define HAVE_ARGZ_APPEND 1
#define HAVE_ARGZ_COUNT 1
#define HAVE_ARGZ_CREATE_SEP 1
#define HAVE_ARGZ_INSERT 1
#define HAVE_ARGZ_NEXT 1
#define HAVE_ARGZ_STRINGIFY 1
#define HAVE_WORKING_ARGZ 1
#define HAVE_PRELOADED_SYMBOLS 1
#define HAVE_LTDL 1
#define HAVE_UNISTD_H 1
#define HAVE_DIRENT_H 1
#define HAVE_CLOSEDIR 1
#define HAVE_OPENDIR 1
#define HAVE_READDIR 1
#define LT_LIBEXT "a"
#define LT_LIBPREFIX "lib"
#define TIME_WITH_SYS_TIME 1
#define NVDIMMSIM_LIBDIR ""
#define PINTOOL_EXECUTABLE ""
#define HAVE_SHM 1
#define HAVE_LIBZ 1
#define RAMULATOR_LIBDIR ""
#define DRAMSIM_LIBDIR ""
#define DRAMSIM3_LIBDIR ""
#define HBMDRAMSIM_LIBDIR ""
#define HYBRIDSIM_LIBDIR ""
#define GOBLIN_HMCSIM_LIBDIR ""
#define NVDIMMSIM_LIBDIR ""
#define FDSIM_LIBDIR ""
#define HAVE_LIBZ 1
#define STAKE_LIBDIR ""
#define HAVE_LIBZ 1
#define PINTOOL_EXECUTABLE ""
#define HAVE_SHM 1
#define LIBPHX_LIBDIR ""
#define SSTELEMENTS_GIT_BRANCH "N/A"
#define SSTELEMENTS_GIT_HEADSHA "11.0.0"
#define SSTELEMENTS_GIT_COMMITCOUNT "0"

configure: exit 0
