This file contains any messages produced by compilers while
running configure, to aid debugging if configure makes a mistake.

It was created by SSTCore configure 11.0.0, which was
generated by GNU Autoconf 2.69.  Invocation command line was

  $ ./configure --prefix=/work2/07431/tg867305/stampede2/sstcore-11.0.0/install

## --------- ##
## Platform. ##
## --------- ##

hostname = login2.stampede2.tacc.utexas.edu
uname -m = x86_64
uname -r = 3.10.0-957.5.1.el7.x86_64
uname -s = Linux
uname -v = #1 SMP Fri Feb 1 14:54:57 UTC 2019

/usr/bin/uname -p = x86_64
/bin/uname -X     = unknown

/bin/arch              = x86_64
/usr/bin/arch -k       = unknown
/usr/convex/getsysinfo = unknown
/usr/bin/hostinfo      = unknown
/bin/machine           = unknown
/usr/bin/oslevel       = unknown
/bin/universe          = unknown

PATH: /opt/apps/xalt/xalt/bin
PATH: /opt/apps/intel18/python2/2.7.15/bin
PATH: /work2/07431/tg867305/stampede2/openmpi-4.0.5/bin
PATH: /opt/apps/cmake/3.16.1/bin
PATH: /opt/apps/autotools/1.1/bin
PATH: /opt/apps/git/2.24.1/bin
PATH: /opt/apps/libfabric/1.7.0/bin
PATH: /opt/apps/intel18/impi/18.0.2/bin
PATH: /opt/intel/compilers_and_libraries_2018.2.199/linux/mpi/intel64/bin
PATH: /opt/intel/compilers_and_libraries_2018.2.199/linux/bin/intel64
PATH: /opt/apps/gcc/6.3.0/bin
PATH: /usr/lib64/qt-3.3/bin
PATH: /usr/local/bin
PATH: /bin
PATH: /usr/bin
PATH: /opt/dell/srvadmin/bin
PATH: .


## ----------- ##
## Core tests. ##
## ----------- ##

configure:2783: checking for a BSD-compatible install
configure:2851: result: /bin/install -c
configure:2862: checking whether build environment is sane
configure:2917: result: yes
configure:3068: checking for a thread-safe mkdir -p
configure:3107: result: /bin/mkdir -p
configure:3114: checking for gawk
configure:3130: found /bin/gawk
configure:3141: result: gawk
configure:3152: checking whether make sets $(MAKE)
configure:3174: result: yes
configure:3203: checking whether make supports nested variables
configure:3220: result: yes
configure:3290: checking how to create a pax tar archive
configure:3301: tar --version
tar (GNU tar) 1.26
Copyright (C) 2011 Free Software Foundation, Inc.
License GPLv3+: GNU GPL version 3 or later <http://gnu.org/licenses/gpl.html>.
This is free software: you are free to change and redistribute it.
There is NO WARRANTY, to the extent permitted by law.

Written by John Gilmore and Jay Fenlason.
configure:3304: $? = 0
configure:3344: tardir=conftest.dir && eval tar --format=posix -chf - "$tardir" >conftest.tar
configure:3347: $? = 0
configure:3351: tar -xf - <conftest.tar
configure:3354: $? = 0
configure:3356: cat conftest.dir/file
GrepMe
configure:3359: $? = 0
configure:3372: result: gnutar
configure:3393: checking whether make supports nested variables
configure:3410: result: yes
configure:3475: checking for gcc
configure:3491: found /opt/apps/gcc/6.3.0/bin/gcc
configure:3502: result: gcc
configure:3731: checking for C compiler version
configure:3740: gcc --version >&5
gcc (GCC) 6.3.0
Copyright (C) 2016 Free Software Foundation, Inc.
This is free software; see the source for copying conditions.  There is NO
warranty; not even for MERCHANTABILITY or FITNESS FOR A PARTICULAR PURPOSE.

configure:3751: $? = 0
configure:3740: gcc -v >&5
Using built-in specs.
COLLECT_GCC=gcc
COLLECT_LTO_WRAPPER=/opt/apps/gcc/6.3.0/libexec/gcc/x86_64-pc-linux-gnu/6.3.0/lto-wrapper
Target: x86_64-pc-linux-gnu
Configured with: /admin/build/rpms/BUILD/gcc-6.3.0/configure --enable-libssp --enable-gold=yes --enable-ld=default --enable-plugins --enable-lto --with-tune=generic --enable-languages=c,c++,fortran --disable-multilib --prefix=/opt/apps/gcc/6.3.0 --with-gmp=/opt/apps/gcc/6.3.0 --with-mlgmp=/opt/apps/gcc/6.3.0 --with-mpfr=/opt/apps/gcc/6.3.0 --with-mpc=/opt/apps/gcc/6.3.0 --with-isl=/opt/apps/gcc/6.3.0
Thread model: posix
gcc version 6.3.0 (GCC) 
configure:3751: $? = 0
configure:3740: gcc -V >&5
gcc: error: unrecognized command line option '-V'
gcc: fatal error: no input files
compilation terminated.
configure:3751: $? = 1
configure:3740: gcc -qversion >&5
gcc: error: unrecognized command line option '-qversion'; did you mean '--version'?
gcc: fatal error: no input files
compilation terminated.
configure:3751: $? = 1
configure:3771: checking whether the C compiler works
configure:3793: gcc    conftest.c  >&5
configure:3797: $? = 0
configure:3845: result: yes
configure:3848: checking for C compiler default output file name
configure:3850: result: a.out
configure:3856: checking for suffix of executables
configure:3863: gcc -o conftest    conftest.c  >&5
configure:3867: $? = 0
configure:3889: result: 
configure:3911: checking whether we are cross compiling
configure:3919: gcc -o conftest    conftest.c  >&5
configure:3923: $? = 0
configure:3930: ./conftest
configure:3934: $? = 0
configure:3949: result: no
configure:3954: checking for suffix of object files
configure:3976: gcc -c   conftest.c >&5
configure:3980: $? = 0
configure:4001: result: o
configure:4005: checking whether we are using the GNU C compiler
configure:4024: gcc -c   conftest.c >&5
configure:4024: $? = 0
configure:4033: result: yes
configure:4042: checking whether gcc accepts -g
configure:4062: gcc -c -g  conftest.c >&5
configure:4062: $? = 0
configure:4103: result: yes
configure:4120: checking for gcc option to accept ISO C89
configure:4183: gcc  -c -g -O2  conftest.c >&5
configure:4183: $? = 0
configure:4196: result: none needed
configure:4227: checking for style of include used by make
configure:4255: result: GNU
configure:4281: checking dependency style of gcc
configure:4392: result: gcc3
configure:4408: checking whether gcc and cc understand -c and -o together
configure:4439: gcc -c conftest.c -o conftest2.o >&5
configure:4443: $? = 0
configure:4449: gcc -c conftest.c -o conftest2.o >&5
configure:4453: $? = 0
configure:4464: cc -c conftest.c >&5
configure:4468: $? = 0
configure:4476: cc -c conftest.c -o conftest2.o >&5
configure:4480: $? = 0
configure:4486: cc -c conftest.c -o conftest2.o >&5
configure:4490: $? = 0
configure:4508: result: yes
configure:4533: checking for gcc option to accept ISO C99
configure:4682: gcc  -c -g -O2  conftest.c >&5
configure:4682: $? = 0
configure:4695: result: none needed
configure:4711: checking for inline
configure:4727: gcc -c -g -O2  conftest.c >&5
configure:4727: $? = 0
configure:4735: result: inline
configure:4753: checking whether make sets $(MAKE)
configure:4775: result: yes
configure:4843: checking for g++
configure:4859: found /opt/apps/gcc/6.3.0/bin/g++
configure:4870: result: g++
configure:4897: checking for C++ compiler version
configure:4906: g++ --version >&5
g++ (GCC) 6.3.0
Copyright (C) 2016 Free Software Foundation, Inc.
This is free software; see the source for copying conditions.  There is NO
warranty; not even for MERCHANTABILITY or FITNESS FOR A PARTICULAR PURPOSE.

configure:4917: $? = 0
configure:4906: g++ -v >&5
Using built-in specs.
COLLECT_GCC=g++
COLLECT_LTO_WRAPPER=/opt/apps/gcc/6.3.0/libexec/gcc/x86_64-pc-linux-gnu/6.3.0/lto-wrapper
Target: x86_64-pc-linux-gnu
Configured with: /admin/build/rpms/BUILD/gcc-6.3.0/configure --enable-libssp --enable-gold=yes --enable-ld=default --enable-plugins --enable-lto --with-tune=generic --enable-languages=c,c++,fortran --disable-multilib --prefix=/opt/apps/gcc/6.3.0 --with-gmp=/opt/apps/gcc/6.3.0 --with-mlgmp=/opt/apps/gcc/6.3.0 --with-mpfr=/opt/apps/gcc/6.3.0 --with-mpc=/opt/apps/gcc/6.3.0 --with-isl=/opt/apps/gcc/6.3.0
Thread model: posix
gcc version 6.3.0 (GCC) 
configure:4917: $? = 0
configure:4906: g++ -V >&5
g++: error: unrecognized command line option '-V'
g++: fatal error: no input files
compilation terminated.
configure:4917: $? = 1
configure:4906: g++ -qversion >&5
g++: error: unrecognized command line option '-qversion'; did you mean '--version'?
g++: fatal error: no input files
compilation terminated.
configure:4917: $? = 1
configure:4921: checking whether we are using the GNU C++ compiler
configure:4940: g++ -c   conftest.cpp >&5
configure:4940: $? = 0
configure:4949: result: yes
configure:4958: checking whether g++ accepts -g
configure:4978: g++ -c -g  conftest.cpp >&5
configure:4978: $? = 0
configure:5019: result: yes
configure:5044: checking dependency style of g++
configure:5155: result: gcc3
configure:5261: checking how to run the C preprocessor
configure:5292: gcc -E  conftest.c
configure:5292: $? = 0
configure:5306: gcc -E  conftest.c
conftest.c:9:28: fatal error: ac_nonexistent.h: No such file or directory
 #include <ac_nonexistent.h>
                            ^
compilation terminated.
configure:5306: $? = 1
configure: failed program was:
| /* confdefs.h */
| #define PACKAGE_NAME "SSTCore"
| #define PACKAGE_TARNAME "sstcore"
| #define PACKAGE_VERSION "11.0.0"
| #define PACKAGE_STRING "SSTCore 11.0.0"
| #define PACKAGE_BUGREPORT "sst@sandia.gov"
| #define PACKAGE_URL ""
| /* end confdefs.h.  */
| #include <ac_nonexistent.h>
configure:5331: result: gcc -E
configure:5351: gcc -E  conftest.c
configure:5351: $? = 0
configure:5365: gcc -E  conftest.c
conftest.c:9:28: fatal error: ac_nonexistent.h: No such file or directory
 #include <ac_nonexistent.h>
                            ^
compilation terminated.
configure:5365: $? = 1
configure: failed program was:
| /* confdefs.h */
| #define PACKAGE_NAME "SSTCore"
| #define PACKAGE_TARNAME "sstcore"
| #define PACKAGE_VERSION "11.0.0"
| #define PACKAGE_STRING "SSTCore 11.0.0"
| #define PACKAGE_BUGREPORT "sst@sandia.gov"
| #define PACKAGE_URL ""
| /* end confdefs.h.  */
| #include <ac_nonexistent.h>
configure:5397: checking build system type
configure:5411: result: x86_64-unknown-linux-gnu
configure:5431: checking host system type
configure:5444: result: x86_64-unknown-linux-gnu
configure:5550: checking whether time.h and sys/time.h may both be included
configure:5570: gcc -c -g -O2  conftest.c >&5
configure:5570: $? = 0
configure:5577: result: yes
configure:5639: checking how to print strings
configure:5666: result: printf
configure:5687: checking for a sed that does not truncate output
configure:5751: result: /bin/sed
configure:5769: checking for grep that handles long lines and -e
configure:5827: result: /bin/grep
configure:5832: checking for egrep
configure:5894: result: /bin/grep -E
configure:5899: checking for fgrep
configure:5961: result: /bin/grep -F
configure:5996: checking for ld used by gcc
configure:6063: result: /opt/apps/xalt/xalt/bin/ld
configure:6070: checking if the linker (/opt/apps/xalt/xalt/bin/ld) is GNU ld
configure:6085: result: yes
configure:6097: checking for BSD- or MS-compatible name lister (nm)
configure:6146: result: /opt/apps/gcc/6.3.0/bin/nm -B
configure:6276: checking the name lister (/opt/apps/gcc/6.3.0/bin/nm -B) interface
configure:6283: gcc -c -g -O2  conftest.c >&5
configure:6286: /opt/apps/gcc/6.3.0/bin/nm -B "conftest.o"
configure:6289: output
0000000000000000 B some_variable
configure:6296: result: BSD nm
configure:6299: checking whether ln -s works
configure:6303: result: yes
configure:6311: checking the maximum length of command line arguments
configure:6441: result: 3458764513820540925
configure:6458: checking whether the shell understands some XSI constructs
configure:6468: result: yes
configure:6472: checking whether the shell understands "+="
configure:6478: result: yes
configure:6513: checking how to convert x86_64-unknown-linux-gnu file names to x86_64-unknown-linux-gnu format
configure:6553: result: func_convert_file_noop
configure:6560: checking how to convert x86_64-unknown-linux-gnu file names to toolchain format
configure:6580: result: func_convert_file_noop
configure:6587: checking for /opt/apps/xalt/xalt/bin/ld option to reload object files
configure:6594: result: -r
configure:6668: checking for objdump
configure:6684: found /opt/apps/gcc/6.3.0/bin/objdump
configure:6695: result: objdump
configure:6727: checking how to recognize dependent libraries
configure:6929: result: pass_all
configure:7014: checking for dlltool
configure:7044: result: no
configure:7074: checking how to associate runtime and link libraries
configure:7101: result: printf %s\n
configure:7161: checking for ar
configure:7177: found /opt/apps/gcc/6.3.0/bin/ar
configure:7188: result: ar
configure:7225: checking for archiver @FILE support
configure:7242: gcc -c -g -O2  conftest.c >&5
configure:7242: $? = 0
configure:7245: ar cru libconftest.a @conftest.lst >&5
configure:7248: $? = 0
configure:7253: ar cru libconftest.a @conftest.lst >&5
ar: conftest.o: No such file or directory
configure:7256: $? = 1
configure:7268: result: @
configure:7326: checking for strip
configure:7342: found /opt/apps/gcc/6.3.0/bin/strip
configure:7353: result: strip
configure:7425: checking for ranlib
configure:7441: found /opt/apps/gcc/6.3.0/bin/ranlib
configure:7452: result: ranlib
configure:7554: checking command to parse /opt/apps/gcc/6.3.0/bin/nm -B output from gcc object
configure:7674: gcc -c -g -O2  conftest.c >&5
configure:7677: $? = 0
configure:7681: /opt/apps/gcc/6.3.0/bin/nm -B conftest.o \| sed -n -e 's/^.*[ ]\([ABCDGIRSTW][ABCDGIRSTW]*\)[ ][ ]*\([_A-Za-z][_A-Za-z0-9]*\)$/\1 \2 \2/p' | sed '/ __gnu_lto/d' \> conftest.nm
configure:7684: $? = 0
configure:7750: gcc -o conftest -g -O2   conftest.c conftstm.o >&5
configure:7753: $? = 0
configure:7791: result: ok
configure:7828: checking for sysroot
configure:7858: result: no
configure:7935: gcc -c -g -O2  conftest.c >&5
configure:7938: $? = 0
configure:8114: checking for mt
configure:8144: result: no
configure:8164: checking if : is a manifest tool
configure:8170: : '-?'
configure:8178: result: no
configure:8816: checking for ANSI C header files
configure:8836: gcc -c -g -O2  conftest.c >&5
configure:8836: $? = 0
configure:8909: gcc -o conftest -g -O2   conftest.c  >&5
configure:8909: $? = 0
configure:8909: ./conftest
configure:8909: $? = 0
configure:8920: result: yes
configure:8933: checking for sys/types.h
configure:8933: gcc -c -g -O2  conftest.c >&5
configure:8933: $? = 0
configure:8933: result: yes
configure:8933: checking for sys/stat.h
configure:8933: gcc -c -g -O2  conftest.c >&5
configure:8933: $? = 0
configure:8933: result: yes
configure:8933: checking for stdlib.h
configure:8933: gcc -c -g -O2  conftest.c >&5
configure:8933: $? = 0
configure:8933: result: yes
configure:8933: checking for string.h
configure:8933: gcc -c -g -O2  conftest.c >&5
configure:8933: $? = 0
configure:8933: result: yes
configure:8933: checking for memory.h
configure:8933: gcc -c -g -O2  conftest.c >&5
configure:8933: $? = 0
configure:8933: result: yes
configure:8933: checking for strings.h
configure:8933: gcc -c -g -O2  conftest.c >&5
configure:8933: $? = 0
configure:8933: result: yes
configure:8933: checking for inttypes.h
configure:8933: gcc -c -g -O2  conftest.c >&5
configure:8933: $? = 0
configure:8933: result: yes
configure:8933: checking for stdint.h
configure:8933: gcc -c -g -O2  conftest.c >&5
configure:8933: $? = 0
configure:8933: result: yes
configure:8933: checking for unistd.h
configure:8933: gcc -c -g -O2  conftest.c >&5
configure:8933: $? = 0
configure:8933: result: yes
configure:8947: checking for dlfcn.h
configure:8947: gcc -c -g -O2  conftest.c >&5
configure:8947: $? = 0
configure:8947: result: yes
configure:9161: checking for objdir
configure:9176: result: .libs
configure:9447: checking if gcc supports -fno-rtti -fno-exceptions
configure:9465: gcc -c -g -O2  -fno-rtti -fno-exceptions conftest.c >&5
cc1: warning: command line option '-fno-rtti' is valid for C++/ObjC++ but not for C
configure:9469: $? = 0
configure:9482: result: no
configure:9809: checking for gcc option to produce PIC
configure:9816: result: -fPIC -DPIC
configure:9824: checking if gcc PIC flag -fPIC -DPIC works
configure:9842: gcc -c -g -O2  -fPIC -DPIC -DPIC conftest.c >&5
configure:9846: $? = 0
configure:9859: result: yes
configure:9888: checking if gcc static flag -static works
configure:9916: result: no
configure:9931: checking if gcc supports -c -o file.o
configure:9952: gcc -c -g -O2  -o out/conftest2.o conftest.c >&5
configure:9956: $? = 0
configure:9978: result: yes
configure:9986: checking if gcc supports -c -o file.o
configure:10033: result: yes
configure:10066: checking whether the gcc linker (/opt/apps/xalt/xalt/bin/ld -m elf_x86_64) supports shared libraries
configure:11219: result: yes
configure:11256: checking whether -lc should be explicitly linked in
configure:11264: gcc -c -g -O2  conftest.c >&5
configure:11267: $? = 0
configure:11282: gcc -shared  -fPIC -DPIC conftest.o  -v -Wl,-soname -Wl,conftest -o conftest 2\>\&1 \| /bin/grep  -lc  \>/dev/null 2\>\&1
configure:11285: $? = 0
configure:11299: result: no
configure:11459: checking dynamic linker characteristics
configure:11970: gcc -o conftest -g -O2   -Wl,-rpath -Wl,/foo conftest.c  >&5
configure:11970: $? = 0
configure:12196: result: GNU/Linux ld.so
configure:12303: checking how to hardcode library paths into programs
configure:12328: result: immediate
configure:12422: checking for shl_load
configure:12422: gcc -o conftest -g -O2   conftest.c  >&5
/tmp/ccEyhkpS.o: In function `main':
/work2/07431/tg867305/stampede2/sstcore-11.0.0/conftest.c:56: undefined reference to `shl_load'
collect2: error: ld returned 1 exit status
configure:12422: $? = 1
configure: failed program was:
| /* confdefs.h */
| #define PACKAGE_NAME "SSTCore"
| #define PACKAGE_TARNAME "sstcore"
| #define PACKAGE_VERSION "11.0.0"
| #define PACKAGE_STRING "SSTCore 11.0.0"
| #define PACKAGE_BUGREPORT "sst@sandia.gov"
| #define PACKAGE_URL ""
| #define TIME_WITH_SYS_TIME 1
| #define STDC_HEADERS 1
| #define HAVE_SYS_TYPES_H 1
| #define HAVE_SYS_STAT_H 1
| #define HAVE_STDLIB_H 1
| #define HAVE_STRING_H 1
| #define HAVE_MEMORY_H 1
| #define HAVE_STRINGS_H 1
| #define HAVE_INTTYPES_H 1
| #define HAVE_STDINT_H 1
| #define HAVE_UNISTD_H 1
| #define HAVE_DLFCN_H 1
| #define LT_OBJDIR ".libs/"
| /* end confdefs.h.  */
| /* Define shl_load to an innocuous variant, in case <limits.h> declares shl_load.
|    For example, HP-UX 11i <limits.h> declares gettimeofday.  */
| #define shl_load innocuous_shl_load
| 
| /* System header to define __stub macros and hopefully few prototypes,
|     which can conflict with char shl_load (); below.
|     Prefer <limits.h> to <assert.h> if __STDC__ is defined, since
|     <limits.h> exists even on freestanding compilers.  */
| 
| #ifdef __STDC__
| # include <limits.h>
| #else
| # include <assert.h>
| #endif
| 
| #undef shl_load
| 
| /* Override any GCC internal prototype to avoid an error.
|    Use char because int might match the return type of a GCC
|    builtin and then its argument prototype would still apply.  */
| #ifdef __cplusplus
| extern "C"
| #endif
| char shl_load ();
| /* The GNU C library defines this for functions which it implements
|     to always fail with ENOSYS.  Some functions are actually named
|     something starting with __ and the normal name is an alias.  */
| #if defined __stub_shl_load || defined __stub___shl_load
| choke me
| #endif
| 
| int
| main ()
| {
| return shl_load ();
|   ;
|   return 0;
| }
configure:12422: result: no
configure:12426: checking for shl_load in -ldld
configure:12451: gcc -o conftest -g -O2   conftest.c -ldld   >&5
/opt/apps/gcc/6.3.0/bin/ld: cannot find -ldld
collect2: error: ld returned 1 exit status
configure:12451: $? = 1
configure: failed program was:
| /* confdefs.h */
| #define PACKAGE_NAME "SSTCore"
| #define PACKAGE_TARNAME "sstcore"
| #define PACKAGE_VERSION "11.0.0"
| #define PACKAGE_STRING "SSTCore 11.0.0"
| #define PACKAGE_BUGREPORT "sst@sandia.gov"
| #define PACKAGE_URL ""
| #define TIME_WITH_SYS_TIME 1
| #define STDC_HEADERS 1
| #define HAVE_SYS_TYPES_H 1
| #define HAVE_SYS_STAT_H 1
| #define HAVE_STDLIB_H 1
| #define HAVE_STRING_H 1
| #define HAVE_MEMORY_H 1
| #define HAVE_STRINGS_H 1
| #define HAVE_INTTYPES_H 1
| #define HAVE_STDINT_H 1
| #define HAVE_UNISTD_H 1
| #define HAVE_DLFCN_H 1
| #define LT_OBJDIR ".libs/"
| /* end confdefs.h.  */
| 
| /* Override any GCC internal prototype to avoid an error.
|    Use char because int might match the return type of a GCC
|    builtin and then its argument prototype would still apply.  */
| #ifdef __cplusplus
| extern "C"
| #endif
| char shl_load ();
| int
| main ()
| {
| return shl_load ();
|   ;
|   return 0;
| }
configure:12460: result: no
configure:12465: checking for dlopen
configure:12465: gcc -o conftest -g -O2   conftest.c  >&5
/tmp/ccMpGhI7.o: In function `main':
/work2/07431/tg867305/stampede2/sstcore-11.0.0/conftest.c:56: undefined reference to `dlopen'
collect2: error: ld returned 1 exit status
configure:12465: $? = 1
configure: failed program was:
| /* confdefs.h */
| #define PACKAGE_NAME "SSTCore"
| #define PACKAGE_TARNAME "sstcore"
| #define PACKAGE_VERSION "11.0.0"
| #define PACKAGE_STRING "SSTCore 11.0.0"
| #define PACKAGE_BUGREPORT "sst@sandia.gov"
| #define PACKAGE_URL ""
| #define TIME_WITH_SYS_TIME 1
| #define STDC_HEADERS 1
| #define HAVE_SYS_TYPES_H 1
| #define HAVE_SYS_STAT_H 1
| #define HAVE_STDLIB_H 1
| #define HAVE_STRING_H 1
| #define HAVE_MEMORY_H 1
| #define HAVE_STRINGS_H 1
| #define HAVE_INTTYPES_H 1
| #define HAVE_STDINT_H 1
| #define HAVE_UNISTD_H 1
| #define HAVE_DLFCN_H 1
| #define LT_OBJDIR ".libs/"
| /* end confdefs.h.  */
| /* Define dlopen to an innocuous variant, in case <limits.h> declares dlopen.
|    For example, HP-UX 11i <limits.h> declares gettimeofday.  */
| #define dlopen innocuous_dlopen
| 
| /* System header to define __stub macros and hopefully few prototypes,
|     which can conflict with char dlopen (); below.
|     Prefer <limits.h> to <assert.h> if __STDC__ is defined, since
|     <limits.h> exists even on freestanding compilers.  */
| 
| #ifdef __STDC__
| # include <limits.h>
| #else
| # include <assert.h>
| #endif
| 
| #undef dlopen
| 
| /* Override any GCC internal prototype to avoid an error.
|    Use char because int might match the return type of a GCC
|    builtin and then its argument prototype would still apply.  */
| #ifdef __cplusplus
| extern "C"
| #endif
| char dlopen ();
| /* The GNU C library defines this for functions which it implements
|     to always fail with ENOSYS.  Some functions are actually named
|     something starting with __ and the normal name is an alias.  */
| #if defined __stub_dlopen || defined __stub___dlopen
| choke me
| #endif
| 
| int
| main ()
| {
| return dlopen ();
|   ;
|   return 0;
| }
configure:12465: result: no
configure:12469: checking for dlopen in -ldl
configure:12494: gcc -o conftest -g -O2   conftest.c -ldl   >&5
configure:12494: $? = 0
configure:12503: result: yes
configure:12622: checking whether a program can dlopen itself
configure:12702: gcc -o conftest -g -O2  -DHAVE_DLFCN_H  -Wl,--export-dynamic conftest.c -ldl  >&5
configure:12705: $? = 0
configure:12723: result: yes
configure:12728: checking whether a statically linked program can dlopen itself
configure:12808: gcc -o conftest -g -O2  -DHAVE_DLFCN_H  -Wl,--export-dynamic  conftest.c -ldl  >&5
configure:12811: $? = 0
configure:12829: result: yes
configure:12868: checking whether stripping libraries is possible
configure:12873: result: yes
configure:12908: checking if libtool supports shared libraries
configure:12910: result: yes
configure:12913: checking whether to build shared libraries
configure:12934: result: yes
configure:12937: checking whether to build static libraries
configure:12941: result: no
configure:12964: checking how to run the C++ preprocessor
configure:12991: g++ -E  conftest.cpp
configure:12991: $? = 0
configure:13005: g++ -E  conftest.cpp
conftest.cpp:22:28: fatal error: ac_nonexistent.h: No such file or directory
 #include <ac_nonexistent.h>
                            ^
compilation terminated.
configure:13005: $? = 1
configure: failed program was:
| /* confdefs.h */
| #define PACKAGE_NAME "SSTCore"
| #define PACKAGE_TARNAME "sstcore"
| #define PACKAGE_VERSION "11.0.0"
| #define PACKAGE_STRING "SSTCore 11.0.0"
| #define PACKAGE_BUGREPORT "sst@sandia.gov"
| #define PACKAGE_URL ""
| #define TIME_WITH_SYS_TIME 1
| #define STDC_HEADERS 1
| #define HAVE_SYS_TYPES_H 1
| #define HAVE_SYS_STAT_H 1
| #define HAVE_STDLIB_H 1
| #define HAVE_STRING_H 1
| #define HAVE_MEMORY_H 1
| #define HAVE_STRINGS_H 1
| #define HAVE_INTTYPES_H 1
| #define HAVE_STDINT_H 1
| #define HAVE_UNISTD_H 1
| #define HAVE_DLFCN_H 1
| #define LT_OBJDIR ".libs/"
| /* end confdefs.h.  */
| #include <ac_nonexistent.h>
configure:13030: result: g++ -E
configure:13050: g++ -E  conftest.cpp
configure:13050: $? = 0
configure:13064: g++ -E  conftest.cpp
conftest.cpp:22:28: fatal error: ac_nonexistent.h: No such file or directory
 #include <ac_nonexistent.h>
                            ^
compilation terminated.
configure:13064: $? = 1
configure: failed program was:
| /* confdefs.h */
| #define PACKAGE_NAME "SSTCore"
| #define PACKAGE_TARNAME "sstcore"
| #define PACKAGE_VERSION "11.0.0"
| #define PACKAGE_STRING "SSTCore 11.0.0"
| #define PACKAGE_BUGREPORT "sst@sandia.gov"
| #define PACKAGE_URL ""
| #define TIME_WITH_SYS_TIME 1
| #define STDC_HEADERS 1
| #define HAVE_SYS_TYPES_H 1
| #define HAVE_SYS_STAT_H 1
| #define HAVE_STDLIB_H 1
| #define HAVE_STRING_H 1
| #define HAVE_MEMORY_H 1
| #define HAVE_STRINGS_H 1
| #define HAVE_INTTYPES_H 1
| #define HAVE_STDINT_H 1
| #define HAVE_UNISTD_H 1
| #define HAVE_DLFCN_H 1
| #define LT_OBJDIR ".libs/"
| /* end confdefs.h.  */
| #include <ac_nonexistent.h>
configure:13233: checking for ld used by g++
configure:13300: result: /opt/apps/xalt/xalt/bin/ld -m elf_x86_64
configure:13307: checking if the linker (/opt/apps/xalt/xalt/bin/ld -m elf_x86_64) is GNU ld
configure:13322: result: yes
configure:13377: checking whether the g++ linker (/opt/apps/xalt/xalt/bin/ld -m elf_x86_64) supports shared libraries
configure:14382: result: yes
configure:14418: g++ -c -g -O2  conftest.cpp >&5
configure:14421: $? = 0
configure:14941: checking for g++ option to produce PIC
configure:14948: result: -fPIC -DPIC
configure:14956: checking if g++ PIC flag -fPIC -DPIC works
configure:14974: g++ -c -g -O2  -fPIC -DPIC -DPIC conftest.cpp >&5
configure:14978: $? = 0
configure:14991: result: yes
configure:15014: checking if g++ static flag -static works
configure:15042: result: no
configure:15054: checking if g++ supports -c -o file.o
configure:15075: g++ -c -g -O2  -o out/conftest2.o conftest.cpp >&5
configure:15079: $? = 0
configure:15101: result: yes
configure:15106: checking if g++ supports -c -o file.o
configure:15153: result: yes
configure:15183: checking whether the g++ linker (/opt/apps/xalt/xalt/bin/ld -m elf_x86_64) supports shared libraries
configure:15219: result: yes
configure:15360: checking dynamic linker characteristics
configure:16031: result: GNU/Linux ld.so
configure:16084: checking how to hardcode library paths into programs
configure:16109: result: immediate
configure:16170: checking which extension is used for runtime loadable modules
configure:16182: result: .so
configure:16199: checking which variable specifies run-time module search path
configure:16206: result: LD_LIBRARY_PATH
configure:16216: checking for the default library search path
configure:16223: result: /lib64 /usr/lib64 /lib /usr/lib /usr/lib64/atlas /usr/lib64/dyninst /usr/lib64/mysql /usr/lib64/octave/3.8.2 /usr/lib64/qt-3.3/lib /opt/dell/srvadmin/lib64 /opt/dell/srvadmin/lib64/openmanage /opt/dell/srvadmin/lib64 /opt/dell/srvadmin/lib64 /opt/dell/srvadmin/lib64/srvadmin-idrac /opt/dell/srvadmin/lib64 /opt/dell/srvadmin/lib64/srvadmin-idrac7 /opt/dell/srvadmin/lib64 /opt/dell/srvadmin/lib64/srvadmin-isvc /opt/dell/srvadmin/lib64 /opt/dell/srvadmin/lib64/openmanage /opt/dell/srvadmin/lib64 /opt/dell/srvadmin/lib64/openmanage /usr/lib64/tcl8.5 
configure:16253: checking for library containing dlopen
configure:16284: gcc -o conftest -g -O2   conftest.c  >&5
/tmp/ccr0enWm.o: In function `main':
/work2/07431/tg867305/stampede2/sstcore-11.0.0/conftest.c:36: undefined reference to `dlopen'
collect2: error: ld returned 1 exit status
configure:16284: $? = 1
configure: failed program was:
| /* confdefs.h */
| #define PACKAGE_NAME "SSTCore"
| #define PACKAGE_TARNAME "sstcore"
| #define PACKAGE_VERSION "11.0.0"
| #define PACKAGE_STRING "SSTCore 11.0.0"
| #define PACKAGE_BUGREPORT "sst@sandia.gov"
| #define PACKAGE_URL ""
| #define TIME_WITH_SYS_TIME 1
| #define STDC_HEADERS 1
| #define HAVE_SYS_TYPES_H 1
| #define HAVE_SYS_STAT_H 1
| #define HAVE_STDLIB_H 1
| #define HAVE_STRING_H 1
| #define HAVE_MEMORY_H 1
| #define HAVE_STRINGS_H 1
| #define HAVE_INTTYPES_H 1
| #define HAVE_STDINT_H 1
| #define HAVE_UNISTD_H 1
| #define HAVE_DLFCN_H 1
| #define LT_OBJDIR ".libs/"
| #define LT_MODULE_EXT ".so"
| #define LT_MODULE_PATH_VAR "LD_LIBRARY_PATH"
| #define LT_DLSEARCH_PATH "/lib64:/usr/lib64:/lib:/usr/lib:/usr/lib64/atlas:/usr/lib64/dyninst:/usr/lib64/mysql:/usr/lib64/octave/3.8.2:/usr/lib64/qt-3.3/lib:/opt/dell/srvadmin/lib64:/opt/dell/srvadmin/lib64/openmanage:/opt/dell/srvadmin/lib64:/opt/dell/srvadmin/lib64:/opt/dell/srvadmin/lib64/srvadmin-idrac:/opt/dell/srvadmin/lib64:/opt/dell/srvadmin/lib64/srvadmin-idrac7:/opt/dell/srvadmin/lib64:/opt/dell/srvadmin/lib64/srvadmin-isvc:/opt/dell/srvadmin/lib64:/opt/dell/srvadmin/lib64/openmanage:/opt/dell/srvadmin/lib64:/opt/dell/srvadmin/lib64/openmanage:/usr/lib64/tcl8.5"
| /* end confdefs.h.  */
| 
| /* Override any GCC internal prototype to avoid an error.
|    Use char because int might match the return type of a GCC
|    builtin and then its argument prototype would still apply.  */
| #ifdef __cplusplus
| extern "C"
| #endif
| char dlopen ();
| int
| main ()
| {
| return dlopen ();
|   ;
|   return 0;
| }
configure:16284: gcc -o conftest -g -O2   conftest.c -ldl   >&5
configure:16284: $? = 0
configure:16301: result: -ldl
configure:16391: checking for dlerror
configure:16391: gcc -o conftest -g -O2   conftest.c -ldl  -ldl >&5
configure:16391: $? = 0
configure:16391: result: yes
configure:16405: checking for shl_load
configure:16405: result: no
configure:16412: checking for shl_load in -ldld
configure:16446: result: no
configure:16492: checking for dld_link in -ldld
configure:16517: gcc -o conftest -g -O2   conftest.c -ldld  -ldl  >&5
/opt/apps/gcc/6.3.0/bin/ld: cannot find -ldld
collect2: error: ld returned 1 exit status
configure:16517: $? = 1
configure: failed program was:
| /* confdefs.h */
| #define PACKAGE_NAME "SSTCore"
| #define PACKAGE_TARNAME "sstcore"
| #define PACKAGE_VERSION "11.0.0"
| #define PACKAGE_STRING "SSTCore 11.0.0"
| #define PACKAGE_BUGREPORT "sst@sandia.gov"
| #define PACKAGE_URL ""
| #define TIME_WITH_SYS_TIME 1
| #define STDC_HEADERS 1
| #define HAVE_SYS_TYPES_H 1
| #define HAVE_SYS_STAT_H 1
| #define HAVE_STDLIB_H 1
| #define HAVE_STRING_H 1
| #define HAVE_MEMORY_H 1
| #define HAVE_STRINGS_H 1
| #define HAVE_INTTYPES_H 1
| #define HAVE_STDINT_H 1
| #define HAVE_UNISTD_H 1
| #define HAVE_DLFCN_H 1
| #define LT_OBJDIR ".libs/"
| #define LT_MODULE_EXT ".so"
| #define LT_MODULE_PATH_VAR "LD_LIBRARY_PATH"
| #define LT_DLSEARCH_PATH "/lib64:/usr/lib64:/lib:/usr/lib:/usr/lib64/atlas:/usr/lib64/dyninst:/usr/lib64/mysql:/usr/lib64/octave/3.8.2:/usr/lib64/qt-3.3/lib:/opt/dell/srvadmin/lib64:/opt/dell/srvadmin/lib64/openmanage:/opt/dell/srvadmin/lib64:/opt/dell/srvadmin/lib64:/opt/dell/srvadmin/lib64/srvadmin-idrac:/opt/dell/srvadmin/lib64:/opt/dell/srvadmin/lib64/srvadmin-idrac7:/opt/dell/srvadmin/lib64:/opt/dell/srvadmin/lib64/srvadmin-isvc:/opt/dell/srvadmin/lib64:/opt/dell/srvadmin/lib64/openmanage:/opt/dell/srvadmin/lib64:/opt/dell/srvadmin/lib64/openmanage:/usr/lib64/tcl8.5"
| #define HAVE_LIBDL 1
| #define HAVE_DLERROR 1
| /* end confdefs.h.  */
| 
| /* Override any GCC internal prototype to avoid an error.
|    Use char because int might match the return type of a GCC
|    builtin and then its argument prototype would still apply.  */
| #ifdef __cplusplus
| extern "C"
| #endif
| char dld_link ();
| int
| main ()
| {
| return dld_link ();
|   ;
|   return 0;
| }
configure:16526: result: no
configure:16560: checking for _ prefix in compiled symbols
configure:16570: gcc -c -g -O2  conftest.c >&5
configure:16573: $? = 0
configure:16577: /opt/apps/gcc/6.3.0/bin/nm -B conftest.o \| sed -n -e 's/^.*[	 ]\([ABCDGIRSTW][ABCDGIRSTW]*\)[	 ][	 ]*\([_A-Za-z][_A-Za-z0-9]*\)$/\1 \2 \2/p' | sed '/ __gnu_lto/d' \> conftest.nm
configure:16580: $? = 0
configure:16602: result: no
configure:16726: checking whether deplibs are loaded by dlopen
configure:16820: result: yes
configure:16832: checking for argz.h
configure:16832: gcc -c -g -O2  conftest.c >&5
configure:16832: $? = 0
configure:16832: result: yes
configure:16844: checking for error_t
configure:16844: gcc -c -g -O2  conftest.c >&5
configure:16844: $? = 0
configure:16844: gcc -c -g -O2  conftest.c >&5
conftest.c: In function 'main':
conftest.c:36:22: error: expected expression before ')' token
 if (sizeof ((error_t)))
                      ^
configure:16844: $? = 1
configure: failed program was:
| /* confdefs.h */
| #define PACKAGE_NAME "SSTCore"
| #define PACKAGE_TARNAME "sstcore"
| #define PACKAGE_VERSION "11.0.0"
| #define PACKAGE_STRING "SSTCore 11.0.0"
| #define PACKAGE_BUGREPORT "sst@sandia.gov"
| #define PACKAGE_URL ""
| #define TIME_WITH_SYS_TIME 1
| #define STDC_HEADERS 1
| #define HAVE_SYS_TYPES_H 1
| #define HAVE_SYS_STAT_H 1
| #define HAVE_STDLIB_H 1
| #define HAVE_STRING_H 1
| #define HAVE_MEMORY_H 1
| #define HAVE_STRINGS_H 1
| #define HAVE_INTTYPES_H 1
| #define HAVE_STDINT_H 1
| #define HAVE_UNISTD_H 1
| #define HAVE_DLFCN_H 1
| #define LT_OBJDIR ".libs/"
| #define LT_MODULE_EXT ".so"
| #define LT_MODULE_PATH_VAR "LD_LIBRARY_PATH"
| #define LT_DLSEARCH_PATH "/lib64:/usr/lib64:/lib:/usr/lib:/usr/lib64/atlas:/usr/lib64/dyninst:/usr/lib64/mysql:/usr/lib64/octave/3.8.2:/usr/lib64/qt-3.3/lib:/opt/dell/srvadmin/lib64:/opt/dell/srvadmin/lib64/openmanage:/opt/dell/srvadmin/lib64:/opt/dell/srvadmin/lib64:/opt/dell/srvadmin/lib64/srvadmin-idrac:/opt/dell/srvadmin/lib64:/opt/dell/srvadmin/lib64/srvadmin-idrac7:/opt/dell/srvadmin/lib64:/opt/dell/srvadmin/lib64/srvadmin-isvc:/opt/dell/srvadmin/lib64:/opt/dell/srvadmin/lib64/openmanage:/opt/dell/srvadmin/lib64:/opt/dell/srvadmin/lib64/openmanage:/usr/lib64/tcl8.5"
| #define HAVE_LIBDL 1
| #define HAVE_DLERROR 1
| #define HAVE_LIBDLLOADER 1
| #define HAVE_ARGZ_H 1
| /* end confdefs.h.  */
| #if defined(HAVE_ARGZ_H)
| #  include <argz.h>
| #endif
| 
| int
| main ()
| {
| if (sizeof ((error_t)))
| 	    return 0;
|   ;
|   return 0;
| }
configure:16844: result: yes
configure:16870: checking for argz_add
configure:16870: gcc -o conftest -g -O2   conftest.c -ldl  >&5
configure:16870: $? = 0
configure:16870: result: yes
configure:16870: checking for argz_append
configure:16870: gcc -o conftest -g -O2   conftest.c -ldl  >&5
configure:16870: $? = 0
configure:16870: result: yes
configure:16870: checking for argz_count
configure:16870: gcc -o conftest -g -O2   conftest.c -ldl  >&5
configure:16870: $? = 0
configure:16870: result: yes
configure:16870: checking for argz_create_sep
configure:16870: gcc -o conftest -g -O2   conftest.c -ldl  >&5
configure:16870: $? = 0
configure:16870: result: yes
configure:16870: checking for argz_insert
configure:16870: gcc -o conftest -g -O2   conftest.c -ldl  >&5
configure:16870: $? = 0
configure:16870: result: yes
configure:16870: checking for argz_next
configure:16870: gcc -o conftest -g -O2   conftest.c -ldl  >&5
configure:16870: $? = 0
configure:16870: result: yes
configure:16870: checking for argz_stringify
configure:16870: gcc -o conftest -g -O2   conftest.c -ldl  >&5
configure:16870: $? = 0
configure:16870: result: yes
configure:16886: checking if argz actually works
configure:16917: result: yes
configure:16934: checking whether libtool supports -dlopen/-dlpreopen
configure:16946: result: yes
configure:16975: checking for ltdl.h
configure:16975: gcc -c -g -O2  conftest.c >&5
configure:16975: $? = 0
configure:16975: result: yes
configure:16979: checking whether lt_dlinterface_register is declared
configure:16979: gcc -c -g -O2  conftest.c >&5
configure:16979: $? = 0
configure:16979: result: yes
configure:16983: checking for lt_dladvise_preload in -lltdl
configure:17008: gcc -o conftest -g -O2   conftest.c -lltdl  -ldl  >&5
configure:17008: $? = 0
configure:17017: result: yes
configure:17112: checking where to find libltdl headers
configure:17114: result: 
configure:17116: checking where to find libltdl library
configure:17118: result: -lltdl
configure:17166: checking for unistd.h
configure:17166: result: yes
configure:17166: checking for dl.h
configure:17166: gcc -c -g -O2  conftest.c >&5
conftest.c:75:16: fatal error: dl.h: No such file or directory
 #include <dl.h>
                ^
compilation terminated.
configure:17166: $? = 1
configure: failed program was:
| /* confdefs.h */
| #define PACKAGE_NAME "SSTCore"
| #define PACKAGE_TARNAME "sstcore"
| #define PACKAGE_VERSION "11.0.0"
| #define PACKAGE_STRING "SSTCore 11.0.0"
| #define PACKAGE_BUGREPORT "sst@sandia.gov"
| #define PACKAGE_URL ""
| #define TIME_WITH_SYS_TIME 1
| #define STDC_HEADERS 1
| #define HAVE_SYS_TYPES_H 1
| #define HAVE_SYS_STAT_H 1
| #define HAVE_STDLIB_H 1
| #define HAVE_STRING_H 1
| #define HAVE_MEMORY_H 1
| #define HAVE_STRINGS_H 1
| #define HAVE_INTTYPES_H 1
| #define HAVE_STDINT_H 1
| #define HAVE_UNISTD_H 1
| #define HAVE_DLFCN_H 1
| #define LT_OBJDIR ".libs/"
| #define LT_MODULE_EXT ".so"
| #define LT_MODULE_PATH_VAR "LD_LIBRARY_PATH"
| #define LT_DLSEARCH_PATH "/lib64:/usr/lib64:/lib:/usr/lib:/usr/lib64/atlas:/usr/lib64/dyninst:/usr/lib64/mysql:/usr/lib64/octave/3.8.2:/usr/lib64/qt-3.3/lib:/opt/dell/srvadmin/lib64:/opt/dell/srvadmin/lib64/openmanage:/opt/dell/srvadmin/lib64:/opt/dell/srvadmin/lib64:/opt/dell/srvadmin/lib64/srvadmin-idrac:/opt/dell/srvadmin/lib64:/opt/dell/srvadmin/lib64/srvadmin-idrac7:/opt/dell/srvadmin/lib64:/opt/dell/srvadmin/lib64/srvadmin-isvc:/opt/dell/srvadmin/lib64:/opt/dell/srvadmin/lib64/openmanage:/opt/dell/srvadmin/lib64:/opt/dell/srvadmin/lib64/openmanage:/usr/lib64/tcl8.5"
| #define HAVE_LIBDL 1
| #define HAVE_DLERROR 1
| #define HAVE_LIBDLLOADER 1
| #define HAVE_ARGZ_H 1
| #define HAVE_ERROR_T 1
| #define HAVE_ARGZ_ADD 1
| #define HAVE_ARGZ_APPEND 1
| #define HAVE_ARGZ_COUNT 1
| #define HAVE_ARGZ_CREATE_SEP 1
| #define HAVE_ARGZ_INSERT 1
| #define HAVE_ARGZ_NEXT 1
| #define HAVE_ARGZ_STRINGIFY 1
| #define HAVE_WORKING_ARGZ 1
| #define HAVE_PRELOADED_SYMBOLS 1
| #define HAVE_LTDL 1
| #define HAVE_UNISTD_H 1
| /* end confdefs.h.  */
| #include <stdio.h>
| #ifdef HAVE_SYS_TYPES_H
| # include <sys/types.h>
| #endif
| #ifdef HAVE_SYS_STAT_H
| # include <sys/stat.h>
| #endif
| #ifdef STDC_HEADERS
| # include <stdlib.h>
| # include <stddef.h>
| #else
| # ifdef HAVE_STDLIB_H
| #  include <stdlib.h>
| # endif
| #endif
| #ifdef HAVE_STRING_H
| # if !defined STDC_HEADERS && defined HAVE_MEMORY_H
| #  include <memory.h>
| # endif
| # include <string.h>
| #endif
| #ifdef HAVE_STRINGS_H
| # include <strings.h>
| #endif
| #ifdef HAVE_INTTYPES_H
| # include <inttypes.h>
| #endif
| #ifdef HAVE_STDINT_H
| # include <stdint.h>
| #endif
| #ifdef HAVE_UNISTD_H
| # include <unistd.h>
| #endif
| 
| #include <dl.h>
configure:17166: result: no
configure:17166: checking for sys/dl.h
configure:17166: gcc -c -g -O2  conftest.c >&5
conftest.c:75:20: fatal error: sys/dl.h: No such file or directory
 #include <sys/dl.h>
                    ^
compilation terminated.
configure:17166: $? = 1
configure: failed program was:
| /* confdefs.h */
| #define PACKAGE_NAME "SSTCore"
| #define PACKAGE_TARNAME "sstcore"
| #define PACKAGE_VERSION "11.0.0"
| #define PACKAGE_STRING "SSTCore 11.0.0"
| #define PACKAGE_BUGREPORT "sst@sandia.gov"
| #define PACKAGE_URL ""
| #define TIME_WITH_SYS_TIME 1
| #define STDC_HEADERS 1
| #define HAVE_SYS_TYPES_H 1
| #define HAVE_SYS_STAT_H 1
| #define HAVE_STDLIB_H 1
| #define HAVE_STRING_H 1
| #define HAVE_MEMORY_H 1
| #define HAVE_STRINGS_H 1
| #define HAVE_INTTYPES_H 1
| #define HAVE_STDINT_H 1
| #define HAVE_UNISTD_H 1
| #define HAVE_DLFCN_H 1
| #define LT_OBJDIR ".libs/"
| #define LT_MODULE_EXT ".so"
| #define LT_MODULE_PATH_VAR "LD_LIBRARY_PATH"
| #define LT_DLSEARCH_PATH "/lib64:/usr/lib64:/lib:/usr/lib:/usr/lib64/atlas:/usr/lib64/dyninst:/usr/lib64/mysql:/usr/lib64/octave/3.8.2:/usr/lib64/qt-3.3/lib:/opt/dell/srvadmin/lib64:/opt/dell/srvadmin/lib64/openmanage:/opt/dell/srvadmin/lib64:/opt/dell/srvadmin/lib64:/opt/dell/srvadmin/lib64/srvadmin-idrac:/opt/dell/srvadmin/lib64:/opt/dell/srvadmin/lib64/srvadmin-idrac7:/opt/dell/srvadmin/lib64:/opt/dell/srvadmin/lib64/srvadmin-isvc:/opt/dell/srvadmin/lib64:/opt/dell/srvadmin/lib64/openmanage:/opt/dell/srvadmin/lib64:/opt/dell/srvadmin/lib64/openmanage:/usr/lib64/tcl8.5"
| #define HAVE_LIBDL 1
| #define HAVE_DLERROR 1
| #define HAVE_LIBDLLOADER 1
| #define HAVE_ARGZ_H 1
| #define HAVE_ERROR_T 1
| #define HAVE_ARGZ_ADD 1
| #define HAVE_ARGZ_APPEND 1
| #define HAVE_ARGZ_COUNT 1
| #define HAVE_ARGZ_CREATE_SEP 1
| #define HAVE_ARGZ_INSERT 1
| #define HAVE_ARGZ_NEXT 1
| #define HAVE_ARGZ_STRINGIFY 1
| #define HAVE_WORKING_ARGZ 1
| #define HAVE_PRELOADED_SYMBOLS 1
| #define HAVE_LTDL 1
| #define HAVE_UNISTD_H 1
| /* end confdefs.h.  */
| #include <stdio.h>
| #ifdef HAVE_SYS_TYPES_H
| # include <sys/types.h>
| #endif
| #ifdef HAVE_SYS_STAT_H
| # include <sys/stat.h>
| #endif
| #ifdef STDC_HEADERS
| # include <stdlib.h>
| # include <stddef.h>
| #else
| # ifdef HAVE_STDLIB_H
| #  include <stdlib.h>
| # endif
| #endif
| #ifdef HAVE_STRING_H
| # if !defined STDC_HEADERS && defined HAVE_MEMORY_H
| #  include <memory.h>
| # endif
| # include <string.h>
| #endif
| #ifdef HAVE_STRINGS_H
| # include <strings.h>
| #endif
| #ifdef HAVE_INTTYPES_H
| # include <inttypes.h>
| #endif
| #ifdef HAVE_STDINT_H
| # include <stdint.h>
| #endif
| #ifdef HAVE_UNISTD_H
| # include <unistd.h>
| #endif
| 
| #include <sys/dl.h>
configure:17166: result: no
configure:17166: checking for dld.h
configure:17166: gcc -c -g -O2  conftest.c >&5
conftest.c:75:17: fatal error: dld.h: No such file or directory
 #include <dld.h>
                 ^
compilation terminated.
configure:17166: $? = 1
configure: failed program was:
| /* confdefs.h */
| #define PACKAGE_NAME "SSTCore"
| #define PACKAGE_TARNAME "sstcore"
| #define PACKAGE_VERSION "11.0.0"
| #define PACKAGE_STRING "SSTCore 11.0.0"
| #define PACKAGE_BUGREPORT "sst@sandia.gov"
| #define PACKAGE_URL ""
| #define TIME_WITH_SYS_TIME 1
| #define STDC_HEADERS 1
| #define HAVE_SYS_TYPES_H 1
| #define HAVE_SYS_STAT_H 1
| #define HAVE_STDLIB_H 1
| #define HAVE_STRING_H 1
| #define HAVE_MEMORY_H 1
| #define HAVE_STRINGS_H 1
| #define HAVE_INTTYPES_H 1
| #define HAVE_STDINT_H 1
| #define HAVE_UNISTD_H 1
| #define HAVE_DLFCN_H 1
| #define LT_OBJDIR ".libs/"
| #define LT_MODULE_EXT ".so"
| #define LT_MODULE_PATH_VAR "LD_LIBRARY_PATH"
| #define LT_DLSEARCH_PATH "/lib64:/usr/lib64:/lib:/usr/lib:/usr/lib64/atlas:/usr/lib64/dyninst:/usr/lib64/mysql:/usr/lib64/octave/3.8.2:/usr/lib64/qt-3.3/lib:/opt/dell/srvadmin/lib64:/opt/dell/srvadmin/lib64/openmanage:/opt/dell/srvadmin/lib64:/opt/dell/srvadmin/lib64:/opt/dell/srvadmin/lib64/srvadmin-idrac:/opt/dell/srvadmin/lib64:/opt/dell/srvadmin/lib64/srvadmin-idrac7:/opt/dell/srvadmin/lib64:/opt/dell/srvadmin/lib64/srvadmin-isvc:/opt/dell/srvadmin/lib64:/opt/dell/srvadmin/lib64/openmanage:/opt/dell/srvadmin/lib64:/opt/dell/srvadmin/lib64/openmanage:/usr/lib64/tcl8.5"
| #define HAVE_LIBDL 1
| #define HAVE_DLERROR 1
| #define HAVE_LIBDLLOADER 1
| #define HAVE_ARGZ_H 1
| #define HAVE_ERROR_T 1
| #define HAVE_ARGZ_ADD 1
| #define HAVE_ARGZ_APPEND 1
| #define HAVE_ARGZ_COUNT 1
| #define HAVE_ARGZ_CREATE_SEP 1
| #define HAVE_ARGZ_INSERT 1
| #define HAVE_ARGZ_NEXT 1
| #define HAVE_ARGZ_STRINGIFY 1
| #define HAVE_WORKING_ARGZ 1
| #define HAVE_PRELOADED_SYMBOLS 1
| #define HAVE_LTDL 1
| #define HAVE_UNISTD_H 1
| /* end confdefs.h.  */
| #include <stdio.h>
| #ifdef HAVE_SYS_TYPES_H
| # include <sys/types.h>
| #endif
| #ifdef HAVE_SYS_STAT_H
| # include <sys/stat.h>
| #endif
| #ifdef STDC_HEADERS
| # include <stdlib.h>
| # include <stddef.h>
| #else
| # ifdef HAVE_STDLIB_H
| #  include <stdlib.h>
| # endif
| #endif
| #ifdef HAVE_STRING_H
| # if !defined STDC_HEADERS && defined HAVE_MEMORY_H
| #  include <memory.h>
| # endif
| # include <string.h>
| #endif
| #ifdef HAVE_STRINGS_H
| # include <strings.h>
| #endif
| #ifdef HAVE_INTTYPES_H
| # include <inttypes.h>
| #endif
| #ifdef HAVE_STDINT_H
| # include <stdint.h>
| #endif
| #ifdef HAVE_UNISTD_H
| # include <unistd.h>
| #endif
| 
| #include <dld.h>
configure:17166: result: no
configure:17166: checking for mach-o/dyld.h
configure:17166: gcc -c -g -O2  conftest.c >&5
conftest.c:75:25: fatal error: mach-o/dyld.h: No such file or directory
 #include <mach-o/dyld.h>
                         ^
compilation terminated.
configure:17166: $? = 1
configure: failed program was:
| /* confdefs.h */
| #define PACKAGE_NAME "SSTCore"
| #define PACKAGE_TARNAME "sstcore"
| #define PACKAGE_VERSION "11.0.0"
| #define PACKAGE_STRING "SSTCore 11.0.0"
| #define PACKAGE_BUGREPORT "sst@sandia.gov"
| #define PACKAGE_URL ""
| #define TIME_WITH_SYS_TIME 1
| #define STDC_HEADERS 1
| #define HAVE_SYS_TYPES_H 1
| #define HAVE_SYS_STAT_H 1
| #define HAVE_STDLIB_H 1
| #define HAVE_STRING_H 1
| #define HAVE_MEMORY_H 1
| #define HAVE_STRINGS_H 1
| #define HAVE_INTTYPES_H 1
| #define HAVE_STDINT_H 1
| #define HAVE_UNISTD_H 1
| #define HAVE_DLFCN_H 1
| #define LT_OBJDIR ".libs/"
| #define LT_MODULE_EXT ".so"
| #define LT_MODULE_PATH_VAR "LD_LIBRARY_PATH"
| #define LT_DLSEARCH_PATH "/lib64:/usr/lib64:/lib:/usr/lib:/usr/lib64/atlas:/usr/lib64/dyninst:/usr/lib64/mysql:/usr/lib64/octave/3.8.2:/usr/lib64/qt-3.3/lib:/opt/dell/srvadmin/lib64:/opt/dell/srvadmin/lib64/openmanage:/opt/dell/srvadmin/lib64:/opt/dell/srvadmin/lib64:/opt/dell/srvadmin/lib64/srvadmin-idrac:/opt/dell/srvadmin/lib64:/opt/dell/srvadmin/lib64/srvadmin-idrac7:/opt/dell/srvadmin/lib64:/opt/dell/srvadmin/lib64/srvadmin-isvc:/opt/dell/srvadmin/lib64:/opt/dell/srvadmin/lib64/openmanage:/opt/dell/srvadmin/lib64:/opt/dell/srvadmin/lib64/openmanage:/usr/lib64/tcl8.5"
| #define HAVE_LIBDL 1
| #define HAVE_DLERROR 1
| #define HAVE_LIBDLLOADER 1
| #define HAVE_ARGZ_H 1
| #define HAVE_ERROR_T 1
| #define HAVE_ARGZ_ADD 1
| #define HAVE_ARGZ_APPEND 1
| #define HAVE_ARGZ_COUNT 1
| #define HAVE_ARGZ_CREATE_SEP 1
| #define HAVE_ARGZ_INSERT 1
| #define HAVE_ARGZ_NEXT 1
| #define HAVE_ARGZ_STRINGIFY 1
| #define HAVE_WORKING_ARGZ 1
| #define HAVE_PRELOADED_SYMBOLS 1
| #define HAVE_LTDL 1
| #define HAVE_UNISTD_H 1
| /* end confdefs.h.  */
| #include <stdio.h>
| #ifdef HAVE_SYS_TYPES_H
| # include <sys/types.h>
| #endif
| #ifdef HAVE_SYS_STAT_H
| # include <sys/stat.h>
| #endif
| #ifdef STDC_HEADERS
| # include <stdlib.h>
| # include <stddef.h>
| #else
| # ifdef HAVE_STDLIB_H
| #  include <stdlib.h>
| # endif
| #endif
| #ifdef HAVE_STRING_H
| # if !defined STDC_HEADERS && defined HAVE_MEMORY_H
| #  include <memory.h>
| # endif
| # include <string.h>
| #endif
| #ifdef HAVE_STRINGS_H
| # include <strings.h>
| #endif
| #ifdef HAVE_INTTYPES_H
| # include <inttypes.h>
| #endif
| #ifdef HAVE_STDINT_H
| # include <stdint.h>
| #endif
| #ifdef HAVE_UNISTD_H
| # include <unistd.h>
| #endif
| 
| #include <mach-o/dyld.h>
configure:17166: result: no
configure:17166: checking for dirent.h
configure:17166: gcc -c -g -O2  conftest.c >&5
configure:17166: $? = 0
configure:17166: result: yes
configure:17181: checking for closedir
configure:17181: gcc -o conftest -g -O2   conftest.c -ldl  >&5
configure:17181: $? = 0
configure:17181: result: yes
configure:17181: checking for opendir
configure:17181: gcc -o conftest -g -O2   conftest.c -ldl  >&5
configure:17181: $? = 0
configure:17181: result: yes
configure:17181: checking for readdir
configure:17181: gcc -o conftest -g -O2   conftest.c -ldl  >&5
configure:17181: $? = 0
configure:17181: result: yes
configure:17198: checking for strlcat
configure:17198: gcc -o conftest -g -O2   conftest.c -ldl  >&5
/tmp/ccYqsBiD.o: In function `main':
/work2/07431/tg867305/stampede2/sstcore-11.0.0/conftest.c:79: undefined reference to `strlcat'
collect2: error: ld returned 1 exit status
configure:17198: $? = 1
configure: failed program was:
| /* confdefs.h */
| #define PACKAGE_NAME "SSTCore"
| #define PACKAGE_TARNAME "sstcore"
| #define PACKAGE_VERSION "11.0.0"
| #define PACKAGE_STRING "SSTCore 11.0.0"
| #define PACKAGE_BUGREPORT "sst@sandia.gov"
| #define PACKAGE_URL ""
| #define TIME_WITH_SYS_TIME 1
| #define STDC_HEADERS 1
| #define HAVE_SYS_TYPES_H 1
| #define HAVE_SYS_STAT_H 1
| #define HAVE_STDLIB_H 1
| #define HAVE_STRING_H 1
| #define HAVE_MEMORY_H 1
| #define HAVE_STRINGS_H 1
| #define HAVE_INTTYPES_H 1
| #define HAVE_STDINT_H 1
| #define HAVE_UNISTD_H 1
| #define HAVE_DLFCN_H 1
| #define LT_OBJDIR ".libs/"
| #define LT_MODULE_EXT ".so"
| #define LT_MODULE_PATH_VAR "LD_LIBRARY_PATH"
| #define LT_DLSEARCH_PATH "/lib64:/usr/lib64:/lib:/usr/lib:/usr/lib64/atlas:/usr/lib64/dyninst:/usr/lib64/mysql:/usr/lib64/octave/3.8.2:/usr/lib64/qt-3.3/lib:/opt/dell/srvadmin/lib64:/opt/dell/srvadmin/lib64/openmanage:/opt/dell/srvadmin/lib64:/opt/dell/srvadmin/lib64:/opt/dell/srvadmin/lib64/srvadmin-idrac:/opt/dell/srvadmin/lib64:/opt/dell/srvadmin/lib64/srvadmin-idrac7:/opt/dell/srvadmin/lib64:/opt/dell/srvadmin/lib64/srvadmin-isvc:/opt/dell/srvadmin/lib64:/opt/dell/srvadmin/lib64/openmanage:/opt/dell/srvadmin/lib64:/opt/dell/srvadmin/lib64/openmanage:/usr/lib64/tcl8.5"
| #define HAVE_LIBDL 1
| #define HAVE_DLERROR 1
| #define HAVE_LIBDLLOADER 1
| #define HAVE_ARGZ_H 1
| #define HAVE_ERROR_T 1
| #define HAVE_ARGZ_ADD 1
| #define HAVE_ARGZ_APPEND 1
| #define HAVE_ARGZ_COUNT 1
| #define HAVE_ARGZ_CREATE_SEP 1
| #define HAVE_ARGZ_INSERT 1
| #define HAVE_ARGZ_NEXT 1
| #define HAVE_ARGZ_STRINGIFY 1
| #define HAVE_WORKING_ARGZ 1
| #define HAVE_PRELOADED_SYMBOLS 1
| #define HAVE_LTDL 1
| #define HAVE_UNISTD_H 1
| #define HAVE_DIRENT_H 1
| #define HAVE_CLOSEDIR 1
| #define HAVE_OPENDIR 1
| #define HAVE_READDIR 1
| /* end confdefs.h.  */
| /* Define strlcat to an innocuous variant, in case <limits.h> declares strlcat.
|    For example, HP-UX 11i <limits.h> declares gettimeofday.  */
| #define strlcat innocuous_strlcat
| 
| /* System header to define __stub macros and hopefully few prototypes,
|     which can conflict with char strlcat (); below.
|     Prefer <limits.h> to <assert.h> if __STDC__ is defined, since
|     <limits.h> exists even on freestanding compilers.  */
| 
| #ifdef __STDC__
| # include <limits.h>
| #else
| # include <assert.h>
| #endif
| 
| #undef strlcat
| 
| /* Override any GCC internal prototype to avoid an error.
|    Use char because int might match the return type of a GCC
|    builtin and then its argument prototype would still apply.  */
| #ifdef __cplusplus
| extern "C"
| #endif
| char strlcat ();
| /* The GNU C library defines this for functions which it implements
|     to always fail with ENOSYS.  Some functions are actually named
|     something starting with __ and the normal name is an alias.  */
| #if defined __stub_strlcat || defined __stub___strlcat
| choke me
| #endif
| 
| int
| main ()
| {
| return strlcat ();
|   ;
|   return 0;
| }
configure:17198: result: no
configure:17198: checking for strlcpy
configure:17198: gcc -o conftest -g -O2   conftest.c -ldl  >&5
/tmp/cc64tRAK.o: In function `main':
/work2/07431/tg867305/stampede2/sstcore-11.0.0/conftest.c:79: undefined reference to `strlcpy'
collect2: error: ld returned 1 exit status
configure:17198: $? = 1
configure: failed program was:
| /* confdefs.h */
| #define PACKAGE_NAME "SSTCore"
| #define PACKAGE_TARNAME "sstcore"
| #define PACKAGE_VERSION "11.0.0"
| #define PACKAGE_STRING "SSTCore 11.0.0"
| #define PACKAGE_BUGREPORT "sst@sandia.gov"
| #define PACKAGE_URL ""
| #define TIME_WITH_SYS_TIME 1
| #define STDC_HEADERS 1
| #define HAVE_SYS_TYPES_H 1
| #define HAVE_SYS_STAT_H 1
| #define HAVE_STDLIB_H 1
| #define HAVE_STRING_H 1
| #define HAVE_MEMORY_H 1
| #define HAVE_STRINGS_H 1
| #define HAVE_INTTYPES_H 1
| #define HAVE_STDINT_H 1
| #define HAVE_UNISTD_H 1
| #define HAVE_DLFCN_H 1
| #define LT_OBJDIR ".libs/"
| #define LT_MODULE_EXT ".so"
| #define LT_MODULE_PATH_VAR "LD_LIBRARY_PATH"
| #define LT_DLSEARCH_PATH "/lib64:/usr/lib64:/lib:/usr/lib:/usr/lib64/atlas:/usr/lib64/dyninst:/usr/lib64/mysql:/usr/lib64/octave/3.8.2:/usr/lib64/qt-3.3/lib:/opt/dell/srvadmin/lib64:/opt/dell/srvadmin/lib64/openmanage:/opt/dell/srvadmin/lib64:/opt/dell/srvadmin/lib64:/opt/dell/srvadmin/lib64/srvadmin-idrac:/opt/dell/srvadmin/lib64:/opt/dell/srvadmin/lib64/srvadmin-idrac7:/opt/dell/srvadmin/lib64:/opt/dell/srvadmin/lib64/srvadmin-isvc:/opt/dell/srvadmin/lib64:/opt/dell/srvadmin/lib64/openmanage:/opt/dell/srvadmin/lib64:/opt/dell/srvadmin/lib64/openmanage:/usr/lib64/tcl8.5"
| #define HAVE_LIBDL 1
| #define HAVE_DLERROR 1
| #define HAVE_LIBDLLOADER 1
| #define HAVE_ARGZ_H 1
| #define HAVE_ERROR_T 1
| #define HAVE_ARGZ_ADD 1
| #define HAVE_ARGZ_APPEND 1
| #define HAVE_ARGZ_COUNT 1
| #define HAVE_ARGZ_CREATE_SEP 1
| #define HAVE_ARGZ_INSERT 1
| #define HAVE_ARGZ_NEXT 1
| #define HAVE_ARGZ_STRINGIFY 1
| #define HAVE_WORKING_ARGZ 1
| #define HAVE_PRELOADED_SYMBOLS 1
| #define HAVE_LTDL 1
| #define HAVE_UNISTD_H 1
| #define HAVE_DIRENT_H 1
| #define HAVE_CLOSEDIR 1
| #define HAVE_OPENDIR 1
| #define HAVE_READDIR 1
| /* end confdefs.h.  */
| /* Define strlcpy to an innocuous variant, in case <limits.h> declares strlcpy.
|    For example, HP-UX 11i <limits.h> declares gettimeofday.  */
| #define strlcpy innocuous_strlcpy
| 
| /* System header to define __stub macros and hopefully few prototypes,
|     which can conflict with char strlcpy (); below.
|     Prefer <limits.h> to <assert.h> if __STDC__ is defined, since
|     <limits.h> exists even on freestanding compilers.  */
| 
| #ifdef __STDC__
| # include <limits.h>
| #else
| # include <assert.h>
| #endif
| 
| #undef strlcpy
| 
| /* Override any GCC internal prototype to avoid an error.
|    Use char because int might match the return type of a GCC
|    builtin and then its argument prototype would still apply.  */
| #ifdef __cplusplus
| extern "C"
| #endif
| char strlcpy ();
| /* The GNU C library defines this for functions which it implements
|     to always fail with ENOSYS.  Some functions are actually named
|     something starting with __ and the normal name is an alias.  */
| #if defined __stub_strlcpy || defined __stub___strlcpy
| choke me
| #endif
| 
| int
| main ()
| {
| return strlcpy ();
|   ;
|   return 0;
| }
configure:17198: result: no
configure:17247: checking for lt_dladvise_init in -lltdl
configure:17272: gcc -o conftest -g -O2    -lltdl conftest.c -lltdl  -ldl  >&5
configure:17272: $? = 0
configure:17281: result: yes
configure:17305: checking if C++ supports C++1y features without additional flags
configure:17342: g++ -c -g -O2  conftest.cpp >&5
configure:17342: $? = 0
configure:17356: result: yes
configure:17361: checking if C++ supports C++1y features with -std=c++14
configure:17400: g++ -c -g -O2 -std=c++14 -D__STDC_FORMAT_MACROS  conftest.cpp >&5
configure:17400: $? = 0
configure:17419: result: 
configure:17425: checking if C++ supports C++1y features with -std=c++1y
configure:17464: g++ -c -g -O2 -std=c++1y -D__STDC_FORMAT_MACROS  conftest.cpp >&5
configure:17464: $? = 0
configure:17483: result: yes
configure:17510: checking if C++ supports C++0x features without additional flags
configure:17547: g++ -c -g -O2  conftest.cpp >&5
configure:17547: $? = 0
configure:17561: result: yes
configure:17566: checking if C++ supports C++0x features with -std=c++11
configure:17605: g++ -c -g -O2 -std=c++11 -D__STDC_FORMAT_MACROS  conftest.cpp >&5
configure:17605: $? = 0
configure:17624: result: yes
configure:17735: checking whether time.h and sys/time.h may both be included
configure:17762: result: yes
configure:17773: checking c_asm.h usability
configure:17773: gcc -c -g -O2 -Wall -Wextra -I$(top_builddir) -I$(top_srcdir)/src -I$(top_builddir)/src  conftest.c >&5
conftest.c:83:19: fatal error: c_asm.h: No such file or directory
 #include <c_asm.h>
                   ^
compilation terminated.
configure:17773: $? = 1
configure: failed program was:
| /* confdefs.h */
| #define PACKAGE_NAME "SSTCore"
| #define PACKAGE_TARNAME "sstcore"
| #define PACKAGE_VERSION "11.0.0"
| #define PACKAGE_STRING "SSTCore 11.0.0"
| #define PACKAGE_BUGREPORT "sst@sandia.gov"
| #define PACKAGE_URL ""
| #define TIME_WITH_SYS_TIME 1
| #define STDC_HEADERS 1
| #define HAVE_SYS_TYPES_H 1
| #define HAVE_SYS_STAT_H 1
| #define HAVE_STDLIB_H 1
| #define HAVE_STRING_H 1
| #define HAVE_MEMORY_H 1
| #define HAVE_STRINGS_H 1
| #define HAVE_INTTYPES_H 1
| #define HAVE_STDINT_H 1
| #define HAVE_UNISTD_H 1
| #define HAVE_DLFCN_H 1
| #define LT_OBJDIR ".libs/"
| #define LT_MODULE_EXT ".so"
| #define LT_MODULE_PATH_VAR "LD_LIBRARY_PATH"
| #define LT_DLSEARCH_PATH "/lib64:/usr/lib64:/lib:/usr/lib:/usr/lib64/atlas:/usr/lib64/dyninst:/usr/lib64/mysql:/usr/lib64/octave/3.8.2:/usr/lib64/qt-3.3/lib:/opt/dell/srvadmin/lib64:/opt/dell/srvadmin/lib64/openmanage:/opt/dell/srvadmin/lib64:/opt/dell/srvadmin/lib64:/opt/dell/srvadmin/lib64/srvadmin-idrac:/opt/dell/srvadmin/lib64:/opt/dell/srvadmin/lib64/srvadmin-idrac7:/opt/dell/srvadmin/lib64:/opt/dell/srvadmin/lib64/srvadmin-isvc:/opt/dell/srvadmin/lib64:/opt/dell/srvadmin/lib64/openmanage:/opt/dell/srvadmin/lib64:/opt/dell/srvadmin/lib64/openmanage:/usr/lib64/tcl8.5"
| #define HAVE_LIBDL 1
| #define HAVE_DLERROR 1
| #define HAVE_LIBDLLOADER 1
| #define HAVE_ARGZ_H 1
| #define HAVE_ERROR_T 1
| #define HAVE_ARGZ_ADD 1
| #define HAVE_ARGZ_APPEND 1
| #define HAVE_ARGZ_COUNT 1
| #define HAVE_ARGZ_CREATE_SEP 1
| #define HAVE_ARGZ_INSERT 1
| #define HAVE_ARGZ_NEXT 1
| #define HAVE_ARGZ_STRINGIFY 1
| #define HAVE_WORKING_ARGZ 1
| #define HAVE_PRELOADED_SYMBOLS 1
| #define HAVE_LTDL 1
| #define HAVE_UNISTD_H 1
| #define HAVE_DIRENT_H 1
| #define HAVE_CLOSEDIR 1
| #define HAVE_OPENDIR 1
| #define HAVE_READDIR 1
| #define LT_LIBEXT "a"
| #define LT_LIBPREFIX "lib"
| #define HAVE_LIBLTDL 1
| #define HAVE_STDCXX_1Y 1
| #define TIME_WITH_SYS_TIME 1
| /* end confdefs.h.  */
| #include <stdio.h>
| #ifdef HAVE_SYS_TYPES_H
| # include <sys/types.h>
| #endif
| #ifdef HAVE_SYS_STAT_H
| # include <sys/stat.h>
| #endif
| #ifdef STDC_HEADERS
| # include <stdlib.h>
| # include <stddef.h>
| #else
| # ifdef HAVE_STDLIB_H
| #  include <stdlib.h>
| # endif
| #endif
| #ifdef HAVE_STRING_H
| # if !defined STDC_HEADERS && defined HAVE_MEMORY_H
| #  include <memory.h>
| # endif
| # include <string.h>
| #endif
| #ifdef HAVE_STRINGS_H
| # include <strings.h>
| #endif
| #ifdef HAVE_INTTYPES_H
| # include <inttypes.h>
| #endif
| #ifdef HAVE_STDINT_H
| # include <stdint.h>
| #endif
| #ifdef HAVE_UNISTD_H
| # include <unistd.h>
| #endif
| #include <c_asm.h>
configure:17773: result: no
configure:17773: checking c_asm.h presence
configure:17773: gcc -E -I$(top_builddir) -I$(top_srcdir)/src -I$(top_builddir)/src  conftest.c
conftest.c:50:19: fatal error: c_asm.h: No such file or directory
 #include <c_asm.h>
                   ^
compilation terminated.
configure:17773: $? = 1
configure: failed program was:
| /* confdefs.h */
| #define PACKAGE_NAME "SSTCore"
| #define PACKAGE_TARNAME "sstcore"
| #define PACKAGE_VERSION "11.0.0"
| #define PACKAGE_STRING "SSTCore 11.0.0"
| #define PACKAGE_BUGREPORT "sst@sandia.gov"
| #define PACKAGE_URL ""
| #define TIME_WITH_SYS_TIME 1
| #define STDC_HEADERS 1
| #define HAVE_SYS_TYPES_H 1
| #define HAVE_SYS_STAT_H 1
| #define HAVE_STDLIB_H 1
| #define HAVE_STRING_H 1
| #define HAVE_MEMORY_H 1
| #define HAVE_STRINGS_H 1
| #define HAVE_INTTYPES_H 1
| #define HAVE_STDINT_H 1
| #define HAVE_UNISTD_H 1
| #define HAVE_DLFCN_H 1
| #define LT_OBJDIR ".libs/"
| #define LT_MODULE_EXT ".so"
| #define LT_MODULE_PATH_VAR "LD_LIBRARY_PATH"
| #define LT_DLSEARCH_PATH "/lib64:/usr/lib64:/lib:/usr/lib:/usr/lib64/atlas:/usr/lib64/dyninst:/usr/lib64/mysql:/usr/lib64/octave/3.8.2:/usr/lib64/qt-3.3/lib:/opt/dell/srvadmin/lib64:/opt/dell/srvadmin/lib64/openmanage:/opt/dell/srvadmin/lib64:/opt/dell/srvadmin/lib64:/opt/dell/srvadmin/lib64/srvadmin-idrac:/opt/dell/srvadmin/lib64:/opt/dell/srvadmin/lib64/srvadmin-idrac7:/opt/dell/srvadmin/lib64:/opt/dell/srvadmin/lib64/srvadmin-isvc:/opt/dell/srvadmin/lib64:/opt/dell/srvadmin/lib64/openmanage:/opt/dell/srvadmin/lib64:/opt/dell/srvadmin/lib64/openmanage:/usr/lib64/tcl8.5"
| #define HAVE_LIBDL 1
| #define HAVE_DLERROR 1
| #define HAVE_LIBDLLOADER 1
| #define HAVE_ARGZ_H 1
| #define HAVE_ERROR_T 1
| #define HAVE_ARGZ_ADD 1
| #define HAVE_ARGZ_APPEND 1
| #define HAVE_ARGZ_COUNT 1
| #define HAVE_ARGZ_CREATE_SEP 1
| #define HAVE_ARGZ_INSERT 1
| #define HAVE_ARGZ_NEXT 1
| #define HAVE_ARGZ_STRINGIFY 1
| #define HAVE_WORKING_ARGZ 1
| #define HAVE_PRELOADED_SYMBOLS 1
| #define HAVE_LTDL 1
| #define HAVE_UNISTD_H 1
| #define HAVE_DIRENT_H 1
| #define HAVE_CLOSEDIR 1
| #define HAVE_OPENDIR 1
| #define HAVE_READDIR 1
| #define LT_LIBEXT "a"
| #define LT_LIBPREFIX "lib"
| #define HAVE_LIBLTDL 1
| #define HAVE_STDCXX_1Y 1
| #define TIME_WITH_SYS_TIME 1
| /* end confdefs.h.  */
| #include <c_asm.h>
configure:17773: result: no
configure:17773: checking for c_asm.h
configure:17773: result: no
configure:17773: checking for dlfcn.h
configure:17773: result: yes
configure:17773: checking intrinsics.h usability
configure:17773: gcc -c -g -O2 -Wall -Wextra -I$(top_builddir) -I$(top_srcdir)/src -I$(top_builddir)/src  conftest.c >&5
conftest.c:84:24: fatal error: intrinsics.h: No such file or directory
 #include <intrinsics.h>
                        ^
compilation terminated.
configure:17773: $? = 1
configure: failed program was:
| /* confdefs.h */
| #define PACKAGE_NAME "SSTCore"
| #define PACKAGE_TARNAME "sstcore"
| #define PACKAGE_VERSION "11.0.0"
| #define PACKAGE_STRING "SSTCore 11.0.0"
| #define PACKAGE_BUGREPORT "sst@sandia.gov"
| #define PACKAGE_URL ""
| #define TIME_WITH_SYS_TIME 1
| #define STDC_HEADERS 1
| #define HAVE_SYS_TYPES_H 1
| #define HAVE_SYS_STAT_H 1
| #define HAVE_STDLIB_H 1
| #define HAVE_STRING_H 1
| #define HAVE_MEMORY_H 1
| #define HAVE_STRINGS_H 1
| #define HAVE_INTTYPES_H 1
| #define HAVE_STDINT_H 1
| #define HAVE_UNISTD_H 1
| #define HAVE_DLFCN_H 1
| #define LT_OBJDIR ".libs/"
| #define LT_MODULE_EXT ".so"
| #define LT_MODULE_PATH_VAR "LD_LIBRARY_PATH"
| #define LT_DLSEARCH_PATH "/lib64:/usr/lib64:/lib:/usr/lib:/usr/lib64/atlas:/usr/lib64/dyninst:/usr/lib64/mysql:/usr/lib64/octave/3.8.2:/usr/lib64/qt-3.3/lib:/opt/dell/srvadmin/lib64:/opt/dell/srvadmin/lib64/openmanage:/opt/dell/srvadmin/lib64:/opt/dell/srvadmin/lib64:/opt/dell/srvadmin/lib64/srvadmin-idrac:/opt/dell/srvadmin/lib64:/opt/dell/srvadmin/lib64/srvadmin-idrac7:/opt/dell/srvadmin/lib64:/opt/dell/srvadmin/lib64/srvadmin-isvc:/opt/dell/srvadmin/lib64:/opt/dell/srvadmin/lib64/openmanage:/opt/dell/srvadmin/lib64:/opt/dell/srvadmin/lib64/openmanage:/usr/lib64/tcl8.5"
| #define HAVE_LIBDL 1
| #define HAVE_DLERROR 1
| #define HAVE_LIBDLLOADER 1
| #define HAVE_ARGZ_H 1
| #define HAVE_ERROR_T 1
| #define HAVE_ARGZ_ADD 1
| #define HAVE_ARGZ_APPEND 1
| #define HAVE_ARGZ_COUNT 1
| #define HAVE_ARGZ_CREATE_SEP 1
| #define HAVE_ARGZ_INSERT 1
| #define HAVE_ARGZ_NEXT 1
| #define HAVE_ARGZ_STRINGIFY 1
| #define HAVE_WORKING_ARGZ 1
| #define HAVE_PRELOADED_SYMBOLS 1
| #define HAVE_LTDL 1
| #define HAVE_UNISTD_H 1
| #define HAVE_DIRENT_H 1
| #define HAVE_CLOSEDIR 1
| #define HAVE_OPENDIR 1
| #define HAVE_READDIR 1
| #define LT_LIBEXT "a"
| #define LT_LIBPREFIX "lib"
| #define HAVE_LIBLTDL 1
| #define HAVE_STDCXX_1Y 1
| #define TIME_WITH_SYS_TIME 1
| #define HAVE_DLFCN_H 1
| /* end confdefs.h.  */
| #include <stdio.h>
| #ifdef HAVE_SYS_TYPES_H
| # include <sys/types.h>
| #endif
| #ifdef HAVE_SYS_STAT_H
| # include <sys/stat.h>
| #endif
| #ifdef STDC_HEADERS
| # include <stdlib.h>
| # include <stddef.h>
| #else
| # ifdef HAVE_STDLIB_H
| #  include <stdlib.h>
| # endif
| #endif
| #ifdef HAVE_STRING_H
| # if !defined STDC_HEADERS && defined HAVE_MEMORY_H
| #  include <memory.h>
| # endif
| # include <string.h>
| #endif
| #ifdef HAVE_STRINGS_H
| # include <strings.h>
| #endif
| #ifdef HAVE_INTTYPES_H
| # include <inttypes.h>
| #endif
| #ifdef HAVE_STDINT_H
| # include <stdint.h>
| #endif
| #ifdef HAVE_UNISTD_H
| # include <unistd.h>
| #endif
| #include <intrinsics.h>
configure:17773: result: no
configure:17773: checking intrinsics.h presence
configure:17773: gcc -E -I$(top_builddir) -I$(top_srcdir)/src -I$(top_builddir)/src  conftest.c
conftest.c:51:24: fatal error: intrinsics.h: No such file or directory
 #include <intrinsics.h>
                        ^
compilation terminated.
configure:17773: $? = 1
configure: failed program was:
| /* confdefs.h */
| #define PACKAGE_NAME "SSTCore"
| #define PACKAGE_TARNAME "sstcore"
| #define PACKAGE_VERSION "11.0.0"
| #define PACKAGE_STRING "SSTCore 11.0.0"
| #define PACKAGE_BUGREPORT "sst@sandia.gov"
| #define PACKAGE_URL ""
| #define TIME_WITH_SYS_TIME 1
| #define STDC_HEADERS 1
| #define HAVE_SYS_TYPES_H 1
| #define HAVE_SYS_STAT_H 1
| #define HAVE_STDLIB_H 1
| #define HAVE_STRING_H 1
| #define HAVE_MEMORY_H 1
| #define HAVE_STRINGS_H 1
| #define HAVE_INTTYPES_H 1
| #define HAVE_STDINT_H 1
| #define HAVE_UNISTD_H 1
| #define HAVE_DLFCN_H 1
| #define LT_OBJDIR ".libs/"
| #define LT_MODULE_EXT ".so"
| #define LT_MODULE_PATH_VAR "LD_LIBRARY_PATH"
| #define LT_DLSEARCH_PATH "/lib64:/usr/lib64:/lib:/usr/lib:/usr/lib64/atlas:/usr/lib64/dyninst:/usr/lib64/mysql:/usr/lib64/octave/3.8.2:/usr/lib64/qt-3.3/lib:/opt/dell/srvadmin/lib64:/opt/dell/srvadmin/lib64/openmanage:/opt/dell/srvadmin/lib64:/opt/dell/srvadmin/lib64:/opt/dell/srvadmin/lib64/srvadmin-idrac:/opt/dell/srvadmin/lib64:/opt/dell/srvadmin/lib64/srvadmin-idrac7:/opt/dell/srvadmin/lib64:/opt/dell/srvadmin/lib64/srvadmin-isvc:/opt/dell/srvadmin/lib64:/opt/dell/srvadmin/lib64/openmanage:/opt/dell/srvadmin/lib64:/opt/dell/srvadmin/lib64/openmanage:/usr/lib64/tcl8.5"
| #define HAVE_LIBDL 1
| #define HAVE_DLERROR 1
| #define HAVE_LIBDLLOADER 1
| #define HAVE_ARGZ_H 1
| #define HAVE_ERROR_T 1
| #define HAVE_ARGZ_ADD 1
| #define HAVE_ARGZ_APPEND 1
| #define HAVE_ARGZ_COUNT 1
| #define HAVE_ARGZ_CREATE_SEP 1
| #define HAVE_ARGZ_INSERT 1
| #define HAVE_ARGZ_NEXT 1
| #define HAVE_ARGZ_STRINGIFY 1
| #define HAVE_WORKING_ARGZ 1
| #define HAVE_PRELOADED_SYMBOLS 1
| #define HAVE_LTDL 1
| #define HAVE_UNISTD_H 1
| #define HAVE_DIRENT_H 1
| #define HAVE_CLOSEDIR 1
| #define HAVE_OPENDIR 1
| #define HAVE_READDIR 1
| #define LT_LIBEXT "a"
| #define LT_LIBPREFIX "lib"
| #define HAVE_LIBLTDL 1
| #define HAVE_STDCXX_1Y 1
| #define TIME_WITH_SYS_TIME 1
| #define HAVE_DLFCN_H 1
| /* end confdefs.h.  */
| #include <intrinsics.h>
configure:17773: result: no
configure:17773: checking for intrinsics.h
configure:17773: result: no
configure:17773: checking mach/mach_time.h usability
configure:17773: gcc -c -g -O2 -Wall -Wextra -I$(top_builddir) -I$(top_srcdir)/src -I$(top_builddir)/src  conftest.c >&5
conftest.c:84:28: fatal error: mach/mach_time.h: No such file or directory
 #include <mach/mach_time.h>
                            ^
compilation terminated.
configure:17773: $? = 1
configure: failed program was:
| /* confdefs.h */
| #define PACKAGE_NAME "SSTCore"
| #define PACKAGE_TARNAME "sstcore"
| #define PACKAGE_VERSION "11.0.0"
| #define PACKAGE_STRING "SSTCore 11.0.0"
| #define PACKAGE_BUGREPORT "sst@sandia.gov"
| #define PACKAGE_URL ""
| #define TIME_WITH_SYS_TIME 1
| #define STDC_HEADERS 1
| #define HAVE_SYS_TYPES_H 1
| #define HAVE_SYS_STAT_H 1
| #define HAVE_STDLIB_H 1
| #define HAVE_STRING_H 1
| #define HAVE_MEMORY_H 1
| #define HAVE_STRINGS_H 1
| #define HAVE_INTTYPES_H 1
| #define HAVE_STDINT_H 1
| #define HAVE_UNISTD_H 1
| #define HAVE_DLFCN_H 1
| #define LT_OBJDIR ".libs/"
| #define LT_MODULE_EXT ".so"
| #define LT_MODULE_PATH_VAR "LD_LIBRARY_PATH"
| #define LT_DLSEARCH_PATH "/lib64:/usr/lib64:/lib:/usr/lib:/usr/lib64/atlas:/usr/lib64/dyninst:/usr/lib64/mysql:/usr/lib64/octave/3.8.2:/usr/lib64/qt-3.3/lib:/opt/dell/srvadmin/lib64:/opt/dell/srvadmin/lib64/openmanage:/opt/dell/srvadmin/lib64:/opt/dell/srvadmin/lib64:/opt/dell/srvadmin/lib64/srvadmin-idrac:/opt/dell/srvadmin/lib64:/opt/dell/srvadmin/lib64/srvadmin-idrac7:/opt/dell/srvadmin/lib64:/opt/dell/srvadmin/lib64/srvadmin-isvc:/opt/dell/srvadmin/lib64:/opt/dell/srvadmin/lib64/openmanage:/opt/dell/srvadmin/lib64:/opt/dell/srvadmin/lib64/openmanage:/usr/lib64/tcl8.5"
| #define HAVE_LIBDL 1
| #define HAVE_DLERROR 1
| #define HAVE_LIBDLLOADER 1
| #define HAVE_ARGZ_H 1
| #define HAVE_ERROR_T 1
| #define HAVE_ARGZ_ADD 1
| #define HAVE_ARGZ_APPEND 1
| #define HAVE_ARGZ_COUNT 1
| #define HAVE_ARGZ_CREATE_SEP 1
| #define HAVE_ARGZ_INSERT 1
| #define HAVE_ARGZ_NEXT 1
| #define HAVE_ARGZ_STRINGIFY 1
| #define HAVE_WORKING_ARGZ 1
| #define HAVE_PRELOADED_SYMBOLS 1
| #define HAVE_LTDL 1
| #define HAVE_UNISTD_H 1
| #define HAVE_DIRENT_H 1
| #define HAVE_CLOSEDIR 1
| #define HAVE_OPENDIR 1
| #define HAVE_READDIR 1
| #define LT_LIBEXT "a"
| #define LT_LIBPREFIX "lib"
| #define HAVE_LIBLTDL 1
| #define HAVE_STDCXX_1Y 1
| #define TIME_WITH_SYS_TIME 1
| #define HAVE_DLFCN_H 1
| /* end confdefs.h.  */
| #include <stdio.h>
| #ifdef HAVE_SYS_TYPES_H
| # include <sys/types.h>
| #endif
| #ifdef HAVE_SYS_STAT_H
| # include <sys/stat.h>
| #endif
| #ifdef STDC_HEADERS
| # include <stdlib.h>
| # include <stddef.h>
| #else
| # ifdef HAVE_STDLIB_H
| #  include <stdlib.h>
| # endif
| #endif
| #ifdef HAVE_STRING_H
| # if !defined STDC_HEADERS && defined HAVE_MEMORY_H
| #  include <memory.h>
| # endif
| # include <string.h>
| #endif
| #ifdef HAVE_STRINGS_H
| # include <strings.h>
| #endif
| #ifdef HAVE_INTTYPES_H
| # include <inttypes.h>
| #endif
| #ifdef HAVE_STDINT_H
| # include <stdint.h>
| #endif
| #ifdef HAVE_UNISTD_H
| # include <unistd.h>
| #endif
| #include <mach/mach_time.h>
configure:17773: result: no
configure:17773: checking mach/mach_time.h presence
configure:17773: gcc -E -I$(top_builddir) -I$(top_srcdir)/src -I$(top_builddir)/src  conftest.c
conftest.c:51:28: fatal error: mach/mach_time.h: No such file or directory
 #include <mach/mach_time.h>
                            ^
compilation terminated.
configure:17773: $? = 1
configure: failed program was:
| /* confdefs.h */
| #define PACKAGE_NAME "SSTCore"
| #define PACKAGE_TARNAME "sstcore"
| #define PACKAGE_VERSION "11.0.0"
| #define PACKAGE_STRING "SSTCore 11.0.0"
| #define PACKAGE_BUGREPORT "sst@sandia.gov"
| #define PACKAGE_URL ""
| #define TIME_WITH_SYS_TIME 1
| #define STDC_HEADERS 1
| #define HAVE_SYS_TYPES_H 1
| #define HAVE_SYS_STAT_H 1
| #define HAVE_STDLIB_H 1
| #define HAVE_STRING_H 1
| #define HAVE_MEMORY_H 1
| #define HAVE_STRINGS_H 1
| #define HAVE_INTTYPES_H 1
| #define HAVE_STDINT_H 1
| #define HAVE_UNISTD_H 1
| #define HAVE_DLFCN_H 1
| #define LT_OBJDIR ".libs/"
| #define LT_MODULE_EXT ".so"
| #define LT_MODULE_PATH_VAR "LD_LIBRARY_PATH"
| #define LT_DLSEARCH_PATH "/lib64:/usr/lib64:/lib:/usr/lib:/usr/lib64/atlas:/usr/lib64/dyninst:/usr/lib64/mysql:/usr/lib64/octave/3.8.2:/usr/lib64/qt-3.3/lib:/opt/dell/srvadmin/lib64:/opt/dell/srvadmin/lib64/openmanage:/opt/dell/srvadmin/lib64:/opt/dell/srvadmin/lib64:/opt/dell/srvadmin/lib64/srvadmin-idrac:/opt/dell/srvadmin/lib64:/opt/dell/srvadmin/lib64/srvadmin-idrac7:/opt/dell/srvadmin/lib64:/opt/dell/srvadmin/lib64/srvadmin-isvc:/opt/dell/srvadmin/lib64:/opt/dell/srvadmin/lib64/openmanage:/opt/dell/srvadmin/lib64:/opt/dell/srvadmin/lib64/openmanage:/usr/lib64/tcl8.5"
| #define HAVE_LIBDL 1
| #define HAVE_DLERROR 1
| #define HAVE_LIBDLLOADER 1
| #define HAVE_ARGZ_H 1
| #define HAVE_ERROR_T 1
| #define HAVE_ARGZ_ADD 1
| #define HAVE_ARGZ_APPEND 1
| #define HAVE_ARGZ_COUNT 1
| #define HAVE_ARGZ_CREATE_SEP 1
| #define HAVE_ARGZ_INSERT 1
| #define HAVE_ARGZ_NEXT 1
| #define HAVE_ARGZ_STRINGIFY 1
| #define HAVE_WORKING_ARGZ 1
| #define HAVE_PRELOADED_SYMBOLS 1
| #define HAVE_LTDL 1
| #define HAVE_UNISTD_H 1
| #define HAVE_DIRENT_H 1
| #define HAVE_CLOSEDIR 1
| #define HAVE_OPENDIR 1
| #define HAVE_READDIR 1
| #define LT_LIBEXT "a"
| #define LT_LIBPREFIX "lib"
| #define HAVE_LIBLTDL 1
| #define HAVE_STDCXX_1Y 1
| #define TIME_WITH_SYS_TIME 1
| #define HAVE_DLFCN_H 1
| /* end confdefs.h.  */
| #include <mach/mach_time.h>
configure:17773: result: no
configure:17773: checking for mach/mach_time.h
configure:17773: result: no
configure:17773: checking sys/time.h usability
configure:17773: gcc -c -g -O2 -Wall -Wextra -I$(top_builddir) -I$(top_srcdir)/src -I$(top_builddir)/src  conftest.c >&5
configure:17773: $? = 0
configure:17773: result: yes
configure:17773: checking sys/time.h presence
configure:17773: gcc -E -I$(top_builddir) -I$(top_srcdir)/src -I$(top_builddir)/src  conftest.c
configure:17773: $? = 0
configure:17773: result: yes
configure:17773: checking for sys/time.h
configure:17773: result: yes
configure:17773: checking for sys/stat.h
configure:17773: result: yes
configure:17773: checking for sys/types.h
configure:17773: result: yes
configure:17773: checking for unistd.h
configure:17773: result: yes
configure:17872: checking for doxygen
configure:17888: found /bin/doxygen
configure:17899: result: doxygen
configure:17987: checking for Mac OSX
configure:18013: result: no
configure:18049: checking for mpicc
configure:18076: result: mpicc
configure:18098: checking how to run the MPI C preprocessor
configure:18121: mpicc -E -I$(top_builddir) -I$(top_srcdir)/src -I$(top_builddir)/src  conftest.c
configure:18121: $? = 0
configure:18135: mpicc -E -I$(top_builddir) -I$(top_srcdir)/src -I$(top_builddir)/src  conftest.c
conftest.c:55:28: fatal error: ax_nonexistent.h: No such file or directory
 #include <ax_nonexistent.h>
                            ^
compilation terminated.
configure:18135: $? = 1
configure: failed program was:
| /* confdefs.h */
| #define PACKAGE_NAME "SSTCore"
| #define PACKAGE_TARNAME "sstcore"
| #define PACKAGE_VERSION "11.0.0"
| #define PACKAGE_STRING "SSTCore 11.0.0"
| #define PACKAGE_BUGREPORT "sst@sandia.gov"
| #define PACKAGE_URL ""
| #define TIME_WITH_SYS_TIME 1
| #define STDC_HEADERS 1
| #define HAVE_SYS_TYPES_H 1
| #define HAVE_SYS_STAT_H 1
| #define HAVE_STDLIB_H 1
| #define HAVE_STRING_H 1
| #define HAVE_MEMORY_H 1
| #define HAVE_STRINGS_H 1
| #define HAVE_INTTYPES_H 1
| #define HAVE_STDINT_H 1
| #define HAVE_UNISTD_H 1
| #define HAVE_DLFCN_H 1
| #define LT_OBJDIR ".libs/"
| #define LT_MODULE_EXT ".so"
| #define LT_MODULE_PATH_VAR "LD_LIBRARY_PATH"
| #define LT_DLSEARCH_PATH "/lib64:/usr/lib64:/lib:/usr/lib:/usr/lib64/atlas:/usr/lib64/dyninst:/usr/lib64/mysql:/usr/lib64/octave/3.8.2:/usr/lib64/qt-3.3/lib:/opt/dell/srvadmin/lib64:/opt/dell/srvadmin/lib64/openmanage:/opt/dell/srvadmin/lib64:/opt/dell/srvadmin/lib64:/opt/dell/srvadmin/lib64/srvadmin-idrac:/opt/dell/srvadmin/lib64:/opt/dell/srvadmin/lib64/srvadmin-idrac7:/opt/dell/srvadmin/lib64:/opt/dell/srvadmin/lib64/srvadmin-isvc:/opt/dell/srvadmin/lib64:/opt/dell/srvadmin/lib64/openmanage:/opt/dell/srvadmin/lib64:/opt/dell/srvadmin/lib64/openmanage:/usr/lib64/tcl8.5"
| #define HAVE_LIBDL 1
| #define HAVE_DLERROR 1
| #define HAVE_LIBDLLOADER 1
| #define HAVE_ARGZ_H 1
| #define HAVE_ERROR_T 1
| #define HAVE_ARGZ_ADD 1
| #define HAVE_ARGZ_APPEND 1
| #define HAVE_ARGZ_COUNT 1
| #define HAVE_ARGZ_CREATE_SEP 1
| #define HAVE_ARGZ_INSERT 1
| #define HAVE_ARGZ_NEXT 1
| #define HAVE_ARGZ_STRINGIFY 1
| #define HAVE_WORKING_ARGZ 1
| #define HAVE_PRELOADED_SYMBOLS 1
| #define HAVE_LTDL 1
| #define HAVE_UNISTD_H 1
| #define HAVE_DIRENT_H 1
| #define HAVE_CLOSEDIR 1
| #define HAVE_OPENDIR 1
| #define HAVE_READDIR 1
| #define LT_LIBEXT "a"
| #define LT_LIBPREFIX "lib"
| #define HAVE_LIBLTDL 1
| #define HAVE_STDCXX_1Y 1
| #define TIME_WITH_SYS_TIME 1
| #define HAVE_DLFCN_H 1
| #define HAVE_SYS_TIME_H 1
| #define HAVE_SYS_STAT_H 1
| #define HAVE_SYS_TYPES_H 1
| #define HAVE_UNISTD_H 1
| /* end confdefs.h.  */
| #include <ax_nonexistent.h>
configure:18160: result: mpicc -E
configure:18172: gcc -E -I$(top_builddir) -I$(top_srcdir)/src -I$(top_builddir)/src  conftest.c
configure:18172: $? = 0
configure:18186: gcc -E -I$(top_builddir) -I$(top_srcdir)/src -I$(top_builddir)/src  conftest.c
conftest.c:55:28: fatal error: ax_nonexistent.h: No such file or directory
 #include <ax_nonexistent.h>
                            ^
compilation terminated.
configure:18186: $? = 1
configure: failed program was:
| /* confdefs.h */
| #define PACKAGE_NAME "SSTCore"
| #define PACKAGE_TARNAME "sstcore"
| #define PACKAGE_VERSION "11.0.0"
| #define PACKAGE_STRING "SSTCore 11.0.0"
| #define PACKAGE_BUGREPORT "sst@sandia.gov"
| #define PACKAGE_URL ""
| #define TIME_WITH_SYS_TIME 1
| #define STDC_HEADERS 1
| #define HAVE_SYS_TYPES_H 1
| #define HAVE_SYS_STAT_H 1
| #define HAVE_STDLIB_H 1
| #define HAVE_STRING_H 1
| #define HAVE_MEMORY_H 1
| #define HAVE_STRINGS_H 1
| #define HAVE_INTTYPES_H 1
| #define HAVE_STDINT_H 1
| #define HAVE_UNISTD_H 1
| #define HAVE_DLFCN_H 1
| #define LT_OBJDIR ".libs/"
| #define LT_MODULE_EXT ".so"
| #define LT_MODULE_PATH_VAR "LD_LIBRARY_PATH"
| #define LT_DLSEARCH_PATH "/lib64:/usr/lib64:/lib:/usr/lib:/usr/lib64/atlas:/usr/lib64/dyninst:/usr/lib64/mysql:/usr/lib64/octave/3.8.2:/usr/lib64/qt-3.3/lib:/opt/dell/srvadmin/lib64:/opt/dell/srvadmin/lib64/openmanage:/opt/dell/srvadmin/lib64:/opt/dell/srvadmin/lib64:/opt/dell/srvadmin/lib64/srvadmin-idrac:/opt/dell/srvadmin/lib64:/opt/dell/srvadmin/lib64/srvadmin-idrac7:/opt/dell/srvadmin/lib64:/opt/dell/srvadmin/lib64/srvadmin-isvc:/opt/dell/srvadmin/lib64:/opt/dell/srvadmin/lib64/openmanage:/opt/dell/srvadmin/lib64:/opt/dell/srvadmin/lib64/openmanage:/usr/lib64/tcl8.5"
| #define HAVE_LIBDL 1
| #define HAVE_DLERROR 1
| #define HAVE_LIBDLLOADER 1
| #define HAVE_ARGZ_H 1
| #define HAVE_ERROR_T 1
| #define HAVE_ARGZ_ADD 1
| #define HAVE_ARGZ_APPEND 1
| #define HAVE_ARGZ_COUNT 1
| #define HAVE_ARGZ_CREATE_SEP 1
| #define HAVE_ARGZ_INSERT 1
| #define HAVE_ARGZ_NEXT 1
| #define HAVE_ARGZ_STRINGIFY 1
| #define HAVE_WORKING_ARGZ 1
| #define HAVE_PRELOADED_SYMBOLS 1
| #define HAVE_LTDL 1
| #define HAVE_UNISTD_H 1
| #define HAVE_DIRENT_H 1
| #define HAVE_CLOSEDIR 1
| #define HAVE_OPENDIR 1
| #define HAVE_READDIR 1
| #define LT_LIBEXT "a"
| #define LT_LIBPREFIX "lib"
| #define HAVE_LIBLTDL 1
| #define HAVE_STDCXX_1Y 1
| #define TIME_WITH_SYS_TIME 1
| #define HAVE_DLFCN_H 1
| #define HAVE_SYS_TIME_H 1
| #define HAVE_SYS_STAT_H 1
| #define HAVE_SYS_TYPES_H 1
| #define HAVE_UNISTD_H 1
| /* end confdefs.h.  */
| #include <ax_nonexistent.h>
configure:18219: checking for MPI_Init
configure:18219: mpicc -o conftest -g -O2 -Wall -Wextra -I$(top_builddir) -I$(top_srcdir)/src -I$(top_builddir)/src   conftest.c -ldl  >&5
configure:18219: $? = 0
configure:18219: result: yes
configure:18311: checking for C mpi.h
configure:18324: mpicc -c -g -O2 -Wall -Wextra -I$(top_builddir) -I$(top_srcdir)/src -I$(top_builddir)/src  conftest.c >&5
configure:18324: $? = 0
configure:18325: result: yes
configure:18396: checking for mpic++
configure:18423: result: mpicxx
configure:18445: checking how to run the MPI C++ preprocessor
configure:18468: mpicxx -E -I$(top_builddir) -I$(top_srcdir)/src -I$(top_builddir)/src  conftest.cpp
configure:18468: $? = 0
configure:18482: mpicxx -E -I$(top_builddir) -I$(top_srcdir)/src -I$(top_builddir)/src  conftest.cpp
conftest.cpp:56:28: fatal error: ax_nonexistent.h: No such file or directory
 #include <ax_nonexistent.h>
                            ^
compilation terminated.
configure:18482: $? = 1
configure: failed program was:
| /* confdefs.h */
| #define PACKAGE_NAME "SSTCore"
| #define PACKAGE_TARNAME "sstcore"
| #define PACKAGE_VERSION "11.0.0"
| #define PACKAGE_STRING "SSTCore 11.0.0"
| #define PACKAGE_BUGREPORT "sst@sandia.gov"
| #define PACKAGE_URL ""
| #define TIME_WITH_SYS_TIME 1
| #define STDC_HEADERS 1
| #define HAVE_SYS_TYPES_H 1
| #define HAVE_SYS_STAT_H 1
| #define HAVE_STDLIB_H 1
| #define HAVE_STRING_H 1
| #define HAVE_MEMORY_H 1
| #define HAVE_STRINGS_H 1
| #define HAVE_INTTYPES_H 1
| #define HAVE_STDINT_H 1
| #define HAVE_UNISTD_H 1
| #define HAVE_DLFCN_H 1
| #define LT_OBJDIR ".libs/"
| #define LT_MODULE_EXT ".so"
| #define LT_MODULE_PATH_VAR "LD_LIBRARY_PATH"
| #define LT_DLSEARCH_PATH "/lib64:/usr/lib64:/lib:/usr/lib:/usr/lib64/atlas:/usr/lib64/dyninst:/usr/lib64/mysql:/usr/lib64/octave/3.8.2:/usr/lib64/qt-3.3/lib:/opt/dell/srvadmin/lib64:/opt/dell/srvadmin/lib64/openmanage:/opt/dell/srvadmin/lib64:/opt/dell/srvadmin/lib64:/opt/dell/srvadmin/lib64/srvadmin-idrac:/opt/dell/srvadmin/lib64:/opt/dell/srvadmin/lib64/srvadmin-idrac7:/opt/dell/srvadmin/lib64:/opt/dell/srvadmin/lib64/srvadmin-isvc:/opt/dell/srvadmin/lib64:/opt/dell/srvadmin/lib64/openmanage:/opt/dell/srvadmin/lib64:/opt/dell/srvadmin/lib64/openmanage:/usr/lib64/tcl8.5"
| #define HAVE_LIBDL 1
| #define HAVE_DLERROR 1
| #define HAVE_LIBDLLOADER 1
| #define HAVE_ARGZ_H 1
| #define HAVE_ERROR_T 1
| #define HAVE_ARGZ_ADD 1
| #define HAVE_ARGZ_APPEND 1
| #define HAVE_ARGZ_COUNT 1
| #define HAVE_ARGZ_CREATE_SEP 1
| #define HAVE_ARGZ_INSERT 1
| #define HAVE_ARGZ_NEXT 1
| #define HAVE_ARGZ_STRINGIFY 1
| #define HAVE_WORKING_ARGZ 1
| #define HAVE_PRELOADED_SYMBOLS 1
| #define HAVE_LTDL 1
| #define HAVE_UNISTD_H 1
| #define HAVE_DIRENT_H 1
| #define HAVE_CLOSEDIR 1
| #define HAVE_OPENDIR 1
| #define HAVE_READDIR 1
| #define LT_LIBEXT "a"
| #define LT_LIBPREFIX "lib"
| #define HAVE_LIBLTDL 1
| #define HAVE_STDCXX_1Y 1
| #define TIME_WITH_SYS_TIME 1
| #define HAVE_DLFCN_H 1
| #define HAVE_SYS_TIME_H 1
| #define HAVE_SYS_STAT_H 1
| #define HAVE_SYS_TYPES_H 1
| #define HAVE_UNISTD_H 1
| #define SST_CONFIG_HAVE_MPI 1
| /* end confdefs.h.  */
| #include <ax_nonexistent.h>
configure:18507: result: mpicxx -E
configure:18519: g++ -E -I$(top_builddir) -I$(top_srcdir)/src -I$(top_builddir)/src  conftest.cpp
configure:18519: $? = 0
configure:18533: g++ -E -I$(top_builddir) -I$(top_srcdir)/src -I$(top_builddir)/src  conftest.cpp
conftest.cpp:56:28: fatal error: ax_nonexistent.h: No such file or directory
 #include <ax_nonexistent.h>
                            ^
compilation terminated.
configure:18533: $? = 1
configure: failed program was:
| /* confdefs.h */
| #define PACKAGE_NAME "SSTCore"
| #define PACKAGE_TARNAME "sstcore"
| #define PACKAGE_VERSION "11.0.0"
| #define PACKAGE_STRING "SSTCore 11.0.0"
| #define PACKAGE_BUGREPORT "sst@sandia.gov"
| #define PACKAGE_URL ""
| #define TIME_WITH_SYS_TIME 1
| #define STDC_HEADERS 1
| #define HAVE_SYS_TYPES_H 1
| #define HAVE_SYS_STAT_H 1
| #define HAVE_STDLIB_H 1
| #define HAVE_STRING_H 1
| #define HAVE_MEMORY_H 1
| #define HAVE_STRINGS_H 1
| #define HAVE_INTTYPES_H 1
| #define HAVE_STDINT_H 1
| #define HAVE_UNISTD_H 1
| #define HAVE_DLFCN_H 1
| #define LT_OBJDIR ".libs/"
| #define LT_MODULE_EXT ".so"
| #define LT_MODULE_PATH_VAR "LD_LIBRARY_PATH"
| #define LT_DLSEARCH_PATH "/lib64:/usr/lib64:/lib:/usr/lib:/usr/lib64/atlas:/usr/lib64/dyninst:/usr/lib64/mysql:/usr/lib64/octave/3.8.2:/usr/lib64/qt-3.3/lib:/opt/dell/srvadmin/lib64:/opt/dell/srvadmin/lib64/openmanage:/opt/dell/srvadmin/lib64:/opt/dell/srvadmin/lib64:/opt/dell/srvadmin/lib64/srvadmin-idrac:/opt/dell/srvadmin/lib64:/opt/dell/srvadmin/lib64/srvadmin-idrac7:/opt/dell/srvadmin/lib64:/opt/dell/srvadmin/lib64/srvadmin-isvc:/opt/dell/srvadmin/lib64:/opt/dell/srvadmin/lib64/openmanage:/opt/dell/srvadmin/lib64:/opt/dell/srvadmin/lib64/openmanage:/usr/lib64/tcl8.5"
| #define HAVE_LIBDL 1
| #define HAVE_DLERROR 1
| #define HAVE_LIBDLLOADER 1
| #define HAVE_ARGZ_H 1
| #define HAVE_ERROR_T 1
| #define HAVE_ARGZ_ADD 1
| #define HAVE_ARGZ_APPEND 1
| #define HAVE_ARGZ_COUNT 1
| #define HAVE_ARGZ_CREATE_SEP 1
| #define HAVE_ARGZ_INSERT 1
| #define HAVE_ARGZ_NEXT 1
| #define HAVE_ARGZ_STRINGIFY 1
| #define HAVE_WORKING_ARGZ 1
| #define HAVE_PRELOADED_SYMBOLS 1
| #define HAVE_LTDL 1
| #define HAVE_UNISTD_H 1
| #define HAVE_DIRENT_H 1
| #define HAVE_CLOSEDIR 1
| #define HAVE_OPENDIR 1
| #define HAVE_READDIR 1
| #define LT_LIBEXT "a"
| #define LT_LIBPREFIX "lib"
| #define HAVE_LIBLTDL 1
| #define HAVE_STDCXX_1Y 1
| #define TIME_WITH_SYS_TIME 1
| #define HAVE_DLFCN_H 1
| #define HAVE_SYS_TIME_H 1
| #define HAVE_SYS_STAT_H 1
| #define HAVE_SYS_TYPES_H 1
| #define HAVE_UNISTD_H 1
| #define SST_CONFIG_HAVE_MPI 1
| /* end confdefs.h.  */
| #include <ax_nonexistent.h>
configure:18658: checking for C++ mpi.h
configure:18671: mpicxx -c -g -O2 -std=c++1y -D__STDC_FORMAT_MACROS -Wall -Wextra -I$(top_builddir) -I$(top_srcdir)/src -I$(top_builddir)/src  conftest.cpp >&5
configure:18671: $? = 0
configure:18672: result: yes
configure:18816: checking for python3-config
configure:18849: result: no
configure:18816: checking for python3.8-config
configure:18849: result: no
configure:18816: checking for python3.7-config
configure:18849: result: no
configure:18816: checking for python3.6-config
configure:18849: result: no
configure:18816: checking for python3.5-config
configure:18849: result: no
configure:18914: checking for python-config
configure:18932: found /opt/apps/intel18/python2/2.7.15/bin/python-config
configure:18944: result: /opt/apps/intel18/python2/2.7.15/bin/python-config
configure:19080: checking for python
configure:19098: found /opt/apps/intel18/python2/2.7.15/bin/python
configure:19110: result: /opt/apps/intel18/python2/2.7.15/bin/python
configure:19132: /opt/apps/intel18/python2/2.7.15/bin/python -c import sys # split strings by '.' and convert to numeric. Append some zeros # because we need at least 4 digits for the hex conversion. # map returns an iterator in Python 3.0 and a list in 2.x minver = list(map(int, '2.6'.split('.'))) + [0, 0, 0] minverhex = 0 # xrange is not present in Python 3.0 and range returns an iterator for i in list(range(0, 4)): minverhex = (minverhex << 8) + minver[i] sys.exit(sys.hexversion < minverhex)
configure:19135: $? = 0
configure:19151: /opt/apps/intel18/python2/2.7.15/bin/python -c import sys # split strings by '.' and convert to numeric. Append some zeros # because we need at least 4 digits for the hex conversion. # map returns an iterator in Python 3.0 and a list in 2.x minver = list(map(int, '3.5'.split('.'))) + [0, 0, 0] minverhex = 0 # xrange is not present in Python 3.0 and range returns an iterator for i in list(range(0, 4)): minverhex = (minverhex << 8) + minver[i] sys.exit(sys.hexversion < minverhex)
configure:19154: $? = 1
configure:19169: /opt/apps/intel18/python2/2.7.15/bin/python -c import sys # split strings by '.' and convert to numeric. Append some zeros # because we need at least 4 digits for the hex conversion. # map returns an iterator in Python 3.0 and a list in 2.x minver = list(map(int, '3.0'.split('.'))) + [0, 0, 0] minverhex = 0 # xrange is not present in Python 3.0 and range returns an iterator for i in list(range(0, 4)): minverhex = (minverhex << 8) + minver[i] sys.exit(sys.hexversion < minverhex)
configure:19172: $? = 1
configure:19188: /opt/apps/intel18/python2/2.7.15/bin/python -c import sys # split strings by '.' and convert to numeric. Append some zeros # because we need at least 4 digits for the hex conversion. # map returns an iterator in Python 3.0 and a list in 2.x minver = list(map(int, '3.8'.split('.'))) + [0, 0, 0] minverhex = 0 # xrange is not present in Python 3.0 and range returns an iterator for i in list(range(0, 4)): minverhex = (minverhex << 8) + minver[i] sys.exit(sys.hexversion < minverhex)
configure:19191: $? = 1
configure:19207: /opt/apps/intel18/python2/2.7.15/bin/python -c import sys # split strings by '.' and convert to numeric. Append some zeros # because we need at least 4 digits for the hex conversion. # map returns an iterator in Python 3.0 and a list in 2.x minver = list(map(int, '3.8'.split('.'))) + [0, 0, 0] minverhex = 0 # xrange is not present in Python 3.0 and range returns an iterator for i in list(range(0, 4)): minverhex = (minverhex << 8) + minver[i] sys.exit(sys.hexversion < minverhex)
configure:19210: $? = 1
configure:19220: Python version is Python 2.7.15
configure:19240: checking Python.h usability
configure:19240: g++ -c -g -O2 -std=c++1y -D__STDC_FORMAT_MACROS -Wall -Wextra -I/opt/apps/intel18/python2/2.7.15/include/python2.7 -I/opt/apps/intel18/python2/2.7.15/include/python2.7 -I$(top_builddir) -I$(top_srcdir)/src -I$(top_builddir)/src  conftest.cpp >&5
In file included from /opt/apps/intel18/python2/2.7.15/include/python2.7/Python.h:8:0,
                 from conftest.cpp:90:
/opt/apps/intel18/python2/2.7.15/include/python2.7/pyconfig.h:1223:0: warning: "_POSIX_C_SOURCE" redefined
 #define _POSIX_C_SOURCE 200112L
 
In file included from /usr/include/stdio.h:27:0,
                 from conftest.cpp:57:
/usr/include/features.h:168:0: note: this is the location of the previous definition
 # define _POSIX_C_SOURCE 200809L
 
In file included from /opt/apps/intel18/python2/2.7.15/include/python2.7/Python.h:8:0,
                 from conftest.cpp:90:
/opt/apps/intel18/python2/2.7.15/include/python2.7/pyconfig.h:1245:0: warning: "_XOPEN_SOURCE" redefined
 #define _XOPEN_SOURCE 600
 
In file included from /usr/include/stdio.h:27:0,
                 from conftest.cpp:57:
/usr/include/features.h:170:0: note: this is the location of the previous definition
 # define _XOPEN_SOURCE 700
 
configure:19240: $? = 0
configure:19240: result: yes
configure:19240: checking Python.h presence
configure:19240: g++ -E -I/opt/apps/intel18/python2/2.7.15/include/python2.7 -I/opt/apps/intel18/python2/2.7.15/include/python2.7 -I$(top_builddir) -I$(top_srcdir)/src -I$(top_builddir)/src  conftest.cpp
configure:19240: $? = 0
configure:19240: result: yes
configure:19240: checking for Python.h
configure:19240: result: yes
configure:19257: checking for Py_Initialize in -lpython2.7
configure:19282: g++ -o conftest -g -O2 -std=c++1y -D__STDC_FORMAT_MACROS -Wall -Wextra -I/opt/apps/intel18/python2/2.7.15/include/python2.7 -I/opt/apps/intel18/python2/2.7.15/include/python2.7 -I$(top_builddir) -I$(top_srcdir)/src -I$(top_builddir)/src  -lpython2.7 -ldl -lpthread -limf -lirc -lssp -lutil -limf -Xlinker -export-dynamic  conftest.cpp -lpython2.7  -lpython2.7 -ldl -lpthread -limf -lirc -lssp -lutil -limf -ldl  >&5
configure:19282: $? = 0
configure:19292: result: yes
configure:19408: checking python libraries
configure:19410: result: yes
configure:19509: checking zlib.h usability
configure:19509: g++ -c -g -O2 -std=c++1y -D__STDC_FORMAT_MACROS -Wall -Wextra -I$(top_builddir) -I$(top_srcdir)/src -I$(top_builddir)/src  conftest.cpp >&5
configure:19509: $? = 0
configure:19509: result: yes
configure:19509: checking zlib.h presence
configure:19509: g++ -E -I$(top_builddir) -I$(top_srcdir)/src -I$(top_builddir)/src  conftest.cpp
configure:19509: $? = 0
configure:19509: result: yes
configure:19509: checking for zlib.h
configure:19509: result: yes
configure:19525: checking for gzopen in -lz
configure:19550: gcc -o conftest -g -O2 -Wall -Wextra -I$(top_builddir) -I$(top_srcdir)/src -I$(top_builddir)/src   conftest.c -lz  -ldl  >&5
configure:19550: $? = 0
configure:19559: result: yes
configure:19589: checking for libz compression library
configure:19591: result: yes
configure:19631: checking for pkg-config
configure:19649: found /bin/pkg-config
configure:19661: result: /bin/pkg-config
configure:19698: checking H5Cpp.h usability
configure:19698: g++ -c -g -O2 -std=c++1y -D__STDC_FORMAT_MACROS -Wall -Wextra -I$(top_builddir) -I$(top_srcdir)/src -I$(top_builddir)/src   conftest.cpp >&5
conftest.cpp:93:19: fatal error: H5Cpp.h: No such file or directory
 #include <H5Cpp.h>
                   ^
compilation terminated.
configure:19698: $? = 1
configure: failed program was:
| /* confdefs.h */
| #define PACKAGE_NAME "SSTCore"
| #define PACKAGE_TARNAME "sstcore"
| #define PACKAGE_VERSION "11.0.0"
| #define PACKAGE_STRING "SSTCore 11.0.0"
| #define PACKAGE_BUGREPORT "sst@sandia.gov"
| #define PACKAGE_URL ""
| #define TIME_WITH_SYS_TIME 1
| #define STDC_HEADERS 1
| #define HAVE_SYS_TYPES_H 1
| #define HAVE_SYS_STAT_H 1
| #define HAVE_STDLIB_H 1
| #define HAVE_STRING_H 1
| #define HAVE_MEMORY_H 1
| #define HAVE_STRINGS_H 1
| #define HAVE_INTTYPES_H 1
| #define HAVE_STDINT_H 1
| #define HAVE_UNISTD_H 1
| #define HAVE_DLFCN_H 1
| #define LT_OBJDIR ".libs/"
| #define LT_MODULE_EXT ".so"
| #define LT_MODULE_PATH_VAR "LD_LIBRARY_PATH"
| #define LT_DLSEARCH_PATH "/lib64:/usr/lib64:/lib:/usr/lib:/usr/lib64/atlas:/usr/lib64/dyninst:/usr/lib64/mysql:/usr/lib64/octave/3.8.2:/usr/lib64/qt-3.3/lib:/opt/dell/srvadmin/lib64:/opt/dell/srvadmin/lib64/openmanage:/opt/dell/srvadmin/lib64:/opt/dell/srvadmin/lib64:/opt/dell/srvadmin/lib64/srvadmin-idrac:/opt/dell/srvadmin/lib64:/opt/dell/srvadmin/lib64/srvadmin-idrac7:/opt/dell/srvadmin/lib64:/opt/dell/srvadmin/lib64/srvadmin-isvc:/opt/dell/srvadmin/lib64:/opt/dell/srvadmin/lib64/openmanage:/opt/dell/srvadmin/lib64:/opt/dell/srvadmin/lib64/openmanage:/usr/lib64/tcl8.5"
| #define HAVE_LIBDL 1
| #define HAVE_DLERROR 1
| #define HAVE_LIBDLLOADER 1
| #define HAVE_ARGZ_H 1
| #define HAVE_ERROR_T 1
| #define HAVE_ARGZ_ADD 1
| #define HAVE_ARGZ_APPEND 1
| #define HAVE_ARGZ_COUNT 1
| #define HAVE_ARGZ_CREATE_SEP 1
| #define HAVE_ARGZ_INSERT 1
| #define HAVE_ARGZ_NEXT 1
| #define HAVE_ARGZ_STRINGIFY 1
| #define HAVE_WORKING_ARGZ 1
| #define HAVE_PRELOADED_SYMBOLS 1
| #define HAVE_LTDL 1
| #define HAVE_UNISTD_H 1
| #define HAVE_DIRENT_H 1
| #define HAVE_CLOSEDIR 1
| #define HAVE_OPENDIR 1
| #define HAVE_READDIR 1
| #define LT_LIBEXT "a"
| #define LT_LIBPREFIX "lib"
| #define HAVE_LIBLTDL 1
| #define HAVE_STDCXX_1Y 1
| #define TIME_WITH_SYS_TIME 1
| #define HAVE_DLFCN_H 1
| #define HAVE_SYS_TIME_H 1
| #define HAVE_SYS_STAT_H 1
| #define HAVE_SYS_TYPES_H 1
| #define HAVE_UNISTD_H 1
| #define SST_CONFIG_HAVE_MPI 1
| #define SST_CONFIG_HAVE_MPI 1
| #define HAVE_PYTHON_H 1
| #define SST_CONFIG_HAVE_PYTHON 1
| #define HAVE_LIBZ 1
| /* end confdefs.h.  */
| #include <stdio.h>
| #ifdef HAVE_SYS_TYPES_H
| # include <sys/types.h>
| #endif
| #ifdef HAVE_SYS_STAT_H
| # include <sys/stat.h>
| #endif
| #ifdef STDC_HEADERS
| # include <stdlib.h>
| # include <stddef.h>
| #else
| # ifdef HAVE_STDLIB_H
| #  include <stdlib.h>
| # endif
| #endif
| #ifdef HAVE_STRING_H
| # if !defined STDC_HEADERS && defined HAVE_MEMORY_H
| #  include <memory.h>
| # endif
| # include <string.h>
| #endif
| #ifdef HAVE_STRINGS_H
| # include <strings.h>
| #endif
| #ifdef HAVE_INTTYPES_H
| # include <inttypes.h>
| #endif
| #ifdef HAVE_STDINT_H
| # include <stdint.h>
| #endif
| #ifdef HAVE_UNISTD_H
| # include <unistd.h>
| #endif
| #include <H5Cpp.h>
configure:19698: result: no
configure:19698: checking H5Cpp.h presence
configure:19698: g++ -E -I$(top_builddir) -I$(top_srcdir)/src -I$(top_builddir)/src   conftest.cpp
conftest.cpp:60:19: fatal error: H5Cpp.h: No such file or directory
 #include <H5Cpp.h>
                   ^
compilation terminated.
configure:19698: $? = 1
configure: failed program was:
| /* confdefs.h */
| #define PACKAGE_NAME "SSTCore"
| #define PACKAGE_TARNAME "sstcore"
| #define PACKAGE_VERSION "11.0.0"
| #define PACKAGE_STRING "SSTCore 11.0.0"
| #define PACKAGE_BUGREPORT "sst@sandia.gov"
| #define PACKAGE_URL ""
| #define TIME_WITH_SYS_TIME 1
| #define STDC_HEADERS 1
| #define HAVE_SYS_TYPES_H 1
| #define HAVE_SYS_STAT_H 1
| #define HAVE_STDLIB_H 1
| #define HAVE_STRING_H 1
| #define HAVE_MEMORY_H 1
| #define HAVE_STRINGS_H 1
| #define HAVE_INTTYPES_H 1
| #define HAVE_STDINT_H 1
| #define HAVE_UNISTD_H 1
| #define HAVE_DLFCN_H 1
| #define LT_OBJDIR ".libs/"
| #define LT_MODULE_EXT ".so"
| #define LT_MODULE_PATH_VAR "LD_LIBRARY_PATH"
| #define LT_DLSEARCH_PATH "/lib64:/usr/lib64:/lib:/usr/lib:/usr/lib64/atlas:/usr/lib64/dyninst:/usr/lib64/mysql:/usr/lib64/octave/3.8.2:/usr/lib64/qt-3.3/lib:/opt/dell/srvadmin/lib64:/opt/dell/srvadmin/lib64/openmanage:/opt/dell/srvadmin/lib64:/opt/dell/srvadmin/lib64:/opt/dell/srvadmin/lib64/srvadmin-idrac:/opt/dell/srvadmin/lib64:/opt/dell/srvadmin/lib64/srvadmin-idrac7:/opt/dell/srvadmin/lib64:/opt/dell/srvadmin/lib64/srvadmin-isvc:/opt/dell/srvadmin/lib64:/opt/dell/srvadmin/lib64/openmanage:/opt/dell/srvadmin/lib64:/opt/dell/srvadmin/lib64/openmanage:/usr/lib64/tcl8.5"
| #define HAVE_LIBDL 1
| #define HAVE_DLERROR 1
| #define HAVE_LIBDLLOADER 1
| #define HAVE_ARGZ_H 1
| #define HAVE_ERROR_T 1
| #define HAVE_ARGZ_ADD 1
| #define HAVE_ARGZ_APPEND 1
| #define HAVE_ARGZ_COUNT 1
| #define HAVE_ARGZ_CREATE_SEP 1
| #define HAVE_ARGZ_INSERT 1
| #define HAVE_ARGZ_NEXT 1
| #define HAVE_ARGZ_STRINGIFY 1
| #define HAVE_WORKING_ARGZ 1
| #define HAVE_PRELOADED_SYMBOLS 1
| #define HAVE_LTDL 1
| #define HAVE_UNISTD_H 1
| #define HAVE_DIRENT_H 1
| #define HAVE_CLOSEDIR 1
| #define HAVE_OPENDIR 1
| #define HAVE_READDIR 1
| #define LT_LIBEXT "a"
| #define LT_LIBPREFIX "lib"
| #define HAVE_LIBLTDL 1
| #define HAVE_STDCXX_1Y 1
| #define TIME_WITH_SYS_TIME 1
| #define HAVE_DLFCN_H 1
| #define HAVE_SYS_TIME_H 1
| #define HAVE_SYS_STAT_H 1
| #define HAVE_SYS_TYPES_H 1
| #define HAVE_UNISTD_H 1
| #define SST_CONFIG_HAVE_MPI 1
| #define SST_CONFIG_HAVE_MPI 1
| #define HAVE_PYTHON_H 1
| #define SST_CONFIG_HAVE_PYTHON 1
| #define HAVE_LIBZ 1
| /* end confdefs.h.  */
| #include <H5Cpp.h>
configure:19698: result: no
configure:19698: checking for H5Cpp.h
configure:19698: result: no
configure:19706: checking for H5F_open in -lhdf5
configure:19731: g++ -o conftest -g -O2 -std=c++1y -D__STDC_FORMAT_MACROS -Wall -Wextra -I$(top_builddir) -I$(top_srcdir)/src -I$(top_builddir)/src     -lhdf5 -lhdf5_cpp conftest.cpp -lhdf5  -ldl  >&5
/opt/apps/gcc/6.3.0/bin/ld: cannot find -lhdf5
/opt/apps/gcc/6.3.0/bin/ld: cannot find -lhdf5_cpp
/opt/apps/gcc/6.3.0/bin/ld: cannot find -lhdf5
collect2: error: ld returned 1 exit status
configure:19731: $? = 1
configure: failed program was:
| /* confdefs.h */
| #define PACKAGE_NAME "SSTCore"
| #define PACKAGE_TARNAME "sstcore"
| #define PACKAGE_VERSION "11.0.0"
| #define PACKAGE_STRING "SSTCore 11.0.0"
| #define PACKAGE_BUGREPORT "sst@sandia.gov"
| #define PACKAGE_URL ""
| #define TIME_WITH_SYS_TIME 1
| #define STDC_HEADERS 1
| #define HAVE_SYS_TYPES_H 1
| #define HAVE_SYS_STAT_H 1
| #define HAVE_STDLIB_H 1
| #define HAVE_STRING_H 1
| #define HAVE_MEMORY_H 1
| #define HAVE_STRINGS_H 1
| #define HAVE_INTTYPES_H 1
| #define HAVE_STDINT_H 1
| #define HAVE_UNISTD_H 1
| #define HAVE_DLFCN_H 1
| #define LT_OBJDIR ".libs/"
| #define LT_MODULE_EXT ".so"
| #define LT_MODULE_PATH_VAR "LD_LIBRARY_PATH"
| #define LT_DLSEARCH_PATH "/lib64:/usr/lib64:/lib:/usr/lib:/usr/lib64/atlas:/usr/lib64/dyninst:/usr/lib64/mysql:/usr/lib64/octave/3.8.2:/usr/lib64/qt-3.3/lib:/opt/dell/srvadmin/lib64:/opt/dell/srvadmin/lib64/openmanage:/opt/dell/srvadmin/lib64:/opt/dell/srvadmin/lib64:/opt/dell/srvadmin/lib64/srvadmin-idrac:/opt/dell/srvadmin/lib64:/opt/dell/srvadmin/lib64/srvadmin-idrac7:/opt/dell/srvadmin/lib64:/opt/dell/srvadmin/lib64/srvadmin-isvc:/opt/dell/srvadmin/lib64:/opt/dell/srvadmin/lib64/openmanage:/opt/dell/srvadmin/lib64:/opt/dell/srvadmin/lib64/openmanage:/usr/lib64/tcl8.5"
| #define HAVE_LIBDL 1
| #define HAVE_DLERROR 1
| #define HAVE_LIBDLLOADER 1
| #define HAVE_ARGZ_H 1
| #define HAVE_ERROR_T 1
| #define HAVE_ARGZ_ADD 1
| #define HAVE_ARGZ_APPEND 1
| #define HAVE_ARGZ_COUNT 1
| #define HAVE_ARGZ_CREATE_SEP 1
| #define HAVE_ARGZ_INSERT 1
| #define HAVE_ARGZ_NEXT 1
| #define HAVE_ARGZ_STRINGIFY 1
| #define HAVE_WORKING_ARGZ 1
| #define HAVE_PRELOADED_SYMBOLS 1
| #define HAVE_LTDL 1
| #define HAVE_UNISTD_H 1
| #define HAVE_DIRENT_H 1
| #define HAVE_CLOSEDIR 1
| #define HAVE_OPENDIR 1
| #define HAVE_READDIR 1
| #define LT_LIBEXT "a"
| #define LT_LIBPREFIX "lib"
| #define HAVE_LIBLTDL 1
| #define HAVE_STDCXX_1Y 1
| #define TIME_WITH_SYS_TIME 1
| #define HAVE_DLFCN_H 1
| #define HAVE_SYS_TIME_H 1
| #define HAVE_SYS_STAT_H 1
| #define HAVE_SYS_TYPES_H 1
| #define HAVE_UNISTD_H 1
| #define SST_CONFIG_HAVE_MPI 1
| #define SST_CONFIG_HAVE_MPI 1
| #define HAVE_PYTHON_H 1
| #define SST_CONFIG_HAVE_PYTHON 1
| #define HAVE_LIBZ 1
| /* end confdefs.h.  */
| 
| /* Override any GCC internal prototype to avoid an error.
|    Use char because int might match the return type of a GCC
|    builtin and then its argument prototype would still apply.  */
| #ifdef __cplusplus
| extern "C"
| #endif
| char H5F_open ();
| int
| main ()
| {
| return H5F_open ();
|   ;
|   return 0;
| }
configure:19740: result: no
configure:19749: checking "For C++ ABI compatibility with HDF5Cpp library"
configure:19766: g++ -o conftest -g -O2 -std=c++1y -D__STDC_FORMAT_MACROS -Wall -Wextra -I$(top_builddir) -I$(top_srcdir)/src -I$(top_builddir)/src     -lhdf5 -lhdf5_cpp conftest.cpp -ldl  >&5
conftest.cpp:60:19: fatal error: H5Cpp.h: No such file or directory
 #include <H5Cpp.h>
                   ^
compilation terminated.
configure:19766: $? = 1
configure: failed program was:
| /* confdefs.h */
| #define PACKAGE_NAME "SSTCore"
| #define PACKAGE_TARNAME "sstcore"
| #define PACKAGE_VERSION "11.0.0"
| #define PACKAGE_STRING "SSTCore 11.0.0"
| #define PACKAGE_BUGREPORT "sst@sandia.gov"
| #define PACKAGE_URL ""
| #define TIME_WITH_SYS_TIME 1
| #define STDC_HEADERS 1
| #define HAVE_SYS_TYPES_H 1
| #define HAVE_SYS_STAT_H 1
| #define HAVE_STDLIB_H 1
| #define HAVE_STRING_H 1
| #define HAVE_MEMORY_H 1
| #define HAVE_STRINGS_H 1
| #define HAVE_INTTYPES_H 1
| #define HAVE_STDINT_H 1
| #define HAVE_UNISTD_H 1
| #define HAVE_DLFCN_H 1
| #define LT_OBJDIR ".libs/"
| #define LT_MODULE_EXT ".so"
| #define LT_MODULE_PATH_VAR "LD_LIBRARY_PATH"
| #define LT_DLSEARCH_PATH "/lib64:/usr/lib64:/lib:/usr/lib:/usr/lib64/atlas:/usr/lib64/dyninst:/usr/lib64/mysql:/usr/lib64/octave/3.8.2:/usr/lib64/qt-3.3/lib:/opt/dell/srvadmin/lib64:/opt/dell/srvadmin/lib64/openmanage:/opt/dell/srvadmin/lib64:/opt/dell/srvadmin/lib64:/opt/dell/srvadmin/lib64/srvadmin-idrac:/opt/dell/srvadmin/lib64:/opt/dell/srvadmin/lib64/srvadmin-idrac7:/opt/dell/srvadmin/lib64:/opt/dell/srvadmin/lib64/srvadmin-isvc:/opt/dell/srvadmin/lib64:/opt/dell/srvadmin/lib64/openmanage:/opt/dell/srvadmin/lib64:/opt/dell/srvadmin/lib64/openmanage:/usr/lib64/tcl8.5"
| #define HAVE_LIBDL 1
| #define HAVE_DLERROR 1
| #define HAVE_LIBDLLOADER 1
| #define HAVE_ARGZ_H 1
| #define HAVE_ERROR_T 1
| #define HAVE_ARGZ_ADD 1
| #define HAVE_ARGZ_APPEND 1
| #define HAVE_ARGZ_COUNT 1
| #define HAVE_ARGZ_CREATE_SEP 1
| #define HAVE_ARGZ_INSERT 1
| #define HAVE_ARGZ_NEXT 1
| #define HAVE_ARGZ_STRINGIFY 1
| #define HAVE_WORKING_ARGZ 1
| #define HAVE_PRELOADED_SYMBOLS 1
| #define HAVE_LTDL 1
| #define HAVE_UNISTD_H 1
| #define HAVE_DIRENT_H 1
| #define HAVE_CLOSEDIR 1
| #define HAVE_OPENDIR 1
| #define HAVE_READDIR 1
| #define LT_LIBEXT "a"
| #define LT_LIBPREFIX "lib"
| #define HAVE_LIBLTDL 1
| #define HAVE_STDCXX_1Y 1
| #define TIME_WITH_SYS_TIME 1
| #define HAVE_DLFCN_H 1
| #define HAVE_SYS_TIME_H 1
| #define HAVE_SYS_STAT_H 1
| #define HAVE_SYS_TYPES_H 1
| #define HAVE_UNISTD_H 1
| #define SST_CONFIG_HAVE_MPI 1
| #define SST_CONFIG_HAVE_MPI 1
| #define HAVE_PYTHON_H 1
| #define SST_CONFIG_HAVE_PYTHON 1
| #define HAVE_LIBZ 1
| /* end confdefs.h.  */
| #include <H5Cpp.h>
| int
| main ()
| {
| 
|             std::string name = "";
|             H5::H5File file(name, H5F_ACC_TRUNC);
| 
| 
|   ;
|   return 0;
| }
configure:19774: result: no
configure:19805: checking for hdf5 library
configure:19807: result: no
configure:19905: checking stdio.h usability
configure:19905: g++ -c -g -O2 -std=c++1y -D__STDC_FORMAT_MACROS -Wall -Wextra -fPIC -I$(top_builddir) -I$(top_srcdir)/src -I$(top_builddir)/src  conftest.cpp >&5
configure:19905: $? = 0
configure:19905: result: yes
configure:19905: checking stdio.h presence
configure:19905: g++ -E -I$(top_builddir) -I$(top_srcdir)/src -I$(top_builddir)/src  conftest.cpp
configure:19905: $? = 0
configure:19905: result: yes
configure:19905: checking for stdio.h
configure:19905: result: yes
configure:19932: checking for position-independent code flags
configure:19935: result: "-fPIC"
configure:19986: checking zoltan.h usability
configure:19986: mpicc -c -g -O2 -Wall -Wextra -I$(top_builddir) -I$(top_srcdir)/src -I$(top_builddir)/src  conftest.c >&5
conftest.c:94:20: fatal error: zoltan.h: No such file or directory
 #include <zoltan.h>
                    ^
compilation terminated.
configure:19986: $? = 1
configure: failed program was:
| /* confdefs.h */
| #define PACKAGE_NAME "SSTCore"
| #define PACKAGE_TARNAME "sstcore"
| #define PACKAGE_VERSION "11.0.0"
| #define PACKAGE_STRING "SSTCore 11.0.0"
| #define PACKAGE_BUGREPORT "sst@sandia.gov"
| #define PACKAGE_URL ""
| #define TIME_WITH_SYS_TIME 1
| #define STDC_HEADERS 1
| #define HAVE_SYS_TYPES_H 1
| #define HAVE_SYS_STAT_H 1
| #define HAVE_STDLIB_H 1
| #define HAVE_STRING_H 1
| #define HAVE_MEMORY_H 1
| #define HAVE_STRINGS_H 1
| #define HAVE_INTTYPES_H 1
| #define HAVE_STDINT_H 1
| #define HAVE_UNISTD_H 1
| #define HAVE_DLFCN_H 1
| #define LT_OBJDIR ".libs/"
| #define LT_MODULE_EXT ".so"
| #define LT_MODULE_PATH_VAR "LD_LIBRARY_PATH"
| #define LT_DLSEARCH_PATH "/lib64:/usr/lib64:/lib:/usr/lib:/usr/lib64/atlas:/usr/lib64/dyninst:/usr/lib64/mysql:/usr/lib64/octave/3.8.2:/usr/lib64/qt-3.3/lib:/opt/dell/srvadmin/lib64:/opt/dell/srvadmin/lib64/openmanage:/opt/dell/srvadmin/lib64:/opt/dell/srvadmin/lib64:/opt/dell/srvadmin/lib64/srvadmin-idrac:/opt/dell/srvadmin/lib64:/opt/dell/srvadmin/lib64/srvadmin-idrac7:/opt/dell/srvadmin/lib64:/opt/dell/srvadmin/lib64/srvadmin-isvc:/opt/dell/srvadmin/lib64:/opt/dell/srvadmin/lib64/openmanage:/opt/dell/srvadmin/lib64:/opt/dell/srvadmin/lib64/openmanage:/usr/lib64/tcl8.5"
| #define HAVE_LIBDL 1
| #define HAVE_DLERROR 1
| #define HAVE_LIBDLLOADER 1
| #define HAVE_ARGZ_H 1
| #define HAVE_ERROR_T 1
| #define HAVE_ARGZ_ADD 1
| #define HAVE_ARGZ_APPEND 1
| #define HAVE_ARGZ_COUNT 1
| #define HAVE_ARGZ_CREATE_SEP 1
| #define HAVE_ARGZ_INSERT 1
| #define HAVE_ARGZ_NEXT 1
| #define HAVE_ARGZ_STRINGIFY 1
| #define HAVE_WORKING_ARGZ 1
| #define HAVE_PRELOADED_SYMBOLS 1
| #define HAVE_LTDL 1
| #define HAVE_UNISTD_H 1
| #define HAVE_DIRENT_H 1
| #define HAVE_CLOSEDIR 1
| #define HAVE_OPENDIR 1
| #define HAVE_READDIR 1
| #define LT_LIBEXT "a"
| #define LT_LIBPREFIX "lib"
| #define HAVE_LIBLTDL 1
| #define HAVE_STDCXX_1Y 1
| #define TIME_WITH_SYS_TIME 1
| #define HAVE_DLFCN_H 1
| #define HAVE_SYS_TIME_H 1
| #define HAVE_SYS_STAT_H 1
| #define HAVE_SYS_TYPES_H 1
| #define HAVE_UNISTD_H 1
| #define SST_CONFIG_HAVE_MPI 1
| #define SST_CONFIG_HAVE_MPI 1
| #define HAVE_PYTHON_H 1
| #define SST_CONFIG_HAVE_PYTHON 1
| #define HAVE_LIBZ 1
| #define USE_MEMPOOL 1
| /* end confdefs.h.  */
| #include <stdio.h>
| #ifdef HAVE_SYS_TYPES_H
| # include <sys/types.h>
| #endif
| #ifdef HAVE_SYS_STAT_H
| # include <sys/stat.h>
| #endif
| #ifdef STDC_HEADERS
| # include <stdlib.h>
| # include <stddef.h>
| #else
| # ifdef HAVE_STDLIB_H
| #  include <stdlib.h>
| # endif
| #endif
| #ifdef HAVE_STRING_H
| # if !defined STDC_HEADERS && defined HAVE_MEMORY_H
| #  include <memory.h>
| # endif
| # include <string.h>
| #endif
| #ifdef HAVE_STRINGS_H
| # include <strings.h>
| #endif
| #ifdef HAVE_INTTYPES_H
| # include <inttypes.h>
| #endif
| #ifdef HAVE_STDINT_H
| # include <stdint.h>
| #endif
| #ifdef HAVE_UNISTD_H
| # include <unistd.h>
| #endif
| #include <zoltan.h>
configure:19986: result: no
configure:19986: checking zoltan.h presence
configure:19986: gcc -E -I$(top_builddir) -I$(top_srcdir)/src -I$(top_builddir)/src  conftest.c
conftest.c:61:20: fatal error: zoltan.h: No such file or directory
 #include <zoltan.h>
                    ^
compilation terminated.
configure:19986: $? = 1
configure: failed program was:
| /* confdefs.h */
| #define PACKAGE_NAME "SSTCore"
| #define PACKAGE_TARNAME "sstcore"
| #define PACKAGE_VERSION "11.0.0"
| #define PACKAGE_STRING "SSTCore 11.0.0"
| #define PACKAGE_BUGREPORT "sst@sandia.gov"
| #define PACKAGE_URL ""
| #define TIME_WITH_SYS_TIME 1
| #define STDC_HEADERS 1
| #define HAVE_SYS_TYPES_H 1
| #define HAVE_SYS_STAT_H 1
| #define HAVE_STDLIB_H 1
| #define HAVE_STRING_H 1
| #define HAVE_MEMORY_H 1
| #define HAVE_STRINGS_H 1
| #define HAVE_INTTYPES_H 1
| #define HAVE_STDINT_H 1
| #define HAVE_UNISTD_H 1
| #define HAVE_DLFCN_H 1
| #define LT_OBJDIR ".libs/"
| #define LT_MODULE_EXT ".so"
| #define LT_MODULE_PATH_VAR "LD_LIBRARY_PATH"
| #define LT_DLSEARCH_PATH "/lib64:/usr/lib64:/lib:/usr/lib:/usr/lib64/atlas:/usr/lib64/dyninst:/usr/lib64/mysql:/usr/lib64/octave/3.8.2:/usr/lib64/qt-3.3/lib:/opt/dell/srvadmin/lib64:/opt/dell/srvadmin/lib64/openmanage:/opt/dell/srvadmin/lib64:/opt/dell/srvadmin/lib64:/opt/dell/srvadmin/lib64/srvadmin-idrac:/opt/dell/srvadmin/lib64:/opt/dell/srvadmin/lib64/srvadmin-idrac7:/opt/dell/srvadmin/lib64:/opt/dell/srvadmin/lib64/srvadmin-isvc:/opt/dell/srvadmin/lib64:/opt/dell/srvadmin/lib64/openmanage:/opt/dell/srvadmin/lib64:/opt/dell/srvadmin/lib64/openmanage:/usr/lib64/tcl8.5"
| #define HAVE_LIBDL 1
| #define HAVE_DLERROR 1
| #define HAVE_LIBDLLOADER 1
| #define HAVE_ARGZ_H 1
| #define HAVE_ERROR_T 1
| #define HAVE_ARGZ_ADD 1
| #define HAVE_ARGZ_APPEND 1
| #define HAVE_ARGZ_COUNT 1
| #define HAVE_ARGZ_CREATE_SEP 1
| #define HAVE_ARGZ_INSERT 1
| #define HAVE_ARGZ_NEXT 1
| #define HAVE_ARGZ_STRINGIFY 1
| #define HAVE_WORKING_ARGZ 1
| #define HAVE_PRELOADED_SYMBOLS 1
| #define HAVE_LTDL 1
| #define HAVE_UNISTD_H 1
| #define HAVE_DIRENT_H 1
| #define HAVE_CLOSEDIR 1
| #define HAVE_OPENDIR 1
| #define HAVE_READDIR 1
| #define LT_LIBEXT "a"
| #define LT_LIBPREFIX "lib"
| #define HAVE_LIBLTDL 1
| #define HAVE_STDCXX_1Y 1
| #define TIME_WITH_SYS_TIME 1
| #define HAVE_DLFCN_H 1
| #define HAVE_SYS_TIME_H 1
| #define HAVE_SYS_STAT_H 1
| #define HAVE_SYS_TYPES_H 1
| #define HAVE_UNISTD_H 1
| #define SST_CONFIG_HAVE_MPI 1
| #define SST_CONFIG_HAVE_MPI 1
| #define HAVE_PYTHON_H 1
| #define SST_CONFIG_HAVE_PYTHON 1
| #define HAVE_LIBZ 1
| #define USE_MEMPOOL 1
| /* end confdefs.h.  */
| #include <zoltan.h>
configure:19986: result: no
configure:19986: checking for zoltan.h
configure:19986: result: no
configure:19998: checking for Zoltan_Initialize in -lzoltan
configure:20023: mpicc -o conftest -g -O2 -Wall -Wextra -I$(top_builddir) -I$(top_srcdir)/src -I$(top_builddir)/src   conftest.c -lzoltan  -ldl  >&5
/opt/apps/gcc/6.3.0/bin/ld: cannot find -lzoltan
collect2: error: ld returned 1 exit status
configure:20023: $? = 1
configure: failed program was:
| /* confdefs.h */
| #define PACKAGE_NAME "SSTCore"
| #define PACKAGE_TARNAME "sstcore"
| #define PACKAGE_VERSION "11.0.0"
| #define PACKAGE_STRING "SSTCore 11.0.0"
| #define PACKAGE_BUGREPORT "sst@sandia.gov"
| #define PACKAGE_URL ""
| #define TIME_WITH_SYS_TIME 1
| #define STDC_HEADERS 1
| #define HAVE_SYS_TYPES_H 1
| #define HAVE_SYS_STAT_H 1
| #define HAVE_STDLIB_H 1
| #define HAVE_STRING_H 1
| #define HAVE_MEMORY_H 1
| #define HAVE_STRINGS_H 1
| #define HAVE_INTTYPES_H 1
| #define HAVE_STDINT_H 1
| #define HAVE_UNISTD_H 1
| #define HAVE_DLFCN_H 1
| #define LT_OBJDIR ".libs/"
| #define LT_MODULE_EXT ".so"
| #define LT_MODULE_PATH_VAR "LD_LIBRARY_PATH"
| #define LT_DLSEARCH_PATH "/lib64:/usr/lib64:/lib:/usr/lib:/usr/lib64/atlas:/usr/lib64/dyninst:/usr/lib64/mysql:/usr/lib64/octave/3.8.2:/usr/lib64/qt-3.3/lib:/opt/dell/srvadmin/lib64:/opt/dell/srvadmin/lib64/openmanage:/opt/dell/srvadmin/lib64:/opt/dell/srvadmin/lib64:/opt/dell/srvadmin/lib64/srvadmin-idrac:/opt/dell/srvadmin/lib64:/opt/dell/srvadmin/lib64/srvadmin-idrac7:/opt/dell/srvadmin/lib64:/opt/dell/srvadmin/lib64/srvadmin-isvc:/opt/dell/srvadmin/lib64:/opt/dell/srvadmin/lib64/openmanage:/opt/dell/srvadmin/lib64:/opt/dell/srvadmin/lib64/openmanage:/usr/lib64/tcl8.5"
| #define HAVE_LIBDL 1
| #define HAVE_DLERROR 1
| #define HAVE_LIBDLLOADER 1
| #define HAVE_ARGZ_H 1
| #define HAVE_ERROR_T 1
| #define HAVE_ARGZ_ADD 1
| #define HAVE_ARGZ_APPEND 1
| #define HAVE_ARGZ_COUNT 1
| #define HAVE_ARGZ_CREATE_SEP 1
| #define HAVE_ARGZ_INSERT 1
| #define HAVE_ARGZ_NEXT 1
| #define HAVE_ARGZ_STRINGIFY 1
| #define HAVE_WORKING_ARGZ 1
| #define HAVE_PRELOADED_SYMBOLS 1
| #define HAVE_LTDL 1
| #define HAVE_UNISTD_H 1
| #define HAVE_DIRENT_H 1
| #define HAVE_CLOSEDIR 1
| #define HAVE_OPENDIR 1
| #define HAVE_READDIR 1
| #define LT_LIBEXT "a"
| #define LT_LIBPREFIX "lib"
| #define HAVE_LIBLTDL 1
| #define HAVE_STDCXX_1Y 1
| #define TIME_WITH_SYS_TIME 1
| #define HAVE_DLFCN_H 1
| #define HAVE_SYS_TIME_H 1
| #define HAVE_SYS_STAT_H 1
| #define HAVE_SYS_TYPES_H 1
| #define HAVE_UNISTD_H 1
| #define SST_CONFIG_HAVE_MPI 1
| #define SST_CONFIG_HAVE_MPI 1
| #define HAVE_PYTHON_H 1
| #define SST_CONFIG_HAVE_PYTHON 1
| #define HAVE_LIBZ 1
| #define USE_MEMPOOL 1
| /* end confdefs.h.  */
| 
| /* Override any GCC internal prototype to avoid an error.
|    Use char because int might match the return type of a GCC
|    builtin and then its argument prototype would still apply.  */
| #ifdef __cplusplus
| extern "C"
| #endif
| char Zoltan_Initialize ();
| int
| main ()
| {
| return Zoltan_Initialize ();
|   ;
|   return 0;
| }
configure:20032: result: no
configure:20051: checking for Zoltan package
configure:20053: result: no
configure:20160: checking for SST-Core Git Branch, Head SHA and Commit Count
configure:20174: result: N/A
configure:20177: result: 11.0.0
configure:20180: result: 0
configure:20505: checking that generated files are newer than configure
configure:20511: result: done
configure:20607: creating ./config.status

## ---------------------- ##
## Running config.status. ##
## ---------------------- ##

This file was extended by SSTCore config.status 11.0.0, which was
generated by GNU Autoconf 2.69.  Invocation command line was

  CONFIG_FILES    = 
  CONFIG_HEADERS  = 
  CONFIG_LINKS    = 
  CONFIG_COMMANDS = 
  $ ./config.status 

on login2.stampede2.tacc.utexas.edu

config.status:1290: creating Makefile
config.status:1290: creating doc/Makefile
config.status:1290: creating doc/Doxyfile
config.status:1290: creating share/Makefile
config.status:1290: creating share/SSTConfig.cmake
config.status:1290: creating src/sst/sstsimulator.conf
config.status:1290: creating src/Makefile
config.status:1290: creating src/sst/Makefile
config.status:1290: creating src/sst/SST-11.0.0.pc
config.status:1290: creating src/sst/core/Makefile
config.status:1290: creating src/sst/core/libltdl/Makefile
config.status:1290: creating src/sst/core/build_info.h
config.status:1290: creating src/sst/core/sst_config.h
config.status:1519: executing depfiles commands
config.status:1519: executing libtool commands

## ---------------- ##
## Cache variables. ##
## ---------------- ##

ac_cv_build=x86_64-unknown-linux-gnu
ac_cv_c_compiler_gnu=yes
ac_cv_c_inline=inline
ac_cv_cxx_compiler_gnu=yes
ac_cv_env_CCC_set=
ac_cv_env_CCC_value=
ac_cv_env_CC_set=
ac_cv_env_CC_value=
ac_cv_env_CFLAGS_set=
ac_cv_env_CFLAGS_value=
ac_cv_env_CPPFLAGS_set=
ac_cv_env_CPPFLAGS_value=
ac_cv_env_CPP_set=
ac_cv_env_CPP_value=
ac_cv_env_CXXCPP_set=
ac_cv_env_CXXCPP_value=
ac_cv_env_CXXFLAGS_set=
ac_cv_env_CXXFLAGS_value=
ac_cv_env_CXX_set=
ac_cv_env_CXX_value=
ac_cv_env_LDFLAGS_set=
ac_cv_env_LDFLAGS_value=
ac_cv_env_LIBS_set=
ac_cv_env_LIBS_value=
ac_cv_env_MPICC_set=set
ac_cv_env_MPICC_value=mpicc
ac_cv_env_MPICPP_set=
ac_cv_env_MPICPP_value=
ac_cv_env_MPICXXCPP_set=
ac_cv_env_MPICXXCPP_value=
ac_cv_env_MPICXX_set=set
ac_cv_env_MPICXX_value=mpicxx
ac_cv_env_build_alias_set=
ac_cv_env_build_alias_value=
ac_cv_env_host_alias_set=
ac_cv_env_host_alias_value=
ac_cv_env_target_alias_set=
ac_cv_env_target_alias_value=
ac_cv_func_MPI_Init=yes
ac_cv_func_argz_add=yes
ac_cv_func_argz_append=yes
ac_cv_func_argz_count=yes
ac_cv_func_argz_create_sep=yes
ac_cv_func_argz_insert=yes
ac_cv_func_argz_next=yes
ac_cv_func_argz_stringify=yes
ac_cv_func_closedir=yes
ac_cv_func_dlerror=yes
ac_cv_func_dlopen=no
ac_cv_func_opendir=yes
ac_cv_func_readdir=yes
ac_cv_func_shl_load=no
ac_cv_func_strlcat=no
ac_cv_func_strlcpy=no
ac_cv_have_decl_lt_dlinterface_register=yes
ac_cv_header_H5Cpp_h=no
ac_cv_header_Python_h=yes
ac_cv_header_argz_h=yes
ac_cv_header_c_asm_h=no
ac_cv_header_dirent_h=yes
ac_cv_header_dl_h=no
ac_cv_header_dld_h=no
ac_cv_header_dlfcn_h=yes
ac_cv_header_intrinsics_h=no
ac_cv_header_inttypes_h=yes
ac_cv_header_ltdl_h=yes
ac_cv_header_mach_mach_time_h=no
ac_cv_header_mach_o_dyld_h=no
ac_cv_header_memory_h=yes
ac_cv_header_stdc=yes
ac_cv_header_stdint_h=yes
ac_cv_header_stdio_h=yes
ac_cv_header_stdlib_h=yes
ac_cv_header_string_h=yes
ac_cv_header_strings_h=yes
ac_cv_header_sys_dl_h=no
ac_cv_header_sys_stat_h=yes
ac_cv_header_sys_time_h=yes
ac_cv_header_sys_types_h=yes
ac_cv_header_time=yes
ac_cv_header_unistd_h=yes
ac_cv_header_zlib_h=yes
ac_cv_header_zoltan_h=no
ac_cv_host=x86_64-unknown-linux-gnu
ac_cv_lib_dl_dlopen=yes
ac_cv_lib_dld_dld_link=no
ac_cv_lib_dld_shl_load=no
ac_cv_lib_hdf5_H5F_open=no
ac_cv_lib_ltdl_lt_dladvise_init=yes
ac_cv_lib_ltdl_lt_dladvise_preload=yes
ac_cv_lib_z_gzopen=yes
ac_cv_lib_zoltan_Zoltan_Initialize=no
ac_cv_objext=o
ac_cv_path_EGREP='/bin/grep -E'
ac_cv_path_FGREP='/bin/grep -F'
ac_cv_path_GREP=/bin/grep
ac_cv_path_PKGCONFIG=/bin/pkg-config
ac_cv_path_PYTHON_CONFIG_EXE=/opt/apps/intel18/python2/2.7.15/bin/python-config
ac_cv_path_PYTHON_EXE=/opt/apps/intel18/python2/2.7.15/bin/python
ac_cv_path_SED=/bin/sed
ac_cv_path_install='/bin/install -c'
ac_cv_path_mkdir=/bin/mkdir
ac_cv_prog_AWK=gawk
ac_cv_prog_CPP='gcc -E'
ac_cv_prog_CXXCPP='g++ -E'
ac_cv_prog_DOXYGEN=doxygen
ac_cv_prog_MPICC=mpicc
ac_cv_prog_MPICXX=mpicxx
ac_cv_prog_ac_ct_AR=ar
ac_cv_prog_ac_ct_CC=gcc
ac_cv_prog_ac_ct_CXX=g++
ac_cv_prog_ac_ct_OBJDUMP=objdump
ac_cv_prog_ac_ct_RANLIB=ranlib
ac_cv_prog_ac_ct_STRIP=strip
ac_cv_prog_cc_c89=
ac_cv_prog_cc_c99=
ac_cv_prog_cc_g=yes
ac_cv_prog_cc_gcc_c_o=yes
ac_cv_prog_cxx_g=yes
ac_cv_prog_make_make_set=yes
ac_cv_search_dlopen=-ldl
ac_cv_type_error_t=yes
am_cv_CC_dependencies_compiler_type=gcc3
am_cv_CXX_dependencies_compiler_type=gcc3
am_cv_make_support_nested_variables=yes
am_cv_prog_tar_pax=gnutar
ax_cv_cxx_compile_cxx0x_native=yes
ax_cv_cxx_compile_cxx11_cxx=yes
ax_cv_cxx_compile_cxx1y_cxx=yes
ax_cv_cxx_compile_cxx1y_native=yes
ax_cv_cxx_compile_cxx_14_cxx=yes
ax_cv_prog_MPICPP='mpicc -E'
ax_cv_prog_MPICXXCPP='mpicxx -E'
libltdl_cv_lib_dl_dlopen=yes
libltdl_cv_preloaded_symbols=yes
libltdl_cv_shlibext=.so
libltdl_cv_shrext=.so
lt_cv_ar_at_file=@
lt_cv_archive_cmds_need_lc=no
lt_cv_deplibs_check_method=pass_all
lt_cv_dlopen=dlopen
lt_cv_dlopen_libs=-ldl
lt_cv_dlopen_self=yes
lt_cv_dlopen_self_static=yes
lt_cv_file_magic_cmd='$MAGIC_CMD'
lt_cv_file_magic_test_file=
lt_cv_ld_reload_flag=-r
lt_cv_module_path_var=LD_LIBRARY_PATH
lt_cv_nm_interface='BSD nm'
lt_cv_objdir=.libs
lt_cv_path_LD=/opt/apps/xalt/xalt/bin/ld
lt_cv_path_LDCXX='/opt/apps/xalt/xalt/bin/ld -m elf_x86_64'
lt_cv_path_NM='/opt/apps/gcc/6.3.0/bin/nm -B'
lt_cv_path_mainfest_tool=no
lt_cv_prog_compiler_c_o=yes
lt_cv_prog_compiler_c_o_CXX=yes
lt_cv_prog_compiler_pic='-fPIC -DPIC'
lt_cv_prog_compiler_pic_CXX='-fPIC -DPIC'
lt_cv_prog_compiler_pic_works=yes
lt_cv_prog_compiler_pic_works_CXX=yes
lt_cv_prog_compiler_rtti_exceptions=no
lt_cv_prog_compiler_static_works=no
lt_cv_prog_compiler_static_works_CXX=no
lt_cv_prog_gnu_ld=yes
lt_cv_prog_gnu_ldcxx=yes
lt_cv_sharedlib_from_linklib_cmd='printf %s\n'
lt_cv_shlibpath_overrides_runpath=no
lt_cv_sys_argz_works=yes
lt_cv_sys_dlopen_deplibs=yes
lt_cv_sys_dlsearch_path='/lib64 /usr/lib64 /lib /usr/lib /usr/lib64/atlas /usr/lib64/dyninst /usr/lib64/mysql /usr/lib64/octave/3.8.2 /usr/lib64/qt-3.3/lib /opt/dell/srvadmin/lib64 /opt/dell/srvadmin/lib64/openmanage /opt/dell/srvadmin/lib64 /opt/dell/srvadmin/lib64 /opt/dell/srvadmin/lib64/srvadmin-idrac /opt/dell/srvadmin/lib64 /opt/dell/srvadmin/lib64/srvadmin-idrac7 /opt/dell/srvadmin/lib64 /opt/dell/srvadmin/lib64/srvadmin-isvc /opt/dell/srvadmin/lib64 /opt/dell/srvadmin/lib64/openmanage /opt/dell/srvadmin/lib64 /opt/dell/srvadmin/lib64/openmanage /usr/lib64/tcl8.5 '
lt_cv_sys_global_symbol_pipe='sed -n -e '\''s/^.*[	 ]\([ABCDGIRSTW][ABCDGIRSTW]*\)[	 ][	 ]*\([_A-Za-z][_A-Za-z0-9]*\)$/\1 \2 \2/p'\'' | sed '\''/ __gnu_lto/d'\'''
lt_cv_sys_global_symbol_to_c_name_address='sed -n -e '\''s/^: \([^ ]*\)[ ]*$/  {\"\1\", (void *) 0},/p'\'' -e '\''s/^[ABCDGIRSTW]* \([^ ]*\) \([^ ]*\)$/  {"\2", (void *) \&\2},/p'\'''
lt_cv_sys_global_symbol_to_c_name_address_lib_prefix='sed -n -e '\''s/^: \([^ ]*\)[ ]*$/  {\"\1\", (void *) 0},/p'\'' -e '\''s/^[ABCDGIRSTW]* \([^ ]*\) \(lib[^ ]*\)$/  {"\2", (void *) \&\2},/p'\'' -e '\''s/^[ABCDGIRSTW]* \([^ ]*\) \([^ ]*\)$/  {"lib\2", (void *) \&\2},/p'\'''
lt_cv_sys_global_symbol_to_cdecl='sed -n -e '\''s/^T .* \(.*\)$/extern int \1();/p'\'' -e '\''s/^[ABCDGIRSTW]* .* \(.*\)$/extern char \1;/p'\'''
lt_cv_sys_max_cmd_len=3458764513820540925
lt_cv_sys_symbol_underscore=no
lt_cv_to_host_file_cmd=func_convert_file_noop
lt_cv_to_tool_file_cmd=func_convert_file_noop

## ----------------- ##
## Output variables. ##
## ----------------- ##

ACLOCAL='${SHELL} /work2/07431/tg867305/stampede2/sstcore-11.0.0/config/missing aclocal-1.13'
AMDEPBACKSLASH='\'
AMDEP_FALSE='#'
AMDEP_TRUE=''
AMTAR='$${TAR-tar}'
AM_BACKSLASH='\'
AM_DEFAULT_V='$(AM_DEFAULT_VERBOSITY)'
AM_DEFAULT_VERBOSITY='0'
AM_V='$(V)'
AR='ar'
ARGZ_H=''
AUTOCONF='${SHELL} /work2/07431/tg867305/stampede2/sstcore-11.0.0/config/missing autoconf'
AUTOHEADER='${SHELL} /work2/07431/tg867305/stampede2/sstcore-11.0.0/config/missing autoheader'
AUTOMAKE='${SHELL} /work2/07431/tg867305/stampede2/sstcore-11.0.0/config/missing automake-1.13'
AWK='gawk'
CC='gcc'
CCDEPMODE='depmode=gcc3'
CC_VERSION='gcc (GCC) 6.3.0'
CFLAGS='-g -O2 -Wall -Wextra'
CONVENIENCE_LTDL_FALSE='#'
CONVENIENCE_LTDL_TRUE=''
CPP='gcc -E'
CPPFLAGS='-I$(top_builddir) -I$(top_srcdir)/src -I$(top_builddir)/src '
CXX='g++'
CXXCPP='g++ -E'
CXXDEPMODE='depmode=gcc3'
CXXFLAGS='-g -O2 -std=c++1y -D__STDC_FORMAT_MACROS -Wall -Wextra'
CYGPATH_W='echo'
DEFS='-DHAVE_CONFIG_H'
DEPDIR='.deps'
DLLTOOL='false'
DOXYGEN='doxygen'
DSYMUTIL=''
DUMPBIN=''
ECHO_C=''
ECHO_N='-n'
ECHO_T=''
EGREP='/bin/grep -E'
EXEEXT=''
FGREP='/bin/grep -F'
GREP='/bin/grep'
HAVE_DOXYGEN_FALSE='#'
HAVE_DOXYGEN_TRUE=''
HAVE_STDCXX_1Y_FALSE='#'
HAVE_STDCXX_1Y_TRUE=''
HAVE_ZOLTAN_FALSE=''
HAVE_ZOLTAN_TRUE='#'
HDF5_CFLAGS=''
HDF5_LDFLAGS=''
HDF5_LIBS=''
INCLTDL=''
INSTALL_DATA='${INSTALL} -m 644'
INSTALL_LTDL_FALSE=''
INSTALL_LTDL_TRUE='#'
INSTALL_PROGRAM='${INSTALL}'
INSTALL_SCRIPT='${INSTALL}'
INSTALL_STRIP_PROGRAM='$(install_sh) -c -s'
LD='/opt/apps/xalt/xalt/bin/ld -m elf_x86_64'
LDFLAGS=''
LIBADD_DL='-ldl '
LIBADD_DLD_LINK=''
LIBADD_DLOPEN='-ldl'
LIBADD_SHL_LOAD=''
LIBLTDL='-lltdl'
LIBOBJS=''
LIBS='-ldl '
LIBTOOL='$(SHELL) $(top_builddir)/libtool'
LIBZ_CPPFLAGS=''
LIBZ_LDFLAGS=''
LIBZ_LIBS='-lz'
LIPO=''
LN_S='ln -s'
LTDLDEPS=''
LTDLINCL=''
LTDLOPEN='libltdl'
LTLIBOBJS=''
LT_CONFIG_H='src/sst/core/sst_config.h'
LT_DLLOADERS=' dlopen.la'
LT_DLPREOPEN='-dlpreopen dlopen.la '
MAKEINFO='${SHELL} /work2/07431/tg867305/stampede2/sstcore-11.0.0/config/missing makeinfo'
MANIFEST_TOOL=':'
MKDIR_P='/bin/mkdir -p'
MPICC='mpicc'
MPICC_VERSION='gcc (GCC) 6.3.0'
MPICPP='mpicc -E'
MPICXX='mpicxx'
MPICXXCPP='mpicxx -E'
MPILIBS=' '
MPI_CPPFLAGS=' -I/work2/07431/tg867305/stampede2/openmpi-4.0.5/include'
NM='/opt/apps/gcc/6.3.0/bin/nm -B'
NMEDIT=''
OBJDUMP='objdump'
OBJEXT='o'
OTOOL64=''
OTOOL=''
PACKAGE='sstcore'
PACKAGE_BUGREPORT='sst@sandia.gov'
PACKAGE_NAME='SSTCore'
PACKAGE_STRING='SSTCore 11.0.0'
PACKAGE_TARNAME='sstcore'
PACKAGE_URL=''
PACKAGE_VERSION='11.0.0'
PATH_SEPARATOR=':'
PKGCONFIG='/bin/pkg-config'
PYTHON_CONFIG_EXE='/opt/apps/intel18/python2/2.7.15/bin/python-config'
PYTHON_CPPFLAGS='-I/opt/apps/intel18/python2/2.7.15/include/python2.7 -I/opt/apps/intel18/python2/2.7.15/include/python2.7'
PYTHON_EXE='/opt/apps/intel18/python2/2.7.15/bin/python'
PYTHON_LDFLAGS='-lpython2.7 -ldl -lpthread -limf -lirc -lssp -lutil -limf -Xlinker -export-dynamic'
PYTHON_LIBS='-lpython2.7 -ldl -lpthread -limf -lirc -lssp -lutil -limf'
PYTHON_VERSION3='no'
PYTHON_VERSION='Python 2.7.15'
RANLIB='ranlib'
SED='/bin/sed'
SET_MAKE=''
SHELL='/bin/sh'
SSTCORE_GIT_BRANCH='N/A'
SSTCORE_GIT_COMMITCOUNT='0'
SSTCORE_GIT_HEADSHA='11.0.0'
SST_COMPILE_OSX_FALSE=''
SST_COMPILE_OSX_TRUE='#'
SST_CONFIG_HAVE_PYTHON3_FALSE=''
SST_CONFIG_HAVE_PYTHON3_TRUE='#'
SST_CONFIG_HAVE_PYTHON_FALSE='#'
SST_CONFIG_HAVE_PYTHON_TRUE=''
SST_CXX0X_FLAGS='-std=c++11 -D__STDC_FORMAT_MACROS'
SST_CXX1Y_FLAGS='-std=c++1y -D__STDC_FORMAT_MACROS'
SST_ELEMENT_FPIC_FLAGS='-fPIC'
SST_ENABLE_PREVIEW_BUILD_FALSE=''
SST_ENABLE_PREVIEW_BUILD_STR=''
SST_ENABLE_PREVIEW_BUILD_TRUE='#'
SST_EXPORT_CFLAGS=''
SST_EXPORT_CXXFLAGS=' -std=c++1y -D__STDC_FORMAT_MACROS'
SST_TESTFRAMEWORK_DEV_FALSE=''
SST_TESTFRAMEWORK_DEV_TRUE='#'
SST_USE_MPI_FALSE='#'
SST_USE_MPI_TRUE=''
STRIP='strip'
USE_HDF5_FALSE=''
USE_HDF5_TRUE='#'
USE_LIBZ_FALSE='#'
USE_LIBZ_TRUE=''
VERSION='11.0.0'
ZOLTAN_CPPFLAGS=''
ZOLTAN_LDFLAGS=''
ZOLTAN_LIB=''
ac_ct_AR='ar'
ac_ct_CC='gcc'
ac_ct_CXX='g++'
ac_ct_DUMPBIN=''
am__EXEEXT_FALSE=''
am__EXEEXT_TRUE='#'
am__fastdepCC_FALSE='#'
am__fastdepCC_TRUE=''
am__fastdepCXX_FALSE='#'
am__fastdepCXX_TRUE=''
am__include='include'
am__isrc=''
am__leading_dot='.'
am__nodep='_no'
am__quote=''
am__tar='tar --format=posix -chf - "$$tardir"'
am__untar='tar -xf -'
bindir='${exec_prefix}/bin'
build='x86_64-unknown-linux-gnu'
build_alias=''
build_cpu='x86_64'
build_os='linux-gnu'
build_vendor='unknown'
datadir='${datarootdir}'
datarootdir='${prefix}/share'
docdir='${datarootdir}/doc/${PACKAGE_TARNAME}'
dvidir='${docdir}'
exec_prefix='${prefix}'
host='x86_64-unknown-linux-gnu'
host_alias=''
host_cpu='x86_64'
host_os='linux-gnu'
host_vendor='unknown'
htmldir='${docdir}'
includedir='${prefix}/include'
infodir='${datarootdir}/info'
install_sh='${SHELL} /work2/07431/tg867305/stampede2/sstcore-11.0.0/config/install-sh'
libdir='${exec_prefix}/lib'
libexecdir='${exec_prefix}/libexec'
localedir='${datarootdir}/locale'
localstatedir='${prefix}/var'
ltdl_LIBOBJS=' lt__strl.o'
ltdl_LTLIBOBJS=' lt__strl.lo'
mandir='${datarootdir}/man'
mkdir_p='$(MKDIR_P)'
oldincludedir='/usr/include'
pdfdir='${docdir}'
prefix='/work2/07431/tg867305/stampede2/sstcore-11.0.0/install'
program_transform_name='s,x,x,'
psdir='${docdir}'
sbindir='${exec_prefix}/sbin'
sharedstatedir='${prefix}/com'
sys_symbol_underscore='no'
sysconfdir='${prefix}/etc'
target_alias=''

## ----------- ##
## confdefs.h. ##
## ----------- ##

/* confdefs.h */
#define PACKAGE_NAME "SSTCore"
#define PACKAGE_TARNAME "sstcore"
#define PACKAGE_VERSION "11.0.0"
#define PACKAGE_STRING "SSTCore 11.0.0"
#define PACKAGE_BUGREPORT "sst@sandia.gov"
#define PACKAGE_URL ""
#define TIME_WITH_SYS_TIME 1
#define STDC_HEADERS 1
#define HAVE_SYS_TYPES_H 1
#define HAVE_SYS_STAT_H 1
#define HAVE_STDLIB_H 1
#define HAVE_STRING_H 1
#define HAVE_MEMORY_H 1
#define HAVE_STRINGS_H 1
#define HAVE_INTTYPES_H 1
#define HAVE_STDINT_H 1
#define HAVE_UNISTD_H 1
#define HAVE_DLFCN_H 1
#define LT_OBJDIR ".libs/"
#define LT_MODULE_EXT ".so"
#define LT_MODULE_PATH_VAR "LD_LIBRARY_PATH"
#define LT_DLSEARCH_PATH "/lib64:/usr/lib64:/lib:/usr/lib:/usr/lib64/atlas:/usr/lib64/dyninst:/usr/lib64/mysql:/usr/lib64/octave/3.8.2:/usr/lib64/qt-3.3/lib:/opt/dell/srvadmin/lib64:/opt/dell/srvadmin/lib64/openmanage:/opt/dell/srvadmin/lib64:/opt/dell/srvadmin/lib64:/opt/dell/srvadmin/lib64/srvadmin-idrac:/opt/dell/srvadmin/lib64:/opt/dell/srvadmin/lib64/srvadmin-idrac7:/opt/dell/srvadmin/lib64:/opt/dell/srvadmin/lib64/srvadmin-isvc:/opt/dell/srvadmin/lib64:/opt/dell/srvadmin/lib64/openmanage:/opt/dell/srvadmin/lib64:/opt/dell/srvadmin/lib64/openmanage:/usr/lib64/tcl8.5"
#define HAVE_LIBDL 1
#define HAVE_DLERROR 1
#define HAVE_LIBDLLOADER 1
#define HAVE_ARGZ_H 1
#define HAVE_ERROR_T 1
#define HAVE_ARGZ_ADD 1
#define HAVE_ARGZ_APPEND 1
#define HAVE_ARGZ_COUNT 1
#define HAVE_ARGZ_CREATE_SEP 1
#define HAVE_ARGZ_INSERT 1
#define HAVE_ARGZ_NEXT 1
#define HAVE_ARGZ_STRINGIFY 1
#define HAVE_WORKING_ARGZ 1
#define HAVE_PRELOADED_SYMBOLS 1
#define HAVE_LTDL 1
#define HAVE_UNISTD_H 1
#define HAVE_DIRENT_H 1
#define HAVE_CLOSEDIR 1
#define HAVE_OPENDIR 1
#define HAVE_READDIR 1
#define LT_LIBEXT "a"
#define LT_LIBPREFIX "lib"
#define HAVE_LIBLTDL 1
#define HAVE_STDCXX_1Y 1
#define TIME_WITH_SYS_TIME 1
#define HAVE_DLFCN_H 1
#define HAVE_SYS_TIME_H 1
#define HAVE_SYS_STAT_H 1
#define HAVE_SYS_TYPES_H 1
#define HAVE_UNISTD_H 1
#define SST_CONFIG_HAVE_MPI 1
#define SST_CONFIG_HAVE_MPI 1
#define HAVE_PYTHON_H 1
#define SST_CONFIG_HAVE_PYTHON 1
#define HAVE_LIBZ 1
#define USE_MEMPOOL 1
#define SST_CPPFLAGS "-I$(top_builddir) -I$(top_srcdir)/src -I$(top_builddir)/src "
#define SST_CFLAGS "-g -O2 -Wall -Wextra"
#define SST_CXXFLAGS "-g -O2 -std=c++1y -D__STDC_FORMAT_MACROS -Wall -Wextra"
#define SST_LDFLAGS ""
#define SST_CC "gcc"
#define SST_CXX "g++"
#define SST_LD "/opt/apps/xalt/xalt/bin/ld -m elf_x86_64"
#define SST_MPICC "mpicc"
#define SST_MPICXX "mpicxx"
#define SST_CPP "gcc -E"
#define SST_CXXCPP "g++ -E"
#define SST_PYTHON_CPPFLAGS "-I/opt/apps/intel18/python2/2.7.15/include/python2.7 -I/opt/apps/intel18/python2/2.7.15/include/python2.7"
#define SST_PYTHON_LDFLAGS "-lpython2.7 -ldl -lpthread -limf -lirc -lssp -lutil -limf -Xlinker -export-dynamic"
#define __STDC_FORMAT_MACROS 1
#define SSTCORE_GIT_BRANCH "N/A"
#define SSTCORE_GIT_HEADSHA "11.0.0"
#define SSTCORE_GIT_COMMITCOUNT "0"
#define SST_INSTALL_PREFIX "/work2/07431/tg867305/stampede2/sstcore-11.0.0/install"

configure: exit 0
